[2023-02-14T09:34:12.236+0000] {taskinstance.py:1083} INFO - Dependencies all met for <TaskInstance: python_operator_dag_v1.6.greet manual__2023-02-14T09:34:10.424449+00:00 [queued]>
[2023-02-14T09:34:12.244+0000] {taskinstance.py:1083} INFO - Dependencies all met for <TaskInstance: python_operator_dag_v1.6.greet manual__2023-02-14T09:34:10.424449+00:00 [queued]>
[2023-02-14T09:34:12.245+0000] {taskinstance.py:1279} INFO - 
--------------------------------------------------------------------------------
[2023-02-14T09:34:12.246+0000] {taskinstance.py:1280} INFO - Starting attempt 1 of 6
[2023-02-14T09:34:12.246+0000] {taskinstance.py:1281} INFO - 
--------------------------------------------------------------------------------
[2023-02-14T09:34:12.256+0000] {taskinstance.py:1300} INFO - Executing <Task(PythonOperator): greet> on 2023-02-14 09:34:10.424449+00:00
[2023-02-14T09:34:12.264+0000] {standard_task_runner.py:55} INFO - Started process 27875 to run task
[2023-02-14T09:34:12.275+0000] {standard_task_runner.py:82} INFO - Running: ['***', 'tasks', 'run', 'python_operator_dag_v1.6', 'greet', 'manual__2023-02-14T09:34:10.424449+00:00', '--job-id', '20', '--raw', '--subdir', 'DAGS_FOLDER/dag-python-operator.py', '--cfg-path', '/tmp/tmpu6t8fa4x']
[2023-02-14T09:34:12.278+0000] {standard_task_runner.py:83} INFO - Job 20: Subtask greet
[2023-02-14T09:34:12.357+0000] {task_command.py:388} INFO - Running <TaskInstance: python_operator_dag_v1.6.greet manual__2023-02-14T09:34:10.424449+00:00 [running]> on host 38744fc0668d
[2023-02-14T09:34:12.432+0000] {taskinstance.py:1509} INFO - Exporting the following env vars:
AIRFLOW_CTX_DAG_OWNER=tlysenko
AIRFLOW_CTX_DAG_ID=python_operator_dag_v1.6
AIRFLOW_CTX_TASK_ID=greet
AIRFLOW_CTX_EXECUTION_DATE=2023-02-14T09:34:10.424449+00:00
AIRFLOW_CTX_TRY_NUMBER=1
AIRFLOW_CTX_DAG_RUN_ID=manual__2023-02-14T09:34:10.424449+00:00
[2023-02-14T09:34:12.456+0000] {logging_mixin.py:137} INFO - Hello World! My name is Jerry Fridman and I am 30 years old
[2023-02-14T09:34:12.459+0000] {python.py:177} INFO - Done. Returned value was: None
[2023-02-14T09:34:12.471+0000] {taskinstance.py:1323} INFO - Marking task as SUCCESS. dag_id=python_operator_dag_v1.6, task_id=greet, execution_date=20230214T093410, start_date=20230214T093412, end_date=20230214T093412
[2023-02-14T09:34:12.491+0000] {local_task_job.py:208} INFO - Task exited with return code 0
[2023-02-14T09:34:12.509+0000] {taskinstance.py:2578} INFO - 0 downstream tasks scheduled from follow-on schedule check
