[2023-02-15T15:23:08.865+0000] {processor.py:153} INFO - Started process (PID=25685) to work on /opt/airflow/dags/dag_branching_2.py
[2023-02-15T15:23:08.867+0000] {processor.py:743} INFO - Processing file /opt/airflow/dags/dag_branching_2.py for tasks to queue
[2023-02-15T15:23:08.868+0000] {logging_mixin.py:137} INFO - [2023-02-15T15:23:08.868+0000] {dagbag.py:538} INFO - Filling up the DagBag from /opt/airflow/dags/dag_branching_2.py
[2023-02-15T15:23:08.875+0000] {logging_mixin.py:137} INFO - [2023-02-15T15:23:08.873+0000] {dagbag.py:343} ERROR - Failed to import: /opt/airflow/dags/dag_branching_2.py
Traceback (most recent call last):
  File "/home/airflow/.local/lib/python3.7/site-packages/airflow/models/dagbag.py", line 339, in parse
    loader.exec_module(new_module)
  File "<frozen importlib._bootstrap_external>", line 724, in exec_module
  File "<frozen importlib._bootstrap_external>", line 860, in get_code
  File "<frozen importlib._bootstrap_external>", line 791, in source_to_code
  File "<frozen importlib._bootstrap>", line 219, in _call_with_frames_removed
  File "/opt/airflow/dags/dag_branching_2.py", line 11
    def evaluate_condition(**kwargs):
                                    ^
SyntaxError: unexpected EOF while parsing
[2023-02-15T15:23:08.877+0000] {processor.py:755} WARNING - No viable dags retrieved from /opt/airflow/dags/dag_branching_2.py
[2023-02-15T15:23:08.916+0000] {processor.py:175} INFO - Processing /opt/airflow/dags/dag_branching_2.py took 0.054 seconds
[2023-02-15T15:23:39.738+0000] {processor.py:153} INFO - Started process (PID=25753) to work on /opt/airflow/dags/dag_branching_2.py
[2023-02-15T15:23:39.742+0000] {processor.py:743} INFO - Processing file /opt/airflow/dags/dag_branching_2.py for tasks to queue
[2023-02-15T15:23:39.743+0000] {logging_mixin.py:137} INFO - [2023-02-15T15:23:39.743+0000] {dagbag.py:538} INFO - Filling up the DagBag from /opt/airflow/dags/dag_branching_2.py
[2023-02-15T15:23:39.757+0000] {logging_mixin.py:137} INFO - [2023-02-15T15:23:39.754+0000] {dagbag.py:343} ERROR - Failed to import: /opt/airflow/dags/dag_branching_2.py
Traceback (most recent call last):
  File "/home/airflow/.local/lib/python3.7/site-packages/airflow/models/dagbag.py", line 339, in parse
    loader.exec_module(new_module)
  File "<frozen importlib._bootstrap_external>", line 724, in exec_module
  File "<frozen importlib._bootstrap_external>", line 860, in get_code
  File "<frozen importlib._bootstrap_external>", line 791, in source_to_code
  File "<frozen importlib._bootstrap>", line 219, in _call_with_frames_removed
  File "/opt/airflow/dags/dag_branching_2.py", line 11
    def evaluate_condition(**kwargs):
                                    ^
SyntaxError: unexpected EOF while parsing
[2023-02-15T15:23:39.758+0000] {processor.py:755} WARNING - No viable dags retrieved from /opt/airflow/dags/dag_branching_2.py
[2023-02-15T15:23:39.820+0000] {processor.py:175} INFO - Processing /opt/airflow/dags/dag_branching_2.py took 0.097 seconds
[2023-02-15T15:24:10.397+0000] {processor.py:153} INFO - Started process (PID=25823) to work on /opt/airflow/dags/dag_branching_2.py
[2023-02-15T15:24:10.400+0000] {processor.py:743} INFO - Processing file /opt/airflow/dags/dag_branching_2.py for tasks to queue
[2023-02-15T15:24:10.402+0000] {logging_mixin.py:137} INFO - [2023-02-15T15:24:10.401+0000] {dagbag.py:538} INFO - Filling up the DagBag from /opt/airflow/dags/dag_branching_2.py
[2023-02-15T15:24:10.409+0000] {logging_mixin.py:137} INFO - [2023-02-15T15:24:10.407+0000] {dagbag.py:343} ERROR - Failed to import: /opt/airflow/dags/dag_branching_2.py
Traceback (most recent call last):
  File "/home/airflow/.local/lib/python3.7/site-packages/airflow/models/dagbag.py", line 339, in parse
    loader.exec_module(new_module)
  File "<frozen importlib._bootstrap_external>", line 724, in exec_module
  File "<frozen importlib._bootstrap_external>", line 860, in get_code
  File "<frozen importlib._bootstrap_external>", line 791, in source_to_code
  File "<frozen importlib._bootstrap>", line 219, in _call_with_frames_removed
  File "/opt/airflow/dags/dag_branching_2.py", line 11
    def evaluate_condition(**kwargs):
                                    ^
SyntaxError: unexpected EOF while parsing
[2023-02-15T15:24:10.411+0000] {processor.py:755} WARNING - No viable dags retrieved from /opt/airflow/dags/dag_branching_2.py
[2023-02-15T15:24:10.453+0000] {processor.py:175} INFO - Processing /opt/airflow/dags/dag_branching_2.py took 0.064 seconds
[2023-02-15T15:24:40.707+0000] {processor.py:153} INFO - Started process (PID=25902) to work on /opt/airflow/dags/dag_branching_2.py
[2023-02-15T15:24:40.709+0000] {processor.py:743} INFO - Processing file /opt/airflow/dags/dag_branching_2.py for tasks to queue
[2023-02-15T15:24:40.711+0000] {logging_mixin.py:137} INFO - [2023-02-15T15:24:40.711+0000] {dagbag.py:538} INFO - Filling up the DagBag from /opt/airflow/dags/dag_branching_2.py
[2023-02-15T15:24:40.718+0000] {logging_mixin.py:137} INFO - [2023-02-15T15:24:40.716+0000] {dagbag.py:343} ERROR - Failed to import: /opt/airflow/dags/dag_branching_2.py
Traceback (most recent call last):
  File "/home/airflow/.local/lib/python3.7/site-packages/airflow/models/dagbag.py", line 339, in parse
    loader.exec_module(new_module)
  File "<frozen importlib._bootstrap_external>", line 724, in exec_module
  File "<frozen importlib._bootstrap_external>", line 860, in get_code
  File "<frozen importlib._bootstrap_external>", line 791, in source_to_code
  File "<frozen importlib._bootstrap>", line 219, in _call_with_frames_removed
  File "/opt/airflow/dags/dag_branching_2.py", line 11
    def evaluate_condition(**kwargs):
                                    ^
SyntaxError: unexpected EOF while parsing
[2023-02-15T15:24:40.719+0000] {processor.py:755} WARNING - No viable dags retrieved from /opt/airflow/dags/dag_branching_2.py
[2023-02-15T15:24:40.765+0000] {processor.py:175} INFO - Processing /opt/airflow/dags/dag_branching_2.py took 0.064 seconds
[2023-02-15T15:25:10.978+0000] {processor.py:153} INFO - Started process (PID=25974) to work on /opt/airflow/dags/dag_branching_2.py
[2023-02-15T15:25:10.981+0000] {processor.py:743} INFO - Processing file /opt/airflow/dags/dag_branching_2.py for tasks to queue
[2023-02-15T15:25:10.983+0000] {logging_mixin.py:137} INFO - [2023-02-15T15:25:10.983+0000] {dagbag.py:538} INFO - Filling up the DagBag from /opt/airflow/dags/dag_branching_2.py
[2023-02-15T15:25:10.991+0000] {logging_mixin.py:137} INFO - [2023-02-15T15:25:10.988+0000] {dagbag.py:343} ERROR - Failed to import: /opt/airflow/dags/dag_branching_2.py
Traceback (most recent call last):
  File "/home/airflow/.local/lib/python3.7/site-packages/airflow/models/dagbag.py", line 339, in parse
    loader.exec_module(new_module)
  File "<frozen importlib._bootstrap_external>", line 724, in exec_module
  File "<frozen importlib._bootstrap_external>", line 860, in get_code
  File "<frozen importlib._bootstrap_external>", line 791, in source_to_code
  File "<frozen importlib._bootstrap>", line 219, in _call_with_frames_removed
  File "/opt/airflow/dags/dag_branching_2.py", line 11
    def evaluate_condition(**kwargs):
                                    ^
SyntaxError: unexpected EOF while parsing
[2023-02-15T15:25:10.992+0000] {processor.py:755} WARNING - No viable dags retrieved from /opt/airflow/dags/dag_branching_2.py
[2023-02-15T15:25:11.043+0000] {processor.py:175} INFO - Processing /opt/airflow/dags/dag_branching_2.py took 0.081 seconds
[2023-02-15T15:25:19.360+0000] {processor.py:153} INFO - Started process (PID=25985) to work on /opt/airflow/dags/dag_branching_2.py
[2023-02-15T15:25:19.366+0000] {processor.py:743} INFO - Processing file /opt/airflow/dags/dag_branching_2.py for tasks to queue
[2023-02-15T15:25:19.373+0000] {logging_mixin.py:137} INFO - [2023-02-15T15:25:19.372+0000] {dagbag.py:538} INFO - Filling up the DagBag from /opt/airflow/dags/dag_branching_2.py
[2023-02-15T15:25:19.456+0000] {processor.py:753} INFO - DAG(s) dict_keys(['dag_branching_v02']) retrieved from /opt/airflow/dags/dag_branching_2.py
[2023-02-15T15:25:19.596+0000] {logging_mixin.py:137} INFO - [2023-02-15T15:25:19.596+0000] {manager.py:504} INFO - Created Permission View: can edit on DAG:dag_branching_v02
[2023-02-15T15:25:19.602+0000] {logging_mixin.py:137} INFO - [2023-02-15T15:25:19.602+0000] {manager.py:504} INFO - Created Permission View: can delete on DAG:dag_branching_v02
[2023-02-15T15:25:19.606+0000] {logging_mixin.py:137} INFO - [2023-02-15T15:25:19.606+0000] {manager.py:504} INFO - Created Permission View: can read on DAG:dag_branching_v02
[2023-02-15T15:25:19.607+0000] {logging_mixin.py:137} INFO - [2023-02-15T15:25:19.607+0000] {dag.py:2690} INFO - Sync 1 DAGs
[2023-02-15T15:25:19.619+0000] {logging_mixin.py:137} INFO - [2023-02-15T15:25:19.619+0000] {dag.py:2711} INFO - Creating ORM DAG for dag_branching_v02
[2023-02-15T15:25:19.633+0000] {logging_mixin.py:137} INFO - [2023-02-15T15:25:19.633+0000] {dag.py:3441} INFO - Setting next_dagrun for dag_branching_v02 to 2023-02-14T00:00:00+00:00, run_after=2023-02-15T00:00:00+00:00
[2023-02-15T15:25:19.659+0000] {processor.py:175} INFO - Processing /opt/airflow/dags/dag_branching_2.py took 0.322 seconds
[2023-02-15T15:25:50.046+0000] {processor.py:153} INFO - Started process (PID=26069) to work on /opt/airflow/dags/dag_branching_2.py
[2023-02-15T15:25:50.049+0000] {processor.py:743} INFO - Processing file /opt/airflow/dags/dag_branching_2.py for tasks to queue
[2023-02-15T15:25:50.051+0000] {logging_mixin.py:137} INFO - [2023-02-15T15:25:50.051+0000] {dagbag.py:538} INFO - Filling up the DagBag from /opt/airflow/dags/dag_branching_2.py
[2023-02-15T15:25:50.101+0000] {processor.py:753} INFO - DAG(s) dict_keys(['dag_branching_v02']) retrieved from /opt/airflow/dags/dag_branching_2.py
[2023-02-15T15:25:50.140+0000] {logging_mixin.py:137} INFO - [2023-02-15T15:25:50.140+0000] {dag.py:2690} INFO - Sync 1 DAGs
[2023-02-15T15:25:50.179+0000] {logging_mixin.py:137} INFO - [2023-02-15T15:25:50.179+0000] {dag.py:3441} INFO - Setting next_dagrun for dag_branching_v02 to 2023-02-15T00:00:00+00:00, run_after=2023-02-16T00:00:00+00:00
[2023-02-15T15:25:50.196+0000] {processor.py:175} INFO - Processing /opt/airflow/dags/dag_branching_2.py took 0.160 seconds
[2023-02-15T15:26:20.451+0000] {processor.py:153} INFO - Started process (PID=26134) to work on /opt/airflow/dags/dag_branching_2.py
[2023-02-15T15:26:20.453+0000] {processor.py:743} INFO - Processing file /opt/airflow/dags/dag_branching_2.py for tasks to queue
[2023-02-15T15:26:20.455+0000] {logging_mixin.py:137} INFO - [2023-02-15T15:26:20.455+0000] {dagbag.py:538} INFO - Filling up the DagBag from /opt/airflow/dags/dag_branching_2.py
[2023-02-15T15:26:20.499+0000] {processor.py:753} INFO - DAG(s) dict_keys(['dag_branching_v02']) retrieved from /opt/airflow/dags/dag_branching_2.py
[2023-02-15T15:26:20.548+0000] {logging_mixin.py:137} INFO - [2023-02-15T15:26:20.548+0000] {dag.py:2690} INFO - Sync 1 DAGs
[2023-02-15T15:26:20.572+0000] {logging_mixin.py:137} INFO - [2023-02-15T15:26:20.572+0000] {dag.py:3441} INFO - Setting next_dagrun for dag_branching_v02 to 2023-02-15T00:00:00+00:00, run_after=2023-02-16T00:00:00+00:00
[2023-02-15T15:26:20.597+0000] {processor.py:175} INFO - Processing /opt/airflow/dags/dag_branching_2.py took 0.151 seconds
[2023-02-15T15:26:50.820+0000] {processor.py:153} INFO - Started process (PID=26210) to work on /opt/airflow/dags/dag_branching_2.py
[2023-02-15T15:26:50.829+0000] {processor.py:743} INFO - Processing file /opt/airflow/dags/dag_branching_2.py for tasks to queue
[2023-02-15T15:26:50.833+0000] {logging_mixin.py:137} INFO - [2023-02-15T15:26:50.833+0000] {dagbag.py:538} INFO - Filling up the DagBag from /opt/airflow/dags/dag_branching_2.py
[2023-02-15T15:26:50.898+0000] {processor.py:753} INFO - DAG(s) dict_keys(['dag_branching_v02']) retrieved from /opt/airflow/dags/dag_branching_2.py
[2023-02-15T15:26:51.008+0000] {logging_mixin.py:137} INFO - [2023-02-15T15:26:51.008+0000] {dag.py:2690} INFO - Sync 1 DAGs
[2023-02-15T15:26:51.050+0000] {logging_mixin.py:137} INFO - [2023-02-15T15:26:51.050+0000] {dag.py:3441} INFO - Setting next_dagrun for dag_branching_v02 to 2023-02-15T00:00:00+00:00, run_after=2023-02-16T00:00:00+00:00
[2023-02-15T15:26:51.074+0000] {processor.py:175} INFO - Processing /opt/airflow/dags/dag_branching_2.py took 0.270 seconds
[2023-02-15T15:26:59.346+0000] {processor.py:153} INFO - Started process (PID=26215) to work on /opt/airflow/dags/dag_branching_2.py
[2023-02-15T15:26:59.349+0000] {processor.py:743} INFO - Processing file /opt/airflow/dags/dag_branching_2.py for tasks to queue
[2023-02-15T15:26:59.351+0000] {logging_mixin.py:137} INFO - [2023-02-15T15:26:59.351+0000] {dagbag.py:538} INFO - Filling up the DagBag from /opt/airflow/dags/dag_branching_2.py
[2023-02-15T15:26:59.406+0000] {processor.py:753} INFO - DAG(s) dict_keys(['dag_branching_v02']) retrieved from /opt/airflow/dags/dag_branching_2.py
[2023-02-15T15:26:59.493+0000] {logging_mixin.py:137} INFO - [2023-02-15T15:26:59.493+0000] {dag.py:2690} INFO - Sync 1 DAGs
[2023-02-15T15:26:59.521+0000] {logging_mixin.py:137} INFO - [2023-02-15T15:26:59.521+0000] {dag.py:3441} INFO - Setting next_dagrun for dag_branching_v02 to 2023-02-15T00:00:00+00:00, run_after=2023-02-16T00:00:00+00:00
[2023-02-15T15:26:59.549+0000] {processor.py:175} INFO - Processing /opt/airflow/dags/dag_branching_2.py took 0.220 seconds
[2023-02-15T15:27:30.393+0000] {processor.py:153} INFO - Started process (PID=26291) to work on /opt/airflow/dags/dag_branching_2.py
[2023-02-15T15:27:30.397+0000] {processor.py:743} INFO - Processing file /opt/airflow/dags/dag_branching_2.py for tasks to queue
[2023-02-15T15:27:30.399+0000] {logging_mixin.py:137} INFO - [2023-02-15T15:27:30.399+0000] {dagbag.py:538} INFO - Filling up the DagBag from /opt/airflow/dags/dag_branching_2.py
[2023-02-15T15:27:30.437+0000] {processor.py:753} INFO - DAG(s) dict_keys(['dag_branching_v02']) retrieved from /opt/airflow/dags/dag_branching_2.py
[2023-02-15T15:27:30.492+0000] {logging_mixin.py:137} INFO - [2023-02-15T15:27:30.492+0000] {dag.py:2690} INFO - Sync 1 DAGs
[2023-02-15T15:27:30.523+0000] {logging_mixin.py:137} INFO - [2023-02-15T15:27:30.523+0000] {dag.py:3441} INFO - Setting next_dagrun for dag_branching_v02 to 2023-02-15T00:00:00+00:00, run_after=2023-02-16T00:00:00+00:00
[2023-02-15T15:27:30.539+0000] {processor.py:175} INFO - Processing /opt/airflow/dags/dag_branching_2.py took 0.160 seconds
[2023-02-15T15:28:01.622+0000] {processor.py:153} INFO - Started process (PID=26355) to work on /opt/airflow/dags/dag_branching_2.py
[2023-02-15T15:28:01.627+0000] {processor.py:743} INFO - Processing file /opt/airflow/dags/dag_branching_2.py for tasks to queue
[2023-02-15T15:28:01.629+0000] {logging_mixin.py:137} INFO - [2023-02-15T15:28:01.629+0000] {dagbag.py:538} INFO - Filling up the DagBag from /opt/airflow/dags/dag_branching_2.py
[2023-02-15T15:28:01.686+0000] {processor.py:753} INFO - DAG(s) dict_keys(['dag_branching_v02']) retrieved from /opt/airflow/dags/dag_branching_2.py
[2023-02-15T15:28:01.745+0000] {logging_mixin.py:137} INFO - [2023-02-15T15:28:01.744+0000] {dag.py:2690} INFO - Sync 1 DAGs
[2023-02-15T15:28:01.777+0000] {logging_mixin.py:137} INFO - [2023-02-15T15:28:01.777+0000] {dag.py:3441} INFO - Setting next_dagrun for dag_branching_v02 to 2023-02-15T00:00:00+00:00, run_after=2023-02-16T00:00:00+00:00
[2023-02-15T15:28:01.793+0000] {processor.py:175} INFO - Processing /opt/airflow/dags/dag_branching_2.py took 0.182 seconds
[2023-02-15T15:28:31.914+0000] {processor.py:153} INFO - Started process (PID=26420) to work on /opt/airflow/dags/dag_branching_2.py
[2023-02-15T15:28:31.916+0000] {processor.py:743} INFO - Processing file /opt/airflow/dags/dag_branching_2.py for tasks to queue
[2023-02-15T15:28:31.918+0000] {logging_mixin.py:137} INFO - [2023-02-15T15:28:31.918+0000] {dagbag.py:538} INFO - Filling up the DagBag from /opt/airflow/dags/dag_branching_2.py
[2023-02-15T15:28:31.969+0000] {processor.py:753} INFO - DAG(s) dict_keys(['dag_branching_v02']) retrieved from /opt/airflow/dags/dag_branching_2.py
[2023-02-15T15:28:32.022+0000] {logging_mixin.py:137} INFO - [2023-02-15T15:28:32.022+0000] {dag.py:2690} INFO - Sync 1 DAGs
[2023-02-15T15:28:32.077+0000] {logging_mixin.py:137} INFO - [2023-02-15T15:28:32.077+0000] {dag.py:3441} INFO - Setting next_dagrun for dag_branching_v02 to 2023-02-15T00:00:00+00:00, run_after=2023-02-16T00:00:00+00:00
[2023-02-15T15:28:32.094+0000] {processor.py:175} INFO - Processing /opt/airflow/dags/dag_branching_2.py took 0.187 seconds
[2023-02-15T15:29:02.766+0000] {processor.py:153} INFO - Started process (PID=26497) to work on /opt/airflow/dags/dag_branching_2.py
[2023-02-15T15:29:02.769+0000] {processor.py:743} INFO - Processing file /opt/airflow/dags/dag_branching_2.py for tasks to queue
[2023-02-15T15:29:02.772+0000] {logging_mixin.py:137} INFO - [2023-02-15T15:29:02.771+0000] {dagbag.py:538} INFO - Filling up the DagBag from /opt/airflow/dags/dag_branching_2.py
[2023-02-15T15:29:02.827+0000] {processor.py:753} INFO - DAG(s) dict_keys(['dag_branching_v02']) retrieved from /opt/airflow/dags/dag_branching_2.py
[2023-02-15T15:29:02.879+0000] {logging_mixin.py:137} INFO - [2023-02-15T15:29:02.879+0000] {dag.py:2690} INFO - Sync 1 DAGs
[2023-02-15T15:29:02.908+0000] {logging_mixin.py:137} INFO - [2023-02-15T15:29:02.908+0000] {dag.py:3441} INFO - Setting next_dagrun for dag_branching_v02 to 2023-02-15T00:00:00+00:00, run_after=2023-02-16T00:00:00+00:00
[2023-02-15T15:29:02.922+0000] {processor.py:175} INFO - Processing /opt/airflow/dags/dag_branching_2.py took 0.166 seconds
[2023-02-15T15:29:33.303+0000] {processor.py:153} INFO - Started process (PID=26562) to work on /opt/airflow/dags/dag_branching_2.py
[2023-02-15T15:29:33.306+0000] {processor.py:743} INFO - Processing file /opt/airflow/dags/dag_branching_2.py for tasks to queue
[2023-02-15T15:29:33.307+0000] {logging_mixin.py:137} INFO - [2023-02-15T15:29:33.307+0000] {dagbag.py:538} INFO - Filling up the DagBag from /opt/airflow/dags/dag_branching_2.py
[2023-02-15T15:29:33.358+0000] {processor.py:753} INFO - DAG(s) dict_keys(['dag_branching_v02']) retrieved from /opt/airflow/dags/dag_branching_2.py
[2023-02-15T15:29:33.404+0000] {logging_mixin.py:137} INFO - [2023-02-15T15:29:33.404+0000] {dag.py:2690} INFO - Sync 1 DAGs
[2023-02-15T15:29:33.448+0000] {logging_mixin.py:137} INFO - [2023-02-15T15:29:33.448+0000] {dag.py:3441} INFO - Setting next_dagrun for dag_branching_v02 to 2023-02-15T00:00:00+00:00, run_after=2023-02-16T00:00:00+00:00
[2023-02-15T15:29:33.464+0000] {processor.py:175} INFO - Processing /opt/airflow/dags/dag_branching_2.py took 0.172 seconds
