[2023-02-15T14:58:06.854+0000] {processor.py:153} INFO - Started process (PID=22213) to work on /opt/airflow/dags/dag_branching.py
[2023-02-15T14:58:06.863+0000] {processor.py:743} INFO - Processing file /opt/airflow/dags/dag_branching.py for tasks to queue
[2023-02-15T14:58:06.867+0000] {logging_mixin.py:137} INFO - [2023-02-15T14:58:06.866+0000] {dagbag.py:538} INFO - Filling up the DagBag from /opt/airflow/dags/dag_branching.py
[2023-02-15T14:58:06.922+0000] {logging_mixin.py:137} INFO - [2023-02-15T14:58:06.916+0000] {dagbag.py:343} ERROR - Failed to import: /opt/airflow/dags/dag_branching.py
Traceback (most recent call last):
  File "/home/airflow/.local/lib/python3.7/site-packages/airflow/models/dagbag.py", line 339, in parse
    loader.exec_module(new_module)
  File "<frozen importlib._bootstrap_external>", line 728, in exec_module
  File "<frozen importlib._bootstrap>", line 219, in _call_with_frames_removed
  File "/opt/airflow/dags/dag_branching.py", line 4, in <module>
    from airflow.operators.branch_python_operator import BranchPythonOperator
ModuleNotFoundError: No module named 'airflow.operators.branch_python_operator'
[2023-02-15T14:58:06.924+0000] {processor.py:755} WARNING - No viable dags retrieved from /opt/airflow/dags/dag_branching.py
[2023-02-15T14:58:07.006+0000] {processor.py:175} INFO - Processing /opt/airflow/dags/dag_branching.py took 0.171 seconds
[2023-02-15T14:58:38.068+0000] {processor.py:153} INFO - Started process (PID=22289) to work on /opt/airflow/dags/dag_branching.py
[2023-02-15T14:58:38.070+0000] {processor.py:743} INFO - Processing file /opt/airflow/dags/dag_branching.py for tasks to queue
[2023-02-15T14:58:38.071+0000] {logging_mixin.py:137} INFO - [2023-02-15T14:58:38.071+0000] {dagbag.py:538} INFO - Filling up the DagBag from /opt/airflow/dags/dag_branching.py
[2023-02-15T14:58:38.095+0000] {logging_mixin.py:137} INFO - [2023-02-15T14:58:38.088+0000] {dagbag.py:343} ERROR - Failed to import: /opt/airflow/dags/dag_branching.py
Traceback (most recent call last):
  File "/home/airflow/.local/lib/python3.7/site-packages/airflow/models/dagbag.py", line 339, in parse
    loader.exec_module(new_module)
  File "<frozen importlib._bootstrap_external>", line 728, in exec_module
  File "<frozen importlib._bootstrap>", line 219, in _call_with_frames_removed
  File "/opt/airflow/dags/dag_branching.py", line 4, in <module>
    from airflow.operators.branch_python_operator import BranchPythonOperator
ModuleNotFoundError: No module named 'airflow.operators.branch_python_operator'
[2023-02-15T14:58:38.097+0000] {processor.py:755} WARNING - No viable dags retrieved from /opt/airflow/dags/dag_branching.py
[2023-02-15T14:58:38.136+0000] {processor.py:175} INFO - Processing /opt/airflow/dags/dag_branching.py took 0.073 seconds
[2023-02-15T14:59:08.560+0000] {processor.py:153} INFO - Started process (PID=22357) to work on /opt/airflow/dags/dag_branching.py
[2023-02-15T14:59:08.563+0000] {processor.py:743} INFO - Processing file /opt/airflow/dags/dag_branching.py for tasks to queue
[2023-02-15T14:59:08.565+0000] {logging_mixin.py:137} INFO - [2023-02-15T14:59:08.565+0000] {dagbag.py:538} INFO - Filling up the DagBag from /opt/airflow/dags/dag_branching.py
[2023-02-15T14:59:08.596+0000] {logging_mixin.py:137} INFO - [2023-02-15T14:59:08.593+0000] {dagbag.py:343} ERROR - Failed to import: /opt/airflow/dags/dag_branching.py
Traceback (most recent call last):
  File "/home/airflow/.local/lib/python3.7/site-packages/airflow/models/dagbag.py", line 339, in parse
    loader.exec_module(new_module)
  File "<frozen importlib._bootstrap_external>", line 728, in exec_module
  File "<frozen importlib._bootstrap>", line 219, in _call_with_frames_removed
  File "/opt/airflow/dags/dag_branching.py", line 4, in <module>
    from airflow.operators.branch_python_operator import BranchPythonOperator
ModuleNotFoundError: No module named 'airflow.operators.branch_python_operator'
[2023-02-15T14:59:08.597+0000] {processor.py:755} WARNING - No viable dags retrieved from /opt/airflow/dags/dag_branching.py
[2023-02-15T14:59:08.650+0000] {processor.py:175} INFO - Processing /opt/airflow/dags/dag_branching.py took 0.099 seconds
[2023-02-15T14:59:38.890+0000] {processor.py:153} INFO - Started process (PID=22434) to work on /opt/airflow/dags/dag_branching.py
[2023-02-15T14:59:38.893+0000] {processor.py:743} INFO - Processing file /opt/airflow/dags/dag_branching.py for tasks to queue
[2023-02-15T14:59:38.895+0000] {logging_mixin.py:137} INFO - [2023-02-15T14:59:38.894+0000] {dagbag.py:538} INFO - Filling up the DagBag from /opt/airflow/dags/dag_branching.py
[2023-02-15T14:59:38.915+0000] {logging_mixin.py:137} INFO - [2023-02-15T14:59:38.912+0000] {dagbag.py:343} ERROR - Failed to import: /opt/airflow/dags/dag_branching.py
Traceback (most recent call last):
  File "/home/airflow/.local/lib/python3.7/site-packages/airflow/models/dagbag.py", line 339, in parse
    loader.exec_module(new_module)
  File "<frozen importlib._bootstrap_external>", line 728, in exec_module
  File "<frozen importlib._bootstrap>", line 219, in _call_with_frames_removed
  File "/opt/airflow/dags/dag_branching.py", line 4, in <module>
    from airflow.operators.branch_python_operator import BranchPythonOperator
ModuleNotFoundError: No module named 'airflow.operators.branch_python_operator'
[2023-02-15T14:59:38.916+0000] {processor.py:755} WARNING - No viable dags retrieved from /opt/airflow/dags/dag_branching.py
[2023-02-15T14:59:38.957+0000] {processor.py:175} INFO - Processing /opt/airflow/dags/dag_branching.py took 0.077 seconds
[2023-02-15T15:00:09.639+0000] {processor.py:153} INFO - Started process (PID=22499) to work on /opt/airflow/dags/dag_branching.py
[2023-02-15T15:00:09.642+0000] {processor.py:743} INFO - Processing file /opt/airflow/dags/dag_branching.py for tasks to queue
[2023-02-15T15:00:09.643+0000] {logging_mixin.py:137} INFO - [2023-02-15T15:00:09.643+0000] {dagbag.py:538} INFO - Filling up the DagBag from /opt/airflow/dags/dag_branching.py
[2023-02-15T15:00:09.660+0000] {logging_mixin.py:137} INFO - [2023-02-15T15:00:09.658+0000] {dagbag.py:343} ERROR - Failed to import: /opt/airflow/dags/dag_branching.py
Traceback (most recent call last):
  File "/home/airflow/.local/lib/python3.7/site-packages/airflow/models/dagbag.py", line 339, in parse
    loader.exec_module(new_module)
  File "<frozen importlib._bootstrap_external>", line 728, in exec_module
  File "<frozen importlib._bootstrap>", line 219, in _call_with_frames_removed
  File "/opt/airflow/dags/dag_branching.py", line 4, in <module>
    from airflow.operators.branch_python_operator import BranchPythonOperator
ModuleNotFoundError: No module named 'airflow.operators.branch_python_operator'
[2023-02-15T15:00:09.661+0000] {processor.py:755} WARNING - No viable dags retrieved from /opt/airflow/dags/dag_branching.py
[2023-02-15T15:00:09.709+0000] {processor.py:175} INFO - Processing /opt/airflow/dags/dag_branching.py took 0.078 seconds
[2023-02-15T15:00:40.548+0000] {processor.py:153} INFO - Started process (PID=22577) to work on /opt/airflow/dags/dag_branching.py
[2023-02-15T15:00:40.555+0000] {processor.py:743} INFO - Processing file /opt/airflow/dags/dag_branching.py for tasks to queue
[2023-02-15T15:00:40.560+0000] {logging_mixin.py:137} INFO - [2023-02-15T15:00:40.559+0000] {dagbag.py:538} INFO - Filling up the DagBag from /opt/airflow/dags/dag_branching.py
[2023-02-15T15:00:40.575+0000] {logging_mixin.py:137} INFO - [2023-02-15T15:00:40.573+0000] {dagbag.py:343} ERROR - Failed to import: /opt/airflow/dags/dag_branching.py
Traceback (most recent call last):
  File "/home/airflow/.local/lib/python3.7/site-packages/airflow/models/dagbag.py", line 339, in parse
    loader.exec_module(new_module)
  File "<frozen importlib._bootstrap_external>", line 728, in exec_module
  File "<frozen importlib._bootstrap>", line 219, in _call_with_frames_removed
  File "/opt/airflow/dags/dag_branching.py", line 4, in <module>
    from airflow.operators.branch_python_operator import BranchPythonOperator
ModuleNotFoundError: No module named 'airflow.operators.branch_python_operator'
[2023-02-15T15:00:40.576+0000] {processor.py:755} WARNING - No viable dags retrieved from /opt/airflow/dags/dag_branching.py
[2023-02-15T15:00:40.602+0000] {processor.py:175} INFO - Processing /opt/airflow/dags/dag_branching.py took 0.061 seconds
[2023-02-15T15:01:10.940+0000] {processor.py:153} INFO - Started process (PID=22642) to work on /opt/airflow/dags/dag_branching.py
[2023-02-15T15:01:10.943+0000] {processor.py:743} INFO - Processing file /opt/airflow/dags/dag_branching.py for tasks to queue
[2023-02-15T15:01:10.944+0000] {logging_mixin.py:137} INFO - [2023-02-15T15:01:10.944+0000] {dagbag.py:538} INFO - Filling up the DagBag from /opt/airflow/dags/dag_branching.py
[2023-02-15T15:01:10.964+0000] {logging_mixin.py:137} INFO - [2023-02-15T15:01:10.959+0000] {dagbag.py:343} ERROR - Failed to import: /opt/airflow/dags/dag_branching.py
Traceback (most recent call last):
  File "/home/airflow/.local/lib/python3.7/site-packages/airflow/models/dagbag.py", line 339, in parse
    loader.exec_module(new_module)
  File "<frozen importlib._bootstrap_external>", line 728, in exec_module
  File "<frozen importlib._bootstrap>", line 219, in _call_with_frames_removed
  File "/opt/airflow/dags/dag_branching.py", line 4, in <module>
    from airflow.operators.branch_python_operator import BranchPythonOperator
ModuleNotFoundError: No module named 'airflow.operators.branch_python_operator'
[2023-02-15T15:01:10.966+0000] {processor.py:755} WARNING - No viable dags retrieved from /opt/airflow/dags/dag_branching.py
[2023-02-15T15:01:11.027+0000] {processor.py:175} INFO - Processing /opt/airflow/dags/dag_branching.py took 0.093 seconds
[2023-02-15T15:01:41.530+0000] {processor.py:153} INFO - Started process (PID=22719) to work on /opt/airflow/dags/dag_branching.py
[2023-02-15T15:01:41.532+0000] {processor.py:743} INFO - Processing file /opt/airflow/dags/dag_branching.py for tasks to queue
[2023-02-15T15:01:41.533+0000] {logging_mixin.py:137} INFO - [2023-02-15T15:01:41.533+0000] {dagbag.py:538} INFO - Filling up the DagBag from /opt/airflow/dags/dag_branching.py
[2023-02-15T15:01:41.558+0000] {logging_mixin.py:137} INFO - [2023-02-15T15:01:41.555+0000] {dagbag.py:343} ERROR - Failed to import: /opt/airflow/dags/dag_branching.py
Traceback (most recent call last):
  File "/home/airflow/.local/lib/python3.7/site-packages/airflow/models/dagbag.py", line 339, in parse
    loader.exec_module(new_module)
  File "<frozen importlib._bootstrap_external>", line 728, in exec_module
  File "<frozen importlib._bootstrap>", line 219, in _call_with_frames_removed
  File "/opt/airflow/dags/dag_branching.py", line 4, in <module>
    from airflow.operators.branch_python_operator import BranchPythonOperator
ModuleNotFoundError: No module named 'airflow.operators.branch_python_operator'
[2023-02-15T15:01:41.559+0000] {processor.py:755} WARNING - No viable dags retrieved from /opt/airflow/dags/dag_branching.py
[2023-02-15T15:01:41.595+0000] {processor.py:175} INFO - Processing /opt/airflow/dags/dag_branching.py took 0.074 seconds
[2023-02-15T15:02:05.297+0000] {processor.py:153} INFO - Started process (PID=22778) to work on /opt/airflow/dags/dag_branching.py
[2023-02-15T15:02:05.379+0000] {processor.py:743} INFO - Processing file /opt/airflow/dags/dag_branching.py for tasks to queue
[2023-02-15T15:02:05.415+0000] {logging_mixin.py:137} INFO - [2023-02-15T15:02:05.410+0000] {dagbag.py:538} INFO - Filling up the DagBag from /opt/airflow/dags/dag_branching.py
[2023-02-15T15:02:06.403+0000] {logging_mixin.py:137} WARNING - /home/airflow/.local/lib/python3.7/site-packages/airflow/models/baseoperator.py:394 RemovedInAirflow3Warning: provide_context is deprecated as of 2.0 and is no longer required
[2023-02-15T15:02:06.676+0000] {processor.py:753} INFO - DAG(s) dict_keys(['dag_example_branching_v01']) retrieved from /opt/airflow/dags/dag_branching.py
[2023-02-15T15:02:07.686+0000] {logging_mixin.py:137} INFO - [2023-02-15T15:02:07.685+0000] {manager.py:504} INFO - Created Permission View: can edit on DAG:dag_example_branching_v01
[2023-02-15T15:02:07.727+0000] {logging_mixin.py:137} INFO - [2023-02-15T15:02:07.726+0000] {manager.py:504} INFO - Created Permission View: can delete on DAG:dag_example_branching_v01
[2023-02-15T15:02:07.748+0000] {logging_mixin.py:137} INFO - [2023-02-15T15:02:07.748+0000] {manager.py:504} INFO - Created Permission View: can read on DAG:dag_example_branching_v01
[2023-02-15T15:02:07.751+0000] {logging_mixin.py:137} INFO - [2023-02-15T15:02:07.750+0000] {dag.py:2690} INFO - Sync 1 DAGs
[2023-02-15T15:02:07.789+0000] {logging_mixin.py:137} INFO - [2023-02-15T15:02:07.789+0000] {dag.py:2711} INFO - Creating ORM DAG for dag_example_branching_v01
[2023-02-15T15:02:07.810+0000] {logging_mixin.py:137} INFO - [2023-02-15T15:02:07.810+0000] {dag.py:3441} INFO - Setting next_dagrun for dag_example_branching_v01 to None, run_after=None
[2023-02-15T15:02:07.885+0000] {processor.py:175} INFO - Processing /opt/airflow/dags/dag_branching.py took 2.664 seconds
[2023-02-15T15:02:38.377+0000] {processor.py:153} INFO - Started process (PID=22842) to work on /opt/airflow/dags/dag_branching.py
[2023-02-15T15:02:38.379+0000] {processor.py:743} INFO - Processing file /opt/airflow/dags/dag_branching.py for tasks to queue
[2023-02-15T15:02:38.381+0000] {logging_mixin.py:137} INFO - [2023-02-15T15:02:38.381+0000] {dagbag.py:538} INFO - Filling up the DagBag from /opt/airflow/dags/dag_branching.py
[2023-02-15T15:02:38.417+0000] {logging_mixin.py:137} WARNING - /home/airflow/.local/lib/python3.7/site-packages/airflow/models/baseoperator.py:394 RemovedInAirflow3Warning: provide_context is deprecated as of 2.0 and is no longer required
[2023-02-15T15:02:38.431+0000] {processor.py:753} INFO - DAG(s) dict_keys(['dag_example_branching_v01']) retrieved from /opt/airflow/dags/dag_branching.py
[2023-02-15T15:02:38.497+0000] {logging_mixin.py:137} INFO - [2023-02-15T15:02:38.497+0000] {dag.py:2690} INFO - Sync 1 DAGs
[2023-02-15T15:02:38.518+0000] {logging_mixin.py:137} INFO - [2023-02-15T15:02:38.517+0000] {dag.py:3441} INFO - Setting next_dagrun for dag_example_branching_v01 to None, run_after=None
[2023-02-15T15:02:38.531+0000] {processor.py:175} INFO - Processing /opt/airflow/dags/dag_branching.py took 0.162 seconds
[2023-02-15T15:03:09.641+0000] {processor.py:153} INFO - Started process (PID=22915) to work on /opt/airflow/dags/dag_branching.py
[2023-02-15T15:03:09.650+0000] {processor.py:743} INFO - Processing file /opt/airflow/dags/dag_branching.py for tasks to queue
[2023-02-15T15:03:09.653+0000] {logging_mixin.py:137} INFO - [2023-02-15T15:03:09.652+0000] {dagbag.py:538} INFO - Filling up the DagBag from /opt/airflow/dags/dag_branching.py
[2023-02-15T15:03:09.683+0000] {logging_mixin.py:137} WARNING - /home/airflow/.local/lib/python3.7/site-packages/airflow/models/baseoperator.py:394 RemovedInAirflow3Warning: provide_context is deprecated as of 2.0 and is no longer required
[2023-02-15T15:03:09.710+0000] {processor.py:753} INFO - DAG(s) dict_keys(['dag_example_branching_v01']) retrieved from /opt/airflow/dags/dag_branching.py
[2023-02-15T15:03:09.762+0000] {logging_mixin.py:137} INFO - [2023-02-15T15:03:09.762+0000] {dag.py:2690} INFO - Sync 1 DAGs
[2023-02-15T15:03:09.792+0000] {logging_mixin.py:137} INFO - [2023-02-15T15:03:09.791+0000] {dag.py:3441} INFO - Setting next_dagrun for dag_example_branching_v01 to None, run_after=None
[2023-02-15T15:03:09.821+0000] {processor.py:175} INFO - Processing /opt/airflow/dags/dag_branching.py took 0.197 seconds
[2023-02-15T15:03:40.744+0000] {processor.py:153} INFO - Started process (PID=22985) to work on /opt/airflow/dags/dag_branching.py
[2023-02-15T15:03:40.747+0000] {processor.py:743} INFO - Processing file /opt/airflow/dags/dag_branching.py for tasks to queue
[2023-02-15T15:03:40.748+0000] {logging_mixin.py:137} INFO - [2023-02-15T15:03:40.748+0000] {dagbag.py:538} INFO - Filling up the DagBag from /opt/airflow/dags/dag_branching.py
[2023-02-15T15:03:40.795+0000] {logging_mixin.py:137} WARNING - /home/airflow/.local/lib/python3.7/site-packages/airflow/models/baseoperator.py:394 RemovedInAirflow3Warning: provide_context is deprecated as of 2.0 and is no longer required
[2023-02-15T15:03:40.806+0000] {processor.py:753} INFO - DAG(s) dict_keys(['dag_example_branching_v01']) retrieved from /opt/airflow/dags/dag_branching.py
[2023-02-15T15:03:40.854+0000] {logging_mixin.py:137} INFO - [2023-02-15T15:03:40.854+0000] {dag.py:2690} INFO - Sync 1 DAGs
[2023-02-15T15:03:40.882+0000] {logging_mixin.py:137} INFO - [2023-02-15T15:03:40.881+0000] {dag.py:3441} INFO - Setting next_dagrun for dag_example_branching_v01 to None, run_after=None
[2023-02-15T15:03:40.916+0000] {processor.py:175} INFO - Processing /opt/airflow/dags/dag_branching.py took 0.183 seconds
[2023-02-15T15:04:11.352+0000] {processor.py:153} INFO - Started process (PID=23050) to work on /opt/airflow/dags/dag_branching.py
[2023-02-15T15:04:11.355+0000] {processor.py:743} INFO - Processing file /opt/airflow/dags/dag_branching.py for tasks to queue
[2023-02-15T15:04:11.357+0000] {logging_mixin.py:137} INFO - [2023-02-15T15:04:11.356+0000] {dagbag.py:538} INFO - Filling up the DagBag from /opt/airflow/dags/dag_branching.py
[2023-02-15T15:04:11.407+0000] {logging_mixin.py:137} WARNING - /home/airflow/.local/lib/python3.7/site-packages/airflow/models/baseoperator.py:394 RemovedInAirflow3Warning: provide_context is deprecated as of 2.0 and is no longer required
[2023-02-15T15:04:11.421+0000] {processor.py:753} INFO - DAG(s) dict_keys(['dag_example_branching_v01']) retrieved from /opt/airflow/dags/dag_branching.py
[2023-02-15T15:04:11.482+0000] {logging_mixin.py:137} INFO - [2023-02-15T15:04:11.481+0000] {dag.py:2690} INFO - Sync 1 DAGs
[2023-02-15T15:04:11.514+0000] {logging_mixin.py:137} INFO - [2023-02-15T15:04:11.514+0000] {dag.py:3441} INFO - Setting next_dagrun for dag_example_branching_v01 to None, run_after=None
[2023-02-15T15:04:11.527+0000] {processor.py:175} INFO - Processing /opt/airflow/dags/dag_branching.py took 0.183 seconds
[2023-02-15T15:04:42.449+0000] {processor.py:153} INFO - Started process (PID=23128) to work on /opt/airflow/dags/dag_branching.py
[2023-02-15T15:04:42.457+0000] {processor.py:743} INFO - Processing file /opt/airflow/dags/dag_branching.py for tasks to queue
[2023-02-15T15:04:42.464+0000] {logging_mixin.py:137} INFO - [2023-02-15T15:04:42.464+0000] {dagbag.py:538} INFO - Filling up the DagBag from /opt/airflow/dags/dag_branching.py
[2023-02-15T15:04:42.523+0000] {logging_mixin.py:137} WARNING - /home/airflow/.local/lib/python3.7/site-packages/airflow/models/baseoperator.py:394 RemovedInAirflow3Warning: provide_context is deprecated as of 2.0 and is no longer required
[2023-02-15T15:04:42.541+0000] {processor.py:753} INFO - DAG(s) dict_keys(['dag_example_branching_v01']) retrieved from /opt/airflow/dags/dag_branching.py
[2023-02-15T15:04:42.634+0000] {logging_mixin.py:137} INFO - [2023-02-15T15:04:42.634+0000] {dag.py:2690} INFO - Sync 1 DAGs
[2023-02-15T15:04:42.659+0000] {logging_mixin.py:137} INFO - [2023-02-15T15:04:42.659+0000] {dag.py:3441} INFO - Setting next_dagrun for dag_example_branching_v01 to None, run_after=None
[2023-02-15T15:04:42.673+0000] {processor.py:175} INFO - Processing /opt/airflow/dags/dag_branching.py took 0.241 seconds
[2023-02-15T15:05:13.777+0000] {processor.py:153} INFO - Started process (PID=23193) to work on /opt/airflow/dags/dag_branching.py
[2023-02-15T15:05:13.779+0000] {processor.py:743} INFO - Processing file /opt/airflow/dags/dag_branching.py for tasks to queue
[2023-02-15T15:05:13.781+0000] {logging_mixin.py:137} INFO - [2023-02-15T15:05:13.781+0000] {dagbag.py:538} INFO - Filling up the DagBag from /opt/airflow/dags/dag_branching.py
[2023-02-15T15:05:13.822+0000] {logging_mixin.py:137} WARNING - /home/airflow/.local/lib/python3.7/site-packages/airflow/models/baseoperator.py:394 RemovedInAirflow3Warning: provide_context is deprecated as of 2.0 and is no longer required
[2023-02-15T15:05:13.833+0000] {processor.py:753} INFO - DAG(s) dict_keys(['dag_example_branching_v01']) retrieved from /opt/airflow/dags/dag_branching.py
[2023-02-15T15:05:13.874+0000] {logging_mixin.py:137} INFO - [2023-02-15T15:05:13.874+0000] {dag.py:2690} INFO - Sync 1 DAGs
[2023-02-15T15:05:13.901+0000] {logging_mixin.py:137} INFO - [2023-02-15T15:05:13.901+0000] {dag.py:3441} INFO - Setting next_dagrun for dag_example_branching_v01 to None, run_after=None
[2023-02-15T15:05:13.926+0000] {processor.py:175} INFO - Processing /opt/airflow/dags/dag_branching.py took 0.154 seconds
[2023-02-15T15:05:44.541+0000] {processor.py:153} INFO - Started process (PID=23269) to work on /opt/airflow/dags/dag_branching.py
[2023-02-15T15:05:44.545+0000] {processor.py:743} INFO - Processing file /opt/airflow/dags/dag_branching.py for tasks to queue
[2023-02-15T15:05:44.547+0000] {logging_mixin.py:137} INFO - [2023-02-15T15:05:44.547+0000] {dagbag.py:538} INFO - Filling up the DagBag from /opt/airflow/dags/dag_branching.py
[2023-02-15T15:05:44.590+0000] {logging_mixin.py:137} WARNING - /home/airflow/.local/lib/python3.7/site-packages/airflow/models/baseoperator.py:394 RemovedInAirflow3Warning: provide_context is deprecated as of 2.0 and is no longer required
[2023-02-15T15:05:44.602+0000] {processor.py:753} INFO - DAG(s) dict_keys(['dag_example_branching_v01']) retrieved from /opt/airflow/dags/dag_branching.py
[2023-02-15T15:05:44.701+0000] {logging_mixin.py:137} INFO - [2023-02-15T15:05:44.701+0000] {dag.py:2690} INFO - Sync 1 DAGs
[2023-02-15T15:05:44.750+0000] {logging_mixin.py:137} INFO - [2023-02-15T15:05:44.750+0000] {dag.py:3441} INFO - Setting next_dagrun for dag_example_branching_v01 to None, run_after=None
[2023-02-15T15:05:44.787+0000] {processor.py:175} INFO - Processing /opt/airflow/dags/dag_branching.py took 0.264 seconds
[2023-02-15T15:06:15.223+0000] {processor.py:153} INFO - Started process (PID=23342) to work on /opt/airflow/dags/dag_branching.py
[2023-02-15T15:06:15.225+0000] {processor.py:743} INFO - Processing file /opt/airflow/dags/dag_branching.py for tasks to queue
[2023-02-15T15:06:15.226+0000] {logging_mixin.py:137} INFO - [2023-02-15T15:06:15.226+0000] {dagbag.py:538} INFO - Filling up the DagBag from /opt/airflow/dags/dag_branching.py
[2023-02-15T15:06:15.269+0000] {logging_mixin.py:137} WARNING - /home/airflow/.local/lib/python3.7/site-packages/airflow/models/baseoperator.py:394 RemovedInAirflow3Warning: provide_context is deprecated as of 2.0 and is no longer required
[2023-02-15T15:06:15.316+0000] {processor.py:753} INFO - DAG(s) dict_keys(['dag_example_branching_v01']) retrieved from /opt/airflow/dags/dag_branching.py
[2023-02-15T15:06:15.438+0000] {logging_mixin.py:137} INFO - [2023-02-15T15:06:15.438+0000] {dag.py:2690} INFO - Sync 1 DAGs
[2023-02-15T15:06:15.480+0000] {logging_mixin.py:137} INFO - [2023-02-15T15:06:15.480+0000] {dag.py:3441} INFO - Setting next_dagrun for dag_example_branching_v01 to None, run_after=None
[2023-02-15T15:06:15.498+0000] {processor.py:175} INFO - Processing /opt/airflow/dags/dag_branching.py took 0.280 seconds
[2023-02-15T15:06:46.673+0000] {processor.py:153} INFO - Started process (PID=23409) to work on /opt/airflow/dags/dag_branching.py
[2023-02-15T15:06:46.675+0000] {processor.py:743} INFO - Processing file /opt/airflow/dags/dag_branching.py for tasks to queue
[2023-02-15T15:06:46.676+0000] {logging_mixin.py:137} INFO - [2023-02-15T15:06:46.676+0000] {dagbag.py:538} INFO - Filling up the DagBag from /opt/airflow/dags/dag_branching.py
[2023-02-15T15:06:46.719+0000] {logging_mixin.py:137} WARNING - /home/airflow/.local/lib/python3.7/site-packages/airflow/models/baseoperator.py:394 RemovedInAirflow3Warning: provide_context is deprecated as of 2.0 and is no longer required
[2023-02-15T15:06:46.743+0000] {processor.py:753} INFO - DAG(s) dict_keys(['dag_example_branching_v01']) retrieved from /opt/airflow/dags/dag_branching.py
[2023-02-15T15:06:46.817+0000] {logging_mixin.py:137} INFO - [2023-02-15T15:06:46.817+0000] {dag.py:2690} INFO - Sync 1 DAGs
[2023-02-15T15:06:46.870+0000] {logging_mixin.py:137} INFO - [2023-02-15T15:06:46.870+0000] {dag.py:3441} INFO - Setting next_dagrun for dag_example_branching_v01 to None, run_after=None
[2023-02-15T15:06:46.914+0000] {processor.py:175} INFO - Processing /opt/airflow/dags/dag_branching.py took 0.250 seconds
[2023-02-15T15:07:17.164+0000] {processor.py:153} INFO - Started process (PID=23486) to work on /opt/airflow/dags/dag_branching.py
[2023-02-15T15:07:17.168+0000] {processor.py:743} INFO - Processing file /opt/airflow/dags/dag_branching.py for tasks to queue
[2023-02-15T15:07:17.169+0000] {logging_mixin.py:137} INFO - [2023-02-15T15:07:17.169+0000] {dagbag.py:538} INFO - Filling up the DagBag from /opt/airflow/dags/dag_branching.py
[2023-02-15T15:07:17.203+0000] {logging_mixin.py:137} WARNING - /home/airflow/.local/lib/python3.7/site-packages/airflow/models/baseoperator.py:394 RemovedInAirflow3Warning: provide_context is deprecated as of 2.0 and is no longer required
[2023-02-15T15:07:17.224+0000] {processor.py:753} INFO - DAG(s) dict_keys(['dag_example_branching_v01']) retrieved from /opt/airflow/dags/dag_branching.py
[2023-02-15T15:07:17.282+0000] {logging_mixin.py:137} INFO - [2023-02-15T15:07:17.282+0000] {dag.py:2690} INFO - Sync 1 DAGs
[2023-02-15T15:07:17.340+0000] {logging_mixin.py:137} INFO - [2023-02-15T15:07:17.340+0000] {dag.py:3441} INFO - Setting next_dagrun for dag_example_branching_v01 to None, run_after=None
[2023-02-15T15:07:17.362+0000] {processor.py:175} INFO - Processing /opt/airflow/dags/dag_branching.py took 0.203 seconds
[2023-02-15T15:07:48.481+0000] {processor.py:153} INFO - Started process (PID=23551) to work on /opt/airflow/dags/dag_branching.py
[2023-02-15T15:07:48.483+0000] {processor.py:743} INFO - Processing file /opt/airflow/dags/dag_branching.py for tasks to queue
[2023-02-15T15:07:48.485+0000] {logging_mixin.py:137} INFO - [2023-02-15T15:07:48.485+0000] {dagbag.py:538} INFO - Filling up the DagBag from /opt/airflow/dags/dag_branching.py
[2023-02-15T15:07:48.528+0000] {logging_mixin.py:137} WARNING - /home/airflow/.local/lib/python3.7/site-packages/airflow/models/baseoperator.py:394 RemovedInAirflow3Warning: provide_context is deprecated as of 2.0 and is no longer required
[2023-02-15T15:07:48.544+0000] {processor.py:753} INFO - DAG(s) dict_keys(['dag_example_branching_v01']) retrieved from /opt/airflow/dags/dag_branching.py
[2023-02-15T15:07:48.604+0000] {logging_mixin.py:137} INFO - [2023-02-15T15:07:48.604+0000] {dag.py:2690} INFO - Sync 1 DAGs
[2023-02-15T15:07:48.639+0000] {logging_mixin.py:137} INFO - [2023-02-15T15:07:48.639+0000] {dag.py:3441} INFO - Setting next_dagrun for dag_example_branching_v01 to None, run_after=None
[2023-02-15T15:07:48.655+0000] {processor.py:175} INFO - Processing /opt/airflow/dags/dag_branching.py took 0.184 seconds
[2023-02-15T15:08:18.772+0000] {processor.py:153} INFO - Started process (PID=23625) to work on /opt/airflow/dags/dag_branching.py
[2023-02-15T15:08:18.774+0000] {processor.py:743} INFO - Processing file /opt/airflow/dags/dag_branching.py for tasks to queue
[2023-02-15T15:08:18.776+0000] {logging_mixin.py:137} INFO - [2023-02-15T15:08:18.776+0000] {dagbag.py:538} INFO - Filling up the DagBag from /opt/airflow/dags/dag_branching.py
[2023-02-15T15:08:18.819+0000] {logging_mixin.py:137} WARNING - /home/airflow/.local/lib/python3.7/site-packages/airflow/models/baseoperator.py:394 RemovedInAirflow3Warning: provide_context is deprecated as of 2.0 and is no longer required
[2023-02-15T15:08:18.837+0000] {processor.py:753} INFO - DAG(s) dict_keys(['dag_example_branching_v01']) retrieved from /opt/airflow/dags/dag_branching.py
[2023-02-15T15:08:18.906+0000] {logging_mixin.py:137} INFO - [2023-02-15T15:08:18.906+0000] {dag.py:2690} INFO - Sync 1 DAGs
[2023-02-15T15:08:18.942+0000] {logging_mixin.py:137} INFO - [2023-02-15T15:08:18.942+0000] {dag.py:3441} INFO - Setting next_dagrun for dag_example_branching_v01 to None, run_after=None
[2023-02-15T15:08:18.975+0000] {processor.py:175} INFO - Processing /opt/airflow/dags/dag_branching.py took 0.219 seconds
[2023-02-15T15:08:49.966+0000] {processor.py:153} INFO - Started process (PID=23694) to work on /opt/airflow/dags/dag_branching.py
[2023-02-15T15:08:49.972+0000] {processor.py:743} INFO - Processing file /opt/airflow/dags/dag_branching.py for tasks to queue
[2023-02-15T15:08:49.975+0000] {logging_mixin.py:137} INFO - [2023-02-15T15:08:49.975+0000] {dagbag.py:538} INFO - Filling up the DagBag from /opt/airflow/dags/dag_branching.py
[2023-02-15T15:08:50.004+0000] {logging_mixin.py:137} WARNING - /home/airflow/.local/lib/python3.7/site-packages/airflow/models/baseoperator.py:394 RemovedInAirflow3Warning: provide_context is deprecated as of 2.0 and is no longer required
[2023-02-15T15:08:50.017+0000] {processor.py:753} INFO - DAG(s) dict_keys(['dag_example_branching_v01']) retrieved from /opt/airflow/dags/dag_branching.py
[2023-02-15T15:08:50.066+0000] {logging_mixin.py:137} INFO - [2023-02-15T15:08:50.066+0000] {dag.py:2690} INFO - Sync 1 DAGs
[2023-02-15T15:08:50.091+0000] {logging_mixin.py:137} INFO - [2023-02-15T15:08:50.091+0000] {dag.py:3441} INFO - Setting next_dagrun for dag_example_branching_v01 to None, run_after=None
[2023-02-15T15:08:50.115+0000] {processor.py:175} INFO - Processing /opt/airflow/dags/dag_branching.py took 0.159 seconds
[2023-02-15T15:09:20.898+0000] {processor.py:153} INFO - Started process (PID=23772) to work on /opt/airflow/dags/dag_branching.py
[2023-02-15T15:09:20.902+0000] {processor.py:743} INFO - Processing file /opt/airflow/dags/dag_branching.py for tasks to queue
[2023-02-15T15:09:20.903+0000] {logging_mixin.py:137} INFO - [2023-02-15T15:09:20.903+0000] {dagbag.py:538} INFO - Filling up the DagBag from /opt/airflow/dags/dag_branching.py
[2023-02-15T15:09:20.935+0000] {logging_mixin.py:137} WARNING - /home/airflow/.local/lib/python3.7/site-packages/airflow/models/baseoperator.py:394 RemovedInAirflow3Warning: provide_context is deprecated as of 2.0 and is no longer required
[2023-02-15T15:09:20.950+0000] {processor.py:753} INFO - DAG(s) dict_keys(['dag_example_branching_v01']) retrieved from /opt/airflow/dags/dag_branching.py
[2023-02-15T15:09:21.030+0000] {logging_mixin.py:137} INFO - [2023-02-15T15:09:21.029+0000] {dag.py:2690} INFO - Sync 1 DAGs
[2023-02-15T15:09:21.054+0000] {logging_mixin.py:137} INFO - [2023-02-15T15:09:21.054+0000] {dag.py:3441} INFO - Setting next_dagrun for dag_example_branching_v01 to None, run_after=None
[2023-02-15T15:09:21.069+0000] {processor.py:175} INFO - Processing /opt/airflow/dags/dag_branching.py took 0.176 seconds
[2023-02-15T15:09:51.733+0000] {processor.py:153} INFO - Started process (PID=23838) to work on /opt/airflow/dags/dag_branching.py
[2023-02-15T15:09:51.736+0000] {processor.py:743} INFO - Processing file /opt/airflow/dags/dag_branching.py for tasks to queue
[2023-02-15T15:09:51.737+0000] {logging_mixin.py:137} INFO - [2023-02-15T15:09:51.737+0000] {dagbag.py:538} INFO - Filling up the DagBag from /opt/airflow/dags/dag_branching.py
[2023-02-15T15:09:51.764+0000] {logging_mixin.py:137} WARNING - /home/airflow/.local/lib/python3.7/site-packages/airflow/models/baseoperator.py:394 RemovedInAirflow3Warning: provide_context is deprecated as of 2.0 and is no longer required
[2023-02-15T15:09:51.782+0000] {processor.py:753} INFO - DAG(s) dict_keys(['dag_example_branching_v01']) retrieved from /opt/airflow/dags/dag_branching.py
[2023-02-15T15:09:51.827+0000] {logging_mixin.py:137} INFO - [2023-02-15T15:09:51.827+0000] {dag.py:2690} INFO - Sync 1 DAGs
[2023-02-15T15:09:51.863+0000] {logging_mixin.py:137} INFO - [2023-02-15T15:09:51.863+0000] {dag.py:3441} INFO - Setting next_dagrun for dag_example_branching_v01 to None, run_after=None
[2023-02-15T15:09:51.877+0000] {processor.py:175} INFO - Processing /opt/airflow/dags/dag_branching.py took 0.153 seconds
[2023-02-15T15:10:22.573+0000] {processor.py:153} INFO - Started process (PID=23917) to work on /opt/airflow/dags/dag_branching.py
[2023-02-15T15:10:22.576+0000] {processor.py:743} INFO - Processing file /opt/airflow/dags/dag_branching.py for tasks to queue
[2023-02-15T15:10:22.578+0000] {logging_mixin.py:137} INFO - [2023-02-15T15:10:22.577+0000] {dagbag.py:538} INFO - Filling up the DagBag from /opt/airflow/dags/dag_branching.py
[2023-02-15T15:10:22.608+0000] {logging_mixin.py:137} WARNING - /home/airflow/.local/lib/python3.7/site-packages/airflow/models/baseoperator.py:394 RemovedInAirflow3Warning: provide_context is deprecated as of 2.0 and is no longer required
[2023-02-15T15:10:22.620+0000] {processor.py:753} INFO - DAG(s) dict_keys(['dag_example_branching_v01']) retrieved from /opt/airflow/dags/dag_branching.py
[2023-02-15T15:10:22.665+0000] {logging_mixin.py:137} INFO - [2023-02-15T15:10:22.665+0000] {dag.py:2690} INFO - Sync 1 DAGs
[2023-02-15T15:10:22.693+0000] {logging_mixin.py:137} INFO - [2023-02-15T15:10:22.693+0000] {dag.py:3441} INFO - Setting next_dagrun for dag_example_branching_v01 to None, run_after=None
[2023-02-15T15:10:22.713+0000] {processor.py:175} INFO - Processing /opt/airflow/dags/dag_branching.py took 0.146 seconds
[2023-02-15T15:10:53.295+0000] {processor.py:153} INFO - Started process (PID=23982) to work on /opt/airflow/dags/dag_branching.py
[2023-02-15T15:10:53.296+0000] {processor.py:743} INFO - Processing file /opt/airflow/dags/dag_branching.py for tasks to queue
[2023-02-15T15:10:53.299+0000] {logging_mixin.py:137} INFO - [2023-02-15T15:10:53.298+0000] {dagbag.py:538} INFO - Filling up the DagBag from /opt/airflow/dags/dag_branching.py
[2023-02-15T15:10:53.350+0000] {logging_mixin.py:137} WARNING - /home/airflow/.local/lib/python3.7/site-packages/airflow/models/baseoperator.py:394 RemovedInAirflow3Warning: provide_context is deprecated as of 2.0 and is no longer required
[2023-02-15T15:10:53.362+0000] {processor.py:753} INFO - DAG(s) dict_keys(['dag_example_branching_v01']) retrieved from /opt/airflow/dags/dag_branching.py
[2023-02-15T15:10:53.403+0000] {logging_mixin.py:137} INFO - [2023-02-15T15:10:53.403+0000] {dag.py:2690} INFO - Sync 1 DAGs
[2023-02-15T15:10:53.443+0000] {logging_mixin.py:137} INFO - [2023-02-15T15:10:53.443+0000] {dag.py:3441} INFO - Setting next_dagrun for dag_example_branching_v01 to None, run_after=None
[2023-02-15T15:10:53.460+0000] {processor.py:175} INFO - Processing /opt/airflow/dags/dag_branching.py took 0.170 seconds
[2023-02-15T15:11:24.463+0000] {processor.py:153} INFO - Started process (PID=24057) to work on /opt/airflow/dags/dag_branching.py
[2023-02-15T15:11:24.465+0000] {processor.py:743} INFO - Processing file /opt/airflow/dags/dag_branching.py for tasks to queue
[2023-02-15T15:11:24.467+0000] {logging_mixin.py:137} INFO - [2023-02-15T15:11:24.467+0000] {dagbag.py:538} INFO - Filling up the DagBag from /opt/airflow/dags/dag_branching.py
[2023-02-15T15:11:24.499+0000] {logging_mixin.py:137} WARNING - /home/airflow/.local/lib/python3.7/site-packages/airflow/models/baseoperator.py:394 RemovedInAirflow3Warning: provide_context is deprecated as of 2.0 and is no longer required
[2023-02-15T15:11:24.512+0000] {processor.py:753} INFO - DAG(s) dict_keys(['dag_example_branching_v01']) retrieved from /opt/airflow/dags/dag_branching.py
[2023-02-15T15:11:24.562+0000] {logging_mixin.py:137} INFO - [2023-02-15T15:11:24.562+0000] {dag.py:2690} INFO - Sync 1 DAGs
[2023-02-15T15:11:24.586+0000] {logging_mixin.py:137} INFO - [2023-02-15T15:11:24.586+0000] {dag.py:3441} INFO - Setting next_dagrun for dag_example_branching_v01 to None, run_after=None
[2023-02-15T15:11:24.611+0000] {processor.py:175} INFO - Processing /opt/airflow/dags/dag_branching.py took 0.160 seconds
[2023-02-15T15:11:54.815+0000] {processor.py:153} INFO - Started process (PID=24122) to work on /opt/airflow/dags/dag_branching.py
[2023-02-15T15:11:54.818+0000] {processor.py:743} INFO - Processing file /opt/airflow/dags/dag_branching.py for tasks to queue
[2023-02-15T15:11:54.820+0000] {logging_mixin.py:137} INFO - [2023-02-15T15:11:54.819+0000] {dagbag.py:538} INFO - Filling up the DagBag from /opt/airflow/dags/dag_branching.py
[2023-02-15T15:11:54.864+0000] {logging_mixin.py:137} WARNING - /home/airflow/.local/lib/python3.7/site-packages/airflow/models/baseoperator.py:394 RemovedInAirflow3Warning: provide_context is deprecated as of 2.0 and is no longer required
[2023-02-15T15:11:54.892+0000] {processor.py:753} INFO - DAG(s) dict_keys(['dag_example_branching_v01']) retrieved from /opt/airflow/dags/dag_branching.py
[2023-02-15T15:11:54.933+0000] {logging_mixin.py:137} INFO - [2023-02-15T15:11:54.933+0000] {dag.py:2690} INFO - Sync 1 DAGs
[2023-02-15T15:11:54.969+0000] {logging_mixin.py:137} INFO - [2023-02-15T15:11:54.969+0000] {dag.py:3441} INFO - Setting next_dagrun for dag_example_branching_v01 to None, run_after=None
[2023-02-15T15:11:54.985+0000] {processor.py:175} INFO - Processing /opt/airflow/dags/dag_branching.py took 0.177 seconds
[2023-02-15T15:12:25.887+0000] {processor.py:153} INFO - Started process (PID=24200) to work on /opt/airflow/dags/dag_branching.py
[2023-02-15T15:12:25.892+0000] {processor.py:743} INFO - Processing file /opt/airflow/dags/dag_branching.py for tasks to queue
[2023-02-15T15:12:25.894+0000] {logging_mixin.py:137} INFO - [2023-02-15T15:12:25.894+0000] {dagbag.py:538} INFO - Filling up the DagBag from /opt/airflow/dags/dag_branching.py
[2023-02-15T15:12:25.928+0000] {logging_mixin.py:137} WARNING - /home/airflow/.local/lib/python3.7/site-packages/airflow/models/baseoperator.py:394 RemovedInAirflow3Warning: provide_context is deprecated as of 2.0 and is no longer required
[2023-02-15T15:12:25.960+0000] {processor.py:753} INFO - DAG(s) dict_keys(['dag_example_branching_v01']) retrieved from /opt/airflow/dags/dag_branching.py
[2023-02-15T15:12:26.045+0000] {logging_mixin.py:137} INFO - [2023-02-15T15:12:26.045+0000] {dag.py:2690} INFO - Sync 1 DAGs
[2023-02-15T15:12:26.071+0000] {logging_mixin.py:137} INFO - [2023-02-15T15:12:26.070+0000] {dag.py:3441} INFO - Setting next_dagrun for dag_example_branching_v01 to None, run_after=None
[2023-02-15T15:12:26.086+0000] {processor.py:175} INFO - Processing /opt/airflow/dags/dag_branching.py took 0.207 seconds
[2023-02-15T15:12:57.128+0000] {processor.py:153} INFO - Started process (PID=24265) to work on /opt/airflow/dags/dag_branching.py
[2023-02-15T15:12:57.130+0000] {processor.py:743} INFO - Processing file /opt/airflow/dags/dag_branching.py for tasks to queue
[2023-02-15T15:12:57.132+0000] {logging_mixin.py:137} INFO - [2023-02-15T15:12:57.132+0000] {dagbag.py:538} INFO - Filling up the DagBag from /opt/airflow/dags/dag_branching.py
[2023-02-15T15:12:57.165+0000] {logging_mixin.py:137} WARNING - /home/airflow/.local/lib/python3.7/site-packages/airflow/models/baseoperator.py:394 RemovedInAirflow3Warning: provide_context is deprecated as of 2.0 and is no longer required
[2023-02-15T15:12:57.176+0000] {processor.py:753} INFO - DAG(s) dict_keys(['dag_example_branching_v01']) retrieved from /opt/airflow/dags/dag_branching.py
[2023-02-15T15:12:57.224+0000] {logging_mixin.py:137} INFO - [2023-02-15T15:12:57.224+0000] {dag.py:2690} INFO - Sync 1 DAGs
[2023-02-15T15:12:57.253+0000] {logging_mixin.py:137} INFO - [2023-02-15T15:12:57.253+0000] {dag.py:3441} INFO - Setting next_dagrun for dag_example_branching_v01 to None, run_after=None
[2023-02-15T15:12:57.276+0000] {processor.py:175} INFO - Processing /opt/airflow/dags/dag_branching.py took 0.158 seconds
[2023-02-15T15:13:27.496+0000] {processor.py:153} INFO - Started process (PID=24343) to work on /opt/airflow/dags/dag_branching.py
[2023-02-15T15:13:27.499+0000] {processor.py:743} INFO - Processing file /opt/airflow/dags/dag_branching.py for tasks to queue
[2023-02-15T15:13:27.500+0000] {logging_mixin.py:137} INFO - [2023-02-15T15:13:27.500+0000] {dagbag.py:538} INFO - Filling up the DagBag from /opt/airflow/dags/dag_branching.py
[2023-02-15T15:13:27.532+0000] {logging_mixin.py:137} WARNING - /home/airflow/.local/lib/python3.7/site-packages/airflow/models/baseoperator.py:394 RemovedInAirflow3Warning: provide_context is deprecated as of 2.0 and is no longer required
[2023-02-15T15:13:27.548+0000] {processor.py:753} INFO - DAG(s) dict_keys(['dag_example_branching_v01']) retrieved from /opt/airflow/dags/dag_branching.py
[2023-02-15T15:13:27.603+0000] {logging_mixin.py:137} INFO - [2023-02-15T15:13:27.602+0000] {dag.py:2690} INFO - Sync 1 DAGs
[2023-02-15T15:13:27.633+0000] {logging_mixin.py:137} INFO - [2023-02-15T15:13:27.633+0000] {dag.py:3441} INFO - Setting next_dagrun for dag_example_branching_v01 to None, run_after=None
[2023-02-15T15:13:27.661+0000] {processor.py:175} INFO - Processing /opt/airflow/dags/dag_branching.py took 0.169 seconds
[2023-02-15T15:13:58.582+0000] {processor.py:153} INFO - Started process (PID=24408) to work on /opt/airflow/dags/dag_branching.py
[2023-02-15T15:13:58.585+0000] {processor.py:743} INFO - Processing file /opt/airflow/dags/dag_branching.py for tasks to queue
[2023-02-15T15:13:58.586+0000] {logging_mixin.py:137} INFO - [2023-02-15T15:13:58.586+0000] {dagbag.py:538} INFO - Filling up the DagBag from /opt/airflow/dags/dag_branching.py
[2023-02-15T15:13:58.610+0000] {logging_mixin.py:137} WARNING - /home/airflow/.local/lib/python3.7/site-packages/airflow/models/baseoperator.py:394 RemovedInAirflow3Warning: provide_context is deprecated as of 2.0 and is no longer required
[2023-02-15T15:13:58.629+0000] {processor.py:753} INFO - DAG(s) dict_keys(['dag_example_branching_v01']) retrieved from /opt/airflow/dags/dag_branching.py
[2023-02-15T15:13:58.666+0000] {logging_mixin.py:137} INFO - [2023-02-15T15:13:58.666+0000] {dag.py:2690} INFO - Sync 1 DAGs
[2023-02-15T15:13:58.690+0000] {logging_mixin.py:137} INFO - [2023-02-15T15:13:58.690+0000] {dag.py:3441} INFO - Setting next_dagrun for dag_example_branching_v01 to None, run_after=None
[2023-02-15T15:13:58.716+0000] {processor.py:175} INFO - Processing /opt/airflow/dags/dag_branching.py took 0.139 seconds
[2023-02-15T15:14:29.240+0000] {processor.py:153} INFO - Started process (PID=24485) to work on /opt/airflow/dags/dag_branching.py
[2023-02-15T15:14:29.243+0000] {processor.py:743} INFO - Processing file /opt/airflow/dags/dag_branching.py for tasks to queue
[2023-02-15T15:14:29.244+0000] {logging_mixin.py:137} INFO - [2023-02-15T15:14:29.244+0000] {dagbag.py:538} INFO - Filling up the DagBag from /opt/airflow/dags/dag_branching.py
[2023-02-15T15:14:29.274+0000] {logging_mixin.py:137} WARNING - /home/airflow/.local/lib/python3.7/site-packages/airflow/models/baseoperator.py:394 RemovedInAirflow3Warning: provide_context is deprecated as of 2.0 and is no longer required
[2023-02-15T15:14:29.288+0000] {processor.py:753} INFO - DAG(s) dict_keys(['dag_example_branching_v01']) retrieved from /opt/airflow/dags/dag_branching.py
[2023-02-15T15:14:29.343+0000] {logging_mixin.py:137} INFO - [2023-02-15T15:14:29.342+0000] {dag.py:2690} INFO - Sync 1 DAGs
[2023-02-15T15:14:29.374+0000] {logging_mixin.py:137} INFO - [2023-02-15T15:14:29.373+0000] {dag.py:3441} INFO - Setting next_dagrun for dag_example_branching_v01 to None, run_after=None
[2023-02-15T15:14:29.398+0000] {processor.py:175} INFO - Processing /opt/airflow/dags/dag_branching.py took 0.165 seconds
[2023-02-15T15:15:00.327+0000] {processor.py:153} INFO - Started process (PID=24550) to work on /opt/airflow/dags/dag_branching.py
[2023-02-15T15:15:00.333+0000] {processor.py:743} INFO - Processing file /opt/airflow/dags/dag_branching.py for tasks to queue
[2023-02-15T15:15:00.334+0000] {logging_mixin.py:137} INFO - [2023-02-15T15:15:00.334+0000] {dagbag.py:538} INFO - Filling up the DagBag from /opt/airflow/dags/dag_branching.py
[2023-02-15T15:15:00.368+0000] {logging_mixin.py:137} WARNING - /home/airflow/.local/lib/python3.7/site-packages/airflow/models/baseoperator.py:394 RemovedInAirflow3Warning: provide_context is deprecated as of 2.0 and is no longer required
[2023-02-15T15:15:00.379+0000] {processor.py:753} INFO - DAG(s) dict_keys(['dag_example_branching_v01']) retrieved from /opt/airflow/dags/dag_branching.py
[2023-02-15T15:15:00.412+0000] {logging_mixin.py:137} INFO - [2023-02-15T15:15:00.412+0000] {dag.py:2690} INFO - Sync 1 DAGs
[2023-02-15T15:15:00.460+0000] {logging_mixin.py:137} INFO - [2023-02-15T15:15:00.460+0000] {dag.py:3441} INFO - Setting next_dagrun for dag_example_branching_v01 to None, run_after=None
[2023-02-15T15:15:00.477+0000] {processor.py:175} INFO - Processing /opt/airflow/dags/dag_branching.py took 0.154 seconds
[2023-02-15T15:15:31.279+0000] {processor.py:153} INFO - Started process (PID=24627) to work on /opt/airflow/dags/dag_branching.py
[2023-02-15T15:15:31.283+0000] {processor.py:743} INFO - Processing file /opt/airflow/dags/dag_branching.py for tasks to queue
[2023-02-15T15:15:31.286+0000] {logging_mixin.py:137} INFO - [2023-02-15T15:15:31.286+0000] {dagbag.py:538} INFO - Filling up the DagBag from /opt/airflow/dags/dag_branching.py
[2023-02-15T15:15:31.326+0000] {logging_mixin.py:137} WARNING - /home/airflow/.local/lib/python3.7/site-packages/airflow/models/baseoperator.py:394 RemovedInAirflow3Warning: provide_context is deprecated as of 2.0 and is no longer required
[2023-02-15T15:15:31.341+0000] {processor.py:753} INFO - DAG(s) dict_keys(['dag_example_branching_v01']) retrieved from /opt/airflow/dags/dag_branching.py
[2023-02-15T15:15:31.377+0000] {logging_mixin.py:137} INFO - [2023-02-15T15:15:31.377+0000] {dag.py:2690} INFO - Sync 1 DAGs
[2023-02-15T15:15:31.412+0000] {logging_mixin.py:137} INFO - [2023-02-15T15:15:31.412+0000] {dag.py:3441} INFO - Setting next_dagrun for dag_example_branching_v01 to None, run_after=None
[2023-02-15T15:15:31.429+0000] {processor.py:175} INFO - Processing /opt/airflow/dags/dag_branching.py took 0.156 seconds
[2023-02-15T15:16:01.746+0000] {processor.py:153} INFO - Started process (PID=24699) to work on /opt/airflow/dags/dag_branching.py
[2023-02-15T15:16:01.750+0000] {processor.py:743} INFO - Processing file /opt/airflow/dags/dag_branching.py for tasks to queue
[2023-02-15T15:16:01.752+0000] {logging_mixin.py:137} INFO - [2023-02-15T15:16:01.751+0000] {dagbag.py:538} INFO - Filling up the DagBag from /opt/airflow/dags/dag_branching.py
[2023-02-15T15:16:01.792+0000] {logging_mixin.py:137} WARNING - /home/airflow/.local/lib/python3.7/site-packages/airflow/models/baseoperator.py:394 RemovedInAirflow3Warning: provide_context is deprecated as of 2.0 and is no longer required
[2023-02-15T15:16:01.816+0000] {processor.py:753} INFO - DAG(s) dict_keys(['dag_example_branching_v01']) retrieved from /opt/airflow/dags/dag_branching.py
[2023-02-15T15:16:01.874+0000] {logging_mixin.py:137} INFO - [2023-02-15T15:16:01.873+0000] {dag.py:2690} INFO - Sync 1 DAGs
[2023-02-15T15:16:01.942+0000] {logging_mixin.py:137} INFO - [2023-02-15T15:16:01.942+0000] {dag.py:3441} INFO - Setting next_dagrun for dag_example_branching_v01 to None, run_after=None
[2023-02-15T15:16:01.971+0000] {processor.py:175} INFO - Processing /opt/airflow/dags/dag_branching.py took 0.244 seconds
[2023-02-15T15:16:33.018+0000] {processor.py:153} INFO - Started process (PID=24768) to work on /opt/airflow/dags/dag_branching.py
[2023-02-15T15:16:33.021+0000] {processor.py:743} INFO - Processing file /opt/airflow/dags/dag_branching.py for tasks to queue
[2023-02-15T15:16:33.023+0000] {logging_mixin.py:137} INFO - [2023-02-15T15:16:33.023+0000] {dagbag.py:538} INFO - Filling up the DagBag from /opt/airflow/dags/dag_branching.py
[2023-02-15T15:16:33.064+0000] {logging_mixin.py:137} WARNING - /home/airflow/.local/lib/python3.7/site-packages/airflow/models/baseoperator.py:394 RemovedInAirflow3Warning: provide_context is deprecated as of 2.0 and is no longer required
[2023-02-15T15:16:33.077+0000] {processor.py:753} INFO - DAG(s) dict_keys(['dag_example_branching_v01']) retrieved from /opt/airflow/dags/dag_branching.py
[2023-02-15T15:16:33.172+0000] {logging_mixin.py:137} INFO - [2023-02-15T15:16:33.172+0000] {dag.py:2690} INFO - Sync 1 DAGs
[2023-02-15T15:16:33.217+0000] {logging_mixin.py:137} INFO - [2023-02-15T15:16:33.217+0000] {dag.py:3441} INFO - Setting next_dagrun for dag_example_branching_v01 to None, run_after=None
[2023-02-15T15:16:33.236+0000] {processor.py:175} INFO - Processing /opt/airflow/dags/dag_branching.py took 0.237 seconds
[2023-02-15T15:17:03.353+0000] {processor.py:153} INFO - Started process (PID=24843) to work on /opt/airflow/dags/dag_branching.py
[2023-02-15T15:17:03.356+0000] {processor.py:743} INFO - Processing file /opt/airflow/dags/dag_branching.py for tasks to queue
[2023-02-15T15:17:03.358+0000] {logging_mixin.py:137} INFO - [2023-02-15T15:17:03.358+0000] {dagbag.py:538} INFO - Filling up the DagBag from /opt/airflow/dags/dag_branching.py
[2023-02-15T15:17:03.388+0000] {logging_mixin.py:137} WARNING - /home/airflow/.local/lib/python3.7/site-packages/airflow/models/baseoperator.py:394 RemovedInAirflow3Warning: provide_context is deprecated as of 2.0 and is no longer required
[2023-02-15T15:17:03.402+0000] {processor.py:753} INFO - DAG(s) dict_keys(['dag_example_branching_v01']) retrieved from /opt/airflow/dags/dag_branching.py
[2023-02-15T15:17:03.447+0000] {logging_mixin.py:137} INFO - [2023-02-15T15:17:03.447+0000] {dag.py:2690} INFO - Sync 1 DAGs
[2023-02-15T15:17:03.481+0000] {logging_mixin.py:137} INFO - [2023-02-15T15:17:03.480+0000] {dag.py:3441} INFO - Setting next_dagrun for dag_example_branching_v01 to None, run_after=None
[2023-02-15T15:17:03.501+0000] {processor.py:175} INFO - Processing /opt/airflow/dags/dag_branching.py took 0.155 seconds
[2023-02-15T15:17:34.185+0000] {processor.py:153} INFO - Started process (PID=24910) to work on /opt/airflow/dags/dag_branching.py
[2023-02-15T15:17:34.187+0000] {processor.py:743} INFO - Processing file /opt/airflow/dags/dag_branching.py for tasks to queue
[2023-02-15T15:17:34.188+0000] {logging_mixin.py:137} INFO - [2023-02-15T15:17:34.188+0000] {dagbag.py:538} INFO - Filling up the DagBag from /opt/airflow/dags/dag_branching.py
[2023-02-15T15:17:34.213+0000] {logging_mixin.py:137} WARNING - /home/airflow/.local/lib/python3.7/site-packages/airflow/models/baseoperator.py:394 RemovedInAirflow3Warning: provide_context is deprecated as of 2.0 and is no longer required
[2023-02-15T15:17:34.228+0000] {processor.py:753} INFO - DAG(s) dict_keys(['dag_example_branching_v01']) retrieved from /opt/airflow/dags/dag_branching.py
[2023-02-15T15:17:34.273+0000] {logging_mixin.py:137} INFO - [2023-02-15T15:17:34.273+0000] {dag.py:2690} INFO - Sync 1 DAGs
[2023-02-15T15:17:34.298+0000] {logging_mixin.py:137} INFO - [2023-02-15T15:17:34.298+0000] {dag.py:3441} INFO - Setting next_dagrun for dag_example_branching_v01 to None, run_after=None
[2023-02-15T15:17:34.319+0000] {processor.py:175} INFO - Processing /opt/airflow/dags/dag_branching.py took 0.145 seconds
[2023-02-15T15:18:04.460+0000] {processor.py:153} INFO - Started process (PID=24987) to work on /opt/airflow/dags/dag_branching.py
[2023-02-15T15:18:04.467+0000] {processor.py:743} INFO - Processing file /opt/airflow/dags/dag_branching.py for tasks to queue
[2023-02-15T15:18:04.472+0000] {logging_mixin.py:137} INFO - [2023-02-15T15:18:04.472+0000] {dagbag.py:538} INFO - Filling up the DagBag from /opt/airflow/dags/dag_branching.py
[2023-02-15T15:18:04.508+0000] {logging_mixin.py:137} WARNING - /home/airflow/.local/lib/python3.7/site-packages/airflow/models/baseoperator.py:394 RemovedInAirflow3Warning: provide_context is deprecated as of 2.0 and is no longer required
[2023-02-15T15:18:04.520+0000] {processor.py:753} INFO - DAG(s) dict_keys(['dag_example_branching_v01']) retrieved from /opt/airflow/dags/dag_branching.py
[2023-02-15T15:18:04.593+0000] {logging_mixin.py:137} INFO - [2023-02-15T15:18:04.592+0000] {dag.py:2690} INFO - Sync 1 DAGs
[2023-02-15T15:18:04.622+0000] {logging_mixin.py:137} INFO - [2023-02-15T15:18:04.622+0000] {dag.py:3441} INFO - Setting next_dagrun for dag_example_branching_v01 to None, run_after=None
[2023-02-15T15:18:04.645+0000] {processor.py:175} INFO - Processing /opt/airflow/dags/dag_branching.py took 0.192 seconds
[2023-02-15T15:18:34.799+0000] {processor.py:153} INFO - Started process (PID=25052) to work on /opt/airflow/dags/dag_branching.py
[2023-02-15T15:18:34.805+0000] {processor.py:743} INFO - Processing file /opt/airflow/dags/dag_branching.py for tasks to queue
[2023-02-15T15:18:34.812+0000] {logging_mixin.py:137} INFO - [2023-02-15T15:18:34.812+0000] {dagbag.py:538} INFO - Filling up the DagBag from /opt/airflow/dags/dag_branching.py
[2023-02-15T15:18:34.851+0000] {logging_mixin.py:137} WARNING - /home/airflow/.local/lib/python3.7/site-packages/airflow/models/baseoperator.py:394 RemovedInAirflow3Warning: provide_context is deprecated as of 2.0 and is no longer required
[2023-02-15T15:18:34.865+0000] {processor.py:753} INFO - DAG(s) dict_keys(['dag_example_branching_v01']) retrieved from /opt/airflow/dags/dag_branching.py
[2023-02-15T15:18:34.931+0000] {logging_mixin.py:137} INFO - [2023-02-15T15:18:34.931+0000] {dag.py:2690} INFO - Sync 1 DAGs
[2023-02-15T15:18:34.968+0000] {logging_mixin.py:137} INFO - [2023-02-15T15:18:34.968+0000] {dag.py:3441} INFO - Setting next_dagrun for dag_example_branching_v01 to None, run_after=None
[2023-02-15T15:18:34.988+0000] {processor.py:175} INFO - Processing /opt/airflow/dags/dag_branching.py took 0.197 seconds
[2023-02-15T15:19:06.038+0000] {processor.py:153} INFO - Started process (PID=25129) to work on /opt/airflow/dags/dag_branching.py
[2023-02-15T15:19:06.041+0000] {processor.py:743} INFO - Processing file /opt/airflow/dags/dag_branching.py for tasks to queue
[2023-02-15T15:19:06.045+0000] {logging_mixin.py:137} INFO - [2023-02-15T15:19:06.044+0000] {dagbag.py:538} INFO - Filling up the DagBag from /opt/airflow/dags/dag_branching.py
[2023-02-15T15:19:06.078+0000] {logging_mixin.py:137} WARNING - /home/airflow/.local/lib/python3.7/site-packages/airflow/models/baseoperator.py:394 RemovedInAirflow3Warning: provide_context is deprecated as of 2.0 and is no longer required
[2023-02-15T15:19:06.095+0000] {processor.py:753} INFO - DAG(s) dict_keys(['dag_example_branching_v01']) retrieved from /opt/airflow/dags/dag_branching.py
[2023-02-15T15:19:06.150+0000] {logging_mixin.py:137} INFO - [2023-02-15T15:19:06.150+0000] {dag.py:2690} INFO - Sync 1 DAGs
[2023-02-15T15:19:06.196+0000] {logging_mixin.py:137} INFO - [2023-02-15T15:19:06.196+0000] {dag.py:3441} INFO - Setting next_dagrun for dag_example_branching_v01 to None, run_after=None
[2023-02-15T15:19:06.221+0000] {processor.py:175} INFO - Processing /opt/airflow/dags/dag_branching.py took 0.189 seconds
[2023-02-15T15:19:36.461+0000] {processor.py:153} INFO - Started process (PID=25195) to work on /opt/airflow/dags/dag_branching.py
[2023-02-15T15:19:36.471+0000] {processor.py:743} INFO - Processing file /opt/airflow/dags/dag_branching.py for tasks to queue
[2023-02-15T15:19:36.473+0000] {logging_mixin.py:137} INFO - [2023-02-15T15:19:36.473+0000] {dagbag.py:538} INFO - Filling up the DagBag from /opt/airflow/dags/dag_branching.py
[2023-02-15T15:19:36.498+0000] {logging_mixin.py:137} WARNING - /home/airflow/.local/lib/python3.7/site-packages/airflow/models/baseoperator.py:394 RemovedInAirflow3Warning: provide_context is deprecated as of 2.0 and is no longer required
[2023-02-15T15:19:36.510+0000] {processor.py:753} INFO - DAG(s) dict_keys(['dag_example_branching_v01']) retrieved from /opt/airflow/dags/dag_branching.py
[2023-02-15T15:19:36.563+0000] {logging_mixin.py:137} INFO - [2023-02-15T15:19:36.563+0000] {dag.py:2690} INFO - Sync 1 DAGs
[2023-02-15T15:19:36.592+0000] {logging_mixin.py:137} INFO - [2023-02-15T15:19:36.592+0000] {dag.py:3441} INFO - Setting next_dagrun for dag_example_branching_v01 to None, run_after=None
[2023-02-15T15:19:36.608+0000] {processor.py:175} INFO - Processing /opt/airflow/dags/dag_branching.py took 0.153 seconds
[2023-02-15T15:20:07.281+0000] {processor.py:153} INFO - Started process (PID=25269) to work on /opt/airflow/dags/dag_branching.py
[2023-02-15T15:20:07.283+0000] {processor.py:743} INFO - Processing file /opt/airflow/dags/dag_branching.py for tasks to queue
[2023-02-15T15:20:07.285+0000] {logging_mixin.py:137} INFO - [2023-02-15T15:20:07.284+0000] {dagbag.py:538} INFO - Filling up the DagBag from /opt/airflow/dags/dag_branching.py
[2023-02-15T15:20:07.329+0000] {logging_mixin.py:137} WARNING - /home/airflow/.local/lib/python3.7/site-packages/airflow/models/baseoperator.py:394 RemovedInAirflow3Warning: provide_context is deprecated as of 2.0 and is no longer required
[2023-02-15T15:20:07.340+0000] {processor.py:753} INFO - DAG(s) dict_keys(['dag_example_branching_v01']) retrieved from /opt/airflow/dags/dag_branching.py
[2023-02-15T15:20:07.384+0000] {logging_mixin.py:137} INFO - [2023-02-15T15:20:07.383+0000] {dag.py:2690} INFO - Sync 1 DAGs
[2023-02-15T15:20:07.416+0000] {logging_mixin.py:137} INFO - [2023-02-15T15:20:07.416+0000] {dag.py:3441} INFO - Setting next_dagrun for dag_example_branching_v01 to None, run_after=None
[2023-02-15T15:20:07.447+0000] {processor.py:175} INFO - Processing /opt/airflow/dags/dag_branching.py took 0.171 seconds
[2023-02-15T15:20:38.244+0000] {processor.py:153} INFO - Started process (PID=25337) to work on /opt/airflow/dags/dag_branching.py
[2023-02-15T15:20:38.248+0000] {processor.py:743} INFO - Processing file /opt/airflow/dags/dag_branching.py for tasks to queue
[2023-02-15T15:20:38.249+0000] {logging_mixin.py:137} INFO - [2023-02-15T15:20:38.249+0000] {dagbag.py:538} INFO - Filling up the DagBag from /opt/airflow/dags/dag_branching.py
[2023-02-15T15:20:38.287+0000] {logging_mixin.py:137} WARNING - /home/airflow/.local/lib/python3.7/site-packages/airflow/models/baseoperator.py:394 RemovedInAirflow3Warning: provide_context is deprecated as of 2.0 and is no longer required
[2023-02-15T15:20:38.301+0000] {processor.py:753} INFO - DAG(s) dict_keys(['dag_example_branching_v01']) retrieved from /opt/airflow/dags/dag_branching.py
[2023-02-15T15:20:38.345+0000] {logging_mixin.py:137} INFO - [2023-02-15T15:20:38.345+0000] {dag.py:2690} INFO - Sync 1 DAGs
[2023-02-15T15:20:38.372+0000] {logging_mixin.py:137} INFO - [2023-02-15T15:20:38.372+0000] {dag.py:3441} INFO - Setting next_dagrun for dag_example_branching_v01 to None, run_after=None
[2023-02-15T15:20:38.399+0000] {processor.py:175} INFO - Processing /opt/airflow/dags/dag_branching.py took 0.160 seconds
[2023-02-15T15:21:09.172+0000] {processor.py:153} INFO - Started process (PID=25413) to work on /opt/airflow/dags/dag_branching.py
[2023-02-15T15:21:09.178+0000] {processor.py:743} INFO - Processing file /opt/airflow/dags/dag_branching.py for tasks to queue
[2023-02-15T15:21:09.183+0000] {logging_mixin.py:137} INFO - [2023-02-15T15:21:09.182+0000] {dagbag.py:538} INFO - Filling up the DagBag from /opt/airflow/dags/dag_branching.py
[2023-02-15T15:21:09.212+0000] {logging_mixin.py:137} WARNING - /home/airflow/.local/lib/python3.7/site-packages/airflow/models/baseoperator.py:394 RemovedInAirflow3Warning: provide_context is deprecated as of 2.0 and is no longer required
[2023-02-15T15:21:09.236+0000] {processor.py:753} INFO - DAG(s) dict_keys(['dag_example_branching_v01']) retrieved from /opt/airflow/dags/dag_branching.py
[2023-02-15T15:21:09.290+0000] {logging_mixin.py:137} INFO - [2023-02-15T15:21:09.290+0000] {dag.py:2690} INFO - Sync 1 DAGs
[2023-02-15T15:21:09.325+0000] {logging_mixin.py:137} INFO - [2023-02-15T15:21:09.325+0000] {dag.py:3441} INFO - Setting next_dagrun for dag_example_branching_v01 to None, run_after=None
[2023-02-15T15:21:09.343+0000] {processor.py:175} INFO - Processing /opt/airflow/dags/dag_branching.py took 0.183 seconds
[2023-02-15T15:21:40.236+0000] {processor.py:153} INFO - Started process (PID=25477) to work on /opt/airflow/dags/dag_branching.py
[2023-02-15T15:21:40.240+0000] {processor.py:743} INFO - Processing file /opt/airflow/dags/dag_branching.py for tasks to queue
[2023-02-15T15:21:40.241+0000] {logging_mixin.py:137} INFO - [2023-02-15T15:21:40.241+0000] {dagbag.py:538} INFO - Filling up the DagBag from /opt/airflow/dags/dag_branching.py
[2023-02-15T15:21:40.260+0000] {logging_mixin.py:137} WARNING - /home/airflow/.local/lib/python3.7/site-packages/airflow/models/baseoperator.py:394 RemovedInAirflow3Warning: provide_context is deprecated as of 2.0 and is no longer required
[2023-02-15T15:21:40.270+0000] {processor.py:753} INFO - DAG(s) dict_keys(['dag_example_branching_v01']) retrieved from /opt/airflow/dags/dag_branching.py
[2023-02-15T15:21:40.319+0000] {logging_mixin.py:137} INFO - [2023-02-15T15:21:40.319+0000] {dag.py:2690} INFO - Sync 1 DAGs
[2023-02-15T15:21:40.353+0000] {logging_mixin.py:137} INFO - [2023-02-15T15:21:40.353+0000] {dag.py:3441} INFO - Setting next_dagrun for dag_example_branching_v01 to None, run_after=None
[2023-02-15T15:21:40.370+0000] {processor.py:175} INFO - Processing /opt/airflow/dags/dag_branching.py took 0.148 seconds
[2023-02-15T15:22:11.165+0000] {processor.py:153} INFO - Started process (PID=25542) to work on /opt/airflow/dags/dag_branching.py
[2023-02-15T15:22:11.169+0000] {processor.py:743} INFO - Processing file /opt/airflow/dags/dag_branching.py for tasks to queue
[2023-02-15T15:22:11.172+0000] {logging_mixin.py:137} INFO - [2023-02-15T15:22:11.171+0000] {dagbag.py:538} INFO - Filling up the DagBag from /opt/airflow/dags/dag_branching.py
[2023-02-15T15:22:11.224+0000] {logging_mixin.py:137} WARNING - /home/airflow/.local/lib/python3.7/site-packages/airflow/models/baseoperator.py:394 RemovedInAirflow3Warning: provide_context is deprecated as of 2.0 and is no longer required
[2023-02-15T15:22:11.242+0000] {processor.py:753} INFO - DAG(s) dict_keys(['dag_example_branching_v01']) retrieved from /opt/airflow/dags/dag_branching.py
[2023-02-15T15:22:11.317+0000] {logging_mixin.py:137} INFO - [2023-02-15T15:22:11.316+0000] {dag.py:2690} INFO - Sync 1 DAGs
[2023-02-15T15:22:11.370+0000] {logging_mixin.py:137} INFO - [2023-02-15T15:22:11.370+0000] {dag.py:3441} INFO - Setting next_dagrun for dag_example_branching_v01 to None, run_after=None
[2023-02-15T15:22:11.388+0000] {processor.py:175} INFO - Processing /opt/airflow/dags/dag_branching.py took 0.255 seconds
[2023-02-15T15:22:41.676+0000] {processor.py:153} INFO - Started process (PID=25620) to work on /opt/airflow/dags/dag_branching.py
[2023-02-15T15:22:41.679+0000] {processor.py:743} INFO - Processing file /opt/airflow/dags/dag_branching.py for tasks to queue
[2023-02-15T15:22:41.681+0000] {logging_mixin.py:137} INFO - [2023-02-15T15:22:41.681+0000] {dagbag.py:538} INFO - Filling up the DagBag from /opt/airflow/dags/dag_branching.py
[2023-02-15T15:22:41.724+0000] {logging_mixin.py:137} WARNING - /home/airflow/.local/lib/python3.7/site-packages/airflow/models/baseoperator.py:394 RemovedInAirflow3Warning: provide_context is deprecated as of 2.0 and is no longer required
[2023-02-15T15:22:41.746+0000] {processor.py:753} INFO - DAG(s) dict_keys(['dag_example_branching_v01']) retrieved from /opt/airflow/dags/dag_branching.py
[2023-02-15T15:22:41.817+0000] {logging_mixin.py:137} INFO - [2023-02-15T15:22:41.817+0000] {dag.py:2690} INFO - Sync 1 DAGs
[2023-02-15T15:22:41.858+0000] {logging_mixin.py:137} INFO - [2023-02-15T15:22:41.858+0000] {dag.py:3441} INFO - Setting next_dagrun for dag_example_branching_v01 to None, run_after=None
[2023-02-15T15:22:41.920+0000] {processor.py:175} INFO - Processing /opt/airflow/dags/dag_branching.py took 0.251 seconds
[2023-02-15T15:23:12.185+0000] {processor.py:153} INFO - Started process (PID=25690) to work on /opt/airflow/dags/dag_branching.py
[2023-02-15T15:23:12.190+0000] {processor.py:743} INFO - Processing file /opt/airflow/dags/dag_branching.py for tasks to queue
[2023-02-15T15:23:12.191+0000] {logging_mixin.py:137} INFO - [2023-02-15T15:23:12.191+0000] {dagbag.py:538} INFO - Filling up the DagBag from /opt/airflow/dags/dag_branching.py
[2023-02-15T15:23:12.232+0000] {logging_mixin.py:137} WARNING - /home/airflow/.local/lib/python3.7/site-packages/airflow/models/baseoperator.py:394 RemovedInAirflow3Warning: provide_context is deprecated as of 2.0 and is no longer required
[2023-02-15T15:23:12.247+0000] {processor.py:753} INFO - DAG(s) dict_keys(['dag_example_branching_v01']) retrieved from /opt/airflow/dags/dag_branching.py
[2023-02-15T15:23:12.346+0000] {logging_mixin.py:137} INFO - [2023-02-15T15:23:12.346+0000] {dag.py:2690} INFO - Sync 1 DAGs
[2023-02-15T15:23:12.448+0000] {logging_mixin.py:137} INFO - [2023-02-15T15:23:12.448+0000] {dag.py:3441} INFO - Setting next_dagrun for dag_example_branching_v01 to None, run_after=None
[2023-02-15T15:23:12.502+0000] {processor.py:175} INFO - Processing /opt/airflow/dags/dag_branching.py took 0.326 seconds
[2023-02-15T15:23:42.917+0000] {processor.py:153} INFO - Started process (PID=25758) to work on /opt/airflow/dags/dag_branching.py
[2023-02-15T15:23:42.921+0000] {processor.py:743} INFO - Processing file /opt/airflow/dags/dag_branching.py for tasks to queue
[2023-02-15T15:23:42.922+0000] {logging_mixin.py:137} INFO - [2023-02-15T15:23:42.922+0000] {dagbag.py:538} INFO - Filling up the DagBag from /opt/airflow/dags/dag_branching.py
[2023-02-15T15:23:42.968+0000] {logging_mixin.py:137} WARNING - /home/airflow/.local/lib/python3.7/site-packages/airflow/models/baseoperator.py:394 RemovedInAirflow3Warning: provide_context is deprecated as of 2.0 and is no longer required
[2023-02-15T15:23:42.982+0000] {processor.py:753} INFO - DAG(s) dict_keys(['dag_example_branching_v01']) retrieved from /opt/airflow/dags/dag_branching.py
[2023-02-15T15:23:43.034+0000] {logging_mixin.py:137} INFO - [2023-02-15T15:23:43.033+0000] {dag.py:2690} INFO - Sync 1 DAGs
[2023-02-15T15:23:43.099+0000] {logging_mixin.py:137} INFO - [2023-02-15T15:23:43.098+0000] {dag.py:3441} INFO - Setting next_dagrun for dag_example_branching_v01 to None, run_after=None
[2023-02-15T15:23:43.165+0000] {processor.py:175} INFO - Processing /opt/airflow/dags/dag_branching.py took 0.256 seconds
[2023-02-15T15:24:13.644+0000] {processor.py:153} INFO - Started process (PID=25828) to work on /opt/airflow/dags/dag_branching.py
[2023-02-15T15:24:13.646+0000] {processor.py:743} INFO - Processing file /opt/airflow/dags/dag_branching.py for tasks to queue
[2023-02-15T15:24:13.647+0000] {logging_mixin.py:137} INFO - [2023-02-15T15:24:13.647+0000] {dagbag.py:538} INFO - Filling up the DagBag from /opt/airflow/dags/dag_branching.py
[2023-02-15T15:24:13.679+0000] {logging_mixin.py:137} WARNING - /home/airflow/.local/lib/python3.7/site-packages/airflow/models/baseoperator.py:394 RemovedInAirflow3Warning: provide_context is deprecated as of 2.0 and is no longer required
[2023-02-15T15:24:13.703+0000] {processor.py:753} INFO - DAG(s) dict_keys(['dag_example_branching_v01']) retrieved from /opt/airflow/dags/dag_branching.py
[2023-02-15T15:24:13.746+0000] {logging_mixin.py:137} INFO - [2023-02-15T15:24:13.746+0000] {dag.py:2690} INFO - Sync 1 DAGs
[2023-02-15T15:24:13.786+0000] {logging_mixin.py:137} INFO - [2023-02-15T15:24:13.786+0000] {dag.py:3441} INFO - Setting next_dagrun for dag_example_branching_v01 to None, run_after=None
[2023-02-15T15:24:13.803+0000] {processor.py:175} INFO - Processing /opt/airflow/dags/dag_branching.py took 0.168 seconds
[2023-02-15T15:24:43.886+0000] {processor.py:153} INFO - Started process (PID=25910) to work on /opt/airflow/dags/dag_branching.py
[2023-02-15T15:24:43.888+0000] {processor.py:743} INFO - Processing file /opt/airflow/dags/dag_branching.py for tasks to queue
[2023-02-15T15:24:43.889+0000] {logging_mixin.py:137} INFO - [2023-02-15T15:24:43.889+0000] {dagbag.py:538} INFO - Filling up the DagBag from /opt/airflow/dags/dag_branching.py
[2023-02-15T15:24:43.912+0000] {logging_mixin.py:137} WARNING - /home/airflow/.local/lib/python3.7/site-packages/airflow/models/baseoperator.py:394 RemovedInAirflow3Warning: provide_context is deprecated as of 2.0 and is no longer required
[2023-02-15T15:24:43.936+0000] {processor.py:753} INFO - DAG(s) dict_keys(['dag_example_branching_v01']) retrieved from /opt/airflow/dags/dag_branching.py
[2023-02-15T15:24:43.979+0000] {logging_mixin.py:137} INFO - [2023-02-15T15:24:43.979+0000] {dag.py:2690} INFO - Sync 1 DAGs
[2023-02-15T15:24:44.004+0000] {logging_mixin.py:137} INFO - [2023-02-15T15:24:44.004+0000] {dag.py:3441} INFO - Setting next_dagrun for dag_example_branching_v01 to None, run_after=None
[2023-02-15T15:24:44.019+0000] {processor.py:175} INFO - Processing /opt/airflow/dags/dag_branching.py took 0.141 seconds
[2023-02-15T15:25:14.193+0000] {processor.py:153} INFO - Started process (PID=25979) to work on /opt/airflow/dags/dag_branching.py
[2023-02-15T15:25:14.197+0000] {processor.py:743} INFO - Processing file /opt/airflow/dags/dag_branching.py for tasks to queue
[2023-02-15T15:25:14.201+0000] {logging_mixin.py:137} INFO - [2023-02-15T15:25:14.201+0000] {dagbag.py:538} INFO - Filling up the DagBag from /opt/airflow/dags/dag_branching.py
[2023-02-15T15:25:14.260+0000] {logging_mixin.py:137} WARNING - /home/airflow/.local/lib/python3.7/site-packages/airflow/models/baseoperator.py:394 RemovedInAirflow3Warning: provide_context is deprecated as of 2.0 and is no longer required
[2023-02-15T15:25:14.285+0000] {processor.py:753} INFO - DAG(s) dict_keys(['dag_example_branching_v01']) retrieved from /opt/airflow/dags/dag_branching.py
[2023-02-15T15:25:14.364+0000] {logging_mixin.py:137} INFO - [2023-02-15T15:25:14.364+0000] {dag.py:2690} INFO - Sync 1 DAGs
[2023-02-15T15:25:14.403+0000] {logging_mixin.py:137} INFO - [2023-02-15T15:25:14.403+0000] {dag.py:3441} INFO - Setting next_dagrun for dag_example_branching_v01 to None, run_after=None
[2023-02-15T15:25:14.428+0000] {processor.py:175} INFO - Processing /opt/airflow/dags/dag_branching.py took 0.256 seconds
[2023-02-15T15:25:45.074+0000] {processor.py:153} INFO - Started process (PID=26053) to work on /opt/airflow/dags/dag_branching.py
[2023-02-15T15:25:45.077+0000] {processor.py:743} INFO - Processing file /opt/airflow/dags/dag_branching.py for tasks to queue
[2023-02-15T15:25:45.080+0000] {logging_mixin.py:137} INFO - [2023-02-15T15:25:45.079+0000] {dagbag.py:538} INFO - Filling up the DagBag from /opt/airflow/dags/dag_branching.py
[2023-02-15T15:25:45.149+0000] {logging_mixin.py:137} WARNING - /home/airflow/.local/lib/python3.7/site-packages/airflow/models/baseoperator.py:394 RemovedInAirflow3Warning: provide_context is deprecated as of 2.0 and is no longer required
[2023-02-15T15:25:45.212+0000] {processor.py:753} INFO - DAG(s) dict_keys(['dag_example_branching_v01']) retrieved from /opt/airflow/dags/dag_branching.py
[2023-02-15T15:25:45.469+0000] {logging_mixin.py:137} INFO - [2023-02-15T15:25:45.468+0000] {dag.py:2690} INFO - Sync 1 DAGs
[2023-02-15T15:25:45.573+0000] {logging_mixin.py:137} INFO - [2023-02-15T15:25:45.572+0000] {dag.py:3441} INFO - Setting next_dagrun for dag_example_branching_v01 to None, run_after=None
[2023-02-15T15:25:45.644+0000] {processor.py:175} INFO - Processing /opt/airflow/dags/dag_branching.py took 0.589 seconds
