[2023-02-14T13:35:13.861+0000] {taskinstance.py:1083} INFO - Dependencies all met for <TaskInstance: postgres_operator_dag_v1.3.create_posgtres_table manual__2023-02-14T13:35:13.095473+00:00 [queued]>
[2023-02-14T13:35:13.869+0000] {taskinstance.py:1083} INFO - Dependencies all met for <TaskInstance: postgres_operator_dag_v1.3.create_posgtres_table manual__2023-02-14T13:35:13.095473+00:00 [queued]>
[2023-02-14T13:35:13.870+0000] {taskinstance.py:1279} INFO - 
--------------------------------------------------------------------------------
[2023-02-14T13:35:13.870+0000] {taskinstance.py:1280} INFO - Starting attempt 1 of 6
[2023-02-14T13:35:13.871+0000] {taskinstance.py:1281} INFO - 
--------------------------------------------------------------------------------
[2023-02-14T13:35:13.880+0000] {taskinstance.py:1300} INFO - Executing <Task(PostgresOperator): create_posgtres_table> on 2023-02-14 13:35:13.095473+00:00
[2023-02-14T13:35:13.886+0000] {standard_task_runner.py:55} INFO - Started process 5688 to run task
[2023-02-14T13:35:13.890+0000] {standard_task_runner.py:82} INFO - Running: ['***', 'tasks', 'run', 'postgres_operator_dag_v1.3', 'create_posgtres_table', 'manual__2023-02-14T13:35:13.095473+00:00', '--job-id', '70', '--raw', '--subdir', 'DAGS_FOLDER/dag_with_postgres_operator.py', '--cfg-path', '/tmp/tmp2wyhaz4l']
[2023-02-14T13:35:13.892+0000] {standard_task_runner.py:83} INFO - Job 70: Subtask create_posgtres_table
[2023-02-14T13:35:13.950+0000] {task_command.py:388} INFO - Running <TaskInstance: postgres_operator_dag_v1.3.create_posgtres_table manual__2023-02-14T13:35:13.095473+00:00 [running]> on host 01550fe0586b
[2023-02-14T13:35:14.001+0000] {taskinstance.py:1509} INFO - Exporting the following env vars:
AIRFLOW_CTX_DAG_OWNER=tlysenko
AIRFLOW_CTX_DAG_ID=postgres_operator_dag_v1.3
AIRFLOW_CTX_TASK_ID=create_posgtres_table
AIRFLOW_CTX_EXECUTION_DATE=2023-02-14T13:35:13.095473+00:00
AIRFLOW_CTX_TRY_NUMBER=1
AIRFLOW_CTX_DAG_RUN_ID=manual__2023-02-14T13:35:13.095473+00:00
[2023-02-14T13:35:14.003+0000] {sql.py:254} INFO - Executing: 
            CREATE TABLE IF NOT EXISTS dag_runs (
            dt date,
            dag_id character varying(250),
            primary key (dt, dag_id)
            )
        
[2023-02-14T13:35:14.012+0000] {base.py:73} INFO - Using connection ID 'postgres_localhost' for task execution.
[2023-02-14T13:35:14.193+0000] {base.py:73} INFO - Using connection ID 'postgres_localhost' for task execution.
[2023-02-14T13:35:14.202+0000] {sql.py:375} INFO - Running statement: 
            CREATE TABLE IF NOT EXISTS dag_runs (
            dt date,
            dag_id character varying(250),
            primary key (dt, dag_id)
            )
        , parameters: None
[2023-02-14T13:35:14.226+0000] {taskinstance.py:1323} INFO - Marking task as SUCCESS. dag_id=postgres_operator_dag_v1.3, task_id=create_posgtres_table, execution_date=20230214T133513, start_date=20230214T133513, end_date=20230214T133514
[2023-02-14T13:35:14.266+0000] {local_task_job.py:208} INFO - Task exited with return code 0
[2023-02-14T13:35:14.289+0000] {taskinstance.py:2578} INFO - 1 downstream tasks scheduled from follow-on schedule check
