[2023-02-14T13:33:08.445+0000] {taskinstance.py:1083} INFO - Dependencies all met for <TaskInstance: postgres_operator_dag_v1.2.insert_into_postgres_table manual__2023-02-14T13:33:06.420869+00:00 [queued]>
[2023-02-14T13:33:08.452+0000] {taskinstance.py:1083} INFO - Dependencies all met for <TaskInstance: postgres_operator_dag_v1.2.insert_into_postgres_table manual__2023-02-14T13:33:06.420869+00:00 [queued]>
[2023-02-14T13:33:08.453+0000] {taskinstance.py:1279} INFO - 
--------------------------------------------------------------------------------
[2023-02-14T13:33:08.453+0000] {taskinstance.py:1280} INFO - Starting attempt 1 of 6
[2023-02-14T13:33:08.454+0000] {taskinstance.py:1281} INFO - 
--------------------------------------------------------------------------------
[2023-02-14T13:33:08.495+0000] {taskinstance.py:1300} INFO - Executing <Task(PostgresOperator): insert_into_postgres_table> on 2023-02-14 13:33:06.420869+00:00
[2023-02-14T13:33:08.502+0000] {standard_task_runner.py:55} INFO - Started process 5456 to run task
[2023-02-14T13:33:08.515+0000] {standard_task_runner.py:82} INFO - Running: ['***', 'tasks', 'run', 'postgres_operator_dag_v1.2', 'insert_into_postgres_table', 'manual__2023-02-14T13:33:06.420869+00:00', '--job-id', '69', '--raw', '--subdir', 'DAGS_FOLDER/dag_with_postgres_operator.py', '--cfg-path', '/tmp/tmpjsw30yz1']
[2023-02-14T13:33:08.538+0000] {standard_task_runner.py:83} INFO - Job 69: Subtask insert_into_postgres_table
[2023-02-14T13:33:08.662+0000] {task_command.py:388} INFO - Running <TaskInstance: postgres_operator_dag_v1.2.insert_into_postgres_table manual__2023-02-14T13:33:06.420869+00:00 [running]> on host 01550fe0586b
[2023-02-14T13:33:08.699+0000] {abstractoperator.py:613} ERROR - Exception rendering Jinja template for task 'insert_into_postgres_table', field 'sql'. Template: '\n            INSERT INTO dag_runs (dt, dag_id) values({{dt}}, {{dag.dag_id)\n        '
Traceback (most recent call last):
  File "/home/airflow/.local/lib/python3.7/site-packages/airflow/models/abstractoperator.py", line 606, in _do_render_template_fields
    seen_oids,
  File "/home/airflow/.local/lib/python3.7/site-packages/airflow/models/abstractoperator.py", line 659, in render_template
    template = jinja_env.from_string(value)
  File "/home/airflow/.local/lib/python3.7/site-packages/jinja2/environment.py", line 1105, in from_string
    return cls.from_code(self, self.compile(source), gs, None)
  File "/home/airflow/.local/lib/python3.7/site-packages/jinja2/environment.py", line 768, in compile
    self.handle_exception(source=source_hint)
  File "/home/airflow/.local/lib/python3.7/site-packages/jinja2/environment.py", line 936, in handle_exception
    raise rewrite_traceback_stack(source=source)
  File "<unknown>", line 2, in template
jinja2.exceptions.TemplateSyntaxError: unexpected ')'
[2023-02-14T13:33:08.702+0000] {taskinstance.py:1768} ERROR - Task failed with exception
Traceback (most recent call last):
  File "/home/airflow/.local/lib/python3.7/site-packages/airflow/models/taskinstance.py", line 1374, in _run_raw_task
    self._execute_task_with_callbacks(context, test_mode)
  File "/home/airflow/.local/lib/python3.7/site-packages/airflow/models/taskinstance.py", line 1493, in _execute_task_with_callbacks
    task_orig = self.render_templates(context=context)
  File "/home/airflow/.local/lib/python3.7/site-packages/airflow/models/taskinstance.py", line 2115, in render_templates
    original_task.render_template_fields(context)
  File "/home/airflow/.local/lib/python3.7/site-packages/airflow/models/baseoperator.py", line 1179, in render_template_fields
    self._do_render_template_fields(self, self.template_fields, context, jinja_env, set())
  File "/home/airflow/.local/lib/python3.7/site-packages/airflow/utils/session.py", line 75, in wrapper
    return func(*args, session=session, **kwargs)
  File "/home/airflow/.local/lib/python3.7/site-packages/airflow/models/abstractoperator.py", line 606, in _do_render_template_fields
    seen_oids,
  File "/home/airflow/.local/lib/python3.7/site-packages/airflow/models/abstractoperator.py", line 659, in render_template
    template = jinja_env.from_string(value)
  File "/home/airflow/.local/lib/python3.7/site-packages/jinja2/environment.py", line 1105, in from_string
    return cls.from_code(self, self.compile(source), gs, None)
  File "/home/airflow/.local/lib/python3.7/site-packages/jinja2/environment.py", line 768, in compile
    self.handle_exception(source=source_hint)
  File "/home/airflow/.local/lib/python3.7/site-packages/jinja2/environment.py", line 936, in handle_exception
    raise rewrite_traceback_stack(source=source)
  File "<unknown>", line 2, in template
jinja2.exceptions.TemplateSyntaxError: unexpected ')'
[2023-02-14T13:33:08.724+0000] {taskinstance.py:1323} INFO - Marking task as UP_FOR_RETRY. dag_id=postgres_operator_dag_v1.2, task_id=insert_into_postgres_table, execution_date=20230214T133306, start_date=20230214T133308, end_date=20230214T133308
[2023-02-14T13:33:08.734+0000] {standard_task_runner.py:105} ERROR - Failed to execute job 69 for task insert_into_postgres_table (unexpected ')'; 5456)
[2023-02-14T13:33:08.768+0000] {local_task_job.py:208} INFO - Task exited with return code 1
[2023-02-14T13:33:08.787+0000] {taskinstance.py:2578} INFO - 0 downstream tasks scheduled from follow-on schedule check
