[2023-02-13T12:25:18.026+0000] {taskinstance.py:1083} INFO - Dependencies all met for <TaskInstance: example_bash_operator.also_run_this scheduled__2023-02-12T00:00:00+00:00 [queued]>
[2023-02-13T12:25:18.149+0000] {taskinstance.py:1083} INFO - Dependencies all met for <TaskInstance: example_bash_operator.also_run_this scheduled__2023-02-12T00:00:00+00:00 [queued]>
[2023-02-13T12:25:18.150+0000] {taskinstance.py:1279} INFO - 
--------------------------------------------------------------------------------
[2023-02-13T12:25:18.151+0000] {taskinstance.py:1280} INFO - Starting attempt 1 of 1
[2023-02-13T12:25:18.154+0000] {taskinstance.py:1281} INFO - 
--------------------------------------------------------------------------------
[2023-02-13T12:25:18.244+0000] {taskinstance.py:1300} INFO - Executing <Task(BashOperator): also_run_this> on 2023-02-12 00:00:00+00:00
[2023-02-13T12:25:18.289+0000] {standard_task_runner.py:55} INFO - Started process 15357 to run task
[2023-02-13T12:25:18.335+0000] {standard_task_runner.py:82} INFO - Running: ['***', 'tasks', 'run', 'example_bash_operator', 'also_run_this', 'scheduled__2023-02-12T00:00:00+00:00', '--job-id', '13', '--raw', '--subdir', '/home/***/.local/lib/python3.7/site-packages/***/example_dags/example_bash_operator.py', '--cfg-path', '/tmp/tmpvk0ywekk']
[2023-02-13T12:25:18.359+0000] {standard_task_runner.py:83} INFO - Job 13: Subtask also_run_this
[2023-02-13T12:25:18.754+0000] {task_command.py:388} INFO - Running <TaskInstance: example_bash_operator.also_run_this scheduled__2023-02-12T00:00:00+00:00 [running]> on host c629041687f2
[2023-02-13T12:25:18.961+0000] {taskinstance.py:1509} INFO - Exporting the following env vars:
AIRFLOW_CTX_DAG_OWNER=***
AIRFLOW_CTX_DAG_ID=example_bash_operator
AIRFLOW_CTX_TASK_ID=also_run_this
AIRFLOW_CTX_EXECUTION_DATE=2023-02-12T00:00:00+00:00
AIRFLOW_CTX_TRY_NUMBER=1
AIRFLOW_CTX_DAG_RUN_ID=scheduled__2023-02-12T00:00:00+00:00
[2023-02-13T12:25:18.963+0000] {subprocess.py:63} INFO - Tmp dir root location: 
 /tmp
[2023-02-13T12:25:18.966+0000] {subprocess.py:75} INFO - Running command: ['/bin/bash', '-c', 'echo "ti_key=example_bash_operator__also_run_this__20230212"']
[2023-02-13T12:25:18.997+0000] {subprocess.py:86} INFO - Output:
[2023-02-13T12:25:18.999+0000] {subprocess.py:93} INFO - ti_key=example_bash_operator__also_run_this__20230212
[2023-02-13T12:25:19.001+0000] {subprocess.py:97} INFO - Command exited with return code 0
[2023-02-13T12:25:19.042+0000] {taskinstance.py:1323} INFO - Marking task as SUCCESS. dag_id=example_bash_operator, task_id=also_run_this, execution_date=20230212T000000, start_date=20230213T122518, end_date=20230213T122519
[2023-02-13T12:25:19.098+0000] {local_task_job.py:208} INFO - Task exited with return code 0
[2023-02-13T12:25:19.397+0000] {taskinstance.py:2578} INFO - 0 downstream tasks scheduled from follow-on schedule check
