[2023-02-14T09:09:55.484+0000] {taskinstance.py:1083} INFO - Dependencies all met for <TaskInstance: python_operator_dag_v1.5.greet manual__2023-02-14T09:09:53.459187+00:00 [queued]>
[2023-02-14T09:09:55.510+0000] {taskinstance.py:1083} INFO - Dependencies all met for <TaskInstance: python_operator_dag_v1.5.greet manual__2023-02-14T09:09:53.459187+00:00 [queued]>
[2023-02-14T09:09:55.512+0000] {taskinstance.py:1279} INFO - 
--------------------------------------------------------------------------------
[2023-02-14T09:09:55.513+0000] {taskinstance.py:1280} INFO - Starting attempt 1 of 6
[2023-02-14T09:09:55.514+0000] {taskinstance.py:1281} INFO - 
--------------------------------------------------------------------------------
[2023-02-14T09:09:55.526+0000] {taskinstance.py:1300} INFO - Executing <Task(PythonOperator): greet> on 2023-02-14 09:09:53.459187+00:00
[2023-02-14T09:09:55.535+0000] {standard_task_runner.py:55} INFO - Started process 25912 to run task
[2023-02-14T09:09:55.539+0000] {standard_task_runner.py:82} INFO - Running: ['***', 'tasks', 'run', 'python_operator_dag_v1.5', 'greet', 'manual__2023-02-14T09:09:53.459187+00:00', '--job-id', '18', '--raw', '--subdir', 'DAGS_FOLDER/dag-python-operator.py', '--cfg-path', '/tmp/tmp515n_4xo']
[2023-02-14T09:09:55.542+0000] {standard_task_runner.py:83} INFO - Job 18: Subtask greet
[2023-02-14T09:09:55.812+0000] {task_command.py:388} INFO - Running <TaskInstance: python_operator_dag_v1.5.greet manual__2023-02-14T09:09:53.459187+00:00 [running]> on host 38744fc0668d
[2023-02-14T09:09:55.918+0000] {taskinstance.py:1509} INFO - Exporting the following env vars:
AIRFLOW_CTX_DAG_OWNER=tlysenko
AIRFLOW_CTX_DAG_ID=python_operator_dag_v1.5
AIRFLOW_CTX_TASK_ID=greet
AIRFLOW_CTX_EXECUTION_DATE=2023-02-14T09:09:53.459187+00:00
AIRFLOW_CTX_TRY_NUMBER=1
AIRFLOW_CTX_DAG_RUN_ID=manual__2023-02-14T09:09:53.459187+00:00
[2023-02-14T09:09:56.003+0000] {logging_mixin.py:137} INFO - Hello World! My name is Jerry and I am 30 years old
[2023-02-14T09:09:56.013+0000] {python.py:177} INFO - Done. Returned value was: None
[2023-02-14T09:09:56.041+0000] {taskinstance.py:1323} INFO - Marking task as SUCCESS. dag_id=python_operator_dag_v1.5, task_id=greet, execution_date=20230214T090953, start_date=20230214T090955, end_date=20230214T090956
[2023-02-14T09:09:56.224+0000] {local_task_job.py:208} INFO - Task exited with return code 0
[2023-02-14T09:09:56.292+0000] {taskinstance.py:2578} INFO - 0 downstream tasks scheduled from follow-on schedule check
