[2023-02-14T09:34:11.241+0000] {taskinstance.py:1083} INFO - Dependencies all met for <TaskInstance: python_operator_dag_v1.6.get_name manual__2023-02-14T09:34:10.424449+00:00 [queued]>
[2023-02-14T09:34:11.249+0000] {taskinstance.py:1083} INFO - Dependencies all met for <TaskInstance: python_operator_dag_v1.6.get_name manual__2023-02-14T09:34:10.424449+00:00 [queued]>
[2023-02-14T09:34:11.250+0000] {taskinstance.py:1279} INFO - 
--------------------------------------------------------------------------------
[2023-02-14T09:34:11.250+0000] {taskinstance.py:1280} INFO - Starting attempt 1 of 6
[2023-02-14T09:34:11.251+0000] {taskinstance.py:1281} INFO - 
--------------------------------------------------------------------------------
[2023-02-14T09:34:11.259+0000] {taskinstance.py:1300} INFO - Executing <Task(PythonOperator): get_name> on 2023-02-14 09:34:10.424449+00:00
[2023-02-14T09:34:11.266+0000] {standard_task_runner.py:55} INFO - Started process 27864 to run task
[2023-02-14T09:34:11.271+0000] {standard_task_runner.py:82} INFO - Running: ['***', 'tasks', 'run', 'python_operator_dag_v1.6', 'get_name', 'manual__2023-02-14T09:34:10.424449+00:00', '--job-id', '19', '--raw', '--subdir', 'DAGS_FOLDER/dag-python-operator.py', '--cfg-path', '/tmp/tmp9wi3q_2u']
[2023-02-14T09:34:11.275+0000] {standard_task_runner.py:83} INFO - Job 19: Subtask get_name
[2023-02-14T09:34:11.379+0000] {task_command.py:388} INFO - Running <TaskInstance: python_operator_dag_v1.6.get_name manual__2023-02-14T09:34:10.424449+00:00 [running]> on host 38744fc0668d
[2023-02-14T09:34:11.444+0000] {taskinstance.py:1509} INFO - Exporting the following env vars:
AIRFLOW_CTX_DAG_OWNER=tlysenko
AIRFLOW_CTX_DAG_ID=python_operator_dag_v1.6
AIRFLOW_CTX_TASK_ID=get_name
AIRFLOW_CTX_EXECUTION_DATE=2023-02-14T09:34:10.424449+00:00
AIRFLOW_CTX_TRY_NUMBER=1
AIRFLOW_CTX_DAG_RUN_ID=manual__2023-02-14T09:34:10.424449+00:00
[2023-02-14T09:34:11.466+0000] {python.py:177} INFO - Done. Returned value was: None
[2023-02-14T09:34:11.474+0000] {taskinstance.py:1323} INFO - Marking task as SUCCESS. dag_id=python_operator_dag_v1.6, task_id=get_name, execution_date=20230214T093410, start_date=20230214T093411, end_date=20230214T093411
[2023-02-14T09:34:11.528+0000] {local_task_job.py:208} INFO - Task exited with return code 0
[2023-02-14T09:34:11.546+0000] {taskinstance.py:2578} INFO - 1 downstream tasks scheduled from follow-on schedule check
