[2023-02-23T15:37:54.600+0000] {taskinstance.py:1083} INFO - Dependencies all met for <TaskInstance: listing_context_variables_v01.print_context manual__2023-02-23T15:37:52.761094+00:00 [queued]>
[2023-02-23T15:37:54.612+0000] {taskinstance.py:1083} INFO - Dependencies all met for <TaskInstance: listing_context_variables_v01.print_context manual__2023-02-23T15:37:52.761094+00:00 [queued]>
[2023-02-23T15:37:54.613+0000] {taskinstance.py:1279} INFO - 
--------------------------------------------------------------------------------
[2023-02-23T15:37:54.613+0000] {taskinstance.py:1280} INFO - Starting attempt 1 of 1
[2023-02-23T15:37:54.614+0000] {taskinstance.py:1281} INFO - 
--------------------------------------------------------------------------------
[2023-02-23T15:37:54.627+0000] {taskinstance.py:1300} INFO - Executing <Task(PythonOperator): print_context> on 2023-02-23 15:37:52.761094+00:00
[2023-02-23T15:37:54.633+0000] {standard_task_runner.py:55} INFO - Started process 83034 to run task
[2023-02-23T15:37:54.639+0000] {standard_task_runner.py:82} INFO - Running: ['***', 'tasks', 'run', 'listing_context_variables_v01', 'print_context', 'manual__2023-02-23T15:37:52.761094+00:00', '--job-id', '239', '--raw', '--subdir', 'DAGS_FOLDER/dag_kwargs.py', '--cfg-path', '/tmp/tmpgpu2za5y']
[2023-02-23T15:37:54.643+0000] {standard_task_runner.py:83} INFO - Job 239: Subtask print_context
[2023-02-23T15:37:54.756+0000] {task_command.py:388} INFO - Running <TaskInstance: listing_context_variables_v01.print_context manual__2023-02-23T15:37:52.761094+00:00 [running]> on host e29b8426fc8e
[2023-02-23T15:37:54.886+0000] {taskinstance.py:1509} INFO - Exporting the following env vars:
AIRFLOW_CTX_DAG_OWNER=***
AIRFLOW_CTX_DAG_ID=listing_context_variables_v01
AIRFLOW_CTX_TASK_ID=print_context
AIRFLOW_CTX_EXECUTION_DATE=2023-02-23T15:37:52.761094+00:00
AIRFLOW_CTX_TRY_NUMBER=1
AIRFLOW_CTX_DAG_RUN_ID=manual__2023-02-23T15:37:52.761094+00:00
[2023-02-23T15:37:54.887+0000] {dag_kwargs.py:18} INFO - Printing context variables:
[2023-02-23T15:37:54.890+0000] {dag_kwargs.py:20} INFO - conf: <***.configuration.AirflowConfigParser object at 0xffff9abbf990>
[2023-02-23T15:37:54.893+0000] {dag_kwargs.py:20} INFO - dag: <DAG: listing_context_variables_v01>
[2023-02-23T15:37:54.894+0000] {dag_kwargs.py:20} INFO - dag_run: <DagRun listing_context_variables_v01 @ 2023-02-23 15:37:52.761094+00:00: manual__2023-02-23T15:37:52.761094+00:00, state:running, queued_at: 2023-02-23 15:37:52.805547+00:00. externally triggered: True>
[2023-02-23T15:37:54.894+0000] {dag_kwargs.py:20} INFO - data_interval_end: 2023-02-23T00:00:00+00:00
[2023-02-23T15:37:54.895+0000] {dag_kwargs.py:20} INFO - data_interval_start: 2023-02-22T00:00:00+00:00
[2023-02-23T15:37:54.895+0000] {dag_kwargs.py:20} INFO - ds_nodash: 20230223
[2023-02-23T15:37:54.897+0000] {logging_mixin.py:137} WARNING - /home/***/.local/lib/python3.7/site-packages/***/utils/context.py:313 AirflowContextDeprecationWarning: Accessing 'execution_date' from the template is deprecated and will be removed in a future version. Please use 'data_interval_start' or 'logical_date' instead.
[2023-02-23T15:37:54.898+0000] {dag_kwargs.py:20} INFO - execution_date: 2023-02-23T15:37:52.761094+00:00
[2023-02-23T15:37:54.898+0000] {dag_kwargs.py:20} INFO - expanded_ti_count: None
[2023-02-23T15:37:54.898+0000] {dag_kwargs.py:20} INFO - inlets: []
[2023-02-23T15:37:54.900+0000] {dag_kwargs.py:20} INFO - logical_date: 2023-02-23T15:37:52.761094+00:00
[2023-02-23T15:37:54.901+0000] {dag_kwargs.py:20} INFO - macros: <module '***.macros' from '/home/***/.local/lib/python3.7/site-packages/***/macros/__init__.py'>
[2023-02-23T15:37:54.902+0000] {logging_mixin.py:137} WARNING - /home/***/.local/lib/python3.7/site-packages/***/utils/context.py:313 AirflowContextDeprecationWarning: Accessing 'next_ds' from the template is deprecated and will be removed in a future version. Please use '{{ data_interval_end | ds }}' instead.
[2023-02-23T15:37:54.902+0000] {dag_kwargs.py:20} INFO - next_ds: 2023-02-23
[2023-02-23T15:37:54.903+0000] {logging_mixin.py:137} WARNING - /home/***/.local/lib/python3.7/site-packages/***/utils/context.py:313 AirflowContextDeprecationWarning: Accessing 'next_ds_nodash' from the template is deprecated and will be removed in a future version. Please use '{{ data_interval_end | ds_nodash }}' instead.
[2023-02-23T15:37:54.904+0000] {dag_kwargs.py:20} INFO - next_ds_nodash: 20230223
[2023-02-23T15:37:54.905+0000] {logging_mixin.py:137} WARNING - /home/***/.local/lib/python3.7/site-packages/***/utils/context.py:313 AirflowContextDeprecationWarning: Accessing 'next_execution_date' from the template is deprecated and will be removed in a future version. Please use 'data_interval_end' instead.
[2023-02-23T15:37:54.905+0000] {dag_kwargs.py:20} INFO - next_execution_date: 2023-02-23T15:37:52.761094+00:00
[2023-02-23T15:37:54.906+0000] {dag_kwargs.py:20} INFO - outlets: []
[2023-02-23T15:37:54.907+0000] {dag_kwargs.py:20} INFO - params: {}
[2023-02-23T15:37:54.907+0000] {dag_kwargs.py:20} INFO - prev_data_interval_start_success: None
[2023-02-23T15:37:54.908+0000] {dag_kwargs.py:20} INFO - prev_data_interval_end_success: None
[2023-02-23T15:37:54.909+0000] {logging_mixin.py:137} WARNING - /home/***/.local/lib/python3.7/site-packages/***/utils/context.py:313 AirflowContextDeprecationWarning: Accessing 'prev_ds' from the template is deprecated and will be removed in a future version.
[2023-02-23T15:37:54.909+0000] {dag_kwargs.py:20} INFO - prev_ds: 2023-02-23
[2023-02-23T15:37:54.910+0000] {logging_mixin.py:137} WARNING - /home/***/.local/lib/python3.7/site-packages/***/utils/context.py:313 AirflowContextDeprecationWarning: Accessing 'prev_ds_nodash' from the template is deprecated and will be removed in a future version.
[2023-02-23T15:37:54.912+0000] {dag_kwargs.py:20} INFO - prev_ds_nodash: 20230223
[2023-02-23T15:37:54.915+0000] {logging_mixin.py:137} WARNING - /home/***/.local/lib/python3.7/site-packages/***/utils/context.py:313 AirflowContextDeprecationWarning: Accessing 'prev_execution_date' from the template is deprecated and will be removed in a future version.
[2023-02-23T15:37:54.916+0000] {dag_kwargs.py:20} INFO - prev_execution_date: 2023-02-23T15:37:52.761094+00:00
[2023-02-23T15:37:54.917+0000] {logging_mixin.py:137} WARNING - /home/***/.local/lib/python3.7/site-packages/***/utils/context.py:313 AirflowContextDeprecationWarning: Accessing 'prev_execution_date_success' from the template is deprecated and will be removed in a future version. Please use 'prev_data_interval_start_success' instead.
[2023-02-23T15:37:54.919+0000] {dag_kwargs.py:20} INFO - prev_execution_date_success: None
[2023-02-23T15:37:54.920+0000] {dag_kwargs.py:20} INFO - prev_start_date_success: None
[2023-02-23T15:37:54.924+0000] {dag_kwargs.py:20} INFO - run_id: manual__2023-02-23T15:37:52.761094+00:00
[2023-02-23T15:37:54.926+0000] {dag_kwargs.py:20} INFO - task: <Task(PythonOperator): print_context>
[2023-02-23T15:37:54.927+0000] {dag_kwargs.py:20} INFO - task_instance: <TaskInstance: listing_context_variables_v01.print_context manual__2023-02-23T15:37:52.761094+00:00 [running]>
[2023-02-23T15:37:54.928+0000] {dag_kwargs.py:20} INFO - task_instance_key_str: listing_context_variables_v01__print_context__20230223
[2023-02-23T15:37:54.928+0000] {dag_kwargs.py:20} INFO - test_mode: False
[2023-02-23T15:37:54.929+0000] {dag_kwargs.py:20} INFO - ti: <TaskInstance: listing_context_variables_v01.print_context manual__2023-02-23T15:37:52.761094+00:00 [running]>
[2023-02-23T15:37:54.931+0000] {logging_mixin.py:137} WARNING - /home/***/.local/lib/python3.7/site-packages/***/utils/context.py:313 AirflowContextDeprecationWarning: Accessing 'tomorrow_ds' from the template is deprecated and will be removed in a future version.
[2023-02-23T15:37:54.934+0000] {dag_kwargs.py:20} INFO - tomorrow_ds: 2023-02-24
[2023-02-23T15:37:54.937+0000] {logging_mixin.py:137} WARNING - /home/***/.local/lib/python3.7/site-packages/***/utils/context.py:313 AirflowContextDeprecationWarning: Accessing 'tomorrow_ds_nodash' from the template is deprecated and will be removed in a future version.
[2023-02-23T15:37:54.941+0000] {dag_kwargs.py:20} INFO - tomorrow_ds_nodash: 20230224
[2023-02-23T15:37:54.960+0000] {dag_kwargs.py:20} INFO - triggering_dataset_events: defaultdict(<class 'list'>, {})
[2023-02-23T15:37:54.961+0000] {dag_kwargs.py:20} INFO - ts: 2023-02-23T15:37:52.761094+00:00
[2023-02-23T15:37:54.961+0000] {dag_kwargs.py:20} INFO - ts_nodash: 20230223T153752
[2023-02-23T15:37:54.962+0000] {dag_kwargs.py:20} INFO - ts_nodash_with_tz: 20230223T153752.761094+0000
[2023-02-23T15:37:54.962+0000] {dag_kwargs.py:20} INFO - var: {'json': None, 'value': None}
[2023-02-23T15:37:54.963+0000] {dag_kwargs.py:20} INFO - conn: None
[2023-02-23T15:37:54.964+0000] {logging_mixin.py:137} WARNING - /home/***/.local/lib/python3.7/site-packages/***/utils/context.py:313 AirflowContextDeprecationWarning: Accessing 'yesterday_ds' from the template is deprecated and will be removed in a future version.
[2023-02-23T15:37:54.964+0000] {dag_kwargs.py:20} INFO - yesterday_ds: 2023-02-22
[2023-02-23T15:37:54.967+0000] {logging_mixin.py:137} WARNING - /home/***/.local/lib/python3.7/site-packages/***/utils/context.py:313 AirflowContextDeprecationWarning: Accessing 'yesterday_ds_nodash' from the template is deprecated and will be removed in a future version.
[2023-02-23T15:37:54.967+0000] {dag_kwargs.py:20} INFO - yesterday_ds_nodash: 20230222
[2023-02-23T15:37:54.968+0000] {dag_kwargs.py:20} INFO - templates_dict: None
[2023-02-23T15:37:54.968+0000] {python.py:177} INFO - Done. Returned value was: None
[2023-02-23T15:37:54.984+0000] {taskinstance.py:1323} INFO - Marking task as SUCCESS. dag_id=listing_context_variables_v01, task_id=print_context, execution_date=20230223T153752, start_date=20230223T153754, end_date=20230223T153754
[2023-02-23T15:37:55.015+0000] {local_task_job.py:208} INFO - Task exited with return code 0
[2023-02-23T15:37:55.033+0000] {taskinstance.py:2578} INFO - 0 downstream tasks scheduled from follow-on schedule check
