[2023-02-14T07:58:53.950+0000] {taskinstance.py:1083} INFO - Dependencies all met for <TaskInstance: first_dag_v3.3.task_1 manual__2023-02-14T07:58:52.663839+00:00 [queued]>
[2023-02-14T07:58:53.959+0000] {taskinstance.py:1083} INFO - Dependencies all met for <TaskInstance: first_dag_v3.3.task_1 manual__2023-02-14T07:58:52.663839+00:00 [queued]>
[2023-02-14T07:58:53.960+0000] {taskinstance.py:1279} INFO - 
--------------------------------------------------------------------------------
[2023-02-14T07:58:53.960+0000] {taskinstance.py:1280} INFO - Starting attempt 1 of 6
[2023-02-14T07:58:53.960+0000] {taskinstance.py:1281} INFO - 
--------------------------------------------------------------------------------
[2023-02-14T07:58:53.970+0000] {taskinstance.py:1300} INFO - Executing <Task(BashOperator): task_1> on 2023-02-14 07:58:52.663839+00:00
[2023-02-14T07:58:53.976+0000] {standard_task_runner.py:55} INFO - Started process 20251 to run task
[2023-02-14T07:58:53.980+0000] {standard_task_runner.py:82} INFO - Running: ['***', 'tasks', 'run', 'first_dag_v3.3', 'task_1', 'manual__2023-02-14T07:58:52.663839+00:00', '--job-id', '9', '--raw', '--subdir', 'DAGS_FOLDER/dag-1.py', '--cfg-path', '/tmp/tmp06o29wxy']
[2023-02-14T07:58:53.982+0000] {standard_task_runner.py:83} INFO - Job 9: Subtask task_1
[2023-02-14T07:58:54.042+0000] {task_command.py:388} INFO - Running <TaskInstance: first_dag_v3.3.task_1 manual__2023-02-14T07:58:52.663839+00:00 [running]> on host 38744fc0668d
[2023-02-14T07:58:54.132+0000] {taskinstance.py:1509} INFO - Exporting the following env vars:
AIRFLOW_CTX_DAG_OWNER=tlysenko
AIRFLOW_CTX_DAG_ID=first_dag_v3.3
AIRFLOW_CTX_TASK_ID=task_1
AIRFLOW_CTX_EXECUTION_DATE=2023-02-14T07:58:52.663839+00:00
AIRFLOW_CTX_TRY_NUMBER=1
AIRFLOW_CTX_DAG_RUN_ID=manual__2023-02-14T07:58:52.663839+00:00
[2023-02-14T07:58:54.135+0000] {subprocess.py:63} INFO - Tmp dir root location: 
 /tmp
[2023-02-14T07:58:54.136+0000] {subprocess.py:75} INFO - Running command: ['/bin/bash', '-c', 'echo "Hello World!"']
[2023-02-14T07:58:54.146+0000] {subprocess.py:86} INFO - Output:
[2023-02-14T07:58:54.154+0000] {subprocess.py:93} INFO - Hello World!
[2023-02-14T07:58:54.155+0000] {subprocess.py:97} INFO - Command exited with return code 0
[2023-02-14T07:58:54.176+0000] {taskinstance.py:1323} INFO - Marking task as SUCCESS. dag_id=first_dag_v3.3, task_id=task_1, execution_date=20230214T075852, start_date=20230214T075853, end_date=20230214T075854
[2023-02-14T07:58:54.196+0000] {local_task_job.py:208} INFO - Task exited with return code 0
[2023-02-14T07:58:54.214+0000] {taskinstance.py:2578} INFO - 2 downstream tasks scheduled from follow-on schedule check
