[2023-02-23T14:26:53.704+0000] {taskinstance.py:1083} INFO - Dependencies all met for <TaskInstance: listing_4_03.print_context manual__2023-02-23T14:26:52.775919+00:00 [queued]>
[2023-02-23T14:26:53.722+0000] {taskinstance.py:1083} INFO - Dependencies all met for <TaskInstance: listing_4_03.print_context manual__2023-02-23T14:26:52.775919+00:00 [queued]>
[2023-02-23T14:26:53.724+0000] {taskinstance.py:1279} INFO - 
--------------------------------------------------------------------------------
[2023-02-23T14:26:53.725+0000] {taskinstance.py:1280} INFO - Starting attempt 1 of 1
[2023-02-23T14:26:53.725+0000] {taskinstance.py:1281} INFO - 
--------------------------------------------------------------------------------
[2023-02-23T14:26:53.739+0000] {taskinstance.py:1300} INFO - Executing <Task(PythonOperator): print_context> on 2023-02-23 14:26:52.775919+00:00
[2023-02-23T14:26:53.751+0000] {standard_task_runner.py:55} INFO - Started process 72299 to run task
[2023-02-23T14:26:53.766+0000] {standard_task_runner.py:82} INFO - Running: ['***', 'tasks', 'run', 'listing_4_03', 'print_context', 'manual__2023-02-23T14:26:52.775919+00:00', '--job-id', '237', '--raw', '--subdir', 'DAGS_FOLDER/dag_kwargs.py', '--cfg-path', '/tmp/tmponbx5fik']
[2023-02-23T14:26:53.779+0000] {standard_task_runner.py:83} INFO - Job 237: Subtask print_context
[2023-02-23T14:26:53.943+0000] {task_command.py:388} INFO - Running <TaskInstance: listing_4_03.print_context manual__2023-02-23T14:26:52.775919+00:00 [running]> on host e29b8426fc8e
[2023-02-23T14:26:54.098+0000] {taskinstance.py:1509} INFO - Exporting the following env vars:
AIRFLOW_CTX_DAG_OWNER=***
AIRFLOW_CTX_DAG_ID=listing_4_03
AIRFLOW_CTX_TASK_ID=print_context
AIRFLOW_CTX_EXECUTION_DATE=2023-02-23T14:26:52.775919+00:00
AIRFLOW_CTX_TRY_NUMBER=1
AIRFLOW_CTX_DAG_RUN_ID=manual__2023-02-23T14:26:52.775919+00:00
[2023-02-23T14:26:54.101+0000] {logging_mixin.py:137} INFO - {'conf': <***.configuration.AirflowConfigParser object at 0xffff9abbf990>, 'dag': <DAG: listing_4_03>, 'dag_run': <DagRun listing_4_03 @ 2023-02-23 14:26:52.775919+00:00: manual__2023-02-23T14:26:52.775919+00:00, state:running, queued_at: 2023-02-23 14:26:52.788439+00:00. externally triggered: True>, 'data_interval_end': DateTime(2023, 2, 23, 0, 0, 0, tzinfo=Timezone('UTC')), 'data_interval_start': DateTime(2023, 2, 22, 0, 0, 0, tzinfo=Timezone('UTC')), 'ds': '2023-02-23', 'ds_nodash': '20230223', 'execution_date': <Proxy at 0xffff86e6a1e0 with factory functools.partial(<function lazy_mapping_from_context.<locals>._deprecated_proxy_factory at 0xffff86ee89e0>, 'execution_date', DateTime(2023, 2, 23, 14, 26, 52, 775919, tzinfo=Timezone('UTC')))>, 'expanded_ti_count': None, 'inlets': [], 'logical_date': DateTime(2023, 2, 23, 14, 26, 52, 775919, tzinfo=Timezone('UTC')), 'macros': <module '***.macros' from '/home/***/.local/lib/python3.7/site-packages/***/macros/__init__.py'>, 'next_ds': <Proxy at 0xffff86e6a190 with factory functools.partial(<function lazy_mapping_from_context.<locals>._deprecated_proxy_factory at 0xffff86ee89e0>, 'next_ds', '2023-02-23')>, 'next_ds_nodash': <Proxy at 0xffff86e6a140 with factory functools.partial(<function lazy_mapping_from_context.<locals>._deprecated_proxy_factory at 0xffff86ee89e0>, 'next_ds_nodash', '20230223')>, 'next_execution_date': <Proxy at 0xffff86e6a0f0 with factory functools.partial(<function lazy_mapping_from_context.<locals>._deprecated_proxy_factory at 0xffff86ee89e0>, 'next_execution_date', DateTime(2023, 2, 23, 14, 26, 52, 775919, tzinfo=Timezone('UTC')))>, 'outlets': [], 'params': {}, 'prev_data_interval_start_success': DateTime(2023, 2, 22, 0, 0, 0, tzinfo=Timezone('UTC')), 'prev_data_interval_end_success': DateTime(2023, 2, 23, 0, 0, 0, tzinfo=Timezone('UTC')), 'prev_ds': <Proxy at 0xffff86e6a640 with factory functools.partial(<function lazy_mapping_from_context.<locals>._deprecated_proxy_factory at 0xffff86ee89e0>, 'prev_ds', '2023-02-23')>, 'prev_ds_nodash': <Proxy at 0xffff86e6a320 with factory functools.partial(<function lazy_mapping_from_context.<locals>._deprecated_proxy_factory at 0xffff86ee89e0>, 'prev_ds_nodash', '20230223')>, 'prev_execution_date': <Proxy at 0xffff86e6a410 with factory functools.partial(<function lazy_mapping_from_context.<locals>._deprecated_proxy_factory at 0xffff86ee89e0>, 'prev_execution_date', DateTime(2023, 2, 23, 14, 26, 52, 775919, tzinfo=Timezone('UTC')))>, 'prev_execution_date_success': <Proxy at 0xffff86e6a3c0 with factory functools.partial(<function lazy_mapping_from_context.<locals>._deprecated_proxy_factory at 0xffff86ee89e0>, 'prev_execution_date_success', DateTime(2023, 2, 23, 14, 19, 31, 667294, tzinfo=Timezone('UTC')))>, 'prev_start_date_success': DateTime(2023, 2, 23, 14, 19, 32, 111706, tzinfo=Timezone('UTC')), 'run_id': 'manual__2023-02-23T14:26:52.775919+00:00', 'task': <Task(PythonOperator): print_context>, 'task_instance': <TaskInstance: listing_4_03.print_context manual__2023-02-23T14:26:52.775919+00:00 [running]>, 'task_instance_key_str': 'listing_4_03__print_context__20230223', 'test_mode': False, 'ti': <TaskInstance: listing_4_03.print_context manual__2023-02-23T14:26:52.775919+00:00 [running]>, 'tomorrow_ds': <Proxy at 0xffff86e6a370 with factory functools.partial(<function lazy_mapping_from_context.<locals>._deprecated_proxy_factory at 0xffff86ee89e0>, 'tomorrow_ds', '2023-02-24')>, 'tomorrow_ds_nodash': <Proxy at 0xffff86e6a460 with factory functools.partial(<function lazy_mapping_from_context.<locals>._deprecated_proxy_factory at 0xffff86ee89e0>, 'tomorrow_ds_nodash', '20230224')>, 'triggering_dataset_events': <Proxy at 0xffff86f128c0 with factory <function TaskInstance.get_template_context.<locals>.get_triggering_events at 0xffff86f64170>>, 'ts': '2023-02-23T14:26:52.775919+00:00', 'ts_nodash': '20230223T142652', 'ts_nodash_with_tz': '20230223T142652.775919+0000', 'var': {'json': None, 'value': None}, 'conn': None, 'yesterday_ds': <Proxy at 0xffff86e6a5f0 with factory functools.partial(<function lazy_mapping_from_context.<locals>._deprecated_proxy_factory at 0xffff86ee89e0>, 'yesterday_ds', '2023-02-22')>, 'yesterday_ds_nodash': <Proxy at 0xffff86e6a550 with factory functools.partial(<function lazy_mapping_from_context.<locals>._deprecated_proxy_factory at 0xffff86ee89e0>, 'yesterday_ds_nodash', '20230222')>, 'templates_dict': None}
[2023-02-23T14:26:54.102+0000] {python.py:177} INFO - Done. Returned value was: None
[2023-02-23T14:26:54.138+0000] {taskinstance.py:1323} INFO - Marking task as SUCCESS. dag_id=listing_4_03, task_id=print_context, execution_date=20230223T142652, start_date=20230223T142653, end_date=20230223T142654
[2023-02-23T14:26:54.197+0000] {local_task_job.py:208} INFO - Task exited with return code 0
[2023-02-23T14:26:54.219+0000] {taskinstance.py:2578} INFO - 0 downstream tasks scheduled from follow-on schedule check
