[2023-02-14T08:22:07.871+0000] {taskinstance.py:1083} INFO - Dependencies all met for <TaskInstance: python_operator_dag_v1.greet manual__2023-02-14T08:22:06.568630+00:00 [queued]>
[2023-02-14T08:22:07.877+0000] {taskinstance.py:1083} INFO - Dependencies all met for <TaskInstance: python_operator_dag_v1.greet manual__2023-02-14T08:22:06.568630+00:00 [queued]>
[2023-02-14T08:22:07.879+0000] {taskinstance.py:1279} INFO - 
--------------------------------------------------------------------------------
[2023-02-14T08:22:07.879+0000] {taskinstance.py:1280} INFO - Starting attempt 1 of 6
[2023-02-14T08:22:07.880+0000] {taskinstance.py:1281} INFO - 
--------------------------------------------------------------------------------
[2023-02-14T08:22:07.888+0000] {taskinstance.py:1300} INFO - Executing <Task(PythonOperator): greet> on 2023-02-14 08:22:06.568630+00:00
[2023-02-14T08:22:07.893+0000] {standard_task_runner.py:55} INFO - Started process 22029 to run task
[2023-02-14T08:22:07.896+0000] {standard_task_runner.py:82} INFO - Running: ['***', 'tasks', 'run', 'python_operator_dag_v1', 'greet', 'manual__2023-02-14T08:22:06.568630+00:00', '--job-id', '12', '--raw', '--subdir', 'DAGS_FOLDER/dag-python-operator.py', '--cfg-path', '/tmp/tmpq_wj072k']
[2023-02-14T08:22:07.899+0000] {standard_task_runner.py:83} INFO - Job 12: Subtask greet
[2023-02-14T08:22:07.965+0000] {task_command.py:388} INFO - Running <TaskInstance: python_operator_dag_v1.greet manual__2023-02-14T08:22:06.568630+00:00 [running]> on host 38744fc0668d
[2023-02-14T08:22:08.020+0000] {taskinstance.py:1509} INFO - Exporting the following env vars:
AIRFLOW_CTX_DAG_OWNER=tlysenko
AIRFLOW_CTX_DAG_ID=python_operator_dag_v1
AIRFLOW_CTX_TASK_ID=greet
AIRFLOW_CTX_EXECUTION_DATE=2023-02-14T08:22:06.568630+00:00
AIRFLOW_CTX_TRY_NUMBER=1
AIRFLOW_CTX_DAG_RUN_ID=manual__2023-02-14T08:22:06.568630+00:00
[2023-02-14T08:22:08.021+0000] {logging_mixin.py:137} INFO - Hello World!
[2023-02-14T08:22:08.021+0000] {python.py:177} INFO - Done. Returned value was: None
[2023-02-14T08:22:08.029+0000] {taskinstance.py:1323} INFO - Marking task as SUCCESS. dag_id=python_operator_dag_v1, task_id=greet, execution_date=20230214T082206, start_date=20230214T082207, end_date=20230214T082208
[2023-02-14T08:22:08.070+0000] {local_task_job.py:208} INFO - Task exited with return code 0
[2023-02-14T08:22:08.086+0000] {taskinstance.py:2578} INFO - 0 downstream tasks scheduled from follow-on schedule check
