[2023-02-15T09:18:56.817+0000] {taskinstance.py:1083} INFO - Dependencies all met for <TaskInstance: Dag_with_dependencies_v1.0.get_sklearn manual__2023-02-15T09:16:54.295928+00:00 [queued]>
[2023-02-15T09:18:56.826+0000] {taskinstance.py:1083} INFO - Dependencies all met for <TaskInstance: Dag_with_dependencies_v1.0.get_sklearn manual__2023-02-15T09:16:54.295928+00:00 [queued]>
[2023-02-15T09:18:56.827+0000] {taskinstance.py:1279} INFO - 
--------------------------------------------------------------------------------
[2023-02-15T09:18:56.828+0000] {taskinstance.py:1280} INFO - Starting attempt 2 of 6
[2023-02-15T09:18:56.828+0000] {taskinstance.py:1281} INFO - 
--------------------------------------------------------------------------------
[2023-02-15T09:18:56.840+0000] {taskinstance.py:1300} INFO - Executing <Task(PythonOperator): get_sklearn> on 2023-02-15 09:16:54.295928+00:00
[2023-02-15T09:18:56.848+0000] {standard_task_runner.py:55} INFO - Started process 237 to run task
[2023-02-15T09:18:56.857+0000] {standard_task_runner.py:82} INFO - Running: ['***', 'tasks', 'run', 'Dag_with_dependencies_v1.0', 'get_sklearn', 'manual__2023-02-15T09:16:54.295928+00:00', '--job-id', '112', '--raw', '--subdir', 'DAGS_FOLDER/dag_with_dependencies.py', '--cfg-path', '/tmp/tmpynw5rxp5']
[2023-02-15T09:18:56.859+0000] {standard_task_runner.py:83} INFO - Job 112: Subtask get_sklearn
[2023-02-15T09:18:56.930+0000] {task_command.py:388} INFO - Running <TaskInstance: Dag_with_dependencies_v1.0.get_sklearn manual__2023-02-15T09:16:54.295928+00:00 [running]> on host bdfc79b04b05
[2023-02-15T09:18:57.018+0000] {taskinstance.py:1509} INFO - Exporting the following env vars:
AIRFLOW_CTX_DAG_OWNER=tlysenko
AIRFLOW_CTX_DAG_ID=Dag_with_dependencies_v1.0
AIRFLOW_CTX_TASK_ID=get_sklearn
AIRFLOW_CTX_EXECUTION_DATE=2023-02-15T09:16:54.295928+00:00
AIRFLOW_CTX_TRY_NUMBER=2
AIRFLOW_CTX_DAG_RUN_ID=manual__2023-02-15T09:16:54.295928+00:00
[2023-02-15T09:18:57.417+0000] {logging_mixin.py:137} INFO - sklearn version 0.24.2
[2023-02-15T09:18:57.419+0000] {python.py:177} INFO - Done. Returned value was: None
[2023-02-15T09:18:57.661+0000] {taskinstance.py:1323} INFO - Marking task as SUCCESS. dag_id=Dag_with_dependencies_v1.0, task_id=get_sklearn, execution_date=20230215T091654, start_date=20230215T091856, end_date=20230215T091857
[2023-02-15T09:18:57.715+0000] {local_task_job.py:208} INFO - Task exited with return code 0
[2023-02-15T09:18:57.737+0000] {taskinstance.py:2578} INFO - 0 downstream tasks scheduled from follow-on schedule check
