[2023-02-13T12:25:17.705+0000] {taskinstance.py:1083} INFO - Dependencies all met for <TaskInstance: example_bash_operator.runme_2 scheduled__2023-02-12T00:00:00+00:00 [queued]>
[2023-02-13T12:25:17.777+0000] {taskinstance.py:1083} INFO - Dependencies all met for <TaskInstance: example_bash_operator.runme_2 scheduled__2023-02-12T00:00:00+00:00 [queued]>
[2023-02-13T12:25:17.778+0000] {taskinstance.py:1279} INFO - 
--------------------------------------------------------------------------------
[2023-02-13T12:25:17.779+0000] {taskinstance.py:1280} INFO - Starting attempt 1 of 1
[2023-02-13T12:25:17.780+0000] {taskinstance.py:1281} INFO - 
--------------------------------------------------------------------------------
[2023-02-13T12:25:17.837+0000] {taskinstance.py:1300} INFO - Executing <Task(BashOperator): runme_2> on 2023-02-12 00:00:00+00:00
[2023-02-13T12:25:17.865+0000] {standard_task_runner.py:55} INFO - Started process 15350 to run task
[2023-02-13T12:25:17.917+0000] {standard_task_runner.py:82} INFO - Running: ['***', 'tasks', 'run', 'example_bash_operator', 'runme_2', 'scheduled__2023-02-12T00:00:00+00:00', '--job-id', '10', '--raw', '--subdir', '/home/***/.local/lib/python3.7/site-packages/***/example_dags/example_bash_operator.py', '--cfg-path', '/tmp/tmpgx31vgws']
[2023-02-13T12:25:17.920+0000] {standard_task_runner.py:83} INFO - Job 10: Subtask runme_2
[2023-02-13T12:25:18.499+0000] {task_command.py:388} INFO - Running <TaskInstance: example_bash_operator.runme_2 scheduled__2023-02-12T00:00:00+00:00 [running]> on host c629041687f2
[2023-02-13T12:25:18.876+0000] {taskinstance.py:1509} INFO - Exporting the following env vars:
AIRFLOW_CTX_DAG_OWNER=***
AIRFLOW_CTX_DAG_ID=example_bash_operator
AIRFLOW_CTX_TASK_ID=runme_2
AIRFLOW_CTX_EXECUTION_DATE=2023-02-12T00:00:00+00:00
AIRFLOW_CTX_TRY_NUMBER=1
AIRFLOW_CTX_DAG_RUN_ID=scheduled__2023-02-12T00:00:00+00:00
[2023-02-13T12:25:18.882+0000] {subprocess.py:63} INFO - Tmp dir root location: 
 /tmp
[2023-02-13T12:25:18.885+0000] {subprocess.py:75} INFO - Running command: ['/bin/bash', '-c', 'echo "example_bash_operator__runme_2__20230212" && sleep 1']
[2023-02-13T12:25:18.960+0000] {subprocess.py:86} INFO - Output:
[2023-02-13T12:25:18.964+0000] {subprocess.py:93} INFO - example_bash_operator__runme_2__20230212
[2023-02-13T12:25:19.968+0000] {subprocess.py:97} INFO - Command exited with return code 0
[2023-02-13T12:25:20.098+0000] {taskinstance.py:1323} INFO - Marking task as SUCCESS. dag_id=example_bash_operator, task_id=runme_2, execution_date=20230212T000000, start_date=20230213T122517, end_date=20230213T122520
[2023-02-13T12:25:20.230+0000] {local_task_job.py:208} INFO - Task exited with return code 0
[2023-02-13T12:25:20.338+0000] {taskinstance.py:2578} INFO - 0 downstream tasks scheduled from follow-on schedule check
