[2023-02-14T09:09:54.529+0000] {taskinstance.py:1083} INFO - Dependencies all met for <TaskInstance: python_operator_dag_v1.5.get_name manual__2023-02-14T09:09:53.459187+00:00 [queued]>
[2023-02-14T09:09:54.538+0000] {taskinstance.py:1083} INFO - Dependencies all met for <TaskInstance: python_operator_dag_v1.5.get_name manual__2023-02-14T09:09:53.459187+00:00 [queued]>
[2023-02-14T09:09:54.539+0000] {taskinstance.py:1279} INFO - 
--------------------------------------------------------------------------------
[2023-02-14T09:09:54.539+0000] {taskinstance.py:1280} INFO - Starting attempt 1 of 6
[2023-02-14T09:09:54.539+0000] {taskinstance.py:1281} INFO - 
--------------------------------------------------------------------------------
[2023-02-14T09:09:54.549+0000] {taskinstance.py:1300} INFO - Executing <Task(PythonOperator): get_name> on 2023-02-14 09:09:53.459187+00:00
[2023-02-14T09:09:54.553+0000] {standard_task_runner.py:55} INFO - Started process 25910 to run task
[2023-02-14T09:09:54.556+0000] {standard_task_runner.py:82} INFO - Running: ['***', 'tasks', 'run', 'python_operator_dag_v1.5', 'get_name', 'manual__2023-02-14T09:09:53.459187+00:00', '--job-id', '17', '--raw', '--subdir', 'DAGS_FOLDER/dag-python-operator.py', '--cfg-path', '/tmp/tmp0hyis13z']
[2023-02-14T09:09:54.559+0000] {standard_task_runner.py:83} INFO - Job 17: Subtask get_name
[2023-02-14T09:09:54.626+0000] {task_command.py:388} INFO - Running <TaskInstance: python_operator_dag_v1.5.get_name manual__2023-02-14T09:09:53.459187+00:00 [running]> on host 38744fc0668d
[2023-02-14T09:09:54.689+0000] {taskinstance.py:1509} INFO - Exporting the following env vars:
AIRFLOW_CTX_DAG_OWNER=tlysenko
AIRFLOW_CTX_DAG_ID=python_operator_dag_v1.5
AIRFLOW_CTX_TASK_ID=get_name
AIRFLOW_CTX_EXECUTION_DATE=2023-02-14T09:09:53.459187+00:00
AIRFLOW_CTX_TRY_NUMBER=1
AIRFLOW_CTX_DAG_RUN_ID=manual__2023-02-14T09:09:53.459187+00:00
[2023-02-14T09:09:54.690+0000] {python.py:177} INFO - Done. Returned value was: Jerry
[2023-02-14T09:09:54.712+0000] {taskinstance.py:1323} INFO - Marking task as SUCCESS. dag_id=python_operator_dag_v1.5, task_id=get_name, execution_date=20230214T090953, start_date=20230214T090954, end_date=20230214T090954
[2023-02-14T09:09:54.775+0000] {local_task_job.py:208} INFO - Task exited with return code 0
[2023-02-14T09:09:54.796+0000] {taskinstance.py:2578} INFO - 1 downstream tasks scheduled from follow-on schedule check
