[2023-02-14T13:21:28.824+0000] {taskinstance.py:1083} INFO - Dependencies all met for <TaskInstance: postgres_operator_dag_v1.0.create_posgtres_table manual__2023-02-14T13:11:23.459593+00:00 [queued]>
[2023-02-14T13:21:28.830+0000] {taskinstance.py:1083} INFO - Dependencies all met for <TaskInstance: postgres_operator_dag_v1.0.create_posgtres_table manual__2023-02-14T13:11:23.459593+00:00 [queued]>
[2023-02-14T13:21:28.831+0000] {taskinstance.py:1279} INFO - 
--------------------------------------------------------------------------------
[2023-02-14T13:21:28.831+0000] {taskinstance.py:1280} INFO - Starting attempt 6 of 6
[2023-02-14T13:21:28.832+0000] {taskinstance.py:1281} INFO - 
--------------------------------------------------------------------------------
[2023-02-14T13:21:28.839+0000] {taskinstance.py:1300} INFO - Executing <Task(PostgresOperator): create_posgtres_table> on 2023-02-14 13:11:23.459593+00:00
[2023-02-14T13:21:28.845+0000] {standard_task_runner.py:55} INFO - Started process 4168 to run task
[2023-02-14T13:21:28.848+0000] {standard_task_runner.py:82} INFO - Running: ['***', 'tasks', 'run', 'postgres_operator_dag_v1.0', 'create_posgtres_table', 'manual__2023-02-14T13:11:23.459593+00:00', '--job-id', '64', '--raw', '--subdir', 'DAGS_FOLDER/dag_with_postgres_operator.py', '--cfg-path', '/tmp/tmpb7tsby8w']
[2023-02-14T13:21:28.851+0000] {standard_task_runner.py:83} INFO - Job 64: Subtask create_posgtres_table
[2023-02-14T13:21:28.900+0000] {task_command.py:388} INFO - Running <TaskInstance: postgres_operator_dag_v1.0.create_posgtres_table manual__2023-02-14T13:11:23.459593+00:00 [running]> on host 01550fe0586b
[2023-02-14T13:21:28.946+0000] {taskinstance.py:1509} INFO - Exporting the following env vars:
AIRFLOW_CTX_DAG_OWNER=tlysenko
AIRFLOW_CTX_DAG_ID=postgres_operator_dag_v1.0
AIRFLOW_CTX_TASK_ID=create_posgtres_table
AIRFLOW_CTX_EXECUTION_DATE=2023-02-14T13:11:23.459593+00:00
AIRFLOW_CTX_TRY_NUMBER=6
AIRFLOW_CTX_DAG_RUN_ID=manual__2023-02-14T13:11:23.459593+00:00
[2023-02-14T13:21:28.947+0000] {sql.py:254} INFO - Executing: 
            CREATE TABLE IF NOT EXISTS dag_runs (
            dt date,
            dag_id character varying(250),
            primary key (dt, dag_id)
            )
        
[2023-02-14T13:21:28.955+0000] {base.py:73} INFO - Using connection ID 'postgres_localhost' for task execution.
[2023-02-14T13:21:29.083+0000] {base.py:73} INFO - Using connection ID 'postgres_localhost' for task execution.
[2023-02-14T13:21:29.111+0000] {taskinstance.py:1768} ERROR - Task failed with exception
Traceback (most recent call last):
  File "/home/airflow/.local/lib/python3.7/site-packages/airflow/providers/common/sql/operators/sql.py", line 266, in execute
    **extra_kwargs,
  File "/home/airflow/.local/lib/python3.7/site-packages/airflow/providers/common/sql/hooks/sql.py", line 342, in run
    with closing(self.get_conn()) as conn:
  File "/home/airflow/.local/lib/python3.7/site-packages/airflow/providers/postgres/hooks/postgres.py", line 144, in get_conn
    self.conn = psycopg2.connect(**conn_args)
  File "/home/airflow/.local/lib/python3.7/site-packages/psycopg2/__init__.py", line 122, in connect
    conn = _connect(dsn, connection_factory=connection_factory, **kwasync)
psycopg2.OperationalError: could not translate host name "host.docker.inernal" to address: Name or service not known

[2023-02-14T13:21:29.122+0000] {taskinstance.py:1323} INFO - Marking task as FAILED. dag_id=postgres_operator_dag_v1.0, task_id=create_posgtres_table, execution_date=20230214T131123, start_date=20230214T132128, end_date=20230214T132129
[2023-02-14T13:21:29.130+0000] {standard_task_runner.py:105} ERROR - Failed to execute job 64 for task create_posgtres_table (could not translate host name "host.docker.inernal" to address: Name or service not known
; 4168)
[2023-02-14T13:21:29.147+0000] {local_task_job.py:208} INFO - Task exited with return code 1
[2023-02-14T13:21:29.164+0000] {taskinstance.py:2578} INFO - 0 downstream tasks scheduled from follow-on schedule check
