[2023-02-14T13:19:28.273+0000] {taskinstance.py:1083} INFO - Dependencies all met for <TaskInstance: postgres_operator_dag_v1.0.create_posgtres_table manual__2023-02-14T13:11:23.459593+00:00 [queued]>
[2023-02-14T13:19:28.278+0000] {taskinstance.py:1083} INFO - Dependencies all met for <TaskInstance: postgres_operator_dag_v1.0.create_posgtres_table manual__2023-02-14T13:11:23.459593+00:00 [queued]>
[2023-02-14T13:19:28.279+0000] {taskinstance.py:1279} INFO - 
--------------------------------------------------------------------------------
[2023-02-14T13:19:28.279+0000] {taskinstance.py:1280} INFO - Starting attempt 5 of 6
[2023-02-14T13:19:28.280+0000] {taskinstance.py:1281} INFO - 
--------------------------------------------------------------------------------
[2023-02-14T13:19:28.287+0000] {taskinstance.py:1300} INFO - Executing <Task(PostgresOperator): create_posgtres_table> on 2023-02-14 13:11:23.459593+00:00
[2023-02-14T13:19:28.290+0000] {standard_task_runner.py:55} INFO - Started process 3932 to run task
[2023-02-14T13:19:28.293+0000] {standard_task_runner.py:82} INFO - Running: ['***', 'tasks', 'run', 'postgres_operator_dag_v1.0', 'create_posgtres_table', 'manual__2023-02-14T13:11:23.459593+00:00', '--job-id', '61', '--raw', '--subdir', 'DAGS_FOLDER/dag_with_postgres_operator.py', '--cfg-path', '/tmp/tmpqzvtwk4c']
[2023-02-14T13:19:28.295+0000] {standard_task_runner.py:83} INFO - Job 61: Subtask create_posgtres_table
[2023-02-14T13:19:28.345+0000] {task_command.py:388} INFO - Running <TaskInstance: postgres_operator_dag_v1.0.create_posgtres_table manual__2023-02-14T13:11:23.459593+00:00 [running]> on host 01550fe0586b
[2023-02-14T13:19:28.389+0000] {taskinstance.py:1509} INFO - Exporting the following env vars:
AIRFLOW_CTX_DAG_OWNER=tlysenko
AIRFLOW_CTX_DAG_ID=postgres_operator_dag_v1.0
AIRFLOW_CTX_TASK_ID=create_posgtres_table
AIRFLOW_CTX_EXECUTION_DATE=2023-02-14T13:11:23.459593+00:00
AIRFLOW_CTX_TRY_NUMBER=5
AIRFLOW_CTX_DAG_RUN_ID=manual__2023-02-14T13:11:23.459593+00:00
[2023-02-14T13:19:28.390+0000] {sql.py:254} INFO - Executing: 
            CREATE TABLE IF NOT EXISTS dag_runs (
            dt date,
            dag_id character varying(250),
            primary key (dt, dag_id)
            )
        
[2023-02-14T13:19:28.398+0000] {base.py:73} INFO - Using connection ID 'postgres_localhost' for task execution.
[2023-02-14T13:19:28.502+0000] {base.py:73} INFO - Using connection ID 'postgres_localhost' for task execution.
[2023-02-14T13:19:28.510+0000] {taskinstance.py:1768} ERROR - Task failed with exception
Traceback (most recent call last):
  File "/home/airflow/.local/lib/python3.7/site-packages/airflow/providers/common/sql/operators/sql.py", line 266, in execute
    **extra_kwargs,
  File "/home/airflow/.local/lib/python3.7/site-packages/airflow/providers/common/sql/hooks/sql.py", line 342, in run
    with closing(self.get_conn()) as conn:
  File "/home/airflow/.local/lib/python3.7/site-packages/airflow/providers/postgres/hooks/postgres.py", line 144, in get_conn
    self.conn = psycopg2.connect(**conn_args)
  File "/home/airflow/.local/lib/python3.7/site-packages/psycopg2/__init__.py", line 122, in connect
    conn = _connect(dsn, connection_factory=connection_factory, **kwasync)
psycopg2.OperationalError: could not translate host name "host.docker.inernal" to address: Name or service not known

[2023-02-14T13:19:28.521+0000] {taskinstance.py:1323} INFO - Marking task as UP_FOR_RETRY. dag_id=postgres_operator_dag_v1.0, task_id=create_posgtres_table, execution_date=20230214T131123, start_date=20230214T131928, end_date=20230214T131928
[2023-02-14T13:19:28.530+0000] {standard_task_runner.py:105} ERROR - Failed to execute job 61 for task create_posgtres_table (could not translate host name "host.docker.inernal" to address: Name or service not known
; 3932)
[2023-02-14T13:19:28.547+0000] {local_task_job.py:208} INFO - Task exited with return code 1
[2023-02-14T13:19:28.568+0000] {taskinstance.py:2578} INFO - 0 downstream tasks scheduled from follow-on schedule check
