[2023-02-14T09:46:55.291+0000] {taskinstance.py:1083} INFO - Dependencies all met for <TaskInstance: python_operator_dag_v1.7.greet manual__2023-02-14T09:46:53.252799+00:00 [queued]>
[2023-02-14T09:46:55.298+0000] {taskinstance.py:1083} INFO - Dependencies all met for <TaskInstance: python_operator_dag_v1.7.greet manual__2023-02-14T09:46:53.252799+00:00 [queued]>
[2023-02-14T09:46:55.299+0000] {taskinstance.py:1279} INFO - 
--------------------------------------------------------------------------------
[2023-02-14T09:46:55.299+0000] {taskinstance.py:1280} INFO - Starting attempt 1 of 6
[2023-02-14T09:46:55.300+0000] {taskinstance.py:1281} INFO - 
--------------------------------------------------------------------------------
[2023-02-14T09:46:55.308+0000] {taskinstance.py:1300} INFO - Executing <Task(PythonOperator): greet> on 2023-02-14 09:46:53.252799+00:00
[2023-02-14T09:46:55.312+0000] {standard_task_runner.py:55} INFO - Started process 28911 to run task
[2023-02-14T09:46:55.315+0000] {standard_task_runner.py:82} INFO - Running: ['***', 'tasks', 'run', 'python_operator_dag_v1.7', 'greet', 'manual__2023-02-14T09:46:53.252799+00:00', '--job-id', '23', '--raw', '--subdir', 'DAGS_FOLDER/dag-python-operator.py', '--cfg-path', '/tmp/tmp9qgsvogu']
[2023-02-14T09:46:55.317+0000] {standard_task_runner.py:83} INFO - Job 23: Subtask greet
[2023-02-14T09:46:55.365+0000] {task_command.py:388} INFO - Running <TaskInstance: python_operator_dag_v1.7.greet manual__2023-02-14T09:46:53.252799+00:00 [running]> on host 38744fc0668d
[2023-02-14T09:46:55.412+0000] {taskinstance.py:1509} INFO - Exporting the following env vars:
AIRFLOW_CTX_DAG_OWNER=tlysenko
AIRFLOW_CTX_DAG_ID=python_operator_dag_v1.7
AIRFLOW_CTX_TASK_ID=greet
AIRFLOW_CTX_EXECUTION_DATE=2023-02-14T09:46:53.252799+00:00
AIRFLOW_CTX_TRY_NUMBER=1
AIRFLOW_CTX_DAG_RUN_ID=manual__2023-02-14T09:46:53.252799+00:00
[2023-02-14T09:46:55.434+0000] {logging_mixin.py:137} INFO - Hello World! My name is Jerry Fridman and I am 33 years old
[2023-02-14T09:46:55.435+0000] {python.py:177} INFO - Done. Returned value was: None
[2023-02-14T09:46:55.443+0000] {taskinstance.py:1323} INFO - Marking task as SUCCESS. dag_id=python_operator_dag_v1.7, task_id=greet, execution_date=20230214T094653, start_date=20230214T094655, end_date=20230214T094655
[2023-02-14T09:46:55.491+0000] {local_task_job.py:208} INFO - Task exited with return code 0
[2023-02-14T09:46:55.506+0000] {taskinstance.py:2578} INFO - 0 downstream tasks scheduled from follow-on schedule check
