[2023-02-22T15:52:14.057+0000] {taskinstance.py:1083} INFO - Dependencies all met for <TaskInstance: csv_from_s3_to_s3_v01.ETL manual__2023-02-22T15:52:12.161980+00:00 [queued]>
[2023-02-22T15:52:14.065+0000] {taskinstance.py:1083} INFO - Dependencies all met for <TaskInstance: csv_from_s3_to_s3_v01.ETL manual__2023-02-22T15:52:12.161980+00:00 [queued]>
[2023-02-22T15:52:14.066+0000] {taskinstance.py:1279} INFO - 
--------------------------------------------------------------------------------
[2023-02-22T15:52:14.066+0000] {taskinstance.py:1280} INFO - Starting attempt 1 of 1
[2023-02-22T15:52:14.067+0000] {taskinstance.py:1281} INFO - 
--------------------------------------------------------------------------------
[2023-02-22T15:52:14.076+0000] {taskinstance.py:1300} INFO - Executing <Task(PythonOperator): ETL> on 2023-02-22 15:52:12.161980+00:00
[2023-02-22T15:52:14.083+0000] {standard_task_runner.py:55} INFO - Started process 4066 to run task
[2023-02-22T15:52:14.087+0000] {standard_task_runner.py:82} INFO - Running: ['***', 'tasks', 'run', 'csv_from_s3_to_s3_v01', 'ETL', 'manual__2023-02-22T15:52:12.161980+00:00', '--job-id', '184', '--raw', '--subdir', 'DAGS_FOLDER/dag_cleaning_via_s3.py', '--cfg-path', '/tmp/tmpb6vl_czd']
[2023-02-22T15:52:14.089+0000] {standard_task_runner.py:83} INFO - Job 184: Subtask ETL
[2023-02-22T15:52:14.152+0000] {task_command.py:388} INFO - Running <TaskInstance: csv_from_s3_to_s3_v01.ETL manual__2023-02-22T15:52:12.161980+00:00 [running]> on host 22976f44c0e9
[2023-02-22T15:52:14.200+0000] {taskinstance.py:1509} INFO - Exporting the following env vars:
AIRFLOW_CTX_DAG_OWNER=***
AIRFLOW_CTX_DAG_ID=csv_from_s3_to_s3_v01
AIRFLOW_CTX_TASK_ID=ETL
AIRFLOW_CTX_EXECUTION_DATE=2023-02-22T15:52:12.161980+00:00
AIRFLOW_CTX_TRY_NUMBER=1
AIRFLOW_CTX_DAG_RUN_ID=manual__2023-02-22T15:52:12.161980+00:00
[2023-02-22T15:52:14.202+0000] {taskinstance.py:1768} ERROR - Task failed with exception
Traceback (most recent call last):
  File "/home/airflow/.local/lib/python3.7/site-packages/airflow/operators/python.py", line 175, in execute
    return_value = self.execute_callable()
  File "/home/airflow/.local/lib/python3.7/site-packages/airflow/operators/python.py", line 192, in execute_callable
    return self.python_callable(*self.op_args, **self.op_kwargs)
  File "/opt/airflow/dags/dag_cleaning_via_s3.py", line 66, in ETL
    aws_conn_id=aws_conn_id)
  File "/opt/airflow/dags/dag_cleaning_via_s3.py", line 32, in get_file_from_s3
    s3_object = s3_hook.get_key(file_name, s3_bucket_name, check_for_existence=False)
  File "/home/airflow/.local/lib/python3.7/site-packages/airflow/providers/amazon/aws/hooks/s3.py", line 84, in wrapper
    bound_args = function_signature.bind(*args, **kwargs)
  File "/usr/local/lib/python3.7/inspect.py", line 3015, in bind
    return args[0]._bind(args[1:], kwargs)
  File "/usr/local/lib/python3.7/inspect.py", line 3006, in _bind
    arg=next(iter(kwargs))))
TypeError: got an unexpected keyword argument 'check_for_existence'
[2023-02-22T15:52:14.211+0000] {taskinstance.py:1323} INFO - Marking task as FAILED. dag_id=csv_from_s3_to_s3_v01, task_id=ETL, execution_date=20230222T155212, start_date=20230222T155214, end_date=20230222T155214
[2023-02-22T15:52:14.218+0000] {standard_task_runner.py:105} ERROR - Failed to execute job 184 for task ETL (got an unexpected keyword argument 'check_for_existence'; 4066)
[2023-02-22T15:52:14.264+0000] {local_task_job.py:208} INFO - Task exited with return code 1
[2023-02-22T15:52:14.284+0000] {taskinstance.py:2578} INFO - 0 downstream tasks scheduled from follow-on schedule check
