[2023-02-23T14:35:30.733+0000] {taskinstance.py:1083} INFO - Dependencies all met for <TaskInstance: listing_4_03.print_context manual__2023-02-23T14:35:29.949199+00:00 [queued]>
[2023-02-23T14:35:30.741+0000] {taskinstance.py:1083} INFO - Dependencies all met for <TaskInstance: listing_4_03.print_context manual__2023-02-23T14:35:29.949199+00:00 [queued]>
[2023-02-23T14:35:30.742+0000] {taskinstance.py:1279} INFO - 
--------------------------------------------------------------------------------
[2023-02-23T14:35:30.742+0000] {taskinstance.py:1280} INFO - Starting attempt 1 of 1
[2023-02-23T14:35:30.743+0000] {taskinstance.py:1281} INFO - 
--------------------------------------------------------------------------------
[2023-02-23T14:35:30.751+0000] {taskinstance.py:1300} INFO - Executing <Task(PythonOperator): print_context> on 2023-02-23 14:35:29.949199+00:00
[2023-02-23T14:35:30.757+0000] {standard_task_runner.py:55} INFO - Started process 73602 to run task
[2023-02-23T14:35:30.761+0000] {standard_task_runner.py:82} INFO - Running: ['***', 'tasks', 'run', 'listing_4_03', 'print_context', 'manual__2023-02-23T14:35:29.949199+00:00', '--job-id', '238', '--raw', '--subdir', 'DAGS_FOLDER/dag_kwargs.py', '--cfg-path', '/tmp/tmpefpvjcks']
[2023-02-23T14:35:30.763+0000] {standard_task_runner.py:83} INFO - Job 238: Subtask print_context
[2023-02-23T14:35:30.828+0000] {task_command.py:388} INFO - Running <TaskInstance: listing_4_03.print_context manual__2023-02-23T14:35:29.949199+00:00 [running]> on host e29b8426fc8e
[2023-02-23T14:35:30.886+0000] {taskinstance.py:1509} INFO - Exporting the following env vars:
AIRFLOW_CTX_DAG_OWNER=***
AIRFLOW_CTX_DAG_ID=listing_4_03
AIRFLOW_CTX_TASK_ID=print_context
AIRFLOW_CTX_EXECUTION_DATE=2023-02-23T14:35:29.949199+00:00
AIRFLOW_CTX_TRY_NUMBER=1
AIRFLOW_CTX_DAG_RUN_ID=manual__2023-02-23T14:35:29.949199+00:00
[2023-02-23T14:35:30.887+0000] {dag_kwargs.py:15} INFO - Printing context variables:
[2023-02-23T14:35:30.888+0000] {dag_kwargs.py:17} INFO - conf: <***.configuration.AirflowConfigParser object at 0xffff9abbf990>
[2023-02-23T14:35:30.889+0000] {dag_kwargs.py:17} INFO - dag: <DAG: listing_4_03>
[2023-02-23T14:35:30.889+0000] {dag_kwargs.py:17} INFO - dag_run: <DagRun listing_4_03 @ 2023-02-23 14:35:29.949199+00:00: manual__2023-02-23T14:35:29.949199+00:00, state:running, queued_at: 2023-02-23 14:35:29.959049+00:00. externally triggered: True>
[2023-02-23T14:35:30.890+0000] {dag_kwargs.py:17} INFO - data_interval_end: 2023-02-23T00:00:00+00:00
[2023-02-23T14:35:30.890+0000] {dag_kwargs.py:17} INFO - data_interval_start: 2023-02-22T00:00:00+00:00
[2023-02-23T14:35:30.890+0000] {dag_kwargs.py:17} INFO - ds_nodash: 20230223
[2023-02-23T14:35:30.894+0000] {logging_mixin.py:137} WARNING - /home/***/.local/lib/python3.7/site-packages/***/utils/context.py:313 AirflowContextDeprecationWarning: Accessing 'execution_date' from the template is deprecated and will be removed in a future version. Please use 'data_interval_start' or 'logical_date' instead.
[2023-02-23T14:35:30.895+0000] {dag_kwargs.py:17} INFO - execution_date: 2023-02-23T14:35:29.949199+00:00
[2023-02-23T14:35:30.895+0000] {dag_kwargs.py:17} INFO - expanded_ti_count: None
[2023-02-23T14:35:30.895+0000] {dag_kwargs.py:17} INFO - inlets: []
[2023-02-23T14:35:30.896+0000] {dag_kwargs.py:17} INFO - logical_date: 2023-02-23T14:35:29.949199+00:00
[2023-02-23T14:35:30.896+0000] {dag_kwargs.py:17} INFO - macros: <module '***.macros' from '/home/***/.local/lib/python3.7/site-packages/***/macros/__init__.py'>
[2023-02-23T14:35:30.897+0000] {logging_mixin.py:137} WARNING - /home/***/.local/lib/python3.7/site-packages/***/utils/context.py:313 AirflowContextDeprecationWarning: Accessing 'next_ds' from the template is deprecated and will be removed in a future version. Please use '{{ data_interval_end | ds }}' instead.
[2023-02-23T14:35:30.897+0000] {dag_kwargs.py:17} INFO - next_ds: 2023-02-23
[2023-02-23T14:35:30.898+0000] {logging_mixin.py:137} WARNING - /home/***/.local/lib/python3.7/site-packages/***/utils/context.py:313 AirflowContextDeprecationWarning: Accessing 'next_ds_nodash' from the template is deprecated and will be removed in a future version. Please use '{{ data_interval_end | ds_nodash }}' instead.
[2023-02-23T14:35:30.899+0000] {dag_kwargs.py:17} INFO - next_ds_nodash: 20230223
[2023-02-23T14:35:30.900+0000] {logging_mixin.py:137} WARNING - /home/***/.local/lib/python3.7/site-packages/***/utils/context.py:313 AirflowContextDeprecationWarning: Accessing 'next_execution_date' from the template is deprecated and will be removed in a future version. Please use 'data_interval_end' instead.
[2023-02-23T14:35:30.901+0000] {dag_kwargs.py:17} INFO - next_execution_date: 2023-02-23T14:35:29.949199+00:00
[2023-02-23T14:35:30.901+0000] {dag_kwargs.py:17} INFO - outlets: []
[2023-02-23T14:35:30.902+0000] {dag_kwargs.py:17} INFO - params: {}
[2023-02-23T14:35:30.902+0000] {dag_kwargs.py:17} INFO - prev_data_interval_start_success: 2023-02-22T00:00:00+00:00
[2023-02-23T14:35:30.902+0000] {dag_kwargs.py:17} INFO - prev_data_interval_end_success: 2023-02-23T00:00:00+00:00
[2023-02-23T14:35:30.903+0000] {logging_mixin.py:137} WARNING - /home/***/.local/lib/python3.7/site-packages/***/utils/context.py:313 AirflowContextDeprecationWarning: Accessing 'prev_ds' from the template is deprecated and will be removed in a future version.
[2023-02-23T14:35:30.904+0000] {dag_kwargs.py:17} INFO - prev_ds: 2023-02-23
[2023-02-23T14:35:30.904+0000] {logging_mixin.py:137} WARNING - /home/***/.local/lib/python3.7/site-packages/***/utils/context.py:313 AirflowContextDeprecationWarning: Accessing 'prev_ds_nodash' from the template is deprecated and will be removed in a future version.
[2023-02-23T14:35:30.905+0000] {dag_kwargs.py:17} INFO - prev_ds_nodash: 20230223
[2023-02-23T14:35:30.906+0000] {logging_mixin.py:137} WARNING - /home/***/.local/lib/python3.7/site-packages/***/utils/context.py:313 AirflowContextDeprecationWarning: Accessing 'prev_execution_date' from the template is deprecated and will be removed in a future version.
[2023-02-23T14:35:30.906+0000] {dag_kwargs.py:17} INFO - prev_execution_date: 2023-02-23T14:35:29.949199+00:00
[2023-02-23T14:35:30.908+0000] {logging_mixin.py:137} WARNING - /home/***/.local/lib/python3.7/site-packages/***/utils/context.py:313 AirflowContextDeprecationWarning: Accessing 'prev_execution_date_success' from the template is deprecated and will be removed in a future version. Please use 'prev_data_interval_start_success' instead.
[2023-02-23T14:35:30.908+0000] {dag_kwargs.py:17} INFO - prev_execution_date_success: 2023-02-23T14:26:52.775919+00:00
[2023-02-23T14:35:30.909+0000] {dag_kwargs.py:17} INFO - prev_start_date_success: 2023-02-23T14:26:53.245714+00:00
[2023-02-23T14:35:30.910+0000] {dag_kwargs.py:17} INFO - run_id: manual__2023-02-23T14:35:29.949199+00:00
[2023-02-23T14:35:30.910+0000] {dag_kwargs.py:17} INFO - task: <Task(PythonOperator): print_context>
[2023-02-23T14:35:30.911+0000] {dag_kwargs.py:17} INFO - task_instance: <TaskInstance: listing_4_03.print_context manual__2023-02-23T14:35:29.949199+00:00 [running]>
[2023-02-23T14:35:30.912+0000] {dag_kwargs.py:17} INFO - task_instance_key_str: listing_4_03__print_context__20230223
[2023-02-23T14:35:30.913+0000] {dag_kwargs.py:17} INFO - test_mode: False
[2023-02-23T14:35:30.913+0000] {dag_kwargs.py:17} INFO - ti: <TaskInstance: listing_4_03.print_context manual__2023-02-23T14:35:29.949199+00:00 [running]>
[2023-02-23T14:35:30.915+0000] {logging_mixin.py:137} WARNING - /home/***/.local/lib/python3.7/site-packages/***/utils/context.py:313 AirflowContextDeprecationWarning: Accessing 'tomorrow_ds' from the template is deprecated and will be removed in a future version.
[2023-02-23T14:35:30.916+0000] {dag_kwargs.py:17} INFO - tomorrow_ds: 2023-02-24
[2023-02-23T14:35:30.917+0000] {logging_mixin.py:137} WARNING - /home/***/.local/lib/python3.7/site-packages/***/utils/context.py:313 AirflowContextDeprecationWarning: Accessing 'tomorrow_ds_nodash' from the template is deprecated and will be removed in a future version.
[2023-02-23T14:35:30.917+0000] {dag_kwargs.py:17} INFO - tomorrow_ds_nodash: 20230224
[2023-02-23T14:35:30.932+0000] {dag_kwargs.py:17} INFO - triggering_dataset_events: defaultdict(<class 'list'>, {})
[2023-02-23T14:35:30.933+0000] {dag_kwargs.py:17} INFO - ts: 2023-02-23T14:35:29.949199+00:00
[2023-02-23T14:35:30.934+0000] {dag_kwargs.py:17} INFO - ts_nodash: 20230223T143529
[2023-02-23T14:35:30.934+0000] {dag_kwargs.py:17} INFO - ts_nodash_with_tz: 20230223T143529.949199+0000
[2023-02-23T14:35:30.935+0000] {dag_kwargs.py:17} INFO - var: {'json': None, 'value': None}
[2023-02-23T14:35:30.935+0000] {dag_kwargs.py:17} INFO - conn: None
[2023-02-23T14:35:30.936+0000] {logging_mixin.py:137} WARNING - /home/***/.local/lib/python3.7/site-packages/***/utils/context.py:313 AirflowContextDeprecationWarning: Accessing 'yesterday_ds' from the template is deprecated and will be removed in a future version.
[2023-02-23T14:35:30.936+0000] {dag_kwargs.py:17} INFO - yesterday_ds: 2023-02-22
[2023-02-23T14:35:30.937+0000] {logging_mixin.py:137} WARNING - /home/***/.local/lib/python3.7/site-packages/***/utils/context.py:313 AirflowContextDeprecationWarning: Accessing 'yesterday_ds_nodash' from the template is deprecated and will be removed in a future version.
[2023-02-23T14:35:30.937+0000] {dag_kwargs.py:17} INFO - yesterday_ds_nodash: 20230222
[2023-02-23T14:35:30.938+0000] {dag_kwargs.py:17} INFO - templates_dict: None
[2023-02-23T14:35:30.939+0000] {secrets_masker.py:230} WARNING - Unable to redact <Proxy at 0xffff86e6a370 wrapping '2023-02-23' at 0xffff86f65a70 with factory functools.partial(<function lazy_mapping_from_context.<locals>._deprecated_proxy_factory at 0xffff86ee89e0>, 'next_ds', '2023-02-23')>, please report this via <https://github.com/apache/***/issues>. Error was: TypeError: expected string or bytes-like object
[2023-02-23T14:35:30.939+0000] {secrets_masker.py:230} WARNING - Unable to redact <Proxy at 0xffff86e6a870 wrapping '20230223' at 0xffff86f59330 with factory functools.partial(<function lazy_mapping_from_context.<locals>._deprecated_proxy_factory at 0xffff86ee89e0>, 'next_ds_nodash', '20230223')>, please report this via <https://github.com/apache/***/issues>. Error was: TypeError: expected string or bytes-like object
[2023-02-23T14:35:30.940+0000] {secrets_masker.py:230} WARNING - Unable to redact <Proxy at 0xffff86e6a230 wrapping '2023-02-23' at 0xffff86f5e8f0 with factory functools.partial(<function lazy_mapping_from_context.<locals>._deprecated_proxy_factory at 0xffff86ee89e0>, 'prev_ds', '2023-02-23')>, please report this via <https://github.com/apache/***/issues>. Error was: TypeError: expected string or bytes-like object
[2023-02-23T14:35:30.940+0000] {secrets_masker.py:230} WARNING - Unable to redact <Proxy at 0xffff86e6a640 wrapping '20230223' at 0xffff871009f0 with factory functools.partial(<function lazy_mapping_from_context.<locals>._deprecated_proxy_factory at 0xffff86ee89e0>, 'prev_ds_nodash', '20230223')>, please report this via <https://github.com/apache/***/issues>. Error was: TypeError: expected string or bytes-like object
[2023-02-23T14:35:30.940+0000] {secrets_masker.py:230} WARNING - Unable to redact <Proxy at 0xffff86e6a690 wrapping '2023-02-24' at 0xffff86eedf70 with factory functools.partial(<function lazy_mapping_from_context.<locals>._deprecated_proxy_factory at 0xffff86ee89e0>, 'tomorrow_ds', '2023-02-24')>, please report this via <https://github.com/apache/***/issues>. Error was: TypeError: expected string or bytes-like object
[2023-02-23T14:35:30.941+0000] {secrets_masker.py:230} WARNING - Unable to redact <Proxy at 0xffff86e6a820 wrapping '20230224' at 0xffff86f65a30 with factory functools.partial(<function lazy_mapping_from_context.<locals>._deprecated_proxy_factory at 0xffff86ee89e0>, 'tomorrow_ds_nodash', '20230224')>, please report this via <https://github.com/apache/***/issues>. Error was: TypeError: expected string or bytes-like object
[2023-02-23T14:35:30.941+0000] {secrets_masker.py:230} WARNING - Unable to redact <Proxy at 0xffff86e6a780 wrapping '2023-02-22' at 0xffff86f5e830 with factory functools.partial(<function lazy_mapping_from_context.<locals>._deprecated_proxy_factory at 0xffff86ee89e0>, 'yesterday_ds', '2023-02-22')>, please report this via <https://github.com/apache/***/issues>. Error was: TypeError: expected string or bytes-like object
[2023-02-23T14:35:30.942+0000] {secrets_masker.py:230} WARNING - Unable to redact <Proxy at 0xffff86e6d190 wrapping '20230222' at 0xffff86eed1f0 with factory functools.partial(<function lazy_mapping_from_context.<locals>._deprecated_proxy_factory at 0xffff86ee89e0>, 'yesterday_ds_nodash', '20230222')>, please report this via <https://github.com/apache/***/issues>. Error was: TypeError: expected string or bytes-like object
[2023-02-23T14:35:30.939+0000] {python.py:177} INFO - Done. Returned value was: {'conf': <airflow.configuration.AirflowConfigParser object at 0xffff9abbf990>, 'dag': <DAG: listing_4_03>, 'dag_run': <DagRun listing_4_03 @ 2023-02-23 14:35:29.949199+00:00: manual__2023-02-23T14:35:29.949199+00:00, state:running, queued_at: 2023-02-23 14:35:29.959049+00:00. externally triggered: True>, 'data_interval_end': DateTime(2023, 2, 23, 0, 0, 0, tzinfo=Timezone('UTC')), 'data_interval_start': DateTime(2023, 2, 22, 0, 0, 0, tzinfo=Timezone('UTC')), 'ds_nodash': '20230223', 'execution_date': <Proxy at 0xffff86e6a320 wrapping DateTime(2023, 2, 23, 14, 35, 29, 949199, tzinfo=Timezone('UTC')) at 0xffff86f4bef0 with factory functools.partial(<function lazy_mapping_from_context.<locals>._deprecated_proxy_factory at 0xffff86ee89e0>, 'execution_date', DateTime(2023, 2, 23, 14, 35, 29, 949199, tzinfo=Timezone('UTC')))>, 'expanded_ti_count': None, 'inlets': [], 'logical_date': DateTime(2023, 2, 23, 14, 35, 29, 949199, tzinfo=Timezone('UTC')), 'macros': <module 'airflow.macros' from '/home/airflow/.local/lib/python3.7/site-packages/airflow/macros/__init__.py'>, 'next_ds': <Proxy at 0xffff86e6a370 wrapping '2023-02-23' at 0xffff86f65a70 with factory functools.partial(<function lazy_mapping_from_context.<locals>._deprecated_proxy_factory at 0xffff86ee89e0>, 'next_ds', '2023-02-23')>, 'next_ds_nodash': <Proxy at 0xffff86e6a870 wrapping '20230223' at 0xffff86f59330 with factory functools.partial(<function lazy_mapping_from_context.<locals>._deprecated_proxy_factory at 0xffff86ee89e0>, 'next_ds_nodash', '20230223')>, 'next_execution_date': <Proxy at 0xffff86e6a550 wrapping DateTime(2023, 2, 23, 14, 35, 29, 949199, tzinfo=Timezone('UTC')) at 0xffff86f4bef0 with factory functools.partial(<function lazy_mapping_from_context.<locals>._deprecated_proxy_factory at 0xffff86ee89e0>, 'next_execution_date', DateTime(2023, 2, 23, 14, 35, 29, 949199, tzinfo=Timezone('UTC')))>, 'outlets': [], 'params': {}, 'prev_data_interval_start_success': DateTime(2023, 2, 22, 0, 0, 0, tzinfo=Timezone('UTC')), 'prev_data_interval_end_success': DateTime(2023, 2, 23, 0, 0, 0, tzinfo=Timezone('UTC')), 'prev_ds': <Proxy at 0xffff86e6a230 wrapping '2023-02-23' at 0xffff86f5e8f0 with factory functools.partial(<function lazy_mapping_from_context.<locals>._deprecated_proxy_factory at 0xffff86ee89e0>, 'prev_ds', '2023-02-23')>, 'prev_ds_nodash': <Proxy at 0xffff86e6a640 wrapping '20230223' at 0xffff871009f0 with factory functools.partial(<function lazy_mapping_from_context.<locals>._deprecated_proxy_factory at 0xffff86ee89e0>, 'prev_ds_nodash', '20230223')>, 'prev_execution_date': <Proxy at 0xffff86e6a5f0 wrapping DateTime(2023, 2, 23, 14, 35, 29, 949199, tzinfo=Timezone('UTC')) at 0xffff86f4bef0 with factory functools.partial(<function lazy_mapping_from_context.<locals>._deprecated_proxy_factory at 0xffff86ee89e0>, 'prev_execution_date', DateTime(2023, 2, 23, 14, 35, 29, 949199, tzinfo=Timezone('UTC')))>, 'prev_execution_date_success': <Proxy at 0xffff86e6a5a0 wrapping DateTime(2023, 2, 23, 14, 26, 52, 775919, tzinfo=Timezone('UTC')) at 0xffff86efe110 with factory functools.partial(<function lazy_mapping_from_context.<locals>._deprecated_proxy_factory at 0xffff86ee89e0>, 'prev_execution_date_success', DateTime(2023, 2, 23, 14, 26, 52, 775919, tzinfo=Timezone('UTC')))>, 'prev_start_date_success': DateTime(2023, 2, 23, 14, 26, 53, 245714, tzinfo=Timezone('UTC')), 'run_id': 'manual__2023-02-23T14:35:29.949199+00:00', 'task': <Task(PythonOperator): print_context>, 'task_instance': <TaskInstance: listing_4_03.print_context manual__2023-02-23T14:35:29.949199+00:00 [running]>, 'task_instance_key_str': 'listing_4_03__print_context__20230223', 'test_mode': False, 'ti': <TaskInstance: listing_4_03.print_context manual__2023-02-23T14:35:29.949199+00:00 [running]>, 'tomorrow_ds': <Proxy at 0xffff86e6a690 wrapping '2023-02-24' at 0xffff86eedf70 with factory functools.partial(<function lazy_mapping_from_context.<locals>._deprecated_proxy_factory at 0xffff86ee89e0>, 'tomorrow_ds', '2023-02-24')>, 'tomorrow_ds_nodash': <Proxy at 0xffff86e6a820 wrapping '20230224' at 0xffff86f65a30 with factory functools.partial(<function lazy_mapping_from_context.<locals>._deprecated_proxy_factory at 0xffff86ee89e0>, 'tomorrow_ds_nodash', '20230224')>, 'triggering_dataset_events': {}, 'ts': '2023-02-23T14:35:29.949199+00:00', 'ts_nodash': '20230223T143529', 'ts_nodash_with_tz': '20230223T143529.949199+0000', 'var': {'json': None, 'value': None}, 'conn': None, 'yesterday_ds': <Proxy at 0xffff86e6a780 wrapping '2023-02-22' at 0xffff86f5e830 with factory functools.partial(<function lazy_mapping_from_context.<locals>._deprecated_proxy_factory at 0xffff86ee89e0>, 'yesterday_ds', '2023-02-22')>, 'yesterday_ds_nodash': <Proxy at 0xffff86e6d190 wrapping '20230222' at 0xffff86eed1f0 with factory functools.partial(<function lazy_mapping_from_context.<locals>._deprecated_proxy_factory at 0xffff86ee89e0>, 'yesterday_ds_nodash', '20230222')>, 'templates_dict': None}
[2023-02-23T14:35:30.946+0000] {xcom.py:635} ERROR - Object of type AirflowConfigParser is not JSON serializable. If you are using pickle instead of JSON for XCom, then you need to enable pickle support for XCom in your *** config or make sure to decorate your object with attr.
[2023-02-23T14:35:30.947+0000] {taskinstance.py:1768} ERROR - Task failed with exception
Traceback (most recent call last):
  File "/home/airflow/.local/lib/python3.7/site-packages/airflow/utils/session.py", line 72, in wrapper
    return func(*args, **kwargs)
  File "/home/airflow/.local/lib/python3.7/site-packages/airflow/models/taskinstance.py", line 2297, in xcom_push
    session=session,
  File "/home/airflow/.local/lib/python3.7/site-packages/airflow/utils/session.py", line 72, in wrapper
    return func(*args, **kwargs)
  File "/home/airflow/.local/lib/python3.7/site-packages/airflow/models/xcom.py", line 240, in set
    map_index=map_index,
  File "/home/airflow/.local/lib/python3.7/site-packages/airflow/models/xcom.py", line 627, in serialize_value
    return json.dumps(value, cls=XComEncoder).encode("UTF-8")
  File "/usr/local/lib/python3.7/json/__init__.py", line 238, in dumps
    **kw).encode(obj)
  File "/home/airflow/.local/lib/python3.7/site-packages/airflow/utils/json.py", line 176, in encode
    return super().encode(o)
  File "/usr/local/lib/python3.7/json/encoder.py", line 199, in encode
    chunks = self.iterencode(o, _one_shot=True)
  File "/usr/local/lib/python3.7/json/encoder.py", line 257, in iterencode
    return _iterencode(o, 0)
  File "/home/airflow/.local/lib/python3.7/site-packages/airflow/utils/json.py", line 170, in default
    return super().default(o)
  File "/usr/local/lib/python3.7/json/encoder.py", line 179, in default
    raise TypeError(f'Object of type {o.__class__.__name__} '
TypeError: Object of type AirflowConfigParser is not JSON serializable
[2023-02-23T14:35:30.959+0000] {taskinstance.py:1323} INFO - Marking task as FAILED. dag_id=listing_4_03, task_id=print_context, execution_date=20230223T143529, start_date=20230223T143530, end_date=20230223T143530
[2023-02-23T14:35:30.966+0000] {standard_task_runner.py:105} ERROR - Failed to execute job 238 for task print_context (Object of type AirflowConfigParser is not JSON serializable; 73602)
[2023-02-23T14:35:31.015+0000] {local_task_job.py:208} INFO - Task exited with return code 1
[2023-02-23T14:35:31.030+0000] {taskinstance.py:2578} INFO - 0 downstream tasks scheduled from follow-on schedule check
