[2023-02-17T00:16:37.676+0000] {processor.py:153} INFO - Started process (PID=14325) to work on /opt/airflow/dags/catchup_and_backfill.py
[2023-02-17T00:16:37.678+0000] {processor.py:743} INFO - Processing file /opt/airflow/dags/catchup_and_backfill.py for tasks to queue
[2023-02-17T00:16:37.680+0000] {logging_mixin.py:137} INFO - [2023-02-17T00:16:37.680+0000] {dagbag.py:538} INFO - Filling up the DagBag from /opt/airflow/dags/catchup_and_backfill.py
[2023-02-17T00:16:37.739+0000] {processor.py:753} INFO - DAG(s) dict_keys(['dag_with_catchup_backfill_v012']) retrieved from /opt/airflow/dags/catchup_and_backfill.py
[2023-02-17T00:16:37.815+0000] {logging_mixin.py:137} INFO - [2023-02-17T00:16:37.814+0000] {dag.py:2690} INFO - Sync 1 DAGs
[2023-02-17T00:16:37.877+0000] {logging_mixin.py:137} INFO - [2023-02-17T00:16:37.876+0000] {dag.py:3441} INFO - Setting next_dagrun for dag_with_catchup_backfill_v012 to 2023-02-14T00:00:00+00:00, run_after=2023-02-15T00:00:00+00:00
[2023-02-17T00:16:37.939+0000] {processor.py:175} INFO - Processing /opt/airflow/dags/catchup_and_backfill.py took 0.269 seconds
[2023-02-17T01:22:26.136+0000] {processor.py:153} INFO - Started process (PID=14388) to work on /opt/airflow/dags/catchup_and_backfill.py
[2023-02-17T01:22:26.137+0000] {processor.py:743} INFO - Processing file /opt/airflow/dags/catchup_and_backfill.py for tasks to queue
[2023-02-17T01:22:26.138+0000] {logging_mixin.py:137} INFO - [2023-02-17T01:22:26.138+0000] {dagbag.py:538} INFO - Filling up the DagBag from /opt/airflow/dags/catchup_and_backfill.py
[2023-02-17T01:22:26.157+0000] {processor.py:753} INFO - DAG(s) dict_keys(['dag_with_catchup_backfill_v012']) retrieved from /opt/airflow/dags/catchup_and_backfill.py
[2023-02-17T01:22:26.177+0000] {logging_mixin.py:137} INFO - [2023-02-17T01:22:26.177+0000] {dag.py:2690} INFO - Sync 1 DAGs
[2023-02-17T01:22:26.195+0000] {logging_mixin.py:137} INFO - [2023-02-17T01:22:26.194+0000] {dag.py:3441} INFO - Setting next_dagrun for dag_with_catchup_backfill_v012 to 2023-02-14T00:00:00+00:00, run_after=2023-02-15T00:00:00+00:00
[2023-02-17T01:22:26.209+0000] {processor.py:175} INFO - Processing /opt/airflow/dags/catchup_and_backfill.py took 0.078 seconds
[2023-02-17T02:28:37.387+0000] {processor.py:153} INFO - Started process (PID=14455) to work on /opt/airflow/dags/catchup_and_backfill.py
[2023-02-17T02:28:37.391+0000] {processor.py:743} INFO - Processing file /opt/airflow/dags/catchup_and_backfill.py for tasks to queue
[2023-02-17T02:28:37.393+0000] {logging_mixin.py:137} INFO - [2023-02-17T02:28:37.392+0000] {dagbag.py:538} INFO - Filling up the DagBag from /opt/airflow/dags/catchup_and_backfill.py
[2023-02-17T02:28:37.417+0000] {processor.py:753} INFO - DAG(s) dict_keys(['dag_with_catchup_backfill_v012']) retrieved from /opt/airflow/dags/catchup_and_backfill.py
[2023-02-17T02:28:37.445+0000] {logging_mixin.py:137} INFO - [2023-02-17T02:28:37.445+0000] {dag.py:2690} INFO - Sync 1 DAGs
[2023-02-17T02:28:37.464+0000] {logging_mixin.py:137} INFO - [2023-02-17T02:28:37.464+0000] {dag.py:3441} INFO - Setting next_dagrun for dag_with_catchup_backfill_v012 to 2023-02-14T00:00:00+00:00, run_after=2023-02-15T00:00:00+00:00
[2023-02-17T02:28:37.476+0000] {processor.py:175} INFO - Processing /opt/airflow/dags/catchup_and_backfill.py took 0.093 seconds
[2023-02-17T03:33:43.596+0000] {processor.py:153} INFO - Started process (PID=14533) to work on /opt/airflow/dags/catchup_and_backfill.py
[2023-02-17T03:33:43.598+0000] {processor.py:743} INFO - Processing file /opt/airflow/dags/catchup_and_backfill.py for tasks to queue
[2023-02-17T03:33:43.599+0000] {logging_mixin.py:137} INFO - [2023-02-17T03:33:43.599+0000] {dagbag.py:538} INFO - Filling up the DagBag from /opt/airflow/dags/catchup_and_backfill.py
[2023-02-17T03:33:43.615+0000] {processor.py:753} INFO - DAG(s) dict_keys(['dag_with_catchup_backfill_v012']) retrieved from /opt/airflow/dags/catchup_and_backfill.py
[2023-02-17T03:33:43.659+0000] {logging_mixin.py:137} INFO - [2023-02-17T03:33:43.658+0000] {dag.py:2690} INFO - Sync 1 DAGs
[2023-02-17T03:33:43.720+0000] {logging_mixin.py:137} INFO - [2023-02-17T03:33:43.719+0000] {dag.py:3441} INFO - Setting next_dagrun for dag_with_catchup_backfill_v012 to 2023-02-14T00:00:00+00:00, run_after=2023-02-15T00:00:00+00:00
[2023-02-17T03:33:43.760+0000] {processor.py:175} INFO - Processing /opt/airflow/dags/catchup_and_backfill.py took 0.166 seconds
[2023-02-17T04:44:34.419+0000] {processor.py:153} INFO - Started process (PID=14598) to work on /opt/airflow/dags/catchup_and_backfill.py
[2023-02-17T04:44:34.424+0000] {processor.py:743} INFO - Processing file /opt/airflow/dags/catchup_and_backfill.py for tasks to queue
[2023-02-17T04:44:34.426+0000] {logging_mixin.py:137} INFO - [2023-02-17T04:44:34.426+0000] {dagbag.py:538} INFO - Filling up the DagBag from /opt/airflow/dags/catchup_and_backfill.py
[2023-02-17T04:44:34.486+0000] {processor.py:753} INFO - DAG(s) dict_keys(['dag_with_catchup_backfill_v012']) retrieved from /opt/airflow/dags/catchup_and_backfill.py
[2023-02-17T04:44:34.530+0000] {logging_mixin.py:137} INFO - [2023-02-17T04:44:34.530+0000] {dag.py:2690} INFO - Sync 1 DAGs
[2023-02-17T04:44:34.557+0000] {logging_mixin.py:137} INFO - [2023-02-17T04:44:34.557+0000] {dag.py:3441} INFO - Setting next_dagrun for dag_with_catchup_backfill_v012 to 2023-02-14T00:00:00+00:00, run_after=2023-02-15T00:00:00+00:00
[2023-02-17T04:44:34.587+0000] {processor.py:175} INFO - Processing /opt/airflow/dags/catchup_and_backfill.py took 0.174 seconds
[2023-02-17T05:53:20.565+0000] {processor.py:153} INFO - Started process (PID=14663) to work on /opt/airflow/dags/catchup_and_backfill.py
[2023-02-17T05:53:20.574+0000] {processor.py:743} INFO - Processing file /opt/airflow/dags/catchup_and_backfill.py for tasks to queue
[2023-02-17T05:53:20.585+0000] {logging_mixin.py:137} INFO - [2023-02-17T05:53:20.578+0000] {dagbag.py:538} INFO - Filling up the DagBag from /opt/airflow/dags/catchup_and_backfill.py
[2023-02-17T05:53:20.725+0000] {processor.py:753} INFO - DAG(s) dict_keys(['dag_with_catchup_backfill_v012']) retrieved from /opt/airflow/dags/catchup_and_backfill.py
[2023-02-17T05:53:20.801+0000] {logging_mixin.py:137} INFO - [2023-02-17T05:53:20.801+0000] {dag.py:2690} INFO - Sync 1 DAGs
[2023-02-17T05:53:20.856+0000] {logging_mixin.py:137} INFO - [2023-02-17T05:53:20.856+0000] {dag.py:3441} INFO - Setting next_dagrun for dag_with_catchup_backfill_v012 to 2023-02-14T00:00:00+00:00, run_after=2023-02-15T00:00:00+00:00
[2023-02-17T05:53:20.874+0000] {processor.py:175} INFO - Processing /opt/airflow/dags/catchup_and_backfill.py took 0.346 seconds
[2023-02-17T07:01:12.760+0000] {processor.py:153} INFO - Started process (PID=14739) to work on /opt/airflow/dags/catchup_and_backfill.py
[2023-02-17T07:01:12.761+0000] {processor.py:743} INFO - Processing file /opt/airflow/dags/catchup_and_backfill.py for tasks to queue
[2023-02-17T07:01:12.762+0000] {logging_mixin.py:137} INFO - [2023-02-17T07:01:12.761+0000] {dagbag.py:538} INFO - Filling up the DagBag from /opt/airflow/dags/catchup_and_backfill.py
[2023-02-17T07:01:12.851+0000] {processor.py:753} INFO - DAG(s) dict_keys(['dag_with_catchup_backfill_v012']) retrieved from /opt/airflow/dags/catchup_and_backfill.py
[2023-02-17T07:01:12.944+0000] {logging_mixin.py:137} INFO - [2023-02-17T07:01:12.944+0000] {dag.py:2690} INFO - Sync 1 DAGs
[2023-02-17T07:01:13.023+0000] {logging_mixin.py:137} INFO - [2023-02-17T07:01:13.023+0000] {dag.py:3441} INFO - Setting next_dagrun for dag_with_catchup_backfill_v012 to 2023-02-14T00:00:00+00:00, run_after=2023-02-15T00:00:00+00:00
[2023-02-17T07:01:13.084+0000] {processor.py:175} INFO - Processing /opt/airflow/dags/catchup_and_backfill.py took 0.327 seconds
[2023-02-17T07:15:09.134+0000] {processor.py:153} INFO - Started process (PID=14806) to work on /opt/airflow/dags/catchup_and_backfill.py
[2023-02-17T07:15:09.136+0000] {processor.py:743} INFO - Processing file /opt/airflow/dags/catchup_and_backfill.py for tasks to queue
[2023-02-17T07:15:09.137+0000] {logging_mixin.py:137} INFO - [2023-02-17T07:15:09.137+0000] {dagbag.py:538} INFO - Filling up the DagBag from /opt/airflow/dags/catchup_and_backfill.py
[2023-02-17T07:15:09.159+0000] {processor.py:753} INFO - DAG(s) dict_keys(['dag_with_catchup_backfill_v012']) retrieved from /opt/airflow/dags/catchup_and_backfill.py
[2023-02-17T07:15:09.182+0000] {logging_mixin.py:137} INFO - [2023-02-17T07:15:09.182+0000] {dag.py:2690} INFO - Sync 1 DAGs
[2023-02-17T07:15:09.199+0000] {logging_mixin.py:137} INFO - [2023-02-17T07:15:09.199+0000] {dag.py:3441} INFO - Setting next_dagrun for dag_with_catchup_backfill_v012 to 2023-02-14T00:00:00+00:00, run_after=2023-02-15T00:00:00+00:00
[2023-02-17T07:15:09.209+0000] {processor.py:175} INFO - Processing /opt/airflow/dags/catchup_and_backfill.py took 0.077 seconds
[2023-02-17T07:15:39.698+0000] {processor.py:153} INFO - Started process (PID=14883) to work on /opt/airflow/dags/catchup_and_backfill.py
[2023-02-17T07:15:39.700+0000] {processor.py:743} INFO - Processing file /opt/airflow/dags/catchup_and_backfill.py for tasks to queue
[2023-02-17T07:15:39.701+0000] {logging_mixin.py:137} INFO - [2023-02-17T07:15:39.701+0000] {dagbag.py:538} INFO - Filling up the DagBag from /opt/airflow/dags/catchup_and_backfill.py
[2023-02-17T07:15:39.716+0000] {processor.py:753} INFO - DAG(s) dict_keys(['dag_with_catchup_backfill_v012']) retrieved from /opt/airflow/dags/catchup_and_backfill.py
[2023-02-17T07:15:39.735+0000] {logging_mixin.py:137} INFO - [2023-02-17T07:15:39.734+0000] {dag.py:2690} INFO - Sync 1 DAGs
[2023-02-17T07:15:39.750+0000] {logging_mixin.py:137} INFO - [2023-02-17T07:15:39.750+0000] {dag.py:3441} INFO - Setting next_dagrun for dag_with_catchup_backfill_v012 to 2023-02-14T00:00:00+00:00, run_after=2023-02-15T00:00:00+00:00
[2023-02-17T07:15:39.763+0000] {processor.py:175} INFO - Processing /opt/airflow/dags/catchup_and_backfill.py took 0.068 seconds
[2023-02-17T07:16:10.104+0000] {processor.py:153} INFO - Started process (PID=14949) to work on /opt/airflow/dags/catchup_and_backfill.py
[2023-02-17T07:16:10.106+0000] {processor.py:743} INFO - Processing file /opt/airflow/dags/catchup_and_backfill.py for tasks to queue
[2023-02-17T07:16:10.107+0000] {logging_mixin.py:137} INFO - [2023-02-17T07:16:10.107+0000] {dagbag.py:538} INFO - Filling up the DagBag from /opt/airflow/dags/catchup_and_backfill.py
[2023-02-17T07:16:10.122+0000] {processor.py:753} INFO - DAG(s) dict_keys(['dag_with_catchup_backfill_v012']) retrieved from /opt/airflow/dags/catchup_and_backfill.py
[2023-02-17T07:16:10.144+0000] {logging_mixin.py:137} INFO - [2023-02-17T07:16:10.144+0000] {dag.py:2690} INFO - Sync 1 DAGs
[2023-02-17T07:16:10.163+0000] {logging_mixin.py:137} INFO - [2023-02-17T07:16:10.163+0000] {dag.py:3441} INFO - Setting next_dagrun for dag_with_catchup_backfill_v012 to 2023-02-14T00:00:00+00:00, run_after=2023-02-15T00:00:00+00:00
[2023-02-17T07:16:10.173+0000] {processor.py:175} INFO - Processing /opt/airflow/dags/catchup_and_backfill.py took 0.072 seconds
[2023-02-17T07:16:41.702+0000] {processor.py:153} INFO - Started process (PID=15022) to work on /opt/airflow/dags/catchup_and_backfill.py
[2023-02-17T07:16:41.704+0000] {processor.py:743} INFO - Processing file /opt/airflow/dags/catchup_and_backfill.py for tasks to queue
[2023-02-17T07:16:41.705+0000] {logging_mixin.py:137} INFO - [2023-02-17T07:16:41.705+0000] {dagbag.py:538} INFO - Filling up the DagBag from /opt/airflow/dags/catchup_and_backfill.py
[2023-02-17T07:16:41.747+0000] {processor.py:753} INFO - DAG(s) dict_keys(['dag_with_catchup_backfill_v012']) retrieved from /opt/airflow/dags/catchup_and_backfill.py
[2023-02-17T07:16:41.778+0000] {logging_mixin.py:137} INFO - [2023-02-17T07:16:41.778+0000] {dag.py:2690} INFO - Sync 1 DAGs
[2023-02-17T07:16:41.829+0000] {logging_mixin.py:137} INFO - [2023-02-17T07:16:41.828+0000] {dag.py:3441} INFO - Setting next_dagrun for dag_with_catchup_backfill_v012 to 2023-02-14T00:00:00+00:00, run_after=2023-02-15T00:00:00+00:00
[2023-02-17T07:16:41.847+0000] {processor.py:175} INFO - Processing /opt/airflow/dags/catchup_and_backfill.py took 0.151 seconds
[2023-02-17T07:17:12.071+0000] {processor.py:153} INFO - Started process (PID=15091) to work on /opt/airflow/dags/catchup_and_backfill.py
[2023-02-17T07:17:12.073+0000] {processor.py:743} INFO - Processing file /opt/airflow/dags/catchup_and_backfill.py for tasks to queue
[2023-02-17T07:17:12.074+0000] {logging_mixin.py:137} INFO - [2023-02-17T07:17:12.074+0000] {dagbag.py:538} INFO - Filling up the DagBag from /opt/airflow/dags/catchup_and_backfill.py
[2023-02-17T07:17:12.087+0000] {processor.py:753} INFO - DAG(s) dict_keys(['dag_with_catchup_backfill_v012']) retrieved from /opt/airflow/dags/catchup_and_backfill.py
[2023-02-17T07:17:12.107+0000] {logging_mixin.py:137} INFO - [2023-02-17T07:17:12.107+0000] {dag.py:2690} INFO - Sync 1 DAGs
[2023-02-17T07:17:12.126+0000] {logging_mixin.py:137} INFO - [2023-02-17T07:17:12.126+0000] {dag.py:3441} INFO - Setting next_dagrun for dag_with_catchup_backfill_v012 to 2023-02-14T00:00:00+00:00, run_after=2023-02-15T00:00:00+00:00
[2023-02-17T07:17:12.137+0000] {processor.py:175} INFO - Processing /opt/airflow/dags/catchup_and_backfill.py took 0.068 seconds
[2023-02-17T07:17:43.391+0000] {processor.py:153} INFO - Started process (PID=15167) to work on /opt/airflow/dags/catchup_and_backfill.py
[2023-02-17T07:17:43.393+0000] {processor.py:743} INFO - Processing file /opt/airflow/dags/catchup_and_backfill.py for tasks to queue
[2023-02-17T07:17:43.394+0000] {logging_mixin.py:137} INFO - [2023-02-17T07:17:43.394+0000] {dagbag.py:538} INFO - Filling up the DagBag from /opt/airflow/dags/catchup_and_backfill.py
[2023-02-17T07:17:43.415+0000] {processor.py:753} INFO - DAG(s) dict_keys(['dag_with_catchup_backfill_v012']) retrieved from /opt/airflow/dags/catchup_and_backfill.py
[2023-02-17T07:17:43.439+0000] {logging_mixin.py:137} INFO - [2023-02-17T07:17:43.439+0000] {dag.py:2690} INFO - Sync 1 DAGs
[2023-02-17T07:17:43.470+0000] {logging_mixin.py:137} INFO - [2023-02-17T07:17:43.470+0000] {dag.py:3441} INFO - Setting next_dagrun for dag_with_catchup_backfill_v012 to 2023-02-14T00:00:00+00:00, run_after=2023-02-15T00:00:00+00:00
[2023-02-17T07:17:43.488+0000] {processor.py:175} INFO - Processing /opt/airflow/dags/catchup_and_backfill.py took 0.103 seconds
[2023-02-17T07:18:14.090+0000] {processor.py:153} INFO - Started process (PID=15234) to work on /opt/airflow/dags/catchup_and_backfill.py
[2023-02-17T07:18:14.092+0000] {processor.py:743} INFO - Processing file /opt/airflow/dags/catchup_and_backfill.py for tasks to queue
[2023-02-17T07:18:14.093+0000] {logging_mixin.py:137} INFO - [2023-02-17T07:18:14.093+0000] {dagbag.py:538} INFO - Filling up the DagBag from /opt/airflow/dags/catchup_and_backfill.py
[2023-02-17T07:18:14.118+0000] {processor.py:753} INFO - DAG(s) dict_keys(['dag_with_catchup_backfill_v012']) retrieved from /opt/airflow/dags/catchup_and_backfill.py
[2023-02-17T07:18:14.157+0000] {logging_mixin.py:137} INFO - [2023-02-17T07:18:14.157+0000] {dag.py:2690} INFO - Sync 1 DAGs
[2023-02-17T07:18:14.195+0000] {logging_mixin.py:137} INFO - [2023-02-17T07:18:14.195+0000] {dag.py:3441} INFO - Setting next_dagrun for dag_with_catchup_backfill_v012 to 2023-02-14T00:00:00+00:00, run_after=2023-02-15T00:00:00+00:00
[2023-02-17T07:18:14.209+0000] {processor.py:175} INFO - Processing /opt/airflow/dags/catchup_and_backfill.py took 0.122 seconds
[2023-02-17T07:18:44.588+0000] {processor.py:153} INFO - Started process (PID=15311) to work on /opt/airflow/dags/catchup_and_backfill.py
[2023-02-17T07:18:44.590+0000] {processor.py:743} INFO - Processing file /opt/airflow/dags/catchup_and_backfill.py for tasks to queue
[2023-02-17T07:18:44.591+0000] {logging_mixin.py:137} INFO - [2023-02-17T07:18:44.591+0000] {dagbag.py:538} INFO - Filling up the DagBag from /opt/airflow/dags/catchup_and_backfill.py
[2023-02-17T07:18:44.617+0000] {processor.py:753} INFO - DAG(s) dict_keys(['dag_with_catchup_backfill_v012']) retrieved from /opt/airflow/dags/catchup_and_backfill.py
[2023-02-17T07:18:44.656+0000] {logging_mixin.py:137} INFO - [2023-02-17T07:18:44.656+0000] {dag.py:2690} INFO - Sync 1 DAGs
[2023-02-17T07:18:44.701+0000] {logging_mixin.py:137} INFO - [2023-02-17T07:18:44.700+0000] {dag.py:3441} INFO - Setting next_dagrun for dag_with_catchup_backfill_v012 to 2023-02-14T00:00:00+00:00, run_after=2023-02-15T00:00:00+00:00
[2023-02-17T07:18:44.722+0000] {processor.py:175} INFO - Processing /opt/airflow/dags/catchup_and_backfill.py took 0.140 seconds
[2023-02-17T07:19:15.050+0000] {processor.py:153} INFO - Started process (PID=15376) to work on /opt/airflow/dags/catchup_and_backfill.py
[2023-02-17T07:19:15.051+0000] {processor.py:743} INFO - Processing file /opt/airflow/dags/catchup_and_backfill.py for tasks to queue
[2023-02-17T07:19:15.052+0000] {logging_mixin.py:137} INFO - [2023-02-17T07:19:15.052+0000] {dagbag.py:538} INFO - Filling up the DagBag from /opt/airflow/dags/catchup_and_backfill.py
[2023-02-17T07:19:15.066+0000] {processor.py:753} INFO - DAG(s) dict_keys(['dag_with_catchup_backfill_v012']) retrieved from /opt/airflow/dags/catchup_and_backfill.py
[2023-02-17T07:19:15.093+0000] {logging_mixin.py:137} INFO - [2023-02-17T07:19:15.092+0000] {dag.py:2690} INFO - Sync 1 DAGs
[2023-02-17T07:19:15.123+0000] {logging_mixin.py:137} INFO - [2023-02-17T07:19:15.123+0000] {dag.py:3441} INFO - Setting next_dagrun for dag_with_catchup_backfill_v012 to 2023-02-14T00:00:00+00:00, run_after=2023-02-15T00:00:00+00:00
[2023-02-17T07:19:15.143+0000] {processor.py:175} INFO - Processing /opt/airflow/dags/catchup_and_backfill.py took 0.096 seconds
[2023-02-17T07:19:45.298+0000] {processor.py:153} INFO - Started process (PID=15444) to work on /opt/airflow/dags/catchup_and_backfill.py
[2023-02-17T07:19:45.300+0000] {processor.py:743} INFO - Processing file /opt/airflow/dags/catchup_and_backfill.py for tasks to queue
[2023-02-17T07:19:45.301+0000] {logging_mixin.py:137} INFO - [2023-02-17T07:19:45.301+0000] {dagbag.py:538} INFO - Filling up the DagBag from /opt/airflow/dags/catchup_and_backfill.py
[2023-02-17T07:19:45.321+0000] {processor.py:753} INFO - DAG(s) dict_keys(['dag_with_catchup_backfill_v012']) retrieved from /opt/airflow/dags/catchup_and_backfill.py
[2023-02-17T07:19:45.360+0000] {logging_mixin.py:137} INFO - [2023-02-17T07:19:45.360+0000] {dag.py:2690} INFO - Sync 1 DAGs
[2023-02-17T07:19:45.394+0000] {logging_mixin.py:137} INFO - [2023-02-17T07:19:45.393+0000] {dag.py:3441} INFO - Setting next_dagrun for dag_with_catchup_backfill_v012 to 2023-02-14T00:00:00+00:00, run_after=2023-02-15T00:00:00+00:00
[2023-02-17T07:19:45.407+0000] {processor.py:175} INFO - Processing /opt/airflow/dags/catchup_and_backfill.py took 0.112 seconds
[2023-02-17T07:20:15.796+0000] {processor.py:153} INFO - Started process (PID=15512) to work on /opt/airflow/dags/catchup_and_backfill.py
[2023-02-17T07:20:15.797+0000] {processor.py:743} INFO - Processing file /opt/airflow/dags/catchup_and_backfill.py for tasks to queue
[2023-02-17T07:20:15.798+0000] {logging_mixin.py:137} INFO - [2023-02-17T07:20:15.798+0000] {dagbag.py:538} INFO - Filling up the DagBag from /opt/airflow/dags/catchup_and_backfill.py
[2023-02-17T07:20:15.811+0000] {processor.py:753} INFO - DAG(s) dict_keys(['dag_with_catchup_backfill_v012']) retrieved from /opt/airflow/dags/catchup_and_backfill.py
[2023-02-17T07:20:15.831+0000] {logging_mixin.py:137} INFO - [2023-02-17T07:20:15.831+0000] {dag.py:2690} INFO - Sync 1 DAGs
[2023-02-17T07:20:15.853+0000] {logging_mixin.py:137} INFO - [2023-02-17T07:20:15.853+0000] {dag.py:3441} INFO - Setting next_dagrun for dag_with_catchup_backfill_v012 to 2023-02-14T00:00:00+00:00, run_after=2023-02-15T00:00:00+00:00
[2023-02-17T07:20:15.866+0000] {processor.py:175} INFO - Processing /opt/airflow/dags/catchup_and_backfill.py took 0.073 seconds
[2023-02-17T07:20:47.334+0000] {processor.py:153} INFO - Started process (PID=15592) to work on /opt/airflow/dags/catchup_and_backfill.py
[2023-02-17T07:20:47.336+0000] {processor.py:743} INFO - Processing file /opt/airflow/dags/catchup_and_backfill.py for tasks to queue
[2023-02-17T07:20:47.337+0000] {logging_mixin.py:137} INFO - [2023-02-17T07:20:47.337+0000] {dagbag.py:538} INFO - Filling up the DagBag from /opt/airflow/dags/catchup_and_backfill.py
[2023-02-17T07:20:47.360+0000] {processor.py:753} INFO - DAG(s) dict_keys(['dag_with_catchup_backfill_v012']) retrieved from /opt/airflow/dags/catchup_and_backfill.py
[2023-02-17T07:20:47.395+0000] {logging_mixin.py:137} INFO - [2023-02-17T07:20:47.395+0000] {dag.py:2690} INFO - Sync 1 DAGs
[2023-02-17T07:20:47.416+0000] {logging_mixin.py:137} INFO - [2023-02-17T07:20:47.416+0000] {dag.py:3441} INFO - Setting next_dagrun for dag_with_catchup_backfill_v012 to 2023-02-14T00:00:00+00:00, run_after=2023-02-15T00:00:00+00:00
[2023-02-17T07:20:47.429+0000] {processor.py:175} INFO - Processing /opt/airflow/dags/catchup_and_backfill.py took 0.099 seconds
[2023-02-17T07:21:17.747+0000] {processor.py:153} INFO - Started process (PID=15660) to work on /opt/airflow/dags/catchup_and_backfill.py
[2023-02-17T07:21:17.748+0000] {processor.py:743} INFO - Processing file /opt/airflow/dags/catchup_and_backfill.py for tasks to queue
[2023-02-17T07:21:17.749+0000] {logging_mixin.py:137} INFO - [2023-02-17T07:21:17.749+0000] {dagbag.py:538} INFO - Filling up the DagBag from /opt/airflow/dags/catchup_and_backfill.py
[2023-02-17T07:21:17.763+0000] {processor.py:753} INFO - DAG(s) dict_keys(['dag_with_catchup_backfill_v012']) retrieved from /opt/airflow/dags/catchup_and_backfill.py
[2023-02-17T07:21:17.790+0000] {logging_mixin.py:137} INFO - [2023-02-17T07:21:17.790+0000] {dag.py:2690} INFO - Sync 1 DAGs
[2023-02-17T07:21:17.807+0000] {logging_mixin.py:137} INFO - [2023-02-17T07:21:17.807+0000] {dag.py:3441} INFO - Setting next_dagrun for dag_with_catchup_backfill_v012 to 2023-02-14T00:00:00+00:00, run_after=2023-02-15T00:00:00+00:00
[2023-02-17T07:21:17.825+0000] {processor.py:175} INFO - Processing /opt/airflow/dags/catchup_and_backfill.py took 0.082 seconds
[2023-02-17T07:21:48.502+0000] {processor.py:153} INFO - Started process (PID=15734) to work on /opt/airflow/dags/catchup_and_backfill.py
[2023-02-17T07:21:48.509+0000] {processor.py:743} INFO - Processing file /opt/airflow/dags/catchup_and_backfill.py for tasks to queue
[2023-02-17T07:21:48.511+0000] {logging_mixin.py:137} INFO - [2023-02-17T07:21:48.511+0000] {dagbag.py:538} INFO - Filling up the DagBag from /opt/airflow/dags/catchup_and_backfill.py
[2023-02-17T07:21:48.543+0000] {processor.py:753} INFO - DAG(s) dict_keys(['dag_with_catchup_backfill_v012']) retrieved from /opt/airflow/dags/catchup_and_backfill.py
[2023-02-17T07:21:48.567+0000] {logging_mixin.py:137} INFO - [2023-02-17T07:21:48.567+0000] {dag.py:2690} INFO - Sync 1 DAGs
[2023-02-17T07:21:48.590+0000] {logging_mixin.py:137} INFO - [2023-02-17T07:21:48.590+0000] {dag.py:3441} INFO - Setting next_dagrun for dag_with_catchup_backfill_v012 to 2023-02-14T00:00:00+00:00, run_after=2023-02-15T00:00:00+00:00
[2023-02-17T07:21:48.611+0000] {processor.py:175} INFO - Processing /opt/airflow/dags/catchup_and_backfill.py took 0.114 seconds
[2023-02-17T07:22:19.174+0000] {processor.py:153} INFO - Started process (PID=15803) to work on /opt/airflow/dags/catchup_and_backfill.py
[2023-02-17T07:22:19.175+0000] {processor.py:743} INFO - Processing file /opt/airflow/dags/catchup_and_backfill.py for tasks to queue
[2023-02-17T07:22:19.176+0000] {logging_mixin.py:137} INFO - [2023-02-17T07:22:19.176+0000] {dagbag.py:538} INFO - Filling up the DagBag from /opt/airflow/dags/catchup_and_backfill.py
[2023-02-17T07:22:19.192+0000] {processor.py:753} INFO - DAG(s) dict_keys(['dag_with_catchup_backfill_v012']) retrieved from /opt/airflow/dags/catchup_and_backfill.py
[2023-02-17T07:22:19.212+0000] {logging_mixin.py:137} INFO - [2023-02-17T07:22:19.212+0000] {dag.py:2690} INFO - Sync 1 DAGs
[2023-02-17T07:22:19.229+0000] {logging_mixin.py:137} INFO - [2023-02-17T07:22:19.229+0000] {dag.py:3441} INFO - Setting next_dagrun for dag_with_catchup_backfill_v012 to 2023-02-14T00:00:00+00:00, run_after=2023-02-15T00:00:00+00:00
[2023-02-17T07:22:19.241+0000] {processor.py:175} INFO - Processing /opt/airflow/dags/catchup_and_backfill.py took 0.071 seconds
[2023-02-17T07:22:50.226+0000] {processor.py:153} INFO - Started process (PID=15877) to work on /opt/airflow/dags/catchup_and_backfill.py
[2023-02-17T07:22:50.230+0000] {processor.py:743} INFO - Processing file /opt/airflow/dags/catchup_and_backfill.py for tasks to queue
[2023-02-17T07:22:50.233+0000] {logging_mixin.py:137} INFO - [2023-02-17T07:22:50.233+0000] {dagbag.py:538} INFO - Filling up the DagBag from /opt/airflow/dags/catchup_and_backfill.py
[2023-02-17T07:22:50.268+0000] {processor.py:753} INFO - DAG(s) dict_keys(['dag_with_catchup_backfill_v012']) retrieved from /opt/airflow/dags/catchup_and_backfill.py
[2023-02-17T07:22:50.297+0000] {logging_mixin.py:137} INFO - [2023-02-17T07:22:50.297+0000] {dag.py:2690} INFO - Sync 1 DAGs
[2023-02-17T07:22:50.326+0000] {logging_mixin.py:137} INFO - [2023-02-17T07:22:50.326+0000] {dag.py:3441} INFO - Setting next_dagrun for dag_with_catchup_backfill_v012 to 2023-02-14T00:00:00+00:00, run_after=2023-02-15T00:00:00+00:00
[2023-02-17T07:22:50.341+0000] {processor.py:175} INFO - Processing /opt/airflow/dags/catchup_and_backfill.py took 0.122 seconds
[2023-02-17T07:23:20.689+0000] {processor.py:153} INFO - Started process (PID=15944) to work on /opt/airflow/dags/catchup_and_backfill.py
[2023-02-17T07:23:20.690+0000] {processor.py:743} INFO - Processing file /opt/airflow/dags/catchup_and_backfill.py for tasks to queue
[2023-02-17T07:23:20.691+0000] {logging_mixin.py:137} INFO - [2023-02-17T07:23:20.691+0000] {dagbag.py:538} INFO - Filling up the DagBag from /opt/airflow/dags/catchup_and_backfill.py
[2023-02-17T07:23:20.707+0000] {processor.py:753} INFO - DAG(s) dict_keys(['dag_with_catchup_backfill_v012']) retrieved from /opt/airflow/dags/catchup_and_backfill.py
[2023-02-17T07:23:20.728+0000] {logging_mixin.py:137} INFO - [2023-02-17T07:23:20.728+0000] {dag.py:2690} INFO - Sync 1 DAGs
[2023-02-17T07:23:20.745+0000] {logging_mixin.py:137} INFO - [2023-02-17T07:23:20.745+0000] {dag.py:3441} INFO - Setting next_dagrun for dag_with_catchup_backfill_v012 to 2023-02-14T00:00:00+00:00, run_after=2023-02-15T00:00:00+00:00
[2023-02-17T07:23:20.755+0000] {processor.py:175} INFO - Processing /opt/airflow/dags/catchup_and_backfill.py took 0.071 seconds
[2023-02-17T07:23:51.156+0000] {processor.py:153} INFO - Started process (PID=16009) to work on /opt/airflow/dags/catchup_and_backfill.py
[2023-02-17T07:23:51.158+0000] {processor.py:743} INFO - Processing file /opt/airflow/dags/catchup_and_backfill.py for tasks to queue
[2023-02-17T07:23:51.160+0000] {logging_mixin.py:137} INFO - [2023-02-17T07:23:51.160+0000] {dagbag.py:538} INFO - Filling up the DagBag from /opt/airflow/dags/catchup_and_backfill.py
[2023-02-17T07:23:51.185+0000] {processor.py:753} INFO - DAG(s) dict_keys(['dag_with_catchup_backfill_v012']) retrieved from /opt/airflow/dags/catchup_and_backfill.py
[2023-02-17T07:23:51.206+0000] {logging_mixin.py:137} INFO - [2023-02-17T07:23:51.206+0000] {dag.py:2690} INFO - Sync 1 DAGs
[2023-02-17T07:23:51.222+0000] {logging_mixin.py:137} INFO - [2023-02-17T07:23:51.222+0000] {dag.py:3441} INFO - Setting next_dagrun for dag_with_catchup_backfill_v012 to 2023-02-14T00:00:00+00:00, run_after=2023-02-15T00:00:00+00:00
[2023-02-17T07:23:51.235+0000] {processor.py:175} INFO - Processing /opt/airflow/dags/catchup_and_backfill.py took 0.083 seconds
[2023-02-17T07:24:21.716+0000] {processor.py:153} INFO - Started process (PID=16084) to work on /opt/airflow/dags/catchup_and_backfill.py
[2023-02-17T07:24:21.718+0000] {processor.py:743} INFO - Processing file /opt/airflow/dags/catchup_and_backfill.py for tasks to queue
[2023-02-17T07:24:21.718+0000] {logging_mixin.py:137} INFO - [2023-02-17T07:24:21.718+0000] {dagbag.py:538} INFO - Filling up the DagBag from /opt/airflow/dags/catchup_and_backfill.py
[2023-02-17T07:24:21.735+0000] {processor.py:753} INFO - DAG(s) dict_keys(['dag_with_catchup_backfill_v012']) retrieved from /opt/airflow/dags/catchup_and_backfill.py
[2023-02-17T07:24:21.762+0000] {logging_mixin.py:137} INFO - [2023-02-17T07:24:21.762+0000] {dag.py:2690} INFO - Sync 1 DAGs
[2023-02-17T07:24:21.778+0000] {logging_mixin.py:137} INFO - [2023-02-17T07:24:21.778+0000] {dag.py:3441} INFO - Setting next_dagrun for dag_with_catchup_backfill_v012 to 2023-02-14T00:00:00+00:00, run_after=2023-02-15T00:00:00+00:00
[2023-02-17T07:24:21.790+0000] {processor.py:175} INFO - Processing /opt/airflow/dags/catchup_and_backfill.py took 0.077 seconds
[2023-02-17T07:24:52.155+0000] {processor.py:153} INFO - Started process (PID=16151) to work on /opt/airflow/dags/catchup_and_backfill.py
[2023-02-17T07:24:52.156+0000] {processor.py:743} INFO - Processing file /opt/airflow/dags/catchup_and_backfill.py for tasks to queue
[2023-02-17T07:24:52.157+0000] {logging_mixin.py:137} INFO - [2023-02-17T07:24:52.157+0000] {dagbag.py:538} INFO - Filling up the DagBag from /opt/airflow/dags/catchup_and_backfill.py
[2023-02-17T07:24:52.171+0000] {processor.py:753} INFO - DAG(s) dict_keys(['dag_with_catchup_backfill_v012']) retrieved from /opt/airflow/dags/catchup_and_backfill.py
[2023-02-17T07:24:52.195+0000] {logging_mixin.py:137} INFO - [2023-02-17T07:24:52.195+0000] {dag.py:2690} INFO - Sync 1 DAGs
[2023-02-17T07:24:52.211+0000] {logging_mixin.py:137} INFO - [2023-02-17T07:24:52.211+0000] {dag.py:3441} INFO - Setting next_dagrun for dag_with_catchup_backfill_v012 to 2023-02-14T00:00:00+00:00, run_after=2023-02-15T00:00:00+00:00
[2023-02-17T07:24:52.222+0000] {processor.py:175} INFO - Processing /opt/airflow/dags/catchup_and_backfill.py took 0.069 seconds
[2023-02-17T07:25:22.525+0000] {processor.py:153} INFO - Started process (PID=16227) to work on /opt/airflow/dags/catchup_and_backfill.py
[2023-02-17T07:25:22.527+0000] {processor.py:743} INFO - Processing file /opt/airflow/dags/catchup_and_backfill.py for tasks to queue
[2023-02-17T07:25:22.528+0000] {logging_mixin.py:137} INFO - [2023-02-17T07:25:22.528+0000] {dagbag.py:538} INFO - Filling up the DagBag from /opt/airflow/dags/catchup_and_backfill.py
[2023-02-17T07:25:22.546+0000] {processor.py:753} INFO - DAG(s) dict_keys(['dag_with_catchup_backfill_v012']) retrieved from /opt/airflow/dags/catchup_and_backfill.py
[2023-02-17T07:25:22.581+0000] {logging_mixin.py:137} INFO - [2023-02-17T07:25:22.581+0000] {dag.py:2690} INFO - Sync 1 DAGs
[2023-02-17T07:25:22.617+0000] {logging_mixin.py:137} INFO - [2023-02-17T07:25:22.616+0000] {dag.py:3441} INFO - Setting next_dagrun for dag_with_catchup_backfill_v012 to 2023-02-14T00:00:00+00:00, run_after=2023-02-15T00:00:00+00:00
[2023-02-17T07:25:22.631+0000] {processor.py:175} INFO - Processing /opt/airflow/dags/catchup_and_backfill.py took 0.109 seconds
[2023-02-17T07:25:52.697+0000] {processor.py:153} INFO - Started process (PID=16286) to work on /opt/airflow/dags/catchup_and_backfill.py
[2023-02-17T07:25:52.698+0000] {processor.py:743} INFO - Processing file /opt/airflow/dags/catchup_and_backfill.py for tasks to queue
[2023-02-17T07:25:52.699+0000] {logging_mixin.py:137} INFO - [2023-02-17T07:25:52.699+0000] {dagbag.py:538} INFO - Filling up the DagBag from /opt/airflow/dags/catchup_and_backfill.py
[2023-02-17T07:25:52.717+0000] {processor.py:753} INFO - DAG(s) dict_keys(['dag_with_catchup_backfill_v012']) retrieved from /opt/airflow/dags/catchup_and_backfill.py
[2023-02-17T07:25:52.738+0000] {logging_mixin.py:137} INFO - [2023-02-17T07:25:52.738+0000] {dag.py:2690} INFO - Sync 1 DAGs
[2023-02-17T07:25:52.769+0000] {logging_mixin.py:137} INFO - [2023-02-17T07:25:52.768+0000] {dag.py:3441} INFO - Setting next_dagrun for dag_with_catchup_backfill_v012 to 2023-02-14T00:00:00+00:00, run_after=2023-02-15T00:00:00+00:00
[2023-02-17T07:25:52.788+0000] {processor.py:175} INFO - Processing /opt/airflow/dags/catchup_and_backfill.py took 0.094 seconds
[2023-02-17T07:26:23.277+0000] {processor.py:153} INFO - Started process (PID=16363) to work on /opt/airflow/dags/catchup_and_backfill.py
[2023-02-17T07:26:23.279+0000] {processor.py:743} INFO - Processing file /opt/airflow/dags/catchup_and_backfill.py for tasks to queue
[2023-02-17T07:26:23.279+0000] {logging_mixin.py:137} INFO - [2023-02-17T07:26:23.279+0000] {dagbag.py:538} INFO - Filling up the DagBag from /opt/airflow/dags/catchup_and_backfill.py
[2023-02-17T07:26:23.293+0000] {processor.py:753} INFO - DAG(s) dict_keys(['dag_with_catchup_backfill_v012']) retrieved from /opt/airflow/dags/catchup_and_backfill.py
[2023-02-17T07:26:23.312+0000] {logging_mixin.py:137} INFO - [2023-02-17T07:26:23.312+0000] {dag.py:2690} INFO - Sync 1 DAGs
[2023-02-17T07:26:23.329+0000] {logging_mixin.py:137} INFO - [2023-02-17T07:26:23.329+0000] {dag.py:3441} INFO - Setting next_dagrun for dag_with_catchup_backfill_v012 to 2023-02-14T00:00:00+00:00, run_after=2023-02-15T00:00:00+00:00
[2023-02-17T07:26:23.344+0000] {processor.py:175} INFO - Processing /opt/airflow/dags/catchup_and_backfill.py took 0.070 seconds
[2023-02-17T07:26:54.698+0000] {processor.py:153} INFO - Started process (PID=16434) to work on /opt/airflow/dags/catchup_and_backfill.py
[2023-02-17T07:26:54.699+0000] {processor.py:743} INFO - Processing file /opt/airflow/dags/catchup_and_backfill.py for tasks to queue
[2023-02-17T07:26:54.700+0000] {logging_mixin.py:137} INFO - [2023-02-17T07:26:54.700+0000] {dagbag.py:538} INFO - Filling up the DagBag from /opt/airflow/dags/catchup_and_backfill.py
[2023-02-17T07:26:54.712+0000] {processor.py:753} INFO - DAG(s) dict_keys(['dag_with_catchup_backfill_v012']) retrieved from /opt/airflow/dags/catchup_and_backfill.py
[2023-02-17T07:26:54.731+0000] {logging_mixin.py:137} INFO - [2023-02-17T07:26:54.731+0000] {dag.py:2690} INFO - Sync 1 DAGs
[2023-02-17T07:26:54.747+0000] {logging_mixin.py:137} INFO - [2023-02-17T07:26:54.747+0000] {dag.py:3441} INFO - Setting next_dagrun for dag_with_catchup_backfill_v012 to 2023-02-14T00:00:00+00:00, run_after=2023-02-15T00:00:00+00:00
[2023-02-17T07:26:54.757+0000] {processor.py:175} INFO - Processing /opt/airflow/dags/catchup_and_backfill.py took 0.062 seconds
[2023-02-17T07:27:25.385+0000] {processor.py:153} INFO - Started process (PID=16513) to work on /opt/airflow/dags/catchup_and_backfill.py
[2023-02-17T07:27:25.387+0000] {processor.py:743} INFO - Processing file /opt/airflow/dags/catchup_and_backfill.py for tasks to queue
[2023-02-17T07:27:25.388+0000] {logging_mixin.py:137} INFO - [2023-02-17T07:27:25.388+0000] {dagbag.py:538} INFO - Filling up the DagBag from /opt/airflow/dags/catchup_and_backfill.py
[2023-02-17T07:27:25.447+0000] {processor.py:753} INFO - DAG(s) dict_keys(['dag_with_catchup_backfill_v012']) retrieved from /opt/airflow/dags/catchup_and_backfill.py
[2023-02-17T07:27:25.485+0000] {logging_mixin.py:137} INFO - [2023-02-17T07:27:25.484+0000] {dag.py:2690} INFO - Sync 1 DAGs
[2023-02-17T07:27:25.509+0000] {logging_mixin.py:137} INFO - [2023-02-17T07:27:25.509+0000] {dag.py:3441} INFO - Setting next_dagrun for dag_with_catchup_backfill_v012 to 2023-02-14T00:00:00+00:00, run_after=2023-02-15T00:00:00+00:00
[2023-02-17T07:27:25.533+0000] {processor.py:175} INFO - Processing /opt/airflow/dags/catchup_and_backfill.py took 0.152 seconds
[2023-02-17T07:27:55.842+0000] {processor.py:153} INFO - Started process (PID=16578) to work on /opt/airflow/dags/catchup_and_backfill.py
[2023-02-17T07:27:55.843+0000] {processor.py:743} INFO - Processing file /opt/airflow/dags/catchup_and_backfill.py for tasks to queue
[2023-02-17T07:27:55.844+0000] {logging_mixin.py:137} INFO - [2023-02-17T07:27:55.844+0000] {dagbag.py:538} INFO - Filling up the DagBag from /opt/airflow/dags/catchup_and_backfill.py
[2023-02-17T07:27:55.859+0000] {processor.py:753} INFO - DAG(s) dict_keys(['dag_with_catchup_backfill_v012']) retrieved from /opt/airflow/dags/catchup_and_backfill.py
[2023-02-17T07:27:55.877+0000] {logging_mixin.py:137} INFO - [2023-02-17T07:27:55.877+0000] {dag.py:2690} INFO - Sync 1 DAGs
[2023-02-17T07:27:55.894+0000] {logging_mixin.py:137} INFO - [2023-02-17T07:27:55.893+0000] {dag.py:3441} INFO - Setting next_dagrun for dag_with_catchup_backfill_v012 to 2023-02-14T00:00:00+00:00, run_after=2023-02-15T00:00:00+00:00
[2023-02-17T07:27:55.906+0000] {processor.py:175} INFO - Processing /opt/airflow/dags/catchup_and_backfill.py took 0.067 seconds
[2023-02-17T07:28:26.359+0000] {processor.py:153} INFO - Started process (PID=16655) to work on /opt/airflow/dags/catchup_and_backfill.py
[2023-02-17T07:28:26.361+0000] {processor.py:743} INFO - Processing file /opt/airflow/dags/catchup_and_backfill.py for tasks to queue
[2023-02-17T07:28:26.363+0000] {logging_mixin.py:137} INFO - [2023-02-17T07:28:26.363+0000] {dagbag.py:538} INFO - Filling up the DagBag from /opt/airflow/dags/catchup_and_backfill.py
[2023-02-17T07:28:26.377+0000] {processor.py:753} INFO - DAG(s) dict_keys(['dag_with_catchup_backfill_v012']) retrieved from /opt/airflow/dags/catchup_and_backfill.py
[2023-02-17T07:28:26.395+0000] {logging_mixin.py:137} INFO - [2023-02-17T07:28:26.395+0000] {dag.py:2690} INFO - Sync 1 DAGs
[2023-02-17T07:28:26.420+0000] {logging_mixin.py:137} INFO - [2023-02-17T07:28:26.420+0000] {dag.py:3441} INFO - Setting next_dagrun for dag_with_catchup_backfill_v012 to 2023-02-14T00:00:00+00:00, run_after=2023-02-15T00:00:00+00:00
[2023-02-17T07:28:26.431+0000] {processor.py:175} INFO - Processing /opt/airflow/dags/catchup_and_backfill.py took 0.075 seconds
[2023-02-17T07:28:56.715+0000] {processor.py:153} INFO - Started process (PID=16720) to work on /opt/airflow/dags/catchup_and_backfill.py
[2023-02-17T07:28:56.716+0000] {processor.py:743} INFO - Processing file /opt/airflow/dags/catchup_and_backfill.py for tasks to queue
[2023-02-17T07:28:56.717+0000] {logging_mixin.py:137} INFO - [2023-02-17T07:28:56.717+0000] {dagbag.py:538} INFO - Filling up the DagBag from /opt/airflow/dags/catchup_and_backfill.py
[2023-02-17T07:28:56.736+0000] {processor.py:753} INFO - DAG(s) dict_keys(['dag_with_catchup_backfill_v012']) retrieved from /opt/airflow/dags/catchup_and_backfill.py
[2023-02-17T07:28:56.769+0000] {logging_mixin.py:137} INFO - [2023-02-17T07:28:56.769+0000] {dag.py:2690} INFO - Sync 1 DAGs
[2023-02-17T07:28:56.801+0000] {logging_mixin.py:137} INFO - [2023-02-17T07:28:56.800+0000] {dag.py:3441} INFO - Setting next_dagrun for dag_with_catchup_backfill_v012 to 2023-02-14T00:00:00+00:00, run_after=2023-02-15T00:00:00+00:00
[2023-02-17T07:28:56.812+0000] {processor.py:175} INFO - Processing /opt/airflow/dags/catchup_and_backfill.py took 0.100 seconds
[2023-02-17T07:29:27.682+0000] {processor.py:153} INFO - Started process (PID=16798) to work on /opt/airflow/dags/catchup_and_backfill.py
[2023-02-17T07:29:27.687+0000] {processor.py:743} INFO - Processing file /opt/airflow/dags/catchup_and_backfill.py for tasks to queue
[2023-02-17T07:29:27.690+0000] {logging_mixin.py:137} INFO - [2023-02-17T07:29:27.690+0000] {dagbag.py:538} INFO - Filling up the DagBag from /opt/airflow/dags/catchup_and_backfill.py
[2023-02-17T07:29:27.819+0000] {processor.py:753} INFO - DAG(s) dict_keys(['dag_with_catchup_backfill_v012']) retrieved from /opt/airflow/dags/catchup_and_backfill.py
[2023-02-17T07:29:27.871+0000] {logging_mixin.py:137} INFO - [2023-02-17T07:29:27.871+0000] {dag.py:2690} INFO - Sync 1 DAGs
[2023-02-17T07:29:27.902+0000] {logging_mixin.py:137} INFO - [2023-02-17T07:29:27.902+0000] {dag.py:3441} INFO - Setting next_dagrun for dag_with_catchup_backfill_v012 to 2023-02-14T00:00:00+00:00, run_after=2023-02-15T00:00:00+00:00
[2023-02-17T07:29:27.916+0000] {processor.py:175} INFO - Processing /opt/airflow/dags/catchup_and_backfill.py took 0.260 seconds
[2023-02-17T07:29:58.020+0000] {processor.py:153} INFO - Started process (PID=16861) to work on /opt/airflow/dags/catchup_and_backfill.py
[2023-02-17T07:29:58.021+0000] {processor.py:743} INFO - Processing file /opt/airflow/dags/catchup_and_backfill.py for tasks to queue
[2023-02-17T07:29:58.022+0000] {logging_mixin.py:137} INFO - [2023-02-17T07:29:58.022+0000] {dagbag.py:538} INFO - Filling up the DagBag from /opt/airflow/dags/catchup_and_backfill.py
[2023-02-17T07:29:58.035+0000] {processor.py:753} INFO - DAG(s) dict_keys(['dag_with_catchup_backfill_v012']) retrieved from /opt/airflow/dags/catchup_and_backfill.py
[2023-02-17T07:29:58.058+0000] {logging_mixin.py:137} INFO - [2023-02-17T07:29:58.058+0000] {dag.py:2690} INFO - Sync 1 DAGs
[2023-02-17T07:29:58.075+0000] {logging_mixin.py:137} INFO - [2023-02-17T07:29:58.075+0000] {dag.py:3441} INFO - Setting next_dagrun for dag_with_catchup_backfill_v012 to 2023-02-14T00:00:00+00:00, run_after=2023-02-15T00:00:00+00:00
[2023-02-17T07:29:58.087+0000] {processor.py:175} INFO - Processing /opt/airflow/dags/catchup_and_backfill.py took 0.069 seconds
[2023-02-17T07:30:28.980+0000] {processor.py:153} INFO - Started process (PID=16940) to work on /opt/airflow/dags/catchup_and_backfill.py
[2023-02-17T07:30:28.982+0000] {processor.py:743} INFO - Processing file /opt/airflow/dags/catchup_and_backfill.py for tasks to queue
[2023-02-17T07:30:28.984+0000] {logging_mixin.py:137} INFO - [2023-02-17T07:30:28.984+0000] {dagbag.py:538} INFO - Filling up the DagBag from /opt/airflow/dags/catchup_and_backfill.py
[2023-02-17T07:30:29.022+0000] {processor.py:753} INFO - DAG(s) dict_keys(['dag_with_catchup_backfill_v012']) retrieved from /opt/airflow/dags/catchup_and_backfill.py
[2023-02-17T07:30:29.057+0000] {logging_mixin.py:137} INFO - [2023-02-17T07:30:29.057+0000] {dag.py:2690} INFO - Sync 1 DAGs
[2023-02-17T07:30:29.085+0000] {logging_mixin.py:137} INFO - [2023-02-17T07:30:29.085+0000] {dag.py:3441} INFO - Setting next_dagrun for dag_with_catchup_backfill_v012 to 2023-02-14T00:00:00+00:00, run_after=2023-02-15T00:00:00+00:00
[2023-02-17T07:30:29.113+0000] {processor.py:175} INFO - Processing /opt/airflow/dags/catchup_and_backfill.py took 0.140 seconds
[2023-02-17T07:30:59.323+0000] {processor.py:153} INFO - Started process (PID=17003) to work on /opt/airflow/dags/catchup_and_backfill.py
[2023-02-17T07:30:59.325+0000] {processor.py:743} INFO - Processing file /opt/airflow/dags/catchup_and_backfill.py for tasks to queue
[2023-02-17T07:30:59.326+0000] {logging_mixin.py:137} INFO - [2023-02-17T07:30:59.326+0000] {dagbag.py:538} INFO - Filling up the DagBag from /opt/airflow/dags/catchup_and_backfill.py
[2023-02-17T07:30:59.345+0000] {processor.py:753} INFO - DAG(s) dict_keys(['dag_with_catchup_backfill_v012']) retrieved from /opt/airflow/dags/catchup_and_backfill.py
[2023-02-17T07:30:59.379+0000] {logging_mixin.py:137} INFO - [2023-02-17T07:30:59.378+0000] {dag.py:2690} INFO - Sync 1 DAGs
[2023-02-17T07:30:59.408+0000] {logging_mixin.py:137} INFO - [2023-02-17T07:30:59.408+0000] {dag.py:3441} INFO - Setting next_dagrun for dag_with_catchup_backfill_v012 to 2023-02-14T00:00:00+00:00, run_after=2023-02-15T00:00:00+00:00
[2023-02-17T07:30:59.436+0000] {processor.py:175} INFO - Processing /opt/airflow/dags/catchup_and_backfill.py took 0.115 seconds
[2023-02-17T07:31:30.116+0000] {processor.py:153} INFO - Started process (PID=17075) to work on /opt/airflow/dags/catchup_and_backfill.py
[2023-02-17T07:31:30.120+0000] {processor.py:743} INFO - Processing file /opt/airflow/dags/catchup_and_backfill.py for tasks to queue
[2023-02-17T07:31:30.121+0000] {logging_mixin.py:137} INFO - [2023-02-17T07:31:30.121+0000] {dagbag.py:538} INFO - Filling up the DagBag from /opt/airflow/dags/catchup_and_backfill.py
[2023-02-17T07:31:30.155+0000] {processor.py:753} INFO - DAG(s) dict_keys(['dag_with_catchup_backfill_v012']) retrieved from /opt/airflow/dags/catchup_and_backfill.py
[2023-02-17T07:31:30.213+0000] {logging_mixin.py:137} INFO - [2023-02-17T07:31:30.213+0000] {dag.py:2690} INFO - Sync 1 DAGs
[2023-02-17T07:31:30.288+0000] {logging_mixin.py:137} INFO - [2023-02-17T07:31:30.287+0000] {dag.py:3441} INFO - Setting next_dagrun for dag_with_catchup_backfill_v012 to 2023-02-14T00:00:00+00:00, run_after=2023-02-15T00:00:00+00:00
[2023-02-17T07:31:30.308+0000] {processor.py:175} INFO - Processing /opt/airflow/dags/catchup_and_backfill.py took 0.197 seconds
[2023-02-17T07:32:01.382+0000] {processor.py:153} INFO - Started process (PID=17144) to work on /opt/airflow/dags/catchup_and_backfill.py
[2023-02-17T07:32:01.384+0000] {processor.py:743} INFO - Processing file /opt/airflow/dags/catchup_and_backfill.py for tasks to queue
[2023-02-17T07:32:01.386+0000] {logging_mixin.py:137} INFO - [2023-02-17T07:32:01.386+0000] {dagbag.py:538} INFO - Filling up the DagBag from /opt/airflow/dags/catchup_and_backfill.py
[2023-02-17T07:32:01.412+0000] {processor.py:753} INFO - DAG(s) dict_keys(['dag_with_catchup_backfill_v012']) retrieved from /opt/airflow/dags/catchup_and_backfill.py
[2023-02-17T07:32:01.472+0000] {logging_mixin.py:137} INFO - [2023-02-17T07:32:01.472+0000] {dag.py:2690} INFO - Sync 1 DAGs
[2023-02-17T07:32:01.549+0000] {logging_mixin.py:137} INFO - [2023-02-17T07:32:01.548+0000] {dag.py:3441} INFO - Setting next_dagrun for dag_with_catchup_backfill_v012 to 2023-02-14T00:00:00+00:00, run_after=2023-02-15T00:00:00+00:00
[2023-02-17T07:32:01.594+0000] {processor.py:175} INFO - Processing /opt/airflow/dags/catchup_and_backfill.py took 0.221 seconds
[2023-02-17T08:08:20.965+0000] {processor.py:153} INFO - Started process (PID=17188) to work on /opt/airflow/dags/catchup_and_backfill.py
[2023-02-17T08:08:20.968+0000] {processor.py:743} INFO - Processing file /opt/airflow/dags/catchup_and_backfill.py for tasks to queue
[2023-02-17T08:08:20.969+0000] {logging_mixin.py:137} INFO - [2023-02-17T08:08:20.969+0000] {dagbag.py:538} INFO - Filling up the DagBag from /opt/airflow/dags/catchup_and_backfill.py
[2023-02-17T08:08:21.000+0000] {processor.py:753} INFO - DAG(s) dict_keys(['dag_with_catchup_backfill_v012']) retrieved from /opt/airflow/dags/catchup_and_backfill.py
[2023-02-17T08:08:21.025+0000] {logging_mixin.py:137} INFO - [2023-02-17T08:08:21.025+0000] {dag.py:2690} INFO - Sync 1 DAGs
[2023-02-17T08:08:21.044+0000] {logging_mixin.py:137} INFO - [2023-02-17T08:08:21.044+0000] {dag.py:3441} INFO - Setting next_dagrun for dag_with_catchup_backfill_v012 to 2023-02-14T00:00:00+00:00, run_after=2023-02-15T00:00:00+00:00
[2023-02-17T08:08:21.059+0000] {processor.py:175} INFO - Processing /opt/airflow/dags/catchup_and_backfill.py took 0.098 seconds
[2023-02-17T08:08:51.164+0000] {processor.py:153} INFO - Started process (PID=17266) to work on /opt/airflow/dags/catchup_and_backfill.py
[2023-02-17T08:08:51.165+0000] {processor.py:743} INFO - Processing file /opt/airflow/dags/catchup_and_backfill.py for tasks to queue
[2023-02-17T08:08:51.166+0000] {logging_mixin.py:137} INFO - [2023-02-17T08:08:51.166+0000] {dagbag.py:538} INFO - Filling up the DagBag from /opt/airflow/dags/catchup_and_backfill.py
[2023-02-17T08:08:51.180+0000] {processor.py:753} INFO - DAG(s) dict_keys(['dag_with_catchup_backfill_v012']) retrieved from /opt/airflow/dags/catchup_and_backfill.py
[2023-02-17T08:08:51.199+0000] {logging_mixin.py:137} INFO - [2023-02-17T08:08:51.199+0000] {dag.py:2690} INFO - Sync 1 DAGs
[2023-02-17T08:08:51.218+0000] {logging_mixin.py:137} INFO - [2023-02-17T08:08:51.218+0000] {dag.py:3441} INFO - Setting next_dagrun for dag_with_catchup_backfill_v012 to 2023-02-14T00:00:00+00:00, run_after=2023-02-15T00:00:00+00:00
[2023-02-17T08:08:51.229+0000] {processor.py:175} INFO - Processing /opt/airflow/dags/catchup_and_backfill.py took 0.068 seconds
[2023-02-17T08:09:21.839+0000] {processor.py:153} INFO - Started process (PID=17331) to work on /opt/airflow/dags/catchup_and_backfill.py
[2023-02-17T08:09:21.841+0000] {processor.py:743} INFO - Processing file /opt/airflow/dags/catchup_and_backfill.py for tasks to queue
[2023-02-17T08:09:21.842+0000] {logging_mixin.py:137} INFO - [2023-02-17T08:09:21.842+0000] {dagbag.py:538} INFO - Filling up the DagBag from /opt/airflow/dags/catchup_and_backfill.py
[2023-02-17T08:09:21.856+0000] {processor.py:753} INFO - DAG(s) dict_keys(['dag_with_catchup_backfill_v012']) retrieved from /opt/airflow/dags/catchup_and_backfill.py
[2023-02-17T08:09:21.875+0000] {logging_mixin.py:137} INFO - [2023-02-17T08:09:21.875+0000] {dag.py:2690} INFO - Sync 1 DAGs
[2023-02-17T08:09:21.895+0000] {logging_mixin.py:137} INFO - [2023-02-17T08:09:21.895+0000] {dag.py:3441} INFO - Setting next_dagrun for dag_with_catchup_backfill_v012 to 2023-02-14T00:00:00+00:00, run_after=2023-02-15T00:00:00+00:00
[2023-02-17T08:09:21.906+0000] {processor.py:175} INFO - Processing /opt/airflow/dags/catchup_and_backfill.py took 0.070 seconds
[2023-02-17T08:09:53.441+0000] {processor.py:153} INFO - Started process (PID=17407) to work on /opt/airflow/dags/catchup_and_backfill.py
[2023-02-17T08:09:53.444+0000] {processor.py:743} INFO - Processing file /opt/airflow/dags/catchup_and_backfill.py for tasks to queue
[2023-02-17T08:09:53.446+0000] {logging_mixin.py:137} INFO - [2023-02-17T08:09:53.446+0000] {dagbag.py:538} INFO - Filling up the DagBag from /opt/airflow/dags/catchup_and_backfill.py
[2023-02-17T08:09:53.501+0000] {processor.py:753} INFO - DAG(s) dict_keys(['dag_with_catchup_backfill_v012']) retrieved from /opt/airflow/dags/catchup_and_backfill.py
[2023-02-17T08:09:53.574+0000] {logging_mixin.py:137} INFO - [2023-02-17T08:09:53.574+0000] {dag.py:2690} INFO - Sync 1 DAGs
[2023-02-17T08:09:53.689+0000] {logging_mixin.py:137} INFO - [2023-02-17T08:09:53.689+0000] {dag.py:3441} INFO - Setting next_dagrun for dag_with_catchup_backfill_v012 to 2023-02-14T00:00:00+00:00, run_after=2023-02-15T00:00:00+00:00
[2023-02-17T08:09:53.811+0000] {processor.py:175} INFO - Processing /opt/airflow/dags/catchup_and_backfill.py took 0.373 seconds
[2023-02-17T08:10:27.715+0000] {processor.py:153} INFO - Started process (PID=17476) to work on /opt/airflow/dags/catchup_and_backfill.py
[2023-02-17T08:10:27.722+0000] {processor.py:743} INFO - Processing file /opt/airflow/dags/catchup_and_backfill.py for tasks to queue
[2023-02-17T08:10:27.728+0000] {logging_mixin.py:137} INFO - [2023-02-17T08:10:27.728+0000] {dagbag.py:538} INFO - Filling up the DagBag from /opt/airflow/dags/catchup_and_backfill.py
[2023-02-17T08:10:27.818+0000] {processor.py:753} INFO - DAG(s) dict_keys(['dag_with_catchup_backfill_v012']) retrieved from /opt/airflow/dags/catchup_and_backfill.py
[2023-02-17T08:10:27.927+0000] {logging_mixin.py:137} INFO - [2023-02-17T08:10:27.927+0000] {dag.py:2690} INFO - Sync 1 DAGs
[2023-02-17T08:10:28.031+0000] {logging_mixin.py:137} INFO - [2023-02-17T08:10:28.030+0000] {dag.py:3441} INFO - Setting next_dagrun for dag_with_catchup_backfill_v012 to 2023-02-14T00:00:00+00:00, run_after=2023-02-15T00:00:00+00:00
[2023-02-17T08:10:28.081+0000] {processor.py:175} INFO - Processing /opt/airflow/dags/catchup_and_backfill.py took 0.379 seconds
[2023-02-17T08:10:59.126+0000] {processor.py:153} INFO - Started process (PID=17540) to work on /opt/airflow/dags/catchup_and_backfill.py
[2023-02-17T08:10:59.128+0000] {processor.py:743} INFO - Processing file /opt/airflow/dags/catchup_and_backfill.py for tasks to queue
[2023-02-17T08:10:59.129+0000] {logging_mixin.py:137} INFO - [2023-02-17T08:10:59.129+0000] {dagbag.py:538} INFO - Filling up the DagBag from /opt/airflow/dags/catchup_and_backfill.py
[2023-02-17T08:10:59.186+0000] {processor.py:753} INFO - DAG(s) dict_keys(['dag_with_catchup_backfill_v012']) retrieved from /opt/airflow/dags/catchup_and_backfill.py
[2023-02-17T08:10:59.250+0000] {logging_mixin.py:137} INFO - [2023-02-17T08:10:59.250+0000] {dag.py:2690} INFO - Sync 1 DAGs
[2023-02-17T08:10:59.292+0000] {logging_mixin.py:137} INFO - [2023-02-17T08:10:59.292+0000] {dag.py:3441} INFO - Setting next_dagrun for dag_with_catchup_backfill_v012 to 2023-02-14T00:00:00+00:00, run_after=2023-02-15T00:00:00+00:00
[2023-02-17T08:10:59.327+0000] {processor.py:175} INFO - Processing /opt/airflow/dags/catchup_and_backfill.py took 0.207 seconds
[2023-02-17T08:11:30.064+0000] {processor.py:153} INFO - Started process (PID=17605) to work on /opt/airflow/dags/catchup_and_backfill.py
[2023-02-17T08:11:30.067+0000] {processor.py:743} INFO - Processing file /opt/airflow/dags/catchup_and_backfill.py for tasks to queue
[2023-02-17T08:11:30.070+0000] {logging_mixin.py:137} INFO - [2023-02-17T08:11:30.070+0000] {dagbag.py:538} INFO - Filling up the DagBag from /opt/airflow/dags/catchup_and_backfill.py
[2023-02-17T08:11:30.139+0000] {processor.py:753} INFO - DAG(s) dict_keys(['dag_with_catchup_backfill_v012']) retrieved from /opt/airflow/dags/catchup_and_backfill.py
[2023-02-17T08:11:30.210+0000] {logging_mixin.py:137} INFO - [2023-02-17T08:11:30.210+0000] {dag.py:2690} INFO - Sync 1 DAGs
[2023-02-17T08:11:30.258+0000] {logging_mixin.py:137} INFO - [2023-02-17T08:11:30.257+0000] {dag.py:3441} INFO - Setting next_dagrun for dag_with_catchup_backfill_v012 to 2023-02-14T00:00:00+00:00, run_after=2023-02-15T00:00:00+00:00
[2023-02-17T08:11:30.275+0000] {processor.py:175} INFO - Processing /opt/airflow/dags/catchup_and_backfill.py took 0.221 seconds
[2023-02-17T08:12:00.430+0000] {processor.py:153} INFO - Started process (PID=17684) to work on /opt/airflow/dags/catchup_and_backfill.py
[2023-02-17T08:12:00.441+0000] {processor.py:743} INFO - Processing file /opt/airflow/dags/catchup_and_backfill.py for tasks to queue
[2023-02-17T08:12:00.446+0000] {logging_mixin.py:137} INFO - [2023-02-17T08:12:00.445+0000] {dagbag.py:538} INFO - Filling up the DagBag from /opt/airflow/dags/catchup_and_backfill.py
[2023-02-17T08:12:00.495+0000] {processor.py:753} INFO - DAG(s) dict_keys(['dag_with_catchup_backfill_v012']) retrieved from /opt/airflow/dags/catchup_and_backfill.py
[2023-02-17T08:12:00.593+0000] {logging_mixin.py:137} INFO - [2023-02-17T08:12:00.592+0000] {dag.py:2690} INFO - Sync 1 DAGs
[2023-02-17T08:12:00.658+0000] {logging_mixin.py:137} INFO - [2023-02-17T08:12:00.658+0000] {dag.py:3441} INFO - Setting next_dagrun for dag_with_catchup_backfill_v012 to 2023-02-14T00:00:00+00:00, run_after=2023-02-15T00:00:00+00:00
[2023-02-17T08:12:00.693+0000] {processor.py:175} INFO - Processing /opt/airflow/dags/catchup_and_backfill.py took 0.269 seconds
[2023-02-17T08:12:39.441+0000] {processor.py:153} INFO - Started process (PID=17749) to work on /opt/airflow/dags/catchup_and_backfill.py
[2023-02-17T08:12:39.448+0000] {processor.py:743} INFO - Processing file /opt/airflow/dags/catchup_and_backfill.py for tasks to queue
[2023-02-17T08:12:39.455+0000] {logging_mixin.py:137} INFO - [2023-02-17T08:12:39.454+0000] {dagbag.py:538} INFO - Filling up the DagBag from /opt/airflow/dags/catchup_and_backfill.py
[2023-02-17T08:12:39.557+0000] {processor.py:753} INFO - DAG(s) dict_keys(['dag_with_catchup_backfill_v012']) retrieved from /opt/airflow/dags/catchup_and_backfill.py
[2023-02-17T08:12:39.674+0000] {logging_mixin.py:137} INFO - [2023-02-17T08:12:39.674+0000] {dag.py:2690} INFO - Sync 1 DAGs
[2023-02-17T08:12:39.761+0000] {logging_mixin.py:137} INFO - [2023-02-17T08:12:39.760+0000] {dag.py:3441} INFO - Setting next_dagrun for dag_with_catchup_backfill_v012 to 2023-02-14T00:00:00+00:00, run_after=2023-02-15T00:00:00+00:00
[2023-02-17T08:12:39.822+0000] {processor.py:175} INFO - Processing /opt/airflow/dags/catchup_and_backfill.py took 0.416 seconds
[2023-02-17T08:13:10.858+0000] {processor.py:153} INFO - Started process (PID=17814) to work on /opt/airflow/dags/catchup_and_backfill.py
[2023-02-17T08:13:10.878+0000] {processor.py:743} INFO - Processing file /opt/airflow/dags/catchup_and_backfill.py for tasks to queue
[2023-02-17T08:13:10.885+0000] {logging_mixin.py:137} INFO - [2023-02-17T08:13:10.885+0000] {dagbag.py:538} INFO - Filling up the DagBag from /opt/airflow/dags/catchup_and_backfill.py
[2023-02-17T08:13:11.011+0000] {processor.py:753} INFO - DAG(s) dict_keys(['dag_with_catchup_backfill_v012']) retrieved from /opt/airflow/dags/catchup_and_backfill.py
[2023-02-17T08:13:11.091+0000] {logging_mixin.py:137} INFO - [2023-02-17T08:13:11.091+0000] {dag.py:2690} INFO - Sync 1 DAGs
[2023-02-17T08:13:11.123+0000] {logging_mixin.py:137} INFO - [2023-02-17T08:13:11.123+0000] {dag.py:3441} INFO - Setting next_dagrun for dag_with_catchup_backfill_v012 to 2023-02-14T00:00:00+00:00, run_after=2023-02-15T00:00:00+00:00
[2023-02-17T08:13:11.148+0000] {processor.py:175} INFO - Processing /opt/airflow/dags/catchup_and_backfill.py took 0.300 seconds
[2023-02-17T08:13:41.224+0000] {processor.py:153} INFO - Started process (PID=17887) to work on /opt/airflow/dags/catchup_and_backfill.py
[2023-02-17T08:13:41.226+0000] {processor.py:743} INFO - Processing file /opt/airflow/dags/catchup_and_backfill.py for tasks to queue
[2023-02-17T08:13:41.229+0000] {logging_mixin.py:137} INFO - [2023-02-17T08:13:41.229+0000] {dagbag.py:538} INFO - Filling up the DagBag from /opt/airflow/dags/catchup_and_backfill.py
[2023-02-17T08:13:41.260+0000] {processor.py:753} INFO - DAG(s) dict_keys(['dag_with_catchup_backfill_v012']) retrieved from /opt/airflow/dags/catchup_and_backfill.py
[2023-02-17T08:13:41.290+0000] {logging_mixin.py:137} INFO - [2023-02-17T08:13:41.289+0000] {dag.py:2690} INFO - Sync 1 DAGs
[2023-02-17T08:13:41.328+0000] {logging_mixin.py:137} INFO - [2023-02-17T08:13:41.328+0000] {dag.py:3441} INFO - Setting next_dagrun for dag_with_catchup_backfill_v012 to 2023-02-14T00:00:00+00:00, run_after=2023-02-15T00:00:00+00:00
[2023-02-17T08:13:41.348+0000] {processor.py:175} INFO - Processing /opt/airflow/dags/catchup_and_backfill.py took 0.129 seconds
[2023-02-17T08:14:11.827+0000] {processor.py:153} INFO - Started process (PID=17952) to work on /opt/airflow/dags/catchup_and_backfill.py
[2023-02-17T08:14:11.829+0000] {processor.py:743} INFO - Processing file /opt/airflow/dags/catchup_and_backfill.py for tasks to queue
[2023-02-17T08:14:11.830+0000] {logging_mixin.py:137} INFO - [2023-02-17T08:14:11.830+0000] {dagbag.py:538} INFO - Filling up the DagBag from /opt/airflow/dags/catchup_and_backfill.py
[2023-02-17T08:14:11.854+0000] {processor.py:753} INFO - DAG(s) dict_keys(['dag_with_catchup_backfill_v012']) retrieved from /opt/airflow/dags/catchup_and_backfill.py
[2023-02-17T08:14:11.877+0000] {logging_mixin.py:137} INFO - [2023-02-17T08:14:11.877+0000] {dag.py:2690} INFO - Sync 1 DAGs
[2023-02-17T08:14:11.896+0000] {logging_mixin.py:137} INFO - [2023-02-17T08:14:11.896+0000] {dag.py:3441} INFO - Setting next_dagrun for dag_with_catchup_backfill_v012 to 2023-02-14T00:00:00+00:00, run_after=2023-02-15T00:00:00+00:00
[2023-02-17T08:14:11.910+0000] {processor.py:175} INFO - Processing /opt/airflow/dags/catchup_and_backfill.py took 0.088 seconds
[2023-02-17T08:14:43.117+0000] {processor.py:153} INFO - Started process (PID=18030) to work on /opt/airflow/dags/catchup_and_backfill.py
[2023-02-17T08:14:43.120+0000] {processor.py:743} INFO - Processing file /opt/airflow/dags/catchup_and_backfill.py for tasks to queue
[2023-02-17T08:14:43.121+0000] {logging_mixin.py:137} INFO - [2023-02-17T08:14:43.121+0000] {dagbag.py:538} INFO - Filling up the DagBag from /opt/airflow/dags/catchup_and_backfill.py
[2023-02-17T08:14:43.188+0000] {processor.py:753} INFO - DAG(s) dict_keys(['dag_with_catchup_backfill_v012']) retrieved from /opt/airflow/dags/catchup_and_backfill.py
[2023-02-17T08:14:43.234+0000] {logging_mixin.py:137} INFO - [2023-02-17T08:14:43.233+0000] {dag.py:2690} INFO - Sync 1 DAGs
[2023-02-17T08:14:43.263+0000] {logging_mixin.py:137} INFO - [2023-02-17T08:14:43.263+0000] {dag.py:3441} INFO - Setting next_dagrun for dag_with_catchup_backfill_v012 to 2023-02-14T00:00:00+00:00, run_after=2023-02-15T00:00:00+00:00
[2023-02-17T08:14:43.330+0000] {processor.py:175} INFO - Processing /opt/airflow/dags/catchup_and_backfill.py took 0.218 seconds
[2023-02-17T08:15:13.559+0000] {processor.py:153} INFO - Started process (PID=18093) to work on /opt/airflow/dags/catchup_and_backfill.py
[2023-02-17T08:15:13.561+0000] {processor.py:743} INFO - Processing file /opt/airflow/dags/catchup_and_backfill.py for tasks to queue
[2023-02-17T08:15:13.563+0000] {logging_mixin.py:137} INFO - [2023-02-17T08:15:13.563+0000] {dagbag.py:538} INFO - Filling up the DagBag from /opt/airflow/dags/catchup_and_backfill.py
[2023-02-17T08:15:13.582+0000] {processor.py:753} INFO - DAG(s) dict_keys(['dag_with_catchup_backfill_v012']) retrieved from /opt/airflow/dags/catchup_and_backfill.py
[2023-02-17T08:15:13.603+0000] {logging_mixin.py:137} INFO - [2023-02-17T08:15:13.602+0000] {dag.py:2690} INFO - Sync 1 DAGs
[2023-02-17T08:15:13.621+0000] {logging_mixin.py:137} INFO - [2023-02-17T08:15:13.621+0000] {dag.py:3441} INFO - Setting next_dagrun for dag_with_catchup_backfill_v012 to 2023-02-14T00:00:00+00:00, run_after=2023-02-15T00:00:00+00:00
[2023-02-17T08:15:13.635+0000] {processor.py:175} INFO - Processing /opt/airflow/dags/catchup_and_backfill.py took 0.081 seconds
[2023-02-17T08:15:44.400+0000] {processor.py:153} INFO - Started process (PID=18158) to work on /opt/airflow/dags/catchup_and_backfill.py
[2023-02-17T08:15:44.402+0000] {processor.py:743} INFO - Processing file /opt/airflow/dags/catchup_and_backfill.py for tasks to queue
[2023-02-17T08:15:44.403+0000] {logging_mixin.py:137} INFO - [2023-02-17T08:15:44.403+0000] {dagbag.py:538} INFO - Filling up the DagBag from /opt/airflow/dags/catchup_and_backfill.py
[2023-02-17T08:15:44.417+0000] {processor.py:753} INFO - DAG(s) dict_keys(['dag_with_catchup_backfill_v012']) retrieved from /opt/airflow/dags/catchup_and_backfill.py
[2023-02-17T08:15:44.437+0000] {logging_mixin.py:137} INFO - [2023-02-17T08:15:44.437+0000] {dag.py:2690} INFO - Sync 1 DAGs
[2023-02-17T08:15:44.454+0000] {logging_mixin.py:137} INFO - [2023-02-17T08:15:44.454+0000] {dag.py:3441} INFO - Setting next_dagrun for dag_with_catchup_backfill_v012 to 2023-02-14T00:00:00+00:00, run_after=2023-02-15T00:00:00+00:00
[2023-02-17T08:15:44.464+0000] {processor.py:175} INFO - Processing /opt/airflow/dags/catchup_and_backfill.py took 0.067 seconds
[2023-02-17T08:16:15.117+0000] {processor.py:153} INFO - Started process (PID=18235) to work on /opt/airflow/dags/catchup_and_backfill.py
[2023-02-17T08:16:15.121+0000] {processor.py:743} INFO - Processing file /opt/airflow/dags/catchup_and_backfill.py for tasks to queue
[2023-02-17T08:16:15.122+0000] {logging_mixin.py:137} INFO - [2023-02-17T08:16:15.122+0000] {dagbag.py:538} INFO - Filling up the DagBag from /opt/airflow/dags/catchup_and_backfill.py
[2023-02-17T08:16:15.160+0000] {processor.py:753} INFO - DAG(s) dict_keys(['dag_with_catchup_backfill_v012']) retrieved from /opt/airflow/dags/catchup_and_backfill.py
[2023-02-17T08:16:15.198+0000] {logging_mixin.py:137} INFO - [2023-02-17T08:16:15.198+0000] {dag.py:2690} INFO - Sync 1 DAGs
[2023-02-17T08:16:15.222+0000] {logging_mixin.py:137} INFO - [2023-02-17T08:16:15.222+0000] {dag.py:3441} INFO - Setting next_dagrun for dag_with_catchup_backfill_v012 to 2023-02-14T00:00:00+00:00, run_after=2023-02-15T00:00:00+00:00
[2023-02-17T08:16:15.243+0000] {processor.py:175} INFO - Processing /opt/airflow/dags/catchup_and_backfill.py took 0.130 seconds
[2023-02-17T08:16:46.061+0000] {processor.py:153} INFO - Started process (PID=18300) to work on /opt/airflow/dags/catchup_and_backfill.py
[2023-02-17T08:16:46.064+0000] {processor.py:743} INFO - Processing file /opt/airflow/dags/catchup_and_backfill.py for tasks to queue
[2023-02-17T08:16:46.065+0000] {logging_mixin.py:137} INFO - [2023-02-17T08:16:46.065+0000] {dagbag.py:538} INFO - Filling up the DagBag from /opt/airflow/dags/catchup_and_backfill.py
[2023-02-17T08:16:46.084+0000] {processor.py:753} INFO - DAG(s) dict_keys(['dag_with_catchup_backfill_v012']) retrieved from /opt/airflow/dags/catchup_and_backfill.py
[2023-02-17T08:16:46.110+0000] {logging_mixin.py:137} INFO - [2023-02-17T08:16:46.110+0000] {dag.py:2690} INFO - Sync 1 DAGs
[2023-02-17T08:16:46.134+0000] {logging_mixin.py:137} INFO - [2023-02-17T08:16:46.134+0000] {dag.py:3441} INFO - Setting next_dagrun for dag_with_catchup_backfill_v012 to 2023-02-14T00:00:00+00:00, run_after=2023-02-15T00:00:00+00:00
[2023-02-17T08:16:46.158+0000] {processor.py:175} INFO - Processing /opt/airflow/dags/catchup_and_backfill.py took 0.102 seconds
[2023-02-17T08:17:17.331+0000] {processor.py:153} INFO - Started process (PID=18365) to work on /opt/airflow/dags/catchup_and_backfill.py
[2023-02-17T08:17:17.333+0000] {processor.py:743} INFO - Processing file /opt/airflow/dags/catchup_and_backfill.py for tasks to queue
[2023-02-17T08:17:17.335+0000] {logging_mixin.py:137} INFO - [2023-02-17T08:17:17.335+0000] {dagbag.py:538} INFO - Filling up the DagBag from /opt/airflow/dags/catchup_and_backfill.py
[2023-02-17T08:17:17.353+0000] {processor.py:753} INFO - DAG(s) dict_keys(['dag_with_catchup_backfill_v012']) retrieved from /opt/airflow/dags/catchup_and_backfill.py
[2023-02-17T08:17:17.378+0000] {logging_mixin.py:137} INFO - [2023-02-17T08:17:17.378+0000] {dag.py:2690} INFO - Sync 1 DAGs
[2023-02-17T08:17:17.397+0000] {logging_mixin.py:137} INFO - [2023-02-17T08:17:17.397+0000] {dag.py:3441} INFO - Setting next_dagrun for dag_with_catchup_backfill_v012 to 2023-02-14T00:00:00+00:00, run_after=2023-02-15T00:00:00+00:00
[2023-02-17T08:17:17.407+0000] {processor.py:175} INFO - Processing /opt/airflow/dags/catchup_and_backfill.py took 0.080 seconds
[2023-02-17T08:17:47.933+0000] {processor.py:153} INFO - Started process (PID=18442) to work on /opt/airflow/dags/catchup_and_backfill.py
[2023-02-17T08:17:47.934+0000] {processor.py:743} INFO - Processing file /opt/airflow/dags/catchup_and_backfill.py for tasks to queue
[2023-02-17T08:17:47.935+0000] {logging_mixin.py:137} INFO - [2023-02-17T08:17:47.935+0000] {dagbag.py:538} INFO - Filling up the DagBag from /opt/airflow/dags/catchup_and_backfill.py
[2023-02-17T08:17:47.950+0000] {processor.py:753} INFO - DAG(s) dict_keys(['dag_with_catchup_backfill_v012']) retrieved from /opt/airflow/dags/catchup_and_backfill.py
[2023-02-17T08:17:47.978+0000] {logging_mixin.py:137} INFO - [2023-02-17T08:17:47.978+0000] {dag.py:2690} INFO - Sync 1 DAGs
[2023-02-17T08:17:47.999+0000] {logging_mixin.py:137} INFO - [2023-02-17T08:17:47.999+0000] {dag.py:3441} INFO - Setting next_dagrun for dag_with_catchup_backfill_v012 to 2023-02-14T00:00:00+00:00, run_after=2023-02-15T00:00:00+00:00
[2023-02-17T08:17:48.010+0000] {processor.py:175} INFO - Processing /opt/airflow/dags/catchup_and_backfill.py took 0.080 seconds
[2023-02-17T08:18:18.568+0000] {processor.py:153} INFO - Started process (PID=18507) to work on /opt/airflow/dags/catchup_and_backfill.py
[2023-02-17T08:18:18.570+0000] {processor.py:743} INFO - Processing file /opt/airflow/dags/catchup_and_backfill.py for tasks to queue
[2023-02-17T08:18:18.571+0000] {logging_mixin.py:137} INFO - [2023-02-17T08:18:18.571+0000] {dagbag.py:538} INFO - Filling up the DagBag from /opt/airflow/dags/catchup_and_backfill.py
[2023-02-17T08:18:18.586+0000] {processor.py:753} INFO - DAG(s) dict_keys(['dag_with_catchup_backfill_v012']) retrieved from /opt/airflow/dags/catchup_and_backfill.py
[2023-02-17T08:18:18.615+0000] {logging_mixin.py:137} INFO - [2023-02-17T08:18:18.615+0000] {dag.py:2690} INFO - Sync 1 DAGs
[2023-02-17T08:18:18.649+0000] {logging_mixin.py:137} INFO - [2023-02-17T08:18:18.649+0000] {dag.py:3441} INFO - Setting next_dagrun for dag_with_catchup_backfill_v012 to 2023-02-14T00:00:00+00:00, run_after=2023-02-15T00:00:00+00:00
[2023-02-17T08:18:18.671+0000] {processor.py:175} INFO - Processing /opt/airflow/dags/catchup_and_backfill.py took 0.108 seconds
[2023-02-17T08:18:49.666+0000] {processor.py:153} INFO - Started process (PID=18580) to work on /opt/airflow/dags/catchup_and_backfill.py
[2023-02-17T08:18:49.670+0000] {processor.py:743} INFO - Processing file /opt/airflow/dags/catchup_and_backfill.py for tasks to queue
[2023-02-17T08:18:49.675+0000] {logging_mixin.py:137} INFO - [2023-02-17T08:18:49.675+0000] {dagbag.py:538} INFO - Filling up the DagBag from /opt/airflow/dags/catchup_and_backfill.py
[2023-02-17T08:18:49.781+0000] {processor.py:753} INFO - DAG(s) dict_keys(['dag_with_catchup_backfill_v012']) retrieved from /opt/airflow/dags/catchup_and_backfill.py
[2023-02-17T08:18:49.861+0000] {logging_mixin.py:137} INFO - [2023-02-17T08:18:49.861+0000] {dag.py:2690} INFO - Sync 1 DAGs
[2023-02-17T08:18:49.938+0000] {logging_mixin.py:137} INFO - [2023-02-17T08:18:49.938+0000] {dag.py:3441} INFO - Setting next_dagrun for dag_with_catchup_backfill_v012 to 2023-02-14T00:00:00+00:00, run_after=2023-02-15T00:00:00+00:00
[2023-02-17T08:18:49.958+0000] {processor.py:175} INFO - Processing /opt/airflow/dags/catchup_and_backfill.py took 0.299 seconds
[2023-02-17T08:19:20.645+0000] {processor.py:153} INFO - Started process (PID=18648) to work on /opt/airflow/dags/catchup_and_backfill.py
[2023-02-17T08:19:20.646+0000] {processor.py:743} INFO - Processing file /opt/airflow/dags/catchup_and_backfill.py for tasks to queue
[2023-02-17T08:19:20.647+0000] {logging_mixin.py:137} INFO - [2023-02-17T08:19:20.647+0000] {dagbag.py:538} INFO - Filling up the DagBag from /opt/airflow/dags/catchup_and_backfill.py
[2023-02-17T08:19:20.680+0000] {processor.py:753} INFO - DAG(s) dict_keys(['dag_with_catchup_backfill_v012']) retrieved from /opt/airflow/dags/catchup_and_backfill.py
[2023-02-17T08:19:20.708+0000] {logging_mixin.py:137} INFO - [2023-02-17T08:19:20.708+0000] {dag.py:2690} INFO - Sync 1 DAGs
[2023-02-17T08:19:20.741+0000] {logging_mixin.py:137} INFO - [2023-02-17T08:19:20.741+0000] {dag.py:3441} INFO - Setting next_dagrun for dag_with_catchup_backfill_v012 to 2023-02-14T00:00:00+00:00, run_after=2023-02-15T00:00:00+00:00
[2023-02-17T08:19:20.820+0000] {processor.py:175} INFO - Processing /opt/airflow/dags/catchup_and_backfill.py took 0.179 seconds
[2023-02-17T08:19:51.399+0000] {processor.py:153} INFO - Started process (PID=18714) to work on /opt/airflow/dags/catchup_and_backfill.py
[2023-02-17T08:19:51.401+0000] {processor.py:743} INFO - Processing file /opt/airflow/dags/catchup_and_backfill.py for tasks to queue
[2023-02-17T08:19:51.402+0000] {logging_mixin.py:137} INFO - [2023-02-17T08:19:51.402+0000] {dagbag.py:538} INFO - Filling up the DagBag from /opt/airflow/dags/catchup_and_backfill.py
[2023-02-17T08:19:51.420+0000] {processor.py:753} INFO - DAG(s) dict_keys(['dag_with_catchup_backfill_v012']) retrieved from /opt/airflow/dags/catchup_and_backfill.py
[2023-02-17T08:19:51.441+0000] {logging_mixin.py:137} INFO - [2023-02-17T08:19:51.441+0000] {dag.py:2690} INFO - Sync 1 DAGs
[2023-02-17T08:19:51.461+0000] {logging_mixin.py:137} INFO - [2023-02-17T08:19:51.461+0000] {dag.py:3441} INFO - Setting next_dagrun for dag_with_catchup_backfill_v012 to 2023-02-14T00:00:00+00:00, run_after=2023-02-15T00:00:00+00:00
[2023-02-17T08:19:51.473+0000] {processor.py:175} INFO - Processing /opt/airflow/dags/catchup_and_backfill.py took 0.077 seconds
[2023-02-17T08:20:22.845+0000] {processor.py:153} INFO - Started process (PID=18792) to work on /opt/airflow/dags/catchup_and_backfill.py
[2023-02-17T08:20:22.848+0000] {processor.py:743} INFO - Processing file /opt/airflow/dags/catchup_and_backfill.py for tasks to queue
[2023-02-17T08:20:22.851+0000] {logging_mixin.py:137} INFO - [2023-02-17T08:20:22.851+0000] {dagbag.py:538} INFO - Filling up the DagBag from /opt/airflow/dags/catchup_and_backfill.py
[2023-02-17T08:20:22.876+0000] {processor.py:753} INFO - DAG(s) dict_keys(['dag_with_catchup_backfill_v012']) retrieved from /opt/airflow/dags/catchup_and_backfill.py
[2023-02-17T08:20:22.932+0000] {logging_mixin.py:137} INFO - [2023-02-17T08:20:22.931+0000] {dag.py:2690} INFO - Sync 1 DAGs
[2023-02-17T08:20:22.979+0000] {logging_mixin.py:137} INFO - [2023-02-17T08:20:22.979+0000] {dag.py:3441} INFO - Setting next_dagrun for dag_with_catchup_backfill_v012 to 2023-02-14T00:00:00+00:00, run_after=2023-02-15T00:00:00+00:00
[2023-02-17T08:20:22.998+0000] {processor.py:175} INFO - Processing /opt/airflow/dags/catchup_and_backfill.py took 0.160 seconds
[2023-02-17T08:20:53.186+0000] {processor.py:153} INFO - Started process (PID=18852) to work on /opt/airflow/dags/catchup_and_backfill.py
[2023-02-17T08:20:53.187+0000] {processor.py:743} INFO - Processing file /opt/airflow/dags/catchup_and_backfill.py for tasks to queue
[2023-02-17T08:20:53.188+0000] {logging_mixin.py:137} INFO - [2023-02-17T08:20:53.188+0000] {dagbag.py:538} INFO - Filling up the DagBag from /opt/airflow/dags/catchup_and_backfill.py
[2023-02-17T08:20:53.203+0000] {processor.py:753} INFO - DAG(s) dict_keys(['dag_with_catchup_backfill_v012']) retrieved from /opt/airflow/dags/catchup_and_backfill.py
[2023-02-17T08:20:53.225+0000] {logging_mixin.py:137} INFO - [2023-02-17T08:20:53.225+0000] {dag.py:2690} INFO - Sync 1 DAGs
[2023-02-17T08:20:53.247+0000] {logging_mixin.py:137} INFO - [2023-02-17T08:20:53.247+0000] {dag.py:3441} INFO - Setting next_dagrun for dag_with_catchup_backfill_v012 to 2023-02-14T00:00:00+00:00, run_after=2023-02-15T00:00:00+00:00
[2023-02-17T08:20:53.259+0000] {processor.py:175} INFO - Processing /opt/airflow/dags/catchup_and_backfill.py took 0.076 seconds
[2023-02-17T08:21:24.031+0000] {processor.py:153} INFO - Started process (PID=18917) to work on /opt/airflow/dags/catchup_and_backfill.py
[2023-02-17T08:21:24.033+0000] {processor.py:743} INFO - Processing file /opt/airflow/dags/catchup_and_backfill.py for tasks to queue
[2023-02-17T08:21:24.033+0000] {logging_mixin.py:137} INFO - [2023-02-17T08:21:24.033+0000] {dagbag.py:538} INFO - Filling up the DagBag from /opt/airflow/dags/catchup_and_backfill.py
[2023-02-17T08:21:24.054+0000] {processor.py:753} INFO - DAG(s) dict_keys(['dag_with_catchup_backfill_v012']) retrieved from /opt/airflow/dags/catchup_and_backfill.py
[2023-02-17T08:21:24.101+0000] {logging_mixin.py:137} INFO - [2023-02-17T08:21:24.101+0000] {dag.py:2690} INFO - Sync 1 DAGs
[2023-02-17T08:21:24.122+0000] {logging_mixin.py:137} INFO - [2023-02-17T08:21:24.122+0000] {dag.py:3441} INFO - Setting next_dagrun for dag_with_catchup_backfill_v012 to 2023-02-14T00:00:00+00:00, run_after=2023-02-15T00:00:00+00:00
[2023-02-17T08:21:24.136+0000] {processor.py:175} INFO - Processing /opt/airflow/dags/catchup_and_backfill.py took 0.108 seconds
[2023-02-17T08:21:55.302+0000] {processor.py:153} INFO - Started process (PID=19001) to work on /opt/airflow/dags/catchup_and_backfill.py
[2023-02-17T08:21:55.307+0000] {processor.py:743} INFO - Processing file /opt/airflow/dags/catchup_and_backfill.py for tasks to queue
[2023-02-17T08:21:55.312+0000] {logging_mixin.py:137} INFO - [2023-02-17T08:21:55.312+0000] {dagbag.py:538} INFO - Filling up the DagBag from /opt/airflow/dags/catchup_and_backfill.py
[2023-02-17T08:21:55.386+0000] {processor.py:753} INFO - DAG(s) dict_keys(['dag_with_catchup_backfill_v012']) retrieved from /opt/airflow/dags/catchup_and_backfill.py
[2023-02-17T08:21:55.426+0000] {logging_mixin.py:137} INFO - [2023-02-17T08:21:55.426+0000] {dag.py:2690} INFO - Sync 1 DAGs
[2023-02-17T08:21:55.466+0000] {logging_mixin.py:137} INFO - [2023-02-17T08:21:55.466+0000] {dag.py:3441} INFO - Setting next_dagrun for dag_with_catchup_backfill_v012 to 2023-02-14T00:00:00+00:00, run_after=2023-02-15T00:00:00+00:00
[2023-02-17T08:21:55.480+0000] {processor.py:175} INFO - Processing /opt/airflow/dags/catchup_and_backfill.py took 0.188 seconds
[2023-02-17T08:53:15.833+0000] {processor.py:153} INFO - Started process (PID=201) to work on /opt/airflow/dags/catchup_and_backfill.py
[2023-02-17T08:53:15.849+0000] {processor.py:743} INFO - Processing file /opt/airflow/dags/catchup_and_backfill.py for tasks to queue
[2023-02-17T08:53:15.864+0000] {logging_mixin.py:137} INFO - [2023-02-17T08:53:15.863+0000] {dagbag.py:538} INFO - Filling up the DagBag from /opt/airflow/dags/catchup_and_backfill.py
[2023-02-17T08:53:16.025+0000] {processor.py:753} INFO - DAG(s) dict_keys(['dag_with_catchup_backfill_v012']) retrieved from /opt/airflow/dags/catchup_and_backfill.py
[2023-02-17T08:53:16.362+0000] {logging_mixin.py:137} INFO - [2023-02-17T08:53:16.362+0000] {dag.py:2690} INFO - Sync 1 DAGs
[2023-02-17T08:53:16.511+0000] {logging_mixin.py:137} INFO - [2023-02-17T08:53:16.509+0000] {dag.py:3441} INFO - Setting next_dagrun for dag_with_catchup_backfill_v012 to 2023-02-14T00:00:00+00:00, run_after=2023-02-15T00:00:00+00:00
[2023-02-17T08:53:16.581+0000] {processor.py:175} INFO - Processing /opt/airflow/dags/catchup_and_backfill.py took 0.809 seconds
[2023-02-17T08:53:47.181+0000] {processor.py:153} INFO - Started process (PID=264) to work on /opt/airflow/dags/catchup_and_backfill.py
[2023-02-17T08:53:47.183+0000] {processor.py:743} INFO - Processing file /opt/airflow/dags/catchup_and_backfill.py for tasks to queue
[2023-02-17T08:53:47.184+0000] {logging_mixin.py:137} INFO - [2023-02-17T08:53:47.184+0000] {dagbag.py:538} INFO - Filling up the DagBag from /opt/airflow/dags/catchup_and_backfill.py
[2023-02-17T08:53:47.212+0000] {processor.py:753} INFO - DAG(s) dict_keys(['dag_with_catchup_backfill_v012']) retrieved from /opt/airflow/dags/catchup_and_backfill.py
[2023-02-17T08:53:47.251+0000] {logging_mixin.py:137} INFO - [2023-02-17T08:53:47.251+0000] {dag.py:2690} INFO - Sync 1 DAGs
[2023-02-17T08:53:47.272+0000] {logging_mixin.py:137} INFO - [2023-02-17T08:53:47.272+0000] {dag.py:3441} INFO - Setting next_dagrun for dag_with_catchup_backfill_v012 to 2023-02-14T00:00:00+00:00, run_after=2023-02-15T00:00:00+00:00
[2023-02-17T08:53:47.288+0000] {processor.py:175} INFO - Processing /opt/airflow/dags/catchup_and_backfill.py took 0.110 seconds
[2023-02-17T08:54:18.521+0000] {processor.py:153} INFO - Started process (PID=330) to work on /opt/airflow/dags/catchup_and_backfill.py
[2023-02-17T08:54:18.528+0000] {processor.py:743} INFO - Processing file /opt/airflow/dags/catchup_and_backfill.py for tasks to queue
[2023-02-17T08:54:18.535+0000] {logging_mixin.py:137} INFO - [2023-02-17T08:54:18.533+0000] {dagbag.py:538} INFO - Filling up the DagBag from /opt/airflow/dags/catchup_and_backfill.py
[2023-02-17T08:54:18.666+0000] {processor.py:753} INFO - DAG(s) dict_keys(['dag_with_catchup_backfill_v012']) retrieved from /opt/airflow/dags/catchup_and_backfill.py
[2023-02-17T08:54:18.763+0000] {logging_mixin.py:137} INFO - [2023-02-17T08:54:18.762+0000] {dag.py:2690} INFO - Sync 1 DAGs
[2023-02-17T08:54:18.823+0000] {logging_mixin.py:137} INFO - [2023-02-17T08:54:18.822+0000] {dag.py:3441} INFO - Setting next_dagrun for dag_with_catchup_backfill_v012 to 2023-02-14T00:00:00+00:00, run_after=2023-02-15T00:00:00+00:00
[2023-02-17T08:54:18.863+0000] {processor.py:175} INFO - Processing /opt/airflow/dags/catchup_and_backfill.py took 0.375 seconds
[2023-02-17T08:54:50.210+0000] {processor.py:153} INFO - Started process (PID=395) to work on /opt/airflow/dags/catchup_and_backfill.py
[2023-02-17T08:54:50.212+0000] {processor.py:743} INFO - Processing file /opt/airflow/dags/catchup_and_backfill.py for tasks to queue
[2023-02-17T08:54:50.213+0000] {logging_mixin.py:137} INFO - [2023-02-17T08:54:50.213+0000] {dagbag.py:538} INFO - Filling up the DagBag from /opt/airflow/dags/catchup_and_backfill.py
[2023-02-17T08:54:50.233+0000] {processor.py:753} INFO - DAG(s) dict_keys(['dag_with_catchup_backfill_v012']) retrieved from /opt/airflow/dags/catchup_and_backfill.py
[2023-02-17T08:54:50.271+0000] {logging_mixin.py:137} INFO - [2023-02-17T08:54:50.271+0000] {dag.py:2690} INFO - Sync 1 DAGs
[2023-02-17T08:54:50.294+0000] {logging_mixin.py:137} INFO - [2023-02-17T08:54:50.294+0000] {dag.py:3441} INFO - Setting next_dagrun for dag_with_catchup_backfill_v012 to 2023-02-14T00:00:00+00:00, run_after=2023-02-15T00:00:00+00:00
[2023-02-17T08:54:50.310+0000] {processor.py:175} INFO - Processing /opt/airflow/dags/catchup_and_backfill.py took 0.105 seconds
[2023-02-17T08:56:58.049+0000] {processor.py:153} INFO - Started process (PID=211) to work on /opt/airflow/dags/catchup_and_backfill.py
[2023-02-17T08:56:58.075+0000] {processor.py:743} INFO - Processing file /opt/airflow/dags/catchup_and_backfill.py for tasks to queue
[2023-02-17T08:56:58.098+0000] {logging_mixin.py:137} INFO - [2023-02-17T08:56:58.096+0000] {dagbag.py:538} INFO - Filling up the DagBag from /opt/airflow/dags/catchup_and_backfill.py
[2023-02-17T08:56:58.408+0000] {processor.py:753} INFO - DAG(s) dict_keys(['dag_with_catchup_backfill_v012']) retrieved from /opt/airflow/dags/catchup_and_backfill.py
[2023-02-17T08:56:58.891+0000] {logging_mixin.py:137} INFO - [2023-02-17T08:56:58.890+0000] {dag.py:2690} INFO - Sync 1 DAGs
[2023-02-17T08:56:58.964+0000] {logging_mixin.py:137} INFO - [2023-02-17T08:56:58.964+0000] {dag.py:3441} INFO - Setting next_dagrun for dag_with_catchup_backfill_v012 to 2023-02-14T00:00:00+00:00, run_after=2023-02-15T00:00:00+00:00
[2023-02-17T08:56:59.059+0000] {processor.py:175} INFO - Processing /opt/airflow/dags/catchup_and_backfill.py took 1.027 seconds
[2023-02-17T08:57:44.533+0000] {processor.py:153} INFO - Started process (PID=273) to work on /opt/airflow/dags/catchup_and_backfill.py
[2023-02-17T08:57:44.583+0000] {processor.py:743} INFO - Processing file /opt/airflow/dags/catchup_and_backfill.py for tasks to queue
[2023-02-17T08:57:44.594+0000] {logging_mixin.py:137} INFO - [2023-02-17T08:57:44.593+0000] {dagbag.py:538} INFO - Filling up the DagBag from /opt/airflow/dags/catchup_and_backfill.py
[2023-02-17T08:57:44.963+0000] {processor.py:753} INFO - DAG(s) dict_keys(['dag_with_catchup_backfill_v012']) retrieved from /opt/airflow/dags/catchup_and_backfill.py
[2023-02-17T08:57:45.387+0000] {logging_mixin.py:137} INFO - [2023-02-17T08:57:45.380+0000] {dag.py:2690} INFO - Sync 1 DAGs
[2023-02-17T08:57:45.891+0000] {logging_mixin.py:137} INFO - [2023-02-17T08:57:45.873+0000] {dag.py:3441} INFO - Setting next_dagrun for dag_with_catchup_backfill_v012 to 2023-02-14T00:00:00+00:00, run_after=2023-02-15T00:00:00+00:00
[2023-02-17T08:57:46.199+0000] {processor.py:175} INFO - Processing /opt/airflow/dags/catchup_and_backfill.py took 1.812 seconds
[2023-02-17T08:58:21.640+0000] {processor.py:153} INFO - Started process (PID=337) to work on /opt/airflow/dags/catchup_and_backfill.py
[2023-02-17T08:58:21.664+0000] {processor.py:743} INFO - Processing file /opt/airflow/dags/catchup_and_backfill.py for tasks to queue
[2023-02-17T08:58:21.674+0000] {logging_mixin.py:137} INFO - [2023-02-17T08:58:21.673+0000] {dagbag.py:538} INFO - Filling up the DagBag from /opt/airflow/dags/catchup_and_backfill.py
[2023-02-17T08:58:22.196+0000] {processor.py:753} INFO - DAG(s) dict_keys(['dag_with_catchup_backfill_v012']) retrieved from /opt/airflow/dags/catchup_and_backfill.py
[2023-02-17T08:58:23.083+0000] {logging_mixin.py:137} INFO - [2023-02-17T08:58:23.079+0000] {dag.py:2690} INFO - Sync 1 DAGs
[2023-02-17T08:58:23.766+0000] {logging_mixin.py:137} INFO - [2023-02-17T08:58:23.747+0000] {dag.py:3441} INFO - Setting next_dagrun for dag_with_catchup_backfill_v012 to 2023-02-14T00:00:00+00:00, run_after=2023-02-15T00:00:00+00:00
[2023-02-17T08:58:24.243+0000] {processor.py:175} INFO - Processing /opt/airflow/dags/catchup_and_backfill.py took 2.714 seconds
[2023-02-17T08:58:56.921+0000] {processor.py:153} INFO - Started process (PID=392) to work on /opt/airflow/dags/catchup_and_backfill.py
[2023-02-17T08:58:56.952+0000] {processor.py:743} INFO - Processing file /opt/airflow/dags/catchup_and_backfill.py for tasks to queue
[2023-02-17T08:58:56.971+0000] {logging_mixin.py:137} INFO - [2023-02-17T08:58:56.969+0000] {dagbag.py:538} INFO - Filling up the DagBag from /opt/airflow/dags/catchup_and_backfill.py
[2023-02-17T08:58:57.386+0000] {processor.py:753} INFO - DAG(s) dict_keys(['dag_with_catchup_backfill_v012']) retrieved from /opt/airflow/dags/catchup_and_backfill.py
[2023-02-17T08:58:58.528+0000] {logging_mixin.py:137} INFO - [2023-02-17T08:58:58.527+0000] {dag.py:2690} INFO - Sync 1 DAGs
[2023-02-17T08:58:59.186+0000] {logging_mixin.py:137} INFO - [2023-02-17T08:58:59.185+0000] {dag.py:3441} INFO - Setting next_dagrun for dag_with_catchup_backfill_v012 to 2023-02-14T00:00:00+00:00, run_after=2023-02-15T00:00:00+00:00
[2023-02-17T08:58:59.347+0000] {processor.py:175} INFO - Processing /opt/airflow/dags/catchup_and_backfill.py took 3.763 seconds
[2023-02-17T08:59:30.563+0000] {processor.py:153} INFO - Started process (PID=456) to work on /opt/airflow/dags/catchup_and_backfill.py
[2023-02-17T08:59:30.578+0000] {processor.py:743} INFO - Processing file /opt/airflow/dags/catchup_and_backfill.py for tasks to queue
[2023-02-17T08:59:30.590+0000] {logging_mixin.py:137} INFO - [2023-02-17T08:59:30.590+0000] {dagbag.py:538} INFO - Filling up the DagBag from /opt/airflow/dags/catchup_and_backfill.py
[2023-02-17T08:59:30.964+0000] {processor.py:753} INFO - DAG(s) dict_keys(['dag_with_catchup_backfill_v012']) retrieved from /opt/airflow/dags/catchup_and_backfill.py
[2023-02-17T08:59:31.169+0000] {logging_mixin.py:137} INFO - [2023-02-17T08:59:31.168+0000] {dag.py:2690} INFO - Sync 1 DAGs
[2023-02-17T08:59:31.307+0000] {logging_mixin.py:137} INFO - [2023-02-17T08:59:31.306+0000] {dag.py:3441} INFO - Setting next_dagrun for dag_with_catchup_backfill_v012 to 2023-02-14T00:00:00+00:00, run_after=2023-02-15T00:00:00+00:00
[2023-02-17T08:59:31.356+0000] {processor.py:175} INFO - Processing /opt/airflow/dags/catchup_and_backfill.py took 0.842 seconds
[2023-02-17T09:00:02.511+0000] {processor.py:153} INFO - Started process (PID=524) to work on /opt/airflow/dags/catchup_and_backfill.py
[2023-02-17T09:00:02.516+0000] {processor.py:743} INFO - Processing file /opt/airflow/dags/catchup_and_backfill.py for tasks to queue
[2023-02-17T09:00:02.520+0000] {logging_mixin.py:137} INFO - [2023-02-17T09:00:02.519+0000] {dagbag.py:538} INFO - Filling up the DagBag from /opt/airflow/dags/catchup_and_backfill.py
[2023-02-17T09:00:02.680+0000] {processor.py:753} INFO - DAG(s) dict_keys(['dag_with_catchup_backfill_v012']) retrieved from /opt/airflow/dags/catchup_and_backfill.py
[2023-02-17T09:00:02.816+0000] {logging_mixin.py:137} INFO - [2023-02-17T09:00:02.816+0000] {dag.py:2690} INFO - Sync 1 DAGs
[2023-02-17T09:00:02.904+0000] {logging_mixin.py:137} INFO - [2023-02-17T09:00:02.904+0000] {dag.py:3441} INFO - Setting next_dagrun for dag_with_catchup_backfill_v012 to 2023-02-14T00:00:00+00:00, run_after=2023-02-15T00:00:00+00:00
[2023-02-17T09:00:02.966+0000] {processor.py:175} INFO - Processing /opt/airflow/dags/catchup_and_backfill.py took 0.483 seconds
[2023-02-17T09:00:34.071+0000] {processor.py:153} INFO - Started process (PID=589) to work on /opt/airflow/dags/catchup_and_backfill.py
[2023-02-17T09:00:34.073+0000] {processor.py:743} INFO - Processing file /opt/airflow/dags/catchup_and_backfill.py for tasks to queue
[2023-02-17T09:00:34.076+0000] {logging_mixin.py:137} INFO - [2023-02-17T09:00:34.075+0000] {dagbag.py:538} INFO - Filling up the DagBag from /opt/airflow/dags/catchup_and_backfill.py
[2023-02-17T09:00:34.102+0000] {processor.py:753} INFO - DAG(s) dict_keys(['dag_with_catchup_backfill_v012']) retrieved from /opt/airflow/dags/catchup_and_backfill.py
[2023-02-17T09:00:34.142+0000] {logging_mixin.py:137} INFO - [2023-02-17T09:00:34.142+0000] {dag.py:2690} INFO - Sync 1 DAGs
[2023-02-17T09:00:34.171+0000] {logging_mixin.py:137} INFO - [2023-02-17T09:00:34.170+0000] {dag.py:3441} INFO - Setting next_dagrun for dag_with_catchup_backfill_v012 to 2023-02-14T00:00:00+00:00, run_after=2023-02-15T00:00:00+00:00
[2023-02-17T09:00:34.184+0000] {processor.py:175} INFO - Processing /opt/airflow/dags/catchup_and_backfill.py took 0.116 seconds
[2023-02-17T09:01:05.139+0000] {processor.py:153} INFO - Started process (PID=655) to work on /opt/airflow/dags/catchup_and_backfill.py
[2023-02-17T09:01:05.150+0000] {processor.py:743} INFO - Processing file /opt/airflow/dags/catchup_and_backfill.py for tasks to queue
[2023-02-17T09:01:05.153+0000] {logging_mixin.py:137} INFO - [2023-02-17T09:01:05.153+0000] {dagbag.py:538} INFO - Filling up the DagBag from /opt/airflow/dags/catchup_and_backfill.py
[2023-02-17T09:01:05.293+0000] {processor.py:753} INFO - DAG(s) dict_keys(['dag_with_catchup_backfill_v012']) retrieved from /opt/airflow/dags/catchup_and_backfill.py
[2023-02-17T09:01:05.415+0000] {logging_mixin.py:137} INFO - [2023-02-17T09:01:05.414+0000] {dag.py:2690} INFO - Sync 1 DAGs
[2023-02-17T09:01:05.899+0000] {logging_mixin.py:137} INFO - [2023-02-17T09:01:05.896+0000] {dag.py:3441} INFO - Setting next_dagrun for dag_with_catchup_backfill_v012 to 2023-02-14T00:00:00+00:00, run_after=2023-02-15T00:00:00+00:00
[2023-02-17T09:01:06.017+0000] {processor.py:175} INFO - Processing /opt/airflow/dags/catchup_and_backfill.py took 0.909 seconds
[2023-02-17T09:01:36.654+0000] {processor.py:153} INFO - Started process (PID=719) to work on /opt/airflow/dags/catchup_and_backfill.py
[2023-02-17T09:01:36.656+0000] {processor.py:743} INFO - Processing file /opt/airflow/dags/catchup_and_backfill.py for tasks to queue
[2023-02-17T09:01:36.657+0000] {logging_mixin.py:137} INFO - [2023-02-17T09:01:36.657+0000] {dagbag.py:538} INFO - Filling up the DagBag from /opt/airflow/dags/catchup_and_backfill.py
[2023-02-17T09:01:36.694+0000] {processor.py:753} INFO - DAG(s) dict_keys(['dag_with_catchup_backfill_v012']) retrieved from /opt/airflow/dags/catchup_and_backfill.py
[2023-02-17T09:01:36.733+0000] {logging_mixin.py:137} INFO - [2023-02-17T09:01:36.733+0000] {dag.py:2690} INFO - Sync 1 DAGs
[2023-02-17T09:01:36.764+0000] {logging_mixin.py:137} INFO - [2023-02-17T09:01:36.764+0000] {dag.py:3441} INFO - Setting next_dagrun for dag_with_catchup_backfill_v012 to 2023-02-14T00:00:00+00:00, run_after=2023-02-15T00:00:00+00:00
[2023-02-17T09:01:36.778+0000] {processor.py:175} INFO - Processing /opt/airflow/dags/catchup_and_backfill.py took 0.127 seconds
[2023-02-17T09:02:07.368+0000] {processor.py:153} INFO - Started process (PID=796) to work on /opt/airflow/dags/catchup_and_backfill.py
[2023-02-17T09:02:07.387+0000] {processor.py:743} INFO - Processing file /opt/airflow/dags/catchup_and_backfill.py for tasks to queue
[2023-02-17T09:02:07.406+0000] {logging_mixin.py:137} INFO - [2023-02-17T09:02:07.405+0000] {dagbag.py:538} INFO - Filling up the DagBag from /opt/airflow/dags/catchup_and_backfill.py
[2023-02-17T09:02:07.622+0000] {processor.py:753} INFO - DAG(s) dict_keys(['dag_with_catchup_backfill_v012']) retrieved from /opt/airflow/dags/catchup_and_backfill.py
[2023-02-17T09:02:07.810+0000] {logging_mixin.py:137} INFO - [2023-02-17T09:02:07.810+0000] {dag.py:2690} INFO - Sync 1 DAGs
[2023-02-17T09:02:07.927+0000] {logging_mixin.py:137} INFO - [2023-02-17T09:02:07.927+0000] {dag.py:3441} INFO - Setting next_dagrun for dag_with_catchup_backfill_v012 to 2023-02-14T00:00:00+00:00, run_after=2023-02-15T00:00:00+00:00
[2023-02-17T09:02:07.984+0000] {processor.py:175} INFO - Processing /opt/airflow/dags/catchup_and_backfill.py took 0.723 seconds
[2023-02-17T09:02:38.846+0000] {processor.py:153} INFO - Started process (PID=859) to work on /opt/airflow/dags/catchup_and_backfill.py
[2023-02-17T09:02:38.850+0000] {processor.py:743} INFO - Processing file /opt/airflow/dags/catchup_and_backfill.py for tasks to queue
[2023-02-17T09:02:38.852+0000] {logging_mixin.py:137} INFO - [2023-02-17T09:02:38.852+0000] {dagbag.py:538} INFO - Filling up the DagBag from /opt/airflow/dags/catchup_and_backfill.py
[2023-02-17T09:02:38.923+0000] {processor.py:753} INFO - DAG(s) dict_keys(['dag_with_catchup_backfill_v012']) retrieved from /opt/airflow/dags/catchup_and_backfill.py
[2023-02-17T09:02:38.989+0000] {logging_mixin.py:137} INFO - [2023-02-17T09:02:38.989+0000] {dag.py:2690} INFO - Sync 1 DAGs
[2023-02-17T09:02:39.060+0000] {logging_mixin.py:137} INFO - [2023-02-17T09:02:39.059+0000] {dag.py:3441} INFO - Setting next_dagrun for dag_with_catchup_backfill_v012 to 2023-02-14T00:00:00+00:00, run_after=2023-02-15T00:00:00+00:00
[2023-02-17T09:02:39.080+0000] {processor.py:175} INFO - Processing /opt/airflow/dags/catchup_and_backfill.py took 0.243 seconds
[2023-02-17T09:03:09.354+0000] {processor.py:153} INFO - Started process (PID=934) to work on /opt/airflow/dags/catchup_and_backfill.py
[2023-02-17T09:03:09.385+0000] {processor.py:743} INFO - Processing file /opt/airflow/dags/catchup_and_backfill.py for tasks to queue
[2023-02-17T09:03:09.395+0000] {logging_mixin.py:137} INFO - [2023-02-17T09:03:09.395+0000] {dagbag.py:538} INFO - Filling up the DagBag from /opt/airflow/dags/catchup_and_backfill.py
[2023-02-17T09:03:09.866+0000] {processor.py:753} INFO - DAG(s) dict_keys(['dag_with_catchup_backfill_v012']) retrieved from /opt/airflow/dags/catchup_and_backfill.py
[2023-02-17T09:03:10.537+0000] {logging_mixin.py:137} INFO - [2023-02-17T09:03:10.536+0000] {dag.py:2690} INFO - Sync 1 DAGs
[2023-02-17T09:03:11.409+0000] {logging_mixin.py:137} INFO - [2023-02-17T09:03:11.404+0000] {dag.py:3441} INFO - Setting next_dagrun for dag_with_catchup_backfill_v012 to 2023-02-14T00:00:00+00:00, run_after=2023-02-15T00:00:00+00:00
[2023-02-17T09:03:11.681+0000] {processor.py:175} INFO - Processing /opt/airflow/dags/catchup_and_backfill.py took 2.359 seconds
