[2023-02-17T00:16:35.099+0000] {processor.py:153} INFO - Started process (PID=14301) to work on /opt/airflow/dags/dag-1.py
[2023-02-17T00:16:35.101+0000] {processor.py:743} INFO - Processing file /opt/airflow/dags/dag-1.py for tasks to queue
[2023-02-17T00:16:35.104+0000] {logging_mixin.py:137} INFO - [2023-02-17T00:16:35.104+0000] {dagbag.py:538} INFO - Filling up the DagBag from /opt/airflow/dags/dag-1.py
[2023-02-17T00:16:35.258+0000] {processor.py:753} INFO - DAG(s) dict_keys(['first_dag_v3.3']) retrieved from /opt/airflow/dags/dag-1.py
[2023-02-17T00:16:35.383+0000] {logging_mixin.py:137} INFO - [2023-02-17T00:16:35.382+0000] {dag.py:2690} INFO - Sync 1 DAGs
[2023-02-17T00:16:35.536+0000] {logging_mixin.py:137} INFO - [2023-02-17T00:16:35.535+0000] {dag.py:3441} INFO - Setting next_dagrun for first_dag_v3.3 to 2023-02-16T00:00:00+00:00, run_after=2023-02-17T00:00:00+00:00
[2023-02-17T00:16:35.601+0000] {processor.py:175} INFO - Processing /opt/airflow/dags/dag-1.py took 0.525 seconds
[2023-02-17T01:22:25.124+0000] {processor.py:153} INFO - Started process (PID=14369) to work on /opt/airflow/dags/dag-1.py
[2023-02-17T01:22:25.130+0000] {processor.py:743} INFO - Processing file /opt/airflow/dags/dag-1.py for tasks to queue
[2023-02-17T01:22:25.136+0000] {logging_mixin.py:137} INFO - [2023-02-17T01:22:25.136+0000] {dagbag.py:538} INFO - Filling up the DagBag from /opt/airflow/dags/dag-1.py
[2023-02-17T01:22:25.506+0000] {processor.py:753} INFO - DAG(s) dict_keys(['first_dag_v3.3']) retrieved from /opt/airflow/dags/dag-1.py
[2023-02-17T01:22:25.722+0000] {logging_mixin.py:137} INFO - [2023-02-17T01:22:25.721+0000] {dag.py:2690} INFO - Sync 1 DAGs
[2023-02-17T01:22:25.770+0000] {logging_mixin.py:137} INFO - [2023-02-17T01:22:25.770+0000] {dag.py:3441} INFO - Setting next_dagrun for first_dag_v3.3 to 2023-02-16T00:00:00+00:00, run_after=2023-02-17T00:00:00+00:00
[2023-02-17T01:22:25.802+0000] {processor.py:175} INFO - Processing /opt/airflow/dags/dag-1.py took 0.684 seconds
[2023-02-17T02:28:36.285+0000] {processor.py:153} INFO - Started process (PID=14432) to work on /opt/airflow/dags/dag-1.py
[2023-02-17T02:28:36.289+0000] {processor.py:743} INFO - Processing file /opt/airflow/dags/dag-1.py for tasks to queue
[2023-02-17T02:28:36.292+0000] {logging_mixin.py:137} INFO - [2023-02-17T02:28:36.292+0000] {dagbag.py:538} INFO - Filling up the DagBag from /opt/airflow/dags/dag-1.py
[2023-02-17T02:28:36.510+0000] {processor.py:753} INFO - DAG(s) dict_keys(['first_dag_v3.3']) retrieved from /opt/airflow/dags/dag-1.py
[2023-02-17T02:28:36.695+0000] {logging_mixin.py:137} INFO - [2023-02-17T02:28:36.695+0000] {dag.py:2690} INFO - Sync 1 DAGs
[2023-02-17T02:28:36.933+0000] {logging_mixin.py:137} INFO - [2023-02-17T02:28:36.932+0000] {dag.py:3441} INFO - Setting next_dagrun for first_dag_v3.3 to 2023-02-16T00:00:00+00:00, run_after=2023-02-17T00:00:00+00:00
[2023-02-17T02:28:36.968+0000] {processor.py:175} INFO - Processing /opt/airflow/dags/dag-1.py took 0.738 seconds
[2023-02-17T03:33:42.636+0000] {processor.py:153} INFO - Started process (PID=14511) to work on /opt/airflow/dags/dag-1.py
[2023-02-17T03:33:42.640+0000] {processor.py:743} INFO - Processing file /opt/airflow/dags/dag-1.py for tasks to queue
[2023-02-17T03:33:42.646+0000] {logging_mixin.py:137} INFO - [2023-02-17T03:33:42.646+0000] {dagbag.py:538} INFO - Filling up the DagBag from /opt/airflow/dags/dag-1.py
[2023-02-17T03:33:42.735+0000] {processor.py:753} INFO - DAG(s) dict_keys(['first_dag_v3.3']) retrieved from /opt/airflow/dags/dag-1.py
[2023-02-17T03:33:43.175+0000] {logging_mixin.py:137} INFO - [2023-02-17T03:33:43.175+0000] {dag.py:2690} INFO - Sync 1 DAGs
[2023-02-17T03:33:43.225+0000] {logging_mixin.py:137} INFO - [2023-02-17T03:33:43.224+0000] {dag.py:3441} INFO - Setting next_dagrun for first_dag_v3.3 to 2023-02-16T00:00:00+00:00, run_after=2023-02-17T00:00:00+00:00
[2023-02-17T03:33:43.278+0000] {processor.py:175} INFO - Processing /opt/airflow/dags/dag-1.py took 0.655 seconds
[2023-02-17T04:44:32.491+0000] {processor.py:153} INFO - Started process (PID=14576) to work on /opt/airflow/dags/dag-1.py
[2023-02-17T04:44:32.497+0000] {processor.py:743} INFO - Processing file /opt/airflow/dags/dag-1.py for tasks to queue
[2023-02-17T04:44:32.503+0000] {logging_mixin.py:137} INFO - [2023-02-17T04:44:32.503+0000] {dagbag.py:538} INFO - Filling up the DagBag from /opt/airflow/dags/dag-1.py
[2023-02-17T04:44:32.610+0000] {processor.py:753} INFO - DAG(s) dict_keys(['first_dag_v3.3']) retrieved from /opt/airflow/dags/dag-1.py
[2023-02-17T04:44:32.702+0000] {logging_mixin.py:137} INFO - [2023-02-17T04:44:32.702+0000] {dag.py:2690} INFO - Sync 1 DAGs
[2023-02-17T04:44:32.747+0000] {logging_mixin.py:137} INFO - [2023-02-17T04:44:32.747+0000] {dag.py:3441} INFO - Setting next_dagrun for first_dag_v3.3 to 2023-02-16T00:00:00+00:00, run_after=2023-02-17T00:00:00+00:00
[2023-02-17T04:44:32.774+0000] {processor.py:175} INFO - Processing /opt/airflow/dags/dag-1.py took 0.292 seconds
[2023-02-17T05:53:18.919+0000] {processor.py:153} INFO - Started process (PID=14642) to work on /opt/airflow/dags/dag-1.py
[2023-02-17T05:53:18.921+0000] {processor.py:743} INFO - Processing file /opt/airflow/dags/dag-1.py for tasks to queue
[2023-02-17T05:53:18.922+0000] {logging_mixin.py:137} INFO - [2023-02-17T05:53:18.922+0000] {dagbag.py:538} INFO - Filling up the DagBag from /opt/airflow/dags/dag-1.py
[2023-02-17T05:53:18.966+0000] {processor.py:753} INFO - DAG(s) dict_keys(['first_dag_v3.3']) retrieved from /opt/airflow/dags/dag-1.py
[2023-02-17T05:53:19.012+0000] {logging_mixin.py:137} INFO - [2023-02-17T05:53:19.011+0000] {dag.py:2690} INFO - Sync 1 DAGs
[2023-02-17T05:53:19.051+0000] {logging_mixin.py:137} INFO - [2023-02-17T05:53:19.051+0000] {dag.py:3441} INFO - Setting next_dagrun for first_dag_v3.3 to 2023-02-16T00:00:00+00:00, run_after=2023-02-17T00:00:00+00:00
[2023-02-17T05:53:19.081+0000] {processor.py:175} INFO - Processing /opt/airflow/dags/dag-1.py took 0.169 seconds
[2023-02-17T07:01:12.334+0000] {processor.py:153} INFO - Started process (PID=14717) to work on /opt/airflow/dags/dag-1.py
[2023-02-17T07:01:12.336+0000] {processor.py:743} INFO - Processing file /opt/airflow/dags/dag-1.py for tasks to queue
[2023-02-17T07:01:12.337+0000] {logging_mixin.py:137} INFO - [2023-02-17T07:01:12.337+0000] {dagbag.py:538} INFO - Filling up the DagBag from /opt/airflow/dags/dag-1.py
[2023-02-17T07:01:12.367+0000] {processor.py:753} INFO - DAG(s) dict_keys(['first_dag_v3.3']) retrieved from /opt/airflow/dags/dag-1.py
[2023-02-17T07:01:12.416+0000] {logging_mixin.py:137} INFO - [2023-02-17T07:01:12.416+0000] {dag.py:2690} INFO - Sync 1 DAGs
[2023-02-17T07:01:12.456+0000] {logging_mixin.py:137} INFO - [2023-02-17T07:01:12.456+0000] {dag.py:3441} INFO - Setting next_dagrun for first_dag_v3.3 to 2023-02-16T00:00:00+00:00, run_after=2023-02-17T00:00:00+00:00
[2023-02-17T07:01:12.474+0000] {processor.py:175} INFO - Processing /opt/airflow/dags/dag-1.py took 0.144 seconds
[2023-02-17T07:15:07.662+0000] {processor.py:153} INFO - Started process (PID=14784) to work on /opt/airflow/dags/dag-1.py
[2023-02-17T07:15:07.669+0000] {processor.py:743} INFO - Processing file /opt/airflow/dags/dag-1.py for tasks to queue
[2023-02-17T07:15:07.674+0000] {logging_mixin.py:137} INFO - [2023-02-17T07:15:07.674+0000] {dagbag.py:538} INFO - Filling up the DagBag from /opt/airflow/dags/dag-1.py
[2023-02-17T07:15:08.025+0000] {processor.py:753} INFO - DAG(s) dict_keys(['first_dag_v3.3']) retrieved from /opt/airflow/dags/dag-1.py
[2023-02-17T07:15:08.233+0000] {logging_mixin.py:137} INFO - [2023-02-17T07:15:08.233+0000] {dag.py:2690} INFO - Sync 1 DAGs
[2023-02-17T07:15:08.437+0000] {logging_mixin.py:137} INFO - [2023-02-17T07:15:08.436+0000] {dag.py:3441} INFO - Setting next_dagrun for first_dag_v3.3 to 2023-02-16T00:00:00+00:00, run_after=2023-02-17T00:00:00+00:00
[2023-02-17T07:15:08.562+0000] {processor.py:175} INFO - Processing /opt/airflow/dags/dag-1.py took 0.918 seconds
[2023-02-17T07:15:39.030+0000] {processor.py:153} INFO - Started process (PID=14859) to work on /opt/airflow/dags/dag-1.py
[2023-02-17T07:15:39.032+0000] {processor.py:743} INFO - Processing file /opt/airflow/dags/dag-1.py for tasks to queue
[2023-02-17T07:15:39.035+0000] {logging_mixin.py:137} INFO - [2023-02-17T07:15:39.034+0000] {dagbag.py:538} INFO - Filling up the DagBag from /opt/airflow/dags/dag-1.py
[2023-02-17T07:15:39.079+0000] {processor.py:753} INFO - DAG(s) dict_keys(['first_dag_v3.3']) retrieved from /opt/airflow/dags/dag-1.py
[2023-02-17T07:15:39.120+0000] {logging_mixin.py:137} INFO - [2023-02-17T07:15:39.120+0000] {dag.py:2690} INFO - Sync 1 DAGs
[2023-02-17T07:15:39.150+0000] {logging_mixin.py:137} INFO - [2023-02-17T07:15:39.150+0000] {dag.py:3441} INFO - Setting next_dagrun for first_dag_v3.3 to 2023-02-16T00:00:00+00:00, run_after=2023-02-17T00:00:00+00:00
[2023-02-17T07:15:39.165+0000] {processor.py:175} INFO - Processing /opt/airflow/dags/dag-1.py took 0.140 seconds
[2023-02-17T07:16:09.427+0000] {processor.py:153} INFO - Started process (PID=14923) to work on /opt/airflow/dags/dag-1.py
[2023-02-17T07:16:09.429+0000] {processor.py:743} INFO - Processing file /opt/airflow/dags/dag-1.py for tasks to queue
[2023-02-17T07:16:09.430+0000] {logging_mixin.py:137} INFO - [2023-02-17T07:16:09.430+0000] {dagbag.py:538} INFO - Filling up the DagBag from /opt/airflow/dags/dag-1.py
[2023-02-17T07:16:09.476+0000] {processor.py:753} INFO - DAG(s) dict_keys(['first_dag_v3.3']) retrieved from /opt/airflow/dags/dag-1.py
[2023-02-17T07:16:09.514+0000] {logging_mixin.py:137} INFO - [2023-02-17T07:16:09.514+0000] {dag.py:2690} INFO - Sync 1 DAGs
[2023-02-17T07:16:09.559+0000] {logging_mixin.py:137} INFO - [2023-02-17T07:16:09.558+0000] {dag.py:3441} INFO - Setting next_dagrun for first_dag_v3.3 to 2023-02-16T00:00:00+00:00, run_after=2023-02-17T00:00:00+00:00
[2023-02-17T07:16:09.576+0000] {processor.py:175} INFO - Processing /opt/airflow/dags/dag-1.py took 0.155 seconds
[2023-02-17T07:16:40.222+0000] {processor.py:153} INFO - Started process (PID=15001) to work on /opt/airflow/dags/dag-1.py
[2023-02-17T07:16:40.228+0000] {processor.py:743} INFO - Processing file /opt/airflow/dags/dag-1.py for tasks to queue
[2023-02-17T07:16:40.233+0000] {logging_mixin.py:137} INFO - [2023-02-17T07:16:40.233+0000] {dagbag.py:538} INFO - Filling up the DagBag from /opt/airflow/dags/dag-1.py
[2023-02-17T07:16:40.342+0000] {processor.py:753} INFO - DAG(s) dict_keys(['first_dag_v3.3']) retrieved from /opt/airflow/dags/dag-1.py
[2023-02-17T07:16:40.458+0000] {logging_mixin.py:137} INFO - [2023-02-17T07:16:40.458+0000] {dag.py:2690} INFO - Sync 1 DAGs
[2023-02-17T07:16:40.524+0000] {logging_mixin.py:137} INFO - [2023-02-17T07:16:40.523+0000] {dag.py:3441} INFO - Setting next_dagrun for first_dag_v3.3 to 2023-02-16T00:00:00+00:00, run_after=2023-02-17T00:00:00+00:00
[2023-02-17T07:16:40.611+0000] {processor.py:175} INFO - Processing /opt/airflow/dags/dag-1.py took 0.402 seconds
[2023-02-17T07:17:11.505+0000] {processor.py:153} INFO - Started process (PID=15066) to work on /opt/airflow/dags/dag-1.py
[2023-02-17T07:17:11.507+0000] {processor.py:743} INFO - Processing file /opt/airflow/dags/dag-1.py for tasks to queue
[2023-02-17T07:17:11.509+0000] {logging_mixin.py:137} INFO - [2023-02-17T07:17:11.509+0000] {dagbag.py:538} INFO - Filling up the DagBag from /opt/airflow/dags/dag-1.py
[2023-02-17T07:17:11.557+0000] {processor.py:753} INFO - DAG(s) dict_keys(['first_dag_v3.3']) retrieved from /opt/airflow/dags/dag-1.py
[2023-02-17T07:17:11.611+0000] {logging_mixin.py:137} INFO - [2023-02-17T07:17:11.611+0000] {dag.py:2690} INFO - Sync 1 DAGs
[2023-02-17T07:17:11.657+0000] {logging_mixin.py:137} INFO - [2023-02-17T07:17:11.657+0000] {dag.py:3441} INFO - Setting next_dagrun for first_dag_v3.3 to 2023-02-16T00:00:00+00:00, run_after=2023-02-17T00:00:00+00:00
[2023-02-17T07:17:11.685+0000] {processor.py:175} INFO - Processing /opt/airflow/dags/dag-1.py took 0.190 seconds
[2023-02-17T07:17:42.743+0000] {processor.py:153} INFO - Started process (PID=15145) to work on /opt/airflow/dags/dag-1.py
[2023-02-17T07:17:42.747+0000] {processor.py:743} INFO - Processing file /opt/airflow/dags/dag-1.py for tasks to queue
[2023-02-17T07:17:42.751+0000] {logging_mixin.py:137} INFO - [2023-02-17T07:17:42.750+0000] {dagbag.py:538} INFO - Filling up the DagBag from /opt/airflow/dags/dag-1.py
[2023-02-17T07:17:42.810+0000] {processor.py:753} INFO - DAG(s) dict_keys(['first_dag_v3.3']) retrieved from /opt/airflow/dags/dag-1.py
[2023-02-17T07:17:42.884+0000] {logging_mixin.py:137} INFO - [2023-02-17T07:17:42.884+0000] {dag.py:2690} INFO - Sync 1 DAGs
[2023-02-17T07:17:42.927+0000] {logging_mixin.py:137} INFO - [2023-02-17T07:17:42.926+0000] {dag.py:3441} INFO - Setting next_dagrun for first_dag_v3.3 to 2023-02-16T00:00:00+00:00, run_after=2023-02-17T00:00:00+00:00
[2023-02-17T07:17:42.958+0000] {processor.py:175} INFO - Processing /opt/airflow/dags/dag-1.py took 0.235 seconds
[2023-02-17T07:18:13.331+0000] {processor.py:153} INFO - Started process (PID=15208) to work on /opt/airflow/dags/dag-1.py
[2023-02-17T07:18:13.334+0000] {processor.py:743} INFO - Processing file /opt/airflow/dags/dag-1.py for tasks to queue
[2023-02-17T07:18:13.336+0000] {logging_mixin.py:137} INFO - [2023-02-17T07:18:13.336+0000] {dagbag.py:538} INFO - Filling up the DagBag from /opt/airflow/dags/dag-1.py
[2023-02-17T07:18:13.389+0000] {processor.py:753} INFO - DAG(s) dict_keys(['first_dag_v3.3']) retrieved from /opt/airflow/dags/dag-1.py
[2023-02-17T07:18:13.439+0000] {logging_mixin.py:137} INFO - [2023-02-17T07:18:13.439+0000] {dag.py:2690} INFO - Sync 1 DAGs
[2023-02-17T07:18:13.489+0000] {logging_mixin.py:137} INFO - [2023-02-17T07:18:13.489+0000] {dag.py:3441} INFO - Setting next_dagrun for first_dag_v3.3 to 2023-02-16T00:00:00+00:00, run_after=2023-02-17T00:00:00+00:00
[2023-02-17T07:18:13.522+0000] {processor.py:175} INFO - Processing /opt/airflow/dags/dag-1.py took 0.197 seconds
[2023-02-17T07:18:43.903+0000] {processor.py:153} INFO - Started process (PID=15287) to work on /opt/airflow/dags/dag-1.py
[2023-02-17T07:18:43.906+0000] {processor.py:743} INFO - Processing file /opt/airflow/dags/dag-1.py for tasks to queue
[2023-02-17T07:18:43.910+0000] {logging_mixin.py:137} INFO - [2023-02-17T07:18:43.909+0000] {dagbag.py:538} INFO - Filling up the DagBag from /opt/airflow/dags/dag-1.py
[2023-02-17T07:18:43.998+0000] {processor.py:753} INFO - DAG(s) dict_keys(['first_dag_v3.3']) retrieved from /opt/airflow/dags/dag-1.py
[2023-02-17T07:18:44.052+0000] {logging_mixin.py:137} INFO - [2023-02-17T07:18:44.052+0000] {dag.py:2690} INFO - Sync 1 DAGs
[2023-02-17T07:18:44.097+0000] {logging_mixin.py:137} INFO - [2023-02-17T07:18:44.097+0000] {dag.py:3441} INFO - Setting next_dagrun for first_dag_v3.3 to 2023-02-16T00:00:00+00:00, run_after=2023-02-17T00:00:00+00:00
[2023-02-17T07:18:44.117+0000] {processor.py:175} INFO - Processing /opt/airflow/dags/dag-1.py took 0.222 seconds
[2023-02-17T07:19:14.562+0000] {processor.py:153} INFO - Started process (PID=15352) to work on /opt/airflow/dags/dag-1.py
[2023-02-17T07:19:14.567+0000] {processor.py:743} INFO - Processing file /opt/airflow/dags/dag-1.py for tasks to queue
[2023-02-17T07:19:14.569+0000] {logging_mixin.py:137} INFO - [2023-02-17T07:19:14.569+0000] {dagbag.py:538} INFO - Filling up the DagBag from /opt/airflow/dags/dag-1.py
[2023-02-17T07:19:14.636+0000] {processor.py:753} INFO - DAG(s) dict_keys(['first_dag_v3.3']) retrieved from /opt/airflow/dags/dag-1.py
[2023-02-17T07:19:14.706+0000] {logging_mixin.py:137} INFO - [2023-02-17T07:19:14.706+0000] {dag.py:2690} INFO - Sync 1 DAGs
[2023-02-17T07:19:14.747+0000] {logging_mixin.py:137} INFO - [2023-02-17T07:19:14.747+0000] {dag.py:3441} INFO - Setting next_dagrun for first_dag_v3.3 to 2023-02-16T00:00:00+00:00, run_after=2023-02-17T00:00:00+00:00
[2023-02-17T07:19:14.769+0000] {processor.py:175} INFO - Processing /opt/airflow/dags/dag-1.py took 0.220 seconds
[2023-02-17T07:19:44.921+0000] {processor.py:153} INFO - Started process (PID=15417) to work on /opt/airflow/dags/dag-1.py
[2023-02-17T07:19:44.923+0000] {processor.py:743} INFO - Processing file /opt/airflow/dags/dag-1.py for tasks to queue
[2023-02-17T07:19:44.925+0000] {logging_mixin.py:137} INFO - [2023-02-17T07:19:44.925+0000] {dagbag.py:538} INFO - Filling up the DagBag from /opt/airflow/dags/dag-1.py
[2023-02-17T07:19:44.988+0000] {processor.py:753} INFO - DAG(s) dict_keys(['first_dag_v3.3']) retrieved from /opt/airflow/dags/dag-1.py
[2023-02-17T07:19:45.060+0000] {logging_mixin.py:137} INFO - [2023-02-17T07:19:45.060+0000] {dag.py:2690} INFO - Sync 1 DAGs
[2023-02-17T07:19:45.100+0000] {logging_mixin.py:137} INFO - [2023-02-17T07:19:45.100+0000] {dag.py:3441} INFO - Setting next_dagrun for first_dag_v3.3 to 2023-02-16T00:00:00+00:00, run_after=2023-02-17T00:00:00+00:00
[2023-02-17T07:19:45.132+0000] {processor.py:175} INFO - Processing /opt/airflow/dags/dag-1.py took 0.219 seconds
[2023-02-17T07:20:15.524+0000] {processor.py:153} INFO - Started process (PID=15494) to work on /opt/airflow/dags/dag-1.py
[2023-02-17T07:20:15.527+0000] {processor.py:743} INFO - Processing file /opt/airflow/dags/dag-1.py for tasks to queue
[2023-02-17T07:20:15.528+0000] {logging_mixin.py:137} INFO - [2023-02-17T07:20:15.528+0000] {dagbag.py:538} INFO - Filling up the DagBag from /opt/airflow/dags/dag-1.py
[2023-02-17T07:20:15.571+0000] {processor.py:753} INFO - DAG(s) dict_keys(['first_dag_v3.3']) retrieved from /opt/airflow/dags/dag-1.py
[2023-02-17T07:20:15.607+0000] {logging_mixin.py:137} INFO - [2023-02-17T07:20:15.607+0000] {dag.py:2690} INFO - Sync 1 DAGs
[2023-02-17T07:20:15.656+0000] {logging_mixin.py:137} INFO - [2023-02-17T07:20:15.656+0000] {dag.py:3441} INFO - Setting next_dagrun for first_dag_v3.3 to 2023-02-16T00:00:00+00:00, run_after=2023-02-17T00:00:00+00:00
[2023-02-17T07:20:15.672+0000] {processor.py:175} INFO - Processing /opt/airflow/dags/dag-1.py took 0.153 seconds
[2023-02-17T07:20:46.651+0000] {processor.py:153} INFO - Started process (PID=15568) to work on /opt/airflow/dags/dag-1.py
[2023-02-17T07:20:46.655+0000] {processor.py:743} INFO - Processing file /opt/airflow/dags/dag-1.py for tasks to queue
[2023-02-17T07:20:46.658+0000] {logging_mixin.py:137} INFO - [2023-02-17T07:20:46.657+0000] {dagbag.py:538} INFO - Filling up the DagBag from /opt/airflow/dags/dag-1.py
[2023-02-17T07:20:46.733+0000] {processor.py:753} INFO - DAG(s) dict_keys(['first_dag_v3.3']) retrieved from /opt/airflow/dags/dag-1.py
[2023-02-17T07:20:46.878+0000] {logging_mixin.py:137} INFO - [2023-02-17T07:20:46.878+0000] {dag.py:2690} INFO - Sync 1 DAGs
[2023-02-17T07:20:46.915+0000] {logging_mixin.py:137} INFO - [2023-02-17T07:20:46.915+0000] {dag.py:3441} INFO - Setting next_dagrun for first_dag_v3.3 to 2023-02-16T00:00:00+00:00, run_after=2023-02-17T00:00:00+00:00
[2023-02-17T07:20:46.939+0000] {processor.py:175} INFO - Processing /opt/airflow/dags/dag-1.py took 0.292 seconds
[2023-02-17T07:21:17.246+0000] {processor.py:153} INFO - Started process (PID=15636) to work on /opt/airflow/dags/dag-1.py
[2023-02-17T07:21:17.248+0000] {processor.py:743} INFO - Processing file /opt/airflow/dags/dag-1.py for tasks to queue
[2023-02-17T07:21:17.250+0000] {logging_mixin.py:137} INFO - [2023-02-17T07:21:17.249+0000] {dagbag.py:538} INFO - Filling up the DagBag from /opt/airflow/dags/dag-1.py
[2023-02-17T07:21:17.290+0000] {processor.py:753} INFO - DAG(s) dict_keys(['first_dag_v3.3']) retrieved from /opt/airflow/dags/dag-1.py
[2023-02-17T07:21:17.331+0000] {logging_mixin.py:137} INFO - [2023-02-17T07:21:17.331+0000] {dag.py:2690} INFO - Sync 1 DAGs
[2023-02-17T07:21:17.368+0000] {logging_mixin.py:137} INFO - [2023-02-17T07:21:17.368+0000] {dag.py:3441} INFO - Setting next_dagrun for first_dag_v3.3 to 2023-02-16T00:00:00+00:00, run_after=2023-02-17T00:00:00+00:00
[2023-02-17T07:21:17.395+0000] {processor.py:175} INFO - Processing /opt/airflow/dags/dag-1.py took 0.162 seconds
[2023-02-17T07:21:47.644+0000] {processor.py:153} INFO - Started process (PID=15700) to work on /opt/airflow/dags/dag-1.py
[2023-02-17T07:21:47.649+0000] {processor.py:743} INFO - Processing file /opt/airflow/dags/dag-1.py for tasks to queue
[2023-02-17T07:21:47.654+0000] {logging_mixin.py:137} INFO - [2023-02-17T07:21:47.654+0000] {dagbag.py:538} INFO - Filling up the DagBag from /opt/airflow/dags/dag-1.py
[2023-02-17T07:21:47.696+0000] {processor.py:753} INFO - DAG(s) dict_keys(['first_dag_v3.3']) retrieved from /opt/airflow/dags/dag-1.py
[2023-02-17T07:21:47.803+0000] {logging_mixin.py:137} INFO - [2023-02-17T07:21:47.802+0000] {dag.py:2690} INFO - Sync 1 DAGs
[2023-02-17T07:21:47.851+0000] {logging_mixin.py:137} INFO - [2023-02-17T07:21:47.851+0000] {dag.py:3441} INFO - Setting next_dagrun for first_dag_v3.3 to 2023-02-16T00:00:00+00:00, run_after=2023-02-17T00:00:00+00:00
[2023-02-17T07:21:47.881+0000] {processor.py:175} INFO - Processing /opt/airflow/dags/dag-1.py took 0.254 seconds
[2023-02-17T07:22:18.351+0000] {processor.py:153} INFO - Started process (PID=15777) to work on /opt/airflow/dags/dag-1.py
[2023-02-17T07:22:18.356+0000] {processor.py:743} INFO - Processing file /opt/airflow/dags/dag-1.py for tasks to queue
[2023-02-17T07:22:18.357+0000] {logging_mixin.py:137} INFO - [2023-02-17T07:22:18.357+0000] {dagbag.py:538} INFO - Filling up the DagBag from /opt/airflow/dags/dag-1.py
[2023-02-17T07:22:18.419+0000] {processor.py:753} INFO - DAG(s) dict_keys(['first_dag_v3.3']) retrieved from /opt/airflow/dags/dag-1.py
[2023-02-17T07:22:18.490+0000] {logging_mixin.py:137} INFO - [2023-02-17T07:22:18.490+0000] {dag.py:2690} INFO - Sync 1 DAGs
[2023-02-17T07:22:18.536+0000] {logging_mixin.py:137} INFO - [2023-02-17T07:22:18.535+0000] {dag.py:3441} INFO - Setting next_dagrun for first_dag_v3.3 to 2023-02-16T00:00:00+00:00, run_after=2023-02-17T00:00:00+00:00
[2023-02-17T07:22:18.558+0000] {processor.py:175} INFO - Processing /opt/airflow/dags/dag-1.py took 0.217 seconds
[2023-02-17T07:22:49.045+0000] {processor.py:153} INFO - Started process (PID=15842) to work on /opt/airflow/dags/dag-1.py
[2023-02-17T07:22:49.050+0000] {processor.py:743} INFO - Processing file /opt/airflow/dags/dag-1.py for tasks to queue
[2023-02-17T07:22:49.053+0000] {logging_mixin.py:137} INFO - [2023-02-17T07:22:49.053+0000] {dagbag.py:538} INFO - Filling up the DagBag from /opt/airflow/dags/dag-1.py
[2023-02-17T07:22:49.108+0000] {processor.py:753} INFO - DAG(s) dict_keys(['first_dag_v3.3']) retrieved from /opt/airflow/dags/dag-1.py
[2023-02-17T07:22:49.158+0000] {logging_mixin.py:137} INFO - [2023-02-17T07:22:49.158+0000] {dag.py:2690} INFO - Sync 1 DAGs
[2023-02-17T07:22:49.202+0000] {logging_mixin.py:137} INFO - [2023-02-17T07:22:49.202+0000] {dag.py:3441} INFO - Setting next_dagrun for first_dag_v3.3 to 2023-02-16T00:00:00+00:00, run_after=2023-02-17T00:00:00+00:00
[2023-02-17T07:22:49.222+0000] {processor.py:175} INFO - Processing /opt/airflow/dags/dag-1.py took 0.187 seconds
[2023-02-17T07:23:20.101+0000] {processor.py:153} INFO - Started process (PID=15920) to work on /opt/airflow/dags/dag-1.py
[2023-02-17T07:23:20.104+0000] {processor.py:743} INFO - Processing file /opt/airflow/dags/dag-1.py for tasks to queue
[2023-02-17T07:23:20.106+0000] {logging_mixin.py:137} INFO - [2023-02-17T07:23:20.105+0000] {dagbag.py:538} INFO - Filling up the DagBag from /opt/airflow/dags/dag-1.py
[2023-02-17T07:23:20.152+0000] {processor.py:753} INFO - DAG(s) dict_keys(['first_dag_v3.3']) retrieved from /opt/airflow/dags/dag-1.py
[2023-02-17T07:23:20.214+0000] {logging_mixin.py:137} INFO - [2023-02-17T07:23:20.214+0000] {dag.py:2690} INFO - Sync 1 DAGs
[2023-02-17T07:23:20.255+0000] {logging_mixin.py:137} INFO - [2023-02-17T07:23:20.255+0000] {dag.py:3441} INFO - Setting next_dagrun for first_dag_v3.3 to 2023-02-16T00:00:00+00:00, run_after=2023-02-17T00:00:00+00:00
[2023-02-17T07:23:20.273+0000] {processor.py:175} INFO - Processing /opt/airflow/dags/dag-1.py took 0.183 seconds
[2023-02-17T07:23:50.528+0000] {processor.py:153} INFO - Started process (PID=15983) to work on /opt/airflow/dags/dag-1.py
[2023-02-17T07:23:50.531+0000] {processor.py:743} INFO - Processing file /opt/airflow/dags/dag-1.py for tasks to queue
[2023-02-17T07:23:50.533+0000] {logging_mixin.py:137} INFO - [2023-02-17T07:23:50.533+0000] {dagbag.py:538} INFO - Filling up the DagBag from /opt/airflow/dags/dag-1.py
[2023-02-17T07:23:50.569+0000] {processor.py:753} INFO - DAG(s) dict_keys(['first_dag_v3.3']) retrieved from /opt/airflow/dags/dag-1.py
[2023-02-17T07:23:50.632+0000] {logging_mixin.py:137} INFO - [2023-02-17T07:23:50.631+0000] {dag.py:2690} INFO - Sync 1 DAGs
[2023-02-17T07:23:50.669+0000] {logging_mixin.py:137} INFO - [2023-02-17T07:23:50.669+0000] {dag.py:3441} INFO - Setting next_dagrun for first_dag_v3.3 to 2023-02-16T00:00:00+00:00, run_after=2023-02-17T00:00:00+00:00
[2023-02-17T07:23:50.686+0000] {processor.py:175} INFO - Processing /opt/airflow/dags/dag-1.py took 0.180 seconds
[2023-02-17T07:24:21.207+0000] {processor.py:153} INFO - Started process (PID=16062) to work on /opt/airflow/dags/dag-1.py
[2023-02-17T07:24:21.209+0000] {processor.py:743} INFO - Processing file /opt/airflow/dags/dag-1.py for tasks to queue
[2023-02-17T07:24:21.211+0000] {logging_mixin.py:137} INFO - [2023-02-17T07:24:21.211+0000] {dagbag.py:538} INFO - Filling up the DagBag from /opt/airflow/dags/dag-1.py
[2023-02-17T07:24:21.262+0000] {processor.py:753} INFO - DAG(s) dict_keys(['first_dag_v3.3']) retrieved from /opt/airflow/dags/dag-1.py
[2023-02-17T07:24:21.350+0000] {logging_mixin.py:137} INFO - [2023-02-17T07:24:21.350+0000] {dag.py:2690} INFO - Sync 1 DAGs
[2023-02-17T07:24:21.398+0000] {logging_mixin.py:137} INFO - [2023-02-17T07:24:21.398+0000] {dag.py:3441} INFO - Setting next_dagrun for first_dag_v3.3 to 2023-02-16T00:00:00+00:00, run_after=2023-02-17T00:00:00+00:00
[2023-02-17T07:24:21.420+0000] {processor.py:175} INFO - Processing /opt/airflow/dags/dag-1.py took 0.222 seconds
[2023-02-17T07:24:51.568+0000] {processor.py:153} INFO - Started process (PID=16125) to work on /opt/airflow/dags/dag-1.py
[2023-02-17T07:24:51.571+0000] {processor.py:743} INFO - Processing file /opt/airflow/dags/dag-1.py for tasks to queue
[2023-02-17T07:24:51.572+0000] {logging_mixin.py:137} INFO - [2023-02-17T07:24:51.572+0000] {dagbag.py:538} INFO - Filling up the DagBag from /opt/airflow/dags/dag-1.py
[2023-02-17T07:24:51.620+0000] {processor.py:753} INFO - DAG(s) dict_keys(['first_dag_v3.3']) retrieved from /opt/airflow/dags/dag-1.py
[2023-02-17T07:24:51.650+0000] {logging_mixin.py:137} INFO - [2023-02-17T07:24:51.650+0000] {dag.py:2690} INFO - Sync 1 DAGs
[2023-02-17T07:24:51.675+0000] {logging_mixin.py:137} INFO - [2023-02-17T07:24:51.675+0000] {dag.py:3441} INFO - Setting next_dagrun for first_dag_v3.3 to 2023-02-16T00:00:00+00:00, run_after=2023-02-17T00:00:00+00:00
[2023-02-17T07:24:51.696+0000] {processor.py:175} INFO - Processing /opt/airflow/dags/dag-1.py took 0.133 seconds
[2023-02-17T07:25:22.098+0000] {processor.py:153} INFO - Started process (PID=16203) to work on /opt/airflow/dags/dag-1.py
[2023-02-17T07:25:22.103+0000] {processor.py:743} INFO - Processing file /opt/airflow/dags/dag-1.py for tasks to queue
[2023-02-17T07:25:22.105+0000] {logging_mixin.py:137} INFO - [2023-02-17T07:25:22.105+0000] {dagbag.py:538} INFO - Filling up the DagBag from /opt/airflow/dags/dag-1.py
[2023-02-17T07:25:22.155+0000] {processor.py:753} INFO - DAG(s) dict_keys(['first_dag_v3.3']) retrieved from /opt/airflow/dags/dag-1.py
[2023-02-17T07:25:22.204+0000] {logging_mixin.py:137} INFO - [2023-02-17T07:25:22.204+0000] {dag.py:2690} INFO - Sync 1 DAGs
[2023-02-17T07:25:22.237+0000] {logging_mixin.py:137} INFO - [2023-02-17T07:25:22.237+0000] {dag.py:3441} INFO - Setting next_dagrun for first_dag_v3.3 to 2023-02-16T00:00:00+00:00, run_after=2023-02-17T00:00:00+00:00
[2023-02-17T07:25:22.257+0000] {processor.py:175} INFO - Processing /opt/airflow/dags/dag-1.py took 0.174 seconds
[2023-02-17T07:25:52.417+0000] {processor.py:153} INFO - Started process (PID=16268) to work on /opt/airflow/dags/dag-1.py
[2023-02-17T07:25:52.423+0000] {processor.py:743} INFO - Processing file /opt/airflow/dags/dag-1.py for tasks to queue
[2023-02-17T07:25:52.425+0000] {logging_mixin.py:137} INFO - [2023-02-17T07:25:52.425+0000] {dagbag.py:538} INFO - Filling up the DagBag from /opt/airflow/dags/dag-1.py
[2023-02-17T07:25:52.471+0000] {processor.py:753} INFO - DAG(s) dict_keys(['first_dag_v3.3']) retrieved from /opt/airflow/dags/dag-1.py
[2023-02-17T07:25:52.517+0000] {logging_mixin.py:137} INFO - [2023-02-17T07:25:52.517+0000] {dag.py:2690} INFO - Sync 1 DAGs
[2023-02-17T07:25:52.551+0000] {logging_mixin.py:137} INFO - [2023-02-17T07:25:52.551+0000] {dag.py:3441} INFO - Setting next_dagrun for first_dag_v3.3 to 2023-02-16T00:00:00+00:00, run_after=2023-02-17T00:00:00+00:00
[2023-02-17T07:25:52.575+0000] {processor.py:175} INFO - Processing /opt/airflow/dags/dag-1.py took 0.170 seconds
[2023-02-17T07:26:22.984+0000] {processor.py:153} INFO - Started process (PID=16345) to work on /opt/airflow/dags/dag-1.py
[2023-02-17T07:26:22.989+0000] {processor.py:743} INFO - Processing file /opt/airflow/dags/dag-1.py for tasks to queue
[2023-02-17T07:26:22.993+0000] {logging_mixin.py:137} INFO - [2023-02-17T07:26:22.993+0000] {dagbag.py:538} INFO - Filling up the DagBag from /opt/airflow/dags/dag-1.py
[2023-02-17T07:26:23.046+0000] {processor.py:753} INFO - DAG(s) dict_keys(['first_dag_v3.3']) retrieved from /opt/airflow/dags/dag-1.py
[2023-02-17T07:26:23.099+0000] {logging_mixin.py:137} INFO - [2023-02-17T07:26:23.099+0000] {dag.py:2690} INFO - Sync 1 DAGs
[2023-02-17T07:26:23.130+0000] {logging_mixin.py:137} INFO - [2023-02-17T07:26:23.130+0000] {dag.py:3441} INFO - Setting next_dagrun for first_dag_v3.3 to 2023-02-16T00:00:00+00:00, run_after=2023-02-17T00:00:00+00:00
[2023-02-17T07:26:23.150+0000] {processor.py:175} INFO - Processing /opt/airflow/dags/dag-1.py took 0.191 seconds
[2023-02-17T07:26:54.226+0000] {processor.py:153} INFO - Started process (PID=16411) to work on /opt/airflow/dags/dag-1.py
[2023-02-17T07:26:54.229+0000] {processor.py:743} INFO - Processing file /opt/airflow/dags/dag-1.py for tasks to queue
[2023-02-17T07:26:54.232+0000] {logging_mixin.py:137} INFO - [2023-02-17T07:26:54.232+0000] {dagbag.py:538} INFO - Filling up the DagBag from /opt/airflow/dags/dag-1.py
[2023-02-17T07:26:54.274+0000] {processor.py:753} INFO - DAG(s) dict_keys(['first_dag_v3.3']) retrieved from /opt/airflow/dags/dag-1.py
[2023-02-17T07:26:54.331+0000] {logging_mixin.py:137} INFO - [2023-02-17T07:26:54.331+0000] {dag.py:2690} INFO - Sync 1 DAGs
[2023-02-17T07:26:54.382+0000] {logging_mixin.py:137} INFO - [2023-02-17T07:26:54.382+0000] {dag.py:3441} INFO - Setting next_dagrun for first_dag_v3.3 to 2023-02-16T00:00:00+00:00, run_after=2023-02-17T00:00:00+00:00
[2023-02-17T07:26:54.406+0000] {processor.py:175} INFO - Processing /opt/airflow/dags/dag-1.py took 0.184 seconds
[2023-02-17T07:27:24.586+0000] {processor.py:153} INFO - Started process (PID=16487) to work on /opt/airflow/dags/dag-1.py
[2023-02-17T07:27:24.589+0000] {processor.py:743} INFO - Processing file /opt/airflow/dags/dag-1.py for tasks to queue
[2023-02-17T07:27:24.594+0000] {logging_mixin.py:137} INFO - [2023-02-17T07:27:24.593+0000] {dagbag.py:538} INFO - Filling up the DagBag from /opt/airflow/dags/dag-1.py
[2023-02-17T07:27:24.640+0000] {processor.py:753} INFO - DAG(s) dict_keys(['first_dag_v3.3']) retrieved from /opt/airflow/dags/dag-1.py
[2023-02-17T07:27:24.686+0000] {logging_mixin.py:137} INFO - [2023-02-17T07:27:24.686+0000] {dag.py:2690} INFO - Sync 1 DAGs
[2023-02-17T07:27:24.724+0000] {logging_mixin.py:137} INFO - [2023-02-17T07:27:24.724+0000] {dag.py:3441} INFO - Setting next_dagrun for first_dag_v3.3 to 2023-02-16T00:00:00+00:00, run_after=2023-02-17T00:00:00+00:00
[2023-02-17T07:27:24.752+0000] {processor.py:175} INFO - Processing /opt/airflow/dags/dag-1.py took 0.174 seconds
[2023-02-17T07:27:55.218+0000] {processor.py:153} INFO - Started process (PID=16552) to work on /opt/airflow/dags/dag-1.py
[2023-02-17T07:27:55.222+0000] {processor.py:743} INFO - Processing file /opt/airflow/dags/dag-1.py for tasks to queue
[2023-02-17T07:27:55.225+0000] {logging_mixin.py:137} INFO - [2023-02-17T07:27:55.224+0000] {dagbag.py:538} INFO - Filling up the DagBag from /opt/airflow/dags/dag-1.py
[2023-02-17T07:27:55.278+0000] {processor.py:753} INFO - DAG(s) dict_keys(['first_dag_v3.3']) retrieved from /opt/airflow/dags/dag-1.py
[2023-02-17T07:27:55.335+0000] {logging_mixin.py:137} INFO - [2023-02-17T07:27:55.335+0000] {dag.py:2690} INFO - Sync 1 DAGs
[2023-02-17T07:27:55.376+0000] {logging_mixin.py:137} INFO - [2023-02-17T07:27:55.376+0000] {dag.py:3441} INFO - Setting next_dagrun for first_dag_v3.3 to 2023-02-16T00:00:00+00:00, run_after=2023-02-17T00:00:00+00:00
[2023-02-17T07:27:55.395+0000] {processor.py:175} INFO - Processing /opt/airflow/dags/dag-1.py took 0.192 seconds
[2023-02-17T07:28:25.754+0000] {processor.py:153} INFO - Started process (PID=16629) to work on /opt/airflow/dags/dag-1.py
[2023-02-17T07:28:25.764+0000] {processor.py:743} INFO - Processing file /opt/airflow/dags/dag-1.py for tasks to queue
[2023-02-17T07:28:25.770+0000] {logging_mixin.py:137} INFO - [2023-02-17T07:28:25.769+0000] {dagbag.py:538} INFO - Filling up the DagBag from /opt/airflow/dags/dag-1.py
[2023-02-17T07:28:25.812+0000] {processor.py:753} INFO - DAG(s) dict_keys(['first_dag_v3.3']) retrieved from /opt/airflow/dags/dag-1.py
[2023-02-17T07:28:25.844+0000] {logging_mixin.py:137} INFO - [2023-02-17T07:28:25.844+0000] {dag.py:2690} INFO - Sync 1 DAGs
[2023-02-17T07:28:25.870+0000] {logging_mixin.py:137} INFO - [2023-02-17T07:28:25.870+0000] {dag.py:3441} INFO - Setting next_dagrun for first_dag_v3.3 to 2023-02-16T00:00:00+00:00, run_after=2023-02-17T00:00:00+00:00
[2023-02-17T07:28:25.885+0000] {processor.py:175} INFO - Processing /opt/airflow/dags/dag-1.py took 0.156 seconds
[2023-02-17T07:28:56.055+0000] {processor.py:153} INFO - Started process (PID=16694) to work on /opt/airflow/dags/dag-1.py
[2023-02-17T07:28:56.060+0000] {processor.py:743} INFO - Processing file /opt/airflow/dags/dag-1.py for tasks to queue
[2023-02-17T07:28:56.063+0000] {logging_mixin.py:137} INFO - [2023-02-17T07:28:56.063+0000] {dagbag.py:538} INFO - Filling up the DagBag from /opt/airflow/dags/dag-1.py
[2023-02-17T07:28:56.119+0000] {processor.py:753} INFO - DAG(s) dict_keys(['first_dag_v3.3']) retrieved from /opt/airflow/dags/dag-1.py
[2023-02-17T07:28:56.167+0000] {logging_mixin.py:137} INFO - [2023-02-17T07:28:56.167+0000] {dag.py:2690} INFO - Sync 1 DAGs
[2023-02-17T07:28:56.206+0000] {logging_mixin.py:137} INFO - [2023-02-17T07:28:56.205+0000] {dag.py:3441} INFO - Setting next_dagrun for first_dag_v3.3 to 2023-02-16T00:00:00+00:00, run_after=2023-02-17T00:00:00+00:00
[2023-02-17T07:28:56.225+0000] {processor.py:175} INFO - Processing /opt/airflow/dags/dag-1.py took 0.179 seconds
[2023-02-17T07:29:26.441+0000] {processor.py:153} INFO - Started process (PID=16772) to work on /opt/airflow/dags/dag-1.py
[2023-02-17T07:29:26.445+0000] {processor.py:743} INFO - Processing file /opt/airflow/dags/dag-1.py for tasks to queue
[2023-02-17T07:29:26.449+0000] {logging_mixin.py:137} INFO - [2023-02-17T07:29:26.448+0000] {dagbag.py:538} INFO - Filling up the DagBag from /opt/airflow/dags/dag-1.py
[2023-02-17T07:29:26.516+0000] {processor.py:753} INFO - DAG(s) dict_keys(['first_dag_v3.3']) retrieved from /opt/airflow/dags/dag-1.py
[2023-02-17T07:29:26.585+0000] {logging_mixin.py:137} INFO - [2023-02-17T07:29:26.585+0000] {dag.py:2690} INFO - Sync 1 DAGs
[2023-02-17T07:29:26.614+0000] {logging_mixin.py:137} INFO - [2023-02-17T07:29:26.614+0000] {dag.py:3441} INFO - Setting next_dagrun for first_dag_v3.3 to 2023-02-16T00:00:00+00:00, run_after=2023-02-17T00:00:00+00:00
[2023-02-17T07:29:26.639+0000] {processor.py:175} INFO - Processing /opt/airflow/dags/dag-1.py took 0.214 seconds
[2023-02-17T07:29:57.492+0000] {processor.py:153} INFO - Started process (PID=16840) to work on /opt/airflow/dags/dag-1.py
[2023-02-17T07:29:57.496+0000] {processor.py:743} INFO - Processing file /opt/airflow/dags/dag-1.py for tasks to queue
[2023-02-17T07:29:57.498+0000] {logging_mixin.py:137} INFO - [2023-02-17T07:29:57.498+0000] {dagbag.py:538} INFO - Filling up the DagBag from /opt/airflow/dags/dag-1.py
[2023-02-17T07:29:57.547+0000] {processor.py:753} INFO - DAG(s) dict_keys(['first_dag_v3.3']) retrieved from /opt/airflow/dags/dag-1.py
[2023-02-17T07:29:57.602+0000] {logging_mixin.py:137} INFO - [2023-02-17T07:29:57.602+0000] {dag.py:2690} INFO - Sync 1 DAGs
[2023-02-17T07:29:57.651+0000] {logging_mixin.py:137} INFO - [2023-02-17T07:29:57.651+0000] {dag.py:3441} INFO - Setting next_dagrun for first_dag_v3.3 to 2023-02-16T00:00:00+00:00, run_after=2023-02-17T00:00:00+00:00
[2023-02-17T07:29:57.680+0000] {processor.py:175} INFO - Processing /opt/airflow/dags/dag-1.py took 0.207 seconds
[2023-02-17T07:30:28.027+0000] {processor.py:153} INFO - Started process (PID=16914) to work on /opt/airflow/dags/dag-1.py
[2023-02-17T07:30:28.031+0000] {processor.py:743} INFO - Processing file /opt/airflow/dags/dag-1.py for tasks to queue
[2023-02-17T07:30:28.036+0000] {logging_mixin.py:137} INFO - [2023-02-17T07:30:28.036+0000] {dagbag.py:538} INFO - Filling up the DagBag from /opt/airflow/dags/dag-1.py
[2023-02-17T07:30:28.096+0000] {processor.py:753} INFO - DAG(s) dict_keys(['first_dag_v3.3']) retrieved from /opt/airflow/dags/dag-1.py
[2023-02-17T07:30:28.181+0000] {logging_mixin.py:137} INFO - [2023-02-17T07:30:28.181+0000] {dag.py:2690} INFO - Sync 1 DAGs
[2023-02-17T07:30:28.233+0000] {logging_mixin.py:137} INFO - [2023-02-17T07:30:28.233+0000] {dag.py:3441} INFO - Setting next_dagrun for first_dag_v3.3 to 2023-02-16T00:00:00+00:00, run_after=2023-02-17T00:00:00+00:00
[2023-02-17T07:30:28.267+0000] {processor.py:175} INFO - Processing /opt/airflow/dags/dag-1.py took 0.257 seconds
[2023-02-17T07:30:58.859+0000] {processor.py:153} INFO - Started process (PID=16979) to work on /opt/airflow/dags/dag-1.py
[2023-02-17T07:30:58.862+0000] {processor.py:743} INFO - Processing file /opt/airflow/dags/dag-1.py for tasks to queue
[2023-02-17T07:30:58.865+0000] {logging_mixin.py:137} INFO - [2023-02-17T07:30:58.865+0000] {dagbag.py:538} INFO - Filling up the DagBag from /opt/airflow/dags/dag-1.py
[2023-02-17T07:30:58.918+0000] {processor.py:753} INFO - DAG(s) dict_keys(['first_dag_v3.3']) retrieved from /opt/airflow/dags/dag-1.py
[2023-02-17T07:30:58.980+0000] {logging_mixin.py:137} INFO - [2023-02-17T07:30:58.979+0000] {dag.py:2690} INFO - Sync 1 DAGs
[2023-02-17T07:30:59.024+0000] {logging_mixin.py:137} INFO - [2023-02-17T07:30:59.024+0000] {dag.py:3441} INFO - Setting next_dagrun for first_dag_v3.3 to 2023-02-16T00:00:00+00:00, run_after=2023-02-17T00:00:00+00:00
[2023-02-17T07:30:59.046+0000] {processor.py:175} INFO - Processing /opt/airflow/dags/dag-1.py took 0.200 seconds
[2023-02-17T07:31:29.471+0000] {processor.py:153} INFO - Started process (PID=17050) to work on /opt/airflow/dags/dag-1.py
[2023-02-17T07:31:29.474+0000] {processor.py:743} INFO - Processing file /opt/airflow/dags/dag-1.py for tasks to queue
[2023-02-17T07:31:29.478+0000] {logging_mixin.py:137} INFO - [2023-02-17T07:31:29.477+0000] {dagbag.py:538} INFO - Filling up the DagBag from /opt/airflow/dags/dag-1.py
[2023-02-17T07:31:29.588+0000] {processor.py:753} INFO - DAG(s) dict_keys(['first_dag_v3.3']) retrieved from /opt/airflow/dags/dag-1.py
[2023-02-17T07:31:29.671+0000] {logging_mixin.py:137} INFO - [2023-02-17T07:31:29.671+0000] {dag.py:2690} INFO - Sync 1 DAGs
[2023-02-17T07:31:29.711+0000] {logging_mixin.py:137} INFO - [2023-02-17T07:31:29.711+0000] {dag.py:3441} INFO - Setting next_dagrun for first_dag_v3.3 to 2023-02-16T00:00:00+00:00, run_after=2023-02-17T00:00:00+00:00
[2023-02-17T07:31:29.738+0000] {processor.py:175} INFO - Processing /opt/airflow/dags/dag-1.py took 0.272 seconds
[2023-02-17T07:31:59.878+0000] {processor.py:153} INFO - Started process (PID=17121) to work on /opt/airflow/dags/dag-1.py
[2023-02-17T07:31:59.880+0000] {processor.py:743} INFO - Processing file /opt/airflow/dags/dag-1.py for tasks to queue
[2023-02-17T07:31:59.882+0000] {logging_mixin.py:137} INFO - [2023-02-17T07:31:59.882+0000] {dagbag.py:538} INFO - Filling up the DagBag from /opt/airflow/dags/dag-1.py
[2023-02-17T07:31:59.966+0000] {processor.py:753} INFO - DAG(s) dict_keys(['first_dag_v3.3']) retrieved from /opt/airflow/dags/dag-1.py
[2023-02-17T07:32:00.025+0000] {logging_mixin.py:137} INFO - [2023-02-17T07:32:00.025+0000] {dag.py:2690} INFO - Sync 1 DAGs
[2023-02-17T07:32:00.066+0000] {logging_mixin.py:137} INFO - [2023-02-17T07:32:00.066+0000] {dag.py:3441} INFO - Setting next_dagrun for first_dag_v3.3 to 2023-02-16T00:00:00+00:00, run_after=2023-02-17T00:00:00+00:00
[2023-02-17T07:32:00.096+0000] {processor.py:175} INFO - Processing /opt/airflow/dags/dag-1.py took 0.229 seconds
[2023-02-17T08:08:19.726+0000] {processor.py:153} INFO - Started process (PID=17163) to work on /opt/airflow/dags/dag-1.py
[2023-02-17T08:08:19.738+0000] {processor.py:743} INFO - Processing file /opt/airflow/dags/dag-1.py for tasks to queue
[2023-02-17T08:08:19.744+0000] {logging_mixin.py:137} INFO - [2023-02-17T08:08:19.742+0000] {dagbag.py:538} INFO - Filling up the DagBag from /opt/airflow/dags/dag-1.py
[2023-02-17T08:08:19.971+0000] {processor.py:753} INFO - DAG(s) dict_keys(['first_dag_v3.3']) retrieved from /opt/airflow/dags/dag-1.py
[2023-02-17T08:08:20.113+0000] {logging_mixin.py:137} INFO - [2023-02-17T08:08:20.113+0000] {dag.py:2690} INFO - Sync 1 DAGs
[2023-02-17T08:08:20.166+0000] {logging_mixin.py:137} INFO - [2023-02-17T08:08:20.166+0000] {dag.py:3441} INFO - Setting next_dagrun for first_dag_v3.3 to 2023-02-16T00:00:00+00:00, run_after=2023-02-17T00:00:00+00:00
[2023-02-17T08:08:20.211+0000] {processor.py:175} INFO - Processing /opt/airflow/dags/dag-1.py took 0.506 seconds
[2023-02-17T08:08:50.735+0000] {processor.py:153} INFO - Started process (PID=17244) to work on /opt/airflow/dags/dag-1.py
[2023-02-17T08:08:50.738+0000] {processor.py:743} INFO - Processing file /opt/airflow/dags/dag-1.py for tasks to queue
[2023-02-17T08:08:50.740+0000] {logging_mixin.py:137} INFO - [2023-02-17T08:08:50.740+0000] {dagbag.py:538} INFO - Filling up the DagBag from /opt/airflow/dags/dag-1.py
[2023-02-17T08:08:50.790+0000] {processor.py:753} INFO - DAG(s) dict_keys(['first_dag_v3.3']) retrieved from /opt/airflow/dags/dag-1.py
[2023-02-17T08:08:50.834+0000] {logging_mixin.py:137} INFO - [2023-02-17T08:08:50.834+0000] {dag.py:2690} INFO - Sync 1 DAGs
[2023-02-17T08:08:50.877+0000] {logging_mixin.py:137} INFO - [2023-02-17T08:08:50.877+0000] {dag.py:3441} INFO - Setting next_dagrun for first_dag_v3.3 to 2023-02-16T00:00:00+00:00, run_after=2023-02-17T00:00:00+00:00
[2023-02-17T08:08:50.893+0000] {processor.py:175} INFO - Processing /opt/airflow/dags/dag-1.py took 0.162 seconds
[2023-02-17T08:09:21.341+0000] {processor.py:153} INFO - Started process (PID=17309) to work on /opt/airflow/dags/dag-1.py
[2023-02-17T08:09:21.343+0000] {processor.py:743} INFO - Processing file /opt/airflow/dags/dag-1.py for tasks to queue
[2023-02-17T08:09:21.345+0000] {logging_mixin.py:137} INFO - [2023-02-17T08:09:21.344+0000] {dagbag.py:538} INFO - Filling up the DagBag from /opt/airflow/dags/dag-1.py
[2023-02-17T08:09:21.406+0000] {processor.py:753} INFO - DAG(s) dict_keys(['first_dag_v3.3']) retrieved from /opt/airflow/dags/dag-1.py
[2023-02-17T08:09:21.478+0000] {logging_mixin.py:137} INFO - [2023-02-17T08:09:21.478+0000] {dag.py:2690} INFO - Sync 1 DAGs
[2023-02-17T08:09:21.522+0000] {logging_mixin.py:137} INFO - [2023-02-17T08:09:21.521+0000] {dag.py:3441} INFO - Setting next_dagrun for first_dag_v3.3 to 2023-02-16T00:00:00+00:00, run_after=2023-02-17T00:00:00+00:00
[2023-02-17T08:09:21.545+0000] {processor.py:175} INFO - Processing /opt/airflow/dags/dag-1.py took 0.210 seconds
[2023-02-17T08:09:52.569+0000] {processor.py:153} INFO - Started process (PID=17383) to work on /opt/airflow/dags/dag-1.py
[2023-02-17T08:09:52.571+0000] {processor.py:743} INFO - Processing file /opt/airflow/dags/dag-1.py for tasks to queue
[2023-02-17T08:09:52.573+0000] {logging_mixin.py:137} INFO - [2023-02-17T08:09:52.573+0000] {dagbag.py:538} INFO - Filling up the DagBag from /opt/airflow/dags/dag-1.py
[2023-02-17T08:09:52.632+0000] {processor.py:753} INFO - DAG(s) dict_keys(['first_dag_v3.3']) retrieved from /opt/airflow/dags/dag-1.py
[2023-02-17T08:09:52.694+0000] {logging_mixin.py:137} INFO - [2023-02-17T08:09:52.694+0000] {dag.py:2690} INFO - Sync 1 DAGs
[2023-02-17T08:09:52.746+0000] {logging_mixin.py:137} INFO - [2023-02-17T08:09:52.746+0000] {dag.py:3441} INFO - Setting next_dagrun for first_dag_v3.3 to 2023-02-16T00:00:00+00:00, run_after=2023-02-17T00:00:00+00:00
[2023-02-17T08:09:52.797+0000] {processor.py:175} INFO - Processing /opt/airflow/dags/dag-1.py took 0.239 seconds
[2023-02-17T08:10:24.026+0000] {processor.py:153} INFO - Started process (PID=17449) to work on /opt/airflow/dags/dag-1.py
[2023-02-17T08:10:24.077+0000] {processor.py:743} INFO - Processing file /opt/airflow/dags/dag-1.py for tasks to queue
[2023-02-17T08:10:24.115+0000] {logging_mixin.py:137} INFO - [2023-02-17T08:10:24.114+0000] {dagbag.py:538} INFO - Filling up the DagBag from /opt/airflow/dags/dag-1.py
[2023-02-17T08:10:24.502+0000] {processor.py:753} INFO - DAG(s) dict_keys(['first_dag_v3.3']) retrieved from /opt/airflow/dags/dag-1.py
[2023-02-17T08:10:25.034+0000] {logging_mixin.py:137} INFO - [2023-02-17T08:10:25.028+0000] {dag.py:2690} INFO - Sync 1 DAGs
[2023-02-17T08:10:25.173+0000] {logging_mixin.py:137} INFO - [2023-02-17T08:10:25.173+0000] {dag.py:3441} INFO - Setting next_dagrun for first_dag_v3.3 to 2023-02-16T00:00:00+00:00, run_after=2023-02-17T00:00:00+00:00
[2023-02-17T08:10:25.239+0000] {processor.py:175} INFO - Processing /opt/airflow/dags/dag-1.py took 1.259 seconds
[2023-02-17T08:10:56.090+0000] {processor.py:153} INFO - Started process (PID=17514) to work on /opt/airflow/dags/dag-1.py
[2023-02-17T08:10:56.094+0000] {processor.py:743} INFO - Processing file /opt/airflow/dags/dag-1.py for tasks to queue
[2023-02-17T08:10:56.097+0000] {logging_mixin.py:137} INFO - [2023-02-17T08:10:56.097+0000] {dagbag.py:538} INFO - Filling up the DagBag from /opt/airflow/dags/dag-1.py
[2023-02-17T08:10:56.192+0000] {processor.py:753} INFO - DAG(s) dict_keys(['first_dag_v3.3']) retrieved from /opt/airflow/dags/dag-1.py
[2023-02-17T08:10:56.324+0000] {logging_mixin.py:137} INFO - [2023-02-17T08:10:56.323+0000] {dag.py:2690} INFO - Sync 1 DAGs
[2023-02-17T08:10:56.410+0000] {logging_mixin.py:137} INFO - [2023-02-17T08:10:56.410+0000] {dag.py:3441} INFO - Setting next_dagrun for first_dag_v3.3 to 2023-02-16T00:00:00+00:00, run_after=2023-02-17T00:00:00+00:00
[2023-02-17T08:10:56.498+0000] {processor.py:175} INFO - Processing /opt/airflow/dags/dag-1.py took 0.414 seconds
[2023-02-17T08:11:27.083+0000] {processor.py:153} INFO - Started process (PID=17579) to work on /opt/airflow/dags/dag-1.py
[2023-02-17T08:11:27.084+0000] {processor.py:743} INFO - Processing file /opt/airflow/dags/dag-1.py for tasks to queue
[2023-02-17T08:11:27.086+0000] {logging_mixin.py:137} INFO - [2023-02-17T08:11:27.086+0000] {dagbag.py:538} INFO - Filling up the DagBag from /opt/airflow/dags/dag-1.py
[2023-02-17T08:11:27.153+0000] {processor.py:753} INFO - DAG(s) dict_keys(['first_dag_v3.3']) retrieved from /opt/airflow/dags/dag-1.py
[2023-02-17T08:11:27.193+0000] {logging_mixin.py:137} INFO - [2023-02-17T08:11:27.193+0000] {dag.py:2690} INFO - Sync 1 DAGs
[2023-02-17T08:11:27.227+0000] {logging_mixin.py:137} INFO - [2023-02-17T08:11:27.227+0000] {dag.py:3441} INFO - Setting next_dagrun for first_dag_v3.3 to 2023-02-16T00:00:00+00:00, run_after=2023-02-17T00:00:00+00:00
[2023-02-17T08:11:27.246+0000] {processor.py:175} INFO - Processing /opt/airflow/dags/dag-1.py took 0.170 seconds
[2023-02-17T08:11:57.928+0000] {processor.py:153} INFO - Started process (PID=17646) to work on /opt/airflow/dags/dag-1.py
[2023-02-17T08:11:57.933+0000] {processor.py:743} INFO - Processing file /opt/airflow/dags/dag-1.py for tasks to queue
[2023-02-17T08:11:57.936+0000] {logging_mixin.py:137} INFO - [2023-02-17T08:11:57.936+0000] {dagbag.py:538} INFO - Filling up the DagBag from /opt/airflow/dags/dag-1.py
[2023-02-17T08:11:57.976+0000] {processor.py:753} INFO - DAG(s) dict_keys(['first_dag_v3.3']) retrieved from /opt/airflow/dags/dag-1.py
[2023-02-17T08:11:58.037+0000] {logging_mixin.py:137} INFO - [2023-02-17T08:11:58.037+0000] {dag.py:2690} INFO - Sync 1 DAGs
[2023-02-17T08:11:58.077+0000] {logging_mixin.py:137} INFO - [2023-02-17T08:11:58.077+0000] {dag.py:3441} INFO - Setting next_dagrun for first_dag_v3.3 to 2023-02-16T00:00:00+00:00, run_after=2023-02-17T00:00:00+00:00
[2023-02-17T08:11:58.093+0000] {processor.py:175} INFO - Processing /opt/airflow/dags/dag-1.py took 0.190 seconds
[2023-02-17T08:12:30.213+0000] {processor.py:153} INFO - Started process (PID=17723) to work on /opt/airflow/dags/dag-1.py
[2023-02-17T08:12:30.357+0000] {processor.py:743} INFO - Processing file /opt/airflow/dags/dag-1.py for tasks to queue
[2023-02-17T08:12:30.605+0000] {logging_mixin.py:137} INFO - [2023-02-17T08:12:30.393+0000] {dagbag.py:538} INFO - Filling up the DagBag from /opt/airflow/dags/dag-1.py
[2023-02-17T08:12:32.850+0000] {processor.py:753} INFO - DAG(s) dict_keys(['first_dag_v3.3']) retrieved from /opt/airflow/dags/dag-1.py
[2023-02-17T08:12:35.567+0000] {logging_mixin.py:137} INFO - [2023-02-17T08:12:35.559+0000] {dag.py:2690} INFO - Sync 1 DAGs
[2023-02-17T08:12:36.244+0000] {logging_mixin.py:137} INFO - [2023-02-17T08:12:36.239+0000] {dag.py:3441} INFO - Setting next_dagrun for first_dag_v3.3 to 2023-02-16T00:00:00+00:00, run_after=2023-02-17T00:00:00+00:00
[2023-02-17T08:12:37.808+0000] {processor.py:175} INFO - Processing /opt/airflow/dags/dag-1.py took 7.893 seconds
[2023-02-17T08:13:09.042+0000] {processor.py:153} INFO - Started process (PID=17790) to work on /opt/airflow/dags/dag-1.py
[2023-02-17T08:13:09.049+0000] {processor.py:743} INFO - Processing file /opt/airflow/dags/dag-1.py for tasks to queue
[2023-02-17T08:13:09.053+0000] {logging_mixin.py:137} INFO - [2023-02-17T08:13:09.052+0000] {dagbag.py:538} INFO - Filling up the DagBag from /opt/airflow/dags/dag-1.py
[2023-02-17T08:13:09.110+0000] {processor.py:753} INFO - DAG(s) dict_keys(['first_dag_v3.3']) retrieved from /opt/airflow/dags/dag-1.py
[2023-02-17T08:13:09.197+0000] {logging_mixin.py:137} INFO - [2023-02-17T08:13:09.197+0000] {dag.py:2690} INFO - Sync 1 DAGs
[2023-02-17T08:13:09.238+0000] {logging_mixin.py:137} INFO - [2023-02-17T08:13:09.238+0000] {dag.py:3441} INFO - Setting next_dagrun for first_dag_v3.3 to 2023-02-16T00:00:00+00:00, run_after=2023-02-17T00:00:00+00:00
[2023-02-17T08:13:09.309+0000] {processor.py:175} INFO - Processing /opt/airflow/dags/dag-1.py took 0.282 seconds
[2023-02-17T08:13:39.698+0000] {processor.py:153} INFO - Started process (PID=17863) to work on /opt/airflow/dags/dag-1.py
[2023-02-17T08:13:39.703+0000] {processor.py:743} INFO - Processing file /opt/airflow/dags/dag-1.py for tasks to queue
[2023-02-17T08:13:39.707+0000] {logging_mixin.py:137} INFO - [2023-02-17T08:13:39.707+0000] {dagbag.py:538} INFO - Filling up the DagBag from /opt/airflow/dags/dag-1.py
[2023-02-17T08:13:39.826+0000] {processor.py:753} INFO - DAG(s) dict_keys(['first_dag_v3.3']) retrieved from /opt/airflow/dags/dag-1.py
[2023-02-17T08:13:39.921+0000] {logging_mixin.py:137} INFO - [2023-02-17T08:13:39.920+0000] {dag.py:2690} INFO - Sync 1 DAGs
[2023-02-17T08:13:40.003+0000] {logging_mixin.py:137} INFO - [2023-02-17T08:13:40.003+0000] {dag.py:3441} INFO - Setting next_dagrun for first_dag_v3.3 to 2023-02-16T00:00:00+00:00, run_after=2023-02-17T00:00:00+00:00
[2023-02-17T08:13:40.046+0000] {processor.py:175} INFO - Processing /opt/airflow/dags/dag-1.py took 0.384 seconds
[2023-02-17T08:14:11.070+0000] {processor.py:153} INFO - Started process (PID=17928) to work on /opt/airflow/dags/dag-1.py
[2023-02-17T08:14:11.073+0000] {processor.py:743} INFO - Processing file /opt/airflow/dags/dag-1.py for tasks to queue
[2023-02-17T08:14:11.074+0000] {logging_mixin.py:137} INFO - [2023-02-17T08:14:11.074+0000] {dagbag.py:538} INFO - Filling up the DagBag from /opt/airflow/dags/dag-1.py
[2023-02-17T08:14:11.132+0000] {processor.py:753} INFO - DAG(s) dict_keys(['first_dag_v3.3']) retrieved from /opt/airflow/dags/dag-1.py
[2023-02-17T08:14:11.206+0000] {logging_mixin.py:137} INFO - [2023-02-17T08:14:11.205+0000] {dag.py:2690} INFO - Sync 1 DAGs
[2023-02-17T08:14:11.251+0000] {logging_mixin.py:137} INFO - [2023-02-17T08:14:11.250+0000] {dag.py:3441} INFO - Setting next_dagrun for first_dag_v3.3 to 2023-02-16T00:00:00+00:00, run_after=2023-02-17T00:00:00+00:00
[2023-02-17T08:14:11.269+0000] {processor.py:175} INFO - Processing /opt/airflow/dags/dag-1.py took 0.205 seconds
[2023-02-17T08:14:41.713+0000] {processor.py:153} INFO - Started process (PID=18004) to work on /opt/airflow/dags/dag-1.py
[2023-02-17T08:14:41.719+0000] {processor.py:743} INFO - Processing file /opt/airflow/dags/dag-1.py for tasks to queue
[2023-02-17T08:14:41.721+0000] {logging_mixin.py:137} INFO - [2023-02-17T08:14:41.721+0000] {dagbag.py:538} INFO - Filling up the DagBag from /opt/airflow/dags/dag-1.py
[2023-02-17T08:14:41.801+0000] {processor.py:753} INFO - DAG(s) dict_keys(['first_dag_v3.3']) retrieved from /opt/airflow/dags/dag-1.py
[2023-02-17T08:14:41.879+0000] {logging_mixin.py:137} INFO - [2023-02-17T08:14:41.879+0000] {dag.py:2690} INFO - Sync 1 DAGs
[2023-02-17T08:14:41.927+0000] {logging_mixin.py:137} INFO - [2023-02-17T08:14:41.927+0000] {dag.py:3441} INFO - Setting next_dagrun for first_dag_v3.3 to 2023-02-16T00:00:00+00:00, run_after=2023-02-17T00:00:00+00:00
[2023-02-17T08:14:41.959+0000] {processor.py:175} INFO - Processing /opt/airflow/dags/dag-1.py took 0.260 seconds
[2023-02-17T08:15:12.968+0000] {processor.py:153} INFO - Started process (PID=18071) to work on /opt/airflow/dags/dag-1.py
[2023-02-17T08:15:12.970+0000] {processor.py:743} INFO - Processing file /opt/airflow/dags/dag-1.py for tasks to queue
[2023-02-17T08:15:12.973+0000] {logging_mixin.py:137} INFO - [2023-02-17T08:15:12.973+0000] {dagbag.py:538} INFO - Filling up the DagBag from /opt/airflow/dags/dag-1.py
[2023-02-17T08:15:13.065+0000] {processor.py:753} INFO - DAG(s) dict_keys(['first_dag_v3.3']) retrieved from /opt/airflow/dags/dag-1.py
[2023-02-17T08:15:13.159+0000] {logging_mixin.py:137} INFO - [2023-02-17T08:15:13.159+0000] {dag.py:2690} INFO - Sync 1 DAGs
[2023-02-17T08:15:13.206+0000] {logging_mixin.py:137} INFO - [2023-02-17T08:15:13.205+0000] {dag.py:3441} INFO - Setting next_dagrun for first_dag_v3.3 to 2023-02-16T00:00:00+00:00, run_after=2023-02-17T00:00:00+00:00
[2023-02-17T08:15:13.235+0000] {processor.py:175} INFO - Processing /opt/airflow/dags/dag-1.py took 0.274 seconds
[2023-02-17T08:15:43.773+0000] {processor.py:153} INFO - Started process (PID=18136) to work on /opt/airflow/dags/dag-1.py
[2023-02-17T08:15:43.776+0000] {processor.py:743} INFO - Processing file /opt/airflow/dags/dag-1.py for tasks to queue
[2023-02-17T08:15:43.778+0000] {logging_mixin.py:137} INFO - [2023-02-17T08:15:43.777+0000] {dagbag.py:538} INFO - Filling up the DagBag from /opt/airflow/dags/dag-1.py
[2023-02-17T08:15:43.868+0000] {processor.py:753} INFO - DAG(s) dict_keys(['first_dag_v3.3']) retrieved from /opt/airflow/dags/dag-1.py
[2023-02-17T08:15:43.955+0000] {logging_mixin.py:137} INFO - [2023-02-17T08:15:43.955+0000] {dag.py:2690} INFO - Sync 1 DAGs
[2023-02-17T08:15:44.006+0000] {logging_mixin.py:137} INFO - [2023-02-17T08:15:44.005+0000] {dag.py:3441} INFO - Setting next_dagrun for first_dag_v3.3 to 2023-02-16T00:00:00+00:00, run_after=2023-02-17T00:00:00+00:00
[2023-02-17T08:15:44.038+0000] {processor.py:175} INFO - Processing /opt/airflow/dags/dag-1.py took 0.272 seconds
[2023-02-17T08:16:14.539+0000] {processor.py:153} INFO - Started process (PID=18213) to work on /opt/airflow/dags/dag-1.py
[2023-02-17T08:16:14.542+0000] {processor.py:743} INFO - Processing file /opt/airflow/dags/dag-1.py for tasks to queue
[2023-02-17T08:16:14.544+0000] {logging_mixin.py:137} INFO - [2023-02-17T08:16:14.544+0000] {dagbag.py:538} INFO - Filling up the DagBag from /opt/airflow/dags/dag-1.py
[2023-02-17T08:16:14.608+0000] {processor.py:753} INFO - DAG(s) dict_keys(['first_dag_v3.3']) retrieved from /opt/airflow/dags/dag-1.py
[2023-02-17T08:16:14.672+0000] {logging_mixin.py:137} INFO - [2023-02-17T08:16:14.671+0000] {dag.py:2690} INFO - Sync 1 DAGs
[2023-02-17T08:16:14.707+0000] {logging_mixin.py:137} INFO - [2023-02-17T08:16:14.707+0000] {dag.py:3441} INFO - Setting next_dagrun for first_dag_v3.3 to 2023-02-16T00:00:00+00:00, run_after=2023-02-17T00:00:00+00:00
[2023-02-17T08:16:14.734+0000] {processor.py:175} INFO - Processing /opt/airflow/dags/dag-1.py took 0.204 seconds
[2023-02-17T08:16:45.332+0000] {processor.py:153} INFO - Started process (PID=18278) to work on /opt/airflow/dags/dag-1.py
[2023-02-17T08:16:45.335+0000] {processor.py:743} INFO - Processing file /opt/airflow/dags/dag-1.py for tasks to queue
[2023-02-17T08:16:45.336+0000] {logging_mixin.py:137} INFO - [2023-02-17T08:16:45.336+0000] {dagbag.py:538} INFO - Filling up the DagBag from /opt/airflow/dags/dag-1.py
[2023-02-17T08:16:45.420+0000] {processor.py:753} INFO - DAG(s) dict_keys(['first_dag_v3.3']) retrieved from /opt/airflow/dags/dag-1.py
[2023-02-17T08:16:45.531+0000] {logging_mixin.py:137} INFO - [2023-02-17T08:16:45.531+0000] {dag.py:2690} INFO - Sync 1 DAGs
[2023-02-17T08:16:45.601+0000] {logging_mixin.py:137} INFO - [2023-02-17T08:16:45.601+0000] {dag.py:3441} INFO - Setting next_dagrun for first_dag_v3.3 to 2023-02-16T00:00:00+00:00, run_after=2023-02-17T00:00:00+00:00
[2023-02-17T08:16:45.632+0000] {processor.py:175} INFO - Processing /opt/airflow/dags/dag-1.py took 0.312 seconds
[2023-02-17T08:17:16.231+0000] {processor.py:153} INFO - Started process (PID=18343) to work on /opt/airflow/dags/dag-1.py
[2023-02-17T08:17:16.235+0000] {processor.py:743} INFO - Processing file /opt/airflow/dags/dag-1.py for tasks to queue
[2023-02-17T08:17:16.238+0000] {logging_mixin.py:137} INFO - [2023-02-17T08:17:16.237+0000] {dagbag.py:538} INFO - Filling up the DagBag from /opt/airflow/dags/dag-1.py
[2023-02-17T08:17:16.406+0000] {processor.py:753} INFO - DAG(s) dict_keys(['first_dag_v3.3']) retrieved from /opt/airflow/dags/dag-1.py
[2023-02-17T08:17:16.578+0000] {logging_mixin.py:137} INFO - [2023-02-17T08:17:16.577+0000] {dag.py:2690} INFO - Sync 1 DAGs
[2023-02-17T08:17:16.660+0000] {logging_mixin.py:137} INFO - [2023-02-17T08:17:16.660+0000] {dag.py:3441} INFO - Setting next_dagrun for first_dag_v3.3 to 2023-02-16T00:00:00+00:00, run_after=2023-02-17T00:00:00+00:00
[2023-02-17T08:17:16.726+0000] {processor.py:175} INFO - Processing /opt/airflow/dags/dag-1.py took 0.508 seconds
[2023-02-17T08:17:47.428+0000] {processor.py:153} INFO - Started process (PID=18420) to work on /opt/airflow/dags/dag-1.py
[2023-02-17T08:17:47.430+0000] {processor.py:743} INFO - Processing file /opt/airflow/dags/dag-1.py for tasks to queue
[2023-02-17T08:17:47.431+0000] {logging_mixin.py:137} INFO - [2023-02-17T08:17:47.431+0000] {dagbag.py:538} INFO - Filling up the DagBag from /opt/airflow/dags/dag-1.py
[2023-02-17T08:17:47.480+0000] {processor.py:753} INFO - DAG(s) dict_keys(['first_dag_v3.3']) retrieved from /opt/airflow/dags/dag-1.py
[2023-02-17T08:17:47.530+0000] {logging_mixin.py:137} INFO - [2023-02-17T08:17:47.530+0000] {dag.py:2690} INFO - Sync 1 DAGs
[2023-02-17T08:17:47.561+0000] {logging_mixin.py:137} INFO - [2023-02-17T08:17:47.561+0000] {dag.py:3441} INFO - Setting next_dagrun for first_dag_v3.3 to 2023-02-16T00:00:00+00:00, run_after=2023-02-17T00:00:00+00:00
[2023-02-17T08:17:47.580+0000] {processor.py:175} INFO - Processing /opt/airflow/dags/dag-1.py took 0.159 seconds
[2023-02-17T08:18:18.055+0000] {processor.py:153} INFO - Started process (PID=18485) to work on /opt/airflow/dags/dag-1.py
[2023-02-17T08:18:18.059+0000] {processor.py:743} INFO - Processing file /opt/airflow/dags/dag-1.py for tasks to queue
[2023-02-17T08:18:18.061+0000] {logging_mixin.py:137} INFO - [2023-02-17T08:18:18.061+0000] {dagbag.py:538} INFO - Filling up the DagBag from /opt/airflow/dags/dag-1.py
[2023-02-17T08:18:18.102+0000] {processor.py:753} INFO - DAG(s) dict_keys(['first_dag_v3.3']) retrieved from /opt/airflow/dags/dag-1.py
[2023-02-17T08:18:18.182+0000] {logging_mixin.py:137} INFO - [2023-02-17T08:18:18.182+0000] {dag.py:2690} INFO - Sync 1 DAGs
[2023-02-17T08:18:18.234+0000] {logging_mixin.py:137} INFO - [2023-02-17T08:18:18.234+0000] {dag.py:3441} INFO - Setting next_dagrun for first_dag_v3.3 to 2023-02-16T00:00:00+00:00, run_after=2023-02-17T00:00:00+00:00
[2023-02-17T08:18:18.265+0000] {processor.py:175} INFO - Processing /opt/airflow/dags/dag-1.py took 0.223 seconds
[2023-02-17T08:18:48.736+0000] {processor.py:153} INFO - Started process (PID=18555) to work on /opt/airflow/dags/dag-1.py
[2023-02-17T08:18:48.742+0000] {processor.py:743} INFO - Processing file /opt/airflow/dags/dag-1.py for tasks to queue
[2023-02-17T08:18:48.746+0000] {logging_mixin.py:137} INFO - [2023-02-17T08:18:48.746+0000] {dagbag.py:538} INFO - Filling up the DagBag from /opt/airflow/dags/dag-1.py
[2023-02-17T08:18:48.844+0000] {processor.py:753} INFO - DAG(s) dict_keys(['first_dag_v3.3']) retrieved from /opt/airflow/dags/dag-1.py
[2023-02-17T08:18:48.950+0000] {logging_mixin.py:137} INFO - [2023-02-17T08:18:48.949+0000] {dag.py:2690} INFO - Sync 1 DAGs
[2023-02-17T08:18:48.994+0000] {logging_mixin.py:137} INFO - [2023-02-17T08:18:48.994+0000] {dag.py:3441} INFO - Setting next_dagrun for first_dag_v3.3 to 2023-02-16T00:00:00+00:00, run_after=2023-02-17T00:00:00+00:00
[2023-02-17T08:18:49.032+0000] {processor.py:175} INFO - Processing /opt/airflow/dags/dag-1.py took 0.319 seconds
[2023-02-17T08:19:20.004+0000] {processor.py:153} INFO - Started process (PID=18627) to work on /opt/airflow/dags/dag-1.py
[2023-02-17T08:19:20.010+0000] {processor.py:743} INFO - Processing file /opt/airflow/dags/dag-1.py for tasks to queue
[2023-02-17T08:19:20.011+0000] {logging_mixin.py:137} INFO - [2023-02-17T08:19:20.011+0000] {dagbag.py:538} INFO - Filling up the DagBag from /opt/airflow/dags/dag-1.py
[2023-02-17T08:19:20.067+0000] {processor.py:753} INFO - DAG(s) dict_keys(['first_dag_v3.3']) retrieved from /opt/airflow/dags/dag-1.py
[2023-02-17T08:19:20.155+0000] {logging_mixin.py:137} INFO - [2023-02-17T08:19:20.155+0000] {dag.py:2690} INFO - Sync 1 DAGs
[2023-02-17T08:19:20.224+0000] {logging_mixin.py:137} INFO - [2023-02-17T08:19:20.223+0000] {dag.py:3441} INFO - Setting next_dagrun for first_dag_v3.3 to 2023-02-16T00:00:00+00:00, run_after=2023-02-17T00:00:00+00:00
[2023-02-17T08:19:20.255+0000] {processor.py:175} INFO - Processing /opt/airflow/dags/dag-1.py took 0.263 seconds
[2023-02-17T08:19:50.890+0000] {processor.py:153} INFO - Started process (PID=18692) to work on /opt/airflow/dags/dag-1.py
[2023-02-17T08:19:50.894+0000] {processor.py:743} INFO - Processing file /opt/airflow/dags/dag-1.py for tasks to queue
[2023-02-17T08:19:50.896+0000] {logging_mixin.py:137} INFO - [2023-02-17T08:19:50.896+0000] {dagbag.py:538} INFO - Filling up the DagBag from /opt/airflow/dags/dag-1.py
[2023-02-17T08:19:50.953+0000] {processor.py:753} INFO - DAG(s) dict_keys(['first_dag_v3.3']) retrieved from /opt/airflow/dags/dag-1.py
[2023-02-17T08:19:51.032+0000] {logging_mixin.py:137} INFO - [2023-02-17T08:19:51.032+0000] {dag.py:2690} INFO - Sync 1 DAGs
[2023-02-17T08:19:51.081+0000] {logging_mixin.py:137} INFO - [2023-02-17T08:19:51.081+0000] {dag.py:3441} INFO - Setting next_dagrun for first_dag_v3.3 to 2023-02-16T00:00:00+00:00, run_after=2023-02-17T00:00:00+00:00
[2023-02-17T08:19:51.104+0000] {processor.py:175} INFO - Processing /opt/airflow/dags/dag-1.py took 0.234 seconds
[2023-02-17T08:20:21.925+0000] {processor.py:153} INFO - Started process (PID=18768) to work on /opt/airflow/dags/dag-1.py
[2023-02-17T08:20:21.931+0000] {processor.py:743} INFO - Processing file /opt/airflow/dags/dag-1.py for tasks to queue
[2023-02-17T08:20:21.935+0000] {logging_mixin.py:137} INFO - [2023-02-17T08:20:21.934+0000] {dagbag.py:538} INFO - Filling up the DagBag from /opt/airflow/dags/dag-1.py
[2023-02-17T08:20:22.130+0000] {processor.py:753} INFO - DAG(s) dict_keys(['first_dag_v3.3']) retrieved from /opt/airflow/dags/dag-1.py
[2023-02-17T08:20:22.252+0000] {logging_mixin.py:137} INFO - [2023-02-17T08:20:22.251+0000] {dag.py:2690} INFO - Sync 1 DAGs
[2023-02-17T08:20:22.309+0000] {logging_mixin.py:137} INFO - [2023-02-17T08:20:22.308+0000] {dag.py:3441} INFO - Setting next_dagrun for first_dag_v3.3 to 2023-02-16T00:00:00+00:00, run_after=2023-02-17T00:00:00+00:00
[2023-02-17T08:20:22.349+0000] {processor.py:175} INFO - Processing /opt/airflow/dags/dag-1.py took 0.484 seconds
[2023-02-17T08:20:52.833+0000] {processor.py:153} INFO - Started process (PID=18834) to work on /opt/airflow/dags/dag-1.py
[2023-02-17T08:20:52.836+0000] {processor.py:743} INFO - Processing file /opt/airflow/dags/dag-1.py for tasks to queue
[2023-02-17T08:20:52.838+0000] {logging_mixin.py:137} INFO - [2023-02-17T08:20:52.838+0000] {dagbag.py:538} INFO - Filling up the DagBag from /opt/airflow/dags/dag-1.py
[2023-02-17T08:20:52.922+0000] {processor.py:753} INFO - DAG(s) dict_keys(['first_dag_v3.3']) retrieved from /opt/airflow/dags/dag-1.py
[2023-02-17T08:20:52.983+0000] {logging_mixin.py:137} INFO - [2023-02-17T08:20:52.983+0000] {dag.py:2690} INFO - Sync 1 DAGs
[2023-02-17T08:20:53.026+0000] {logging_mixin.py:137} INFO - [2023-02-17T08:20:53.025+0000] {dag.py:3441} INFO - Setting next_dagrun for first_dag_v3.3 to 2023-02-16T00:00:00+00:00, run_after=2023-02-17T00:00:00+00:00
[2023-02-17T08:20:53.046+0000] {processor.py:175} INFO - Processing /opt/airflow/dags/dag-1.py took 0.220 seconds
[2023-02-17T08:21:23.639+0000] {processor.py:153} INFO - Started process (PID=18899) to work on /opt/airflow/dags/dag-1.py
[2023-02-17T08:21:23.649+0000] {processor.py:743} INFO - Processing file /opt/airflow/dags/dag-1.py for tasks to queue
[2023-02-17T08:21:23.653+0000] {logging_mixin.py:137} INFO - [2023-02-17T08:21:23.653+0000] {dagbag.py:538} INFO - Filling up the DagBag from /opt/airflow/dags/dag-1.py
[2023-02-17T08:21:23.751+0000] {processor.py:753} INFO - DAG(s) dict_keys(['first_dag_v3.3']) retrieved from /opt/airflow/dags/dag-1.py
[2023-02-17T08:21:23.815+0000] {logging_mixin.py:137} INFO - [2023-02-17T08:21:23.815+0000] {dag.py:2690} INFO - Sync 1 DAGs
[2023-02-17T08:21:23.857+0000] {logging_mixin.py:137} INFO - [2023-02-17T08:21:23.857+0000] {dag.py:3441} INFO - Setting next_dagrun for first_dag_v3.3 to 2023-02-16T00:00:00+00:00, run_after=2023-02-17T00:00:00+00:00
[2023-02-17T08:21:23.875+0000] {processor.py:175} INFO - Processing /opt/airflow/dags/dag-1.py took 0.294 seconds
[2023-02-17T08:21:54.070+0000] {processor.py:153} INFO - Started process (PID=18977) to work on /opt/airflow/dags/dag-1.py
[2023-02-17T08:21:54.072+0000] {processor.py:743} INFO - Processing file /opt/airflow/dags/dag-1.py for tasks to queue
[2023-02-17T08:21:54.073+0000] {logging_mixin.py:137} INFO - [2023-02-17T08:21:54.073+0000] {dagbag.py:538} INFO - Filling up the DagBag from /opt/airflow/dags/dag-1.py
[2023-02-17T08:21:54.187+0000] {processor.py:753} INFO - DAG(s) dict_keys(['first_dag_v3.3']) retrieved from /opt/airflow/dags/dag-1.py
[2023-02-17T08:21:54.269+0000] {logging_mixin.py:137} INFO - [2023-02-17T08:21:54.269+0000] {dag.py:2690} INFO - Sync 1 DAGs
[2023-02-17T08:21:54.325+0000] {logging_mixin.py:137} INFO - [2023-02-17T08:21:54.325+0000] {dag.py:3441} INFO - Setting next_dagrun for first_dag_v3.3 to 2023-02-16T00:00:00+00:00, run_after=2023-02-17T00:00:00+00:00
[2023-02-17T08:21:54.359+0000] {processor.py:175} INFO - Processing /opt/airflow/dags/dag-1.py took 0.308 seconds
[2023-02-17T08:52:57.605+0000] {processor.py:153} INFO - Started process (PID=174) to work on /opt/airflow/dags/dag-1.py
[2023-02-17T08:52:57.608+0000] {processor.py:743} INFO - Processing file /opt/airflow/dags/dag-1.py for tasks to queue
[2023-02-17T08:52:57.615+0000] {logging_mixin.py:137} INFO - [2023-02-17T08:52:57.614+0000] {dagbag.py:538} INFO - Filling up the DagBag from /opt/airflow/dags/dag-1.py
[2023-02-17T08:52:58.347+0000] {processor.py:753} INFO - DAG(s) dict_keys(['first_dag_v3.3']) retrieved from /opt/airflow/dags/dag-1.py
[2023-02-17T08:53:07.013+0000] {logging_mixin.py:137} INFO - [2023-02-17T08:53:07.010+0000] {dag.py:2690} INFO - Sync 1 DAGs
[2023-02-17T08:53:07.227+0000] {logging_mixin.py:137} INFO - [2023-02-17T08:53:07.226+0000] {dag.py:3441} INFO - Setting next_dagrun for first_dag_v3.3 to 2023-02-16T00:00:00+00:00, run_after=2023-02-17T00:00:00+00:00
[2023-02-17T08:53:07.483+0000] {processor.py:175} INFO - Processing /opt/airflow/dags/dag-1.py took 9.920 seconds
[2023-02-17T08:53:38.075+0000] {processor.py:153} INFO - Started process (PID=241) to work on /opt/airflow/dags/dag-1.py
[2023-02-17T08:53:38.081+0000] {processor.py:743} INFO - Processing file /opt/airflow/dags/dag-1.py for tasks to queue
[2023-02-17T08:53:38.087+0000] {logging_mixin.py:137} INFO - [2023-02-17T08:53:38.086+0000] {dagbag.py:538} INFO - Filling up the DagBag from /opt/airflow/dags/dag-1.py
[2023-02-17T08:53:38.187+0000] {processor.py:753} INFO - DAG(s) dict_keys(['first_dag_v3.3']) retrieved from /opt/airflow/dags/dag-1.py
[2023-02-17T08:53:38.249+0000] {logging_mixin.py:137} INFO - [2023-02-17T08:53:38.249+0000] {dag.py:2690} INFO - Sync 1 DAGs
[2023-02-17T08:53:38.294+0000] {logging_mixin.py:137} INFO - [2023-02-17T08:53:38.294+0000] {dag.py:3441} INFO - Setting next_dagrun for first_dag_v3.3 to 2023-02-16T00:00:00+00:00, run_after=2023-02-17T00:00:00+00:00
[2023-02-17T08:53:38.328+0000] {processor.py:175} INFO - Processing /opt/airflow/dags/dag-1.py took 0.273 seconds
[2023-02-17T08:54:09.241+0000] {processor.py:153} INFO - Started process (PID=303) to work on /opt/airflow/dags/dag-1.py
[2023-02-17T08:54:09.243+0000] {processor.py:743} INFO - Processing file /opt/airflow/dags/dag-1.py for tasks to queue
[2023-02-17T08:54:09.245+0000] {logging_mixin.py:137} INFO - [2023-02-17T08:54:09.244+0000] {dagbag.py:538} INFO - Filling up the DagBag from /opt/airflow/dags/dag-1.py
[2023-02-17T08:54:09.311+0000] {processor.py:753} INFO - DAG(s) dict_keys(['first_dag_v3.3']) retrieved from /opt/airflow/dags/dag-1.py
[2023-02-17T08:54:09.370+0000] {logging_mixin.py:137} INFO - [2023-02-17T08:54:09.370+0000] {dag.py:2690} INFO - Sync 1 DAGs
[2023-02-17T08:54:09.407+0000] {logging_mixin.py:137} INFO - [2023-02-17T08:54:09.407+0000] {dag.py:3441} INFO - Setting next_dagrun for first_dag_v3.3 to 2023-02-16T00:00:00+00:00, run_after=2023-02-17T00:00:00+00:00
[2023-02-17T08:54:09.430+0000] {processor.py:175} INFO - Processing /opt/airflow/dags/dag-1.py took 0.195 seconds
[2023-02-17T08:54:39.612+0000] {processor.py:153} INFO - Started process (PID=371) to work on /opt/airflow/dags/dag-1.py
[2023-02-17T08:54:39.615+0000] {processor.py:743} INFO - Processing file /opt/airflow/dags/dag-1.py for tasks to queue
[2023-02-17T08:54:39.620+0000] {logging_mixin.py:137} INFO - [2023-02-17T08:54:39.619+0000] {dagbag.py:538} INFO - Filling up the DagBag from /opt/airflow/dags/dag-1.py
[2023-02-17T08:54:39.694+0000] {processor.py:753} INFO - DAG(s) dict_keys(['first_dag_v3.3']) retrieved from /opt/airflow/dags/dag-1.py
[2023-02-17T08:54:39.911+0000] {logging_mixin.py:137} INFO - [2023-02-17T08:54:39.910+0000] {dag.py:2690} INFO - Sync 1 DAGs
[2023-02-17T08:54:39.990+0000] {logging_mixin.py:137} INFO - [2023-02-17T08:54:39.989+0000] {dag.py:3441} INFO - Setting next_dagrun for first_dag_v3.3 to 2023-02-16T00:00:00+00:00, run_after=2023-02-17T00:00:00+00:00
[2023-02-17T08:54:40.023+0000] {processor.py:175} INFO - Processing /opt/airflow/dags/dag-1.py took 0.435 seconds
[2023-02-17T08:56:42.735+0000] {processor.py:153} INFO - Started process (PID=181) to work on /opt/airflow/dags/dag-1.py
[2023-02-17T08:56:42.774+0000] {processor.py:743} INFO - Processing file /opt/airflow/dags/dag-1.py for tasks to queue
[2023-02-17T08:56:42.796+0000] {logging_mixin.py:137} INFO - [2023-02-17T08:56:42.796+0000] {dagbag.py:538} INFO - Filling up the DagBag from /opt/airflow/dags/dag-1.py
[2023-02-17T08:56:43.584+0000] {processor.py:753} INFO - DAG(s) dict_keys(['first_dag_v3.3']) retrieved from /opt/airflow/dags/dag-1.py
[2023-02-17T08:56:44.344+0000] {logging_mixin.py:137} INFO - [2023-02-17T08:56:44.343+0000] {dag.py:2690} INFO - Sync 1 DAGs
[2023-02-17T08:56:44.423+0000] {logging_mixin.py:137} INFO - [2023-02-17T08:56:44.422+0000] {dag.py:3441} INFO - Setting next_dagrun for first_dag_v3.3 to 2023-02-16T00:00:00+00:00, run_after=2023-02-17T00:00:00+00:00
[2023-02-17T08:56:44.806+0000] {processor.py:175} INFO - Processing /opt/airflow/dags/dag-1.py took 2.108 seconds
[2023-02-17T08:57:18.875+0000] {processor.py:153} INFO - Started process (PID=239) to work on /opt/airflow/dags/dag-1.py
[2023-02-17T08:57:19.194+0000] {processor.py:743} INFO - Processing file /opt/airflow/dags/dag-1.py for tasks to queue
[2023-02-17T08:57:19.352+0000] {logging_mixin.py:137} INFO - [2023-02-17T08:57:19.352+0000] {dagbag.py:538} INFO - Filling up the DagBag from /opt/airflow/dags/dag-1.py
[2023-02-17T08:57:23.806+0000] {processor.py:753} INFO - DAG(s) dict_keys(['first_dag_v3.3']) retrieved from /opt/airflow/dags/dag-1.py
[2023-02-17T08:57:25.854+0000] {logging_mixin.py:137} INFO - [2023-02-17T08:57:25.852+0000] {dag.py:2690} INFO - Sync 1 DAGs
[2023-02-17T08:57:26.518+0000] {logging_mixin.py:137} INFO - [2023-02-17T08:57:26.517+0000] {dag.py:3441} INFO - Setting next_dagrun for first_dag_v3.3 to 2023-02-16T00:00:00+00:00, run_after=2023-02-17T00:00:00+00:00
[2023-02-17T08:57:26.828+0000] {processor.py:175} INFO - Processing /opt/airflow/dags/dag-1.py took 8.179 seconds
[2023-02-17T08:57:58.296+0000] {processor.py:153} INFO - Started process (PID=301) to work on /opt/airflow/dags/dag-1.py
[2023-02-17T08:57:58.305+0000] {processor.py:743} INFO - Processing file /opt/airflow/dags/dag-1.py for tasks to queue
[2023-02-17T08:57:58.315+0000] {logging_mixin.py:137} INFO - [2023-02-17T08:57:58.314+0000] {dagbag.py:538} INFO - Filling up the DagBag from /opt/airflow/dags/dag-1.py
[2023-02-17T08:57:58.672+0000] {processor.py:753} INFO - DAG(s) dict_keys(['first_dag_v3.3']) retrieved from /opt/airflow/dags/dag-1.py
[2023-02-17T08:58:00.251+0000] {logging_mixin.py:137} INFO - [2023-02-17T08:58:00.249+0000] {dag.py:2690} INFO - Sync 1 DAGs
[2023-02-17T08:58:01.477+0000] {logging_mixin.py:137} INFO - [2023-02-17T08:58:01.475+0000] {dag.py:3441} INFO - Setting next_dagrun for first_dag_v3.3 to 2023-02-16T00:00:00+00:00, run_after=2023-02-17T00:00:00+00:00
[2023-02-17T08:58:01.704+0000] {processor.py:175} INFO - Processing /opt/airflow/dags/dag-1.py took 3.432 seconds
[2023-02-17T08:58:34.690+0000] {processor.py:153} INFO - Started process (PID=362) to work on /opt/airflow/dags/dag-1.py
[2023-02-17T08:58:34.739+0000] {processor.py:743} INFO - Processing file /opt/airflow/dags/dag-1.py for tasks to queue
[2023-02-17T08:58:34.794+0000] {logging_mixin.py:137} INFO - [2023-02-17T08:58:34.793+0000] {dagbag.py:538} INFO - Filling up the DagBag from /opt/airflow/dags/dag-1.py
[2023-02-17T08:58:35.877+0000] {processor.py:753} INFO - DAG(s) dict_keys(['first_dag_v3.3']) retrieved from /opt/airflow/dags/dag-1.py
[2023-02-17T08:58:37.142+0000] {logging_mixin.py:137} INFO - [2023-02-17T08:58:37.129+0000] {dag.py:2690} INFO - Sync 1 DAGs
[2023-02-17T08:58:38.024+0000] {logging_mixin.py:137} INFO - [2023-02-17T08:58:38.013+0000] {dag.py:3441} INFO - Setting next_dagrun for first_dag_v3.3 to 2023-02-16T00:00:00+00:00, run_after=2023-02-17T00:00:00+00:00
[2023-02-17T08:58:38.192+0000] {processor.py:175} INFO - Processing /opt/airflow/dags/dag-1.py took 3.623 seconds
[2023-02-17T08:59:10.144+0000] {processor.py:153} INFO - Started process (PID=427) to work on /opt/airflow/dags/dag-1.py
[2023-02-17T08:59:10.219+0000] {processor.py:743} INFO - Processing file /opt/airflow/dags/dag-1.py for tasks to queue
[2023-02-17T08:59:10.260+0000] {logging_mixin.py:137} INFO - [2023-02-17T08:59:10.258+0000] {dagbag.py:538} INFO - Filling up the DagBag from /opt/airflow/dags/dag-1.py
[2023-02-17T08:59:10.720+0000] {processor.py:753} INFO - DAG(s) dict_keys(['first_dag_v3.3']) retrieved from /opt/airflow/dags/dag-1.py
[2023-02-17T08:59:11.470+0000] {logging_mixin.py:137} INFO - [2023-02-17T08:59:11.470+0000] {dag.py:2690} INFO - Sync 1 DAGs
[2023-02-17T08:59:11.853+0000] {logging_mixin.py:137} INFO - [2023-02-17T08:59:11.853+0000] {dag.py:3441} INFO - Setting next_dagrun for first_dag_v3.3 to 2023-02-16T00:00:00+00:00, run_after=2023-02-17T00:00:00+00:00
[2023-02-17T08:59:11.966+0000] {processor.py:175} INFO - Processing /opt/airflow/dags/dag-1.py took 2.018 seconds
[2023-02-17T08:59:42.372+0000] {processor.py:153} INFO - Started process (PID=484) to work on /opt/airflow/dags/dag-1.py
[2023-02-17T08:59:42.375+0000] {processor.py:743} INFO - Processing file /opt/airflow/dags/dag-1.py for tasks to queue
[2023-02-17T08:59:42.378+0000] {logging_mixin.py:137} INFO - [2023-02-17T08:59:42.378+0000] {dagbag.py:538} INFO - Filling up the DagBag from /opt/airflow/dags/dag-1.py
[2023-02-17T08:59:42.412+0000] {processor.py:753} INFO - DAG(s) dict_keys(['first_dag_v3.3']) retrieved from /opt/airflow/dags/dag-1.py
[2023-02-17T08:59:42.454+0000] {logging_mixin.py:137} INFO - [2023-02-17T08:59:42.454+0000] {dag.py:2690} INFO - Sync 1 DAGs
[2023-02-17T08:59:42.487+0000] {logging_mixin.py:137} INFO - [2023-02-17T08:59:42.487+0000] {dag.py:3441} INFO - Setting next_dagrun for first_dag_v3.3 to 2023-02-16T00:00:00+00:00, run_after=2023-02-17T00:00:00+00:00
[2023-02-17T08:59:42.503+0000] {processor.py:175} INFO - Processing /opt/airflow/dags/dag-1.py took 0.136 seconds
[2023-02-17T09:00:13.274+0000] {processor.py:153} INFO - Started process (PID=548) to work on /opt/airflow/dags/dag-1.py
[2023-02-17T09:00:13.279+0000] {processor.py:743} INFO - Processing file /opt/airflow/dags/dag-1.py for tasks to queue
[2023-02-17T09:00:13.282+0000] {logging_mixin.py:137} INFO - [2023-02-17T09:00:13.281+0000] {dagbag.py:538} INFO - Filling up the DagBag from /opt/airflow/dags/dag-1.py
[2023-02-17T09:00:13.431+0000] {processor.py:753} INFO - DAG(s) dict_keys(['first_dag_v3.3']) retrieved from /opt/airflow/dags/dag-1.py
[2023-02-17T09:00:13.716+0000] {logging_mixin.py:137} INFO - [2023-02-17T09:00:13.716+0000] {dag.py:2690} INFO - Sync 1 DAGs
[2023-02-17T09:00:13.825+0000] {logging_mixin.py:137} INFO - [2023-02-17T09:00:13.825+0000] {dag.py:3441} INFO - Setting next_dagrun for first_dag_v3.3 to 2023-02-16T00:00:00+00:00, run_after=2023-02-17T00:00:00+00:00
[2023-02-17T09:00:13.880+0000] {processor.py:175} INFO - Processing /opt/airflow/dags/dag-1.py took 0.638 seconds
[2023-02-17T09:00:44.203+0000] {processor.py:153} INFO - Started process (PID=625) to work on /opt/airflow/dags/dag-1.py
[2023-02-17T09:00:44.206+0000] {processor.py:743} INFO - Processing file /opt/airflow/dags/dag-1.py for tasks to queue
[2023-02-17T09:00:44.208+0000] {logging_mixin.py:137} INFO - [2023-02-17T09:00:44.208+0000] {dagbag.py:538} INFO - Filling up the DagBag from /opt/airflow/dags/dag-1.py
[2023-02-17T09:00:44.270+0000] {processor.py:753} INFO - DAG(s) dict_keys(['first_dag_v3.3']) retrieved from /opt/airflow/dags/dag-1.py
[2023-02-17T09:00:44.317+0000] {logging_mixin.py:137} INFO - [2023-02-17T09:00:44.317+0000] {dag.py:2690} INFO - Sync 1 DAGs
[2023-02-17T09:00:44.345+0000] {logging_mixin.py:137} INFO - [2023-02-17T09:00:44.345+0000] {dag.py:3441} INFO - Setting next_dagrun for first_dag_v3.3 to 2023-02-16T00:00:00+00:00, run_after=2023-02-17T00:00:00+00:00
[2023-02-17T09:00:44.360+0000] {processor.py:175} INFO - Processing /opt/airflow/dags/dag-1.py took 0.163 seconds
[2023-02-17T09:01:14.693+0000] {processor.py:153} INFO - Started process (PID=690) to work on /opt/airflow/dags/dag-1.py
[2023-02-17T09:01:14.701+0000] {processor.py:743} INFO - Processing file /opt/airflow/dags/dag-1.py for tasks to queue
[2023-02-17T09:01:14.705+0000] {logging_mixin.py:137} INFO - [2023-02-17T09:01:14.704+0000] {dagbag.py:538} INFO - Filling up the DagBag from /opt/airflow/dags/dag-1.py
[2023-02-17T09:01:14.749+0000] {processor.py:753} INFO - DAG(s) dict_keys(['first_dag_v3.3']) retrieved from /opt/airflow/dags/dag-1.py
[2023-02-17T09:01:14.809+0000] {logging_mixin.py:137} INFO - [2023-02-17T09:01:14.809+0000] {dag.py:2690} INFO - Sync 1 DAGs
[2023-02-17T09:01:14.852+0000] {logging_mixin.py:137} INFO - [2023-02-17T09:01:14.852+0000] {dag.py:3441} INFO - Setting next_dagrun for first_dag_v3.3 to 2023-02-16T00:00:00+00:00, run_after=2023-02-17T00:00:00+00:00
[2023-02-17T09:01:14.873+0000] {processor.py:175} INFO - Processing /opt/airflow/dags/dag-1.py took 0.193 seconds
[2023-02-17T09:01:45.273+0000] {processor.py:153} INFO - Started process (PID=755) to work on /opt/airflow/dags/dag-1.py
[2023-02-17T09:01:45.275+0000] {processor.py:743} INFO - Processing file /opt/airflow/dags/dag-1.py for tasks to queue
[2023-02-17T09:01:45.276+0000] {logging_mixin.py:137} INFO - [2023-02-17T09:01:45.276+0000] {dagbag.py:538} INFO - Filling up the DagBag from /opt/airflow/dags/dag-1.py
[2023-02-17T09:01:45.309+0000] {processor.py:753} INFO - DAG(s) dict_keys(['first_dag_v3.3']) retrieved from /opt/airflow/dags/dag-1.py
[2023-02-17T09:01:45.337+0000] {logging_mixin.py:137} INFO - [2023-02-17T09:01:45.337+0000] {dag.py:2690} INFO - Sync 1 DAGs
[2023-02-17T09:01:45.366+0000] {logging_mixin.py:137} INFO - [2023-02-17T09:01:45.365+0000] {dag.py:3441} INFO - Setting next_dagrun for first_dag_v3.3 to 2023-02-16T00:00:00+00:00, run_after=2023-02-17T00:00:00+00:00
[2023-02-17T09:01:45.382+0000] {processor.py:175} INFO - Processing /opt/airflow/dags/dag-1.py took 0.114 seconds
[2023-02-17T09:02:15.483+0000] {processor.py:153} INFO - Started process (PID=826) to work on /opt/airflow/dags/dag-1.py
[2023-02-17T09:02:15.486+0000] {processor.py:743} INFO - Processing file /opt/airflow/dags/dag-1.py for tasks to queue
[2023-02-17T09:02:15.487+0000] {logging_mixin.py:137} INFO - [2023-02-17T09:02:15.487+0000] {dagbag.py:538} INFO - Filling up the DagBag from /opt/airflow/dags/dag-1.py
[2023-02-17T09:02:15.524+0000] {processor.py:753} INFO - DAG(s) dict_keys(['first_dag_v3.3']) retrieved from /opt/airflow/dags/dag-1.py
[2023-02-17T09:02:15.590+0000] {logging_mixin.py:137} INFO - [2023-02-17T09:02:15.589+0000] {dag.py:2690} INFO - Sync 1 DAGs
[2023-02-17T09:02:15.659+0000] {logging_mixin.py:137} INFO - [2023-02-17T09:02:15.658+0000] {dag.py:3441} INFO - Setting next_dagrun for first_dag_v3.3 to 2023-02-16T00:00:00+00:00, run_after=2023-02-17T00:00:00+00:00
[2023-02-17T09:02:15.695+0000] {processor.py:175} INFO - Processing /opt/airflow/dags/dag-1.py took 0.220 seconds
[2023-02-17T09:02:46.233+0000] {processor.py:153} INFO - Started process (PID=896) to work on /opt/airflow/dags/dag-1.py
[2023-02-17T09:02:46.234+0000] {processor.py:743} INFO - Processing file /opt/airflow/dags/dag-1.py for tasks to queue
[2023-02-17T09:02:46.235+0000] {logging_mixin.py:137} INFO - [2023-02-17T09:02:46.235+0000] {dagbag.py:538} INFO - Filling up the DagBag from /opt/airflow/dags/dag-1.py
[2023-02-17T09:02:46.252+0000] {processor.py:753} INFO - DAG(s) dict_keys(['first_dag_v3.3']) retrieved from /opt/airflow/dags/dag-1.py
[2023-02-17T09:02:46.295+0000] {logging_mixin.py:137} INFO - [2023-02-17T09:02:46.295+0000] {dag.py:2690} INFO - Sync 1 DAGs
[2023-02-17T09:02:46.344+0000] {logging_mixin.py:137} INFO - [2023-02-17T09:02:46.343+0000] {dag.py:3441} INFO - Setting next_dagrun for first_dag_v3.3 to 2023-02-16T00:00:00+00:00, run_after=2023-02-17T00:00:00+00:00
[2023-02-17T09:02:46.395+0000] {processor.py:175} INFO - Processing /opt/airflow/dags/dag-1.py took 0.165 seconds
[2023-02-17T09:03:21.879+0000] {processor.py:153} INFO - Started process (PID=961) to work on /opt/airflow/dags/dag-1.py
