[2023-02-17T00:16:35.873+0000] {processor.py:153} INFO - Started process (PID=14310) to work on /opt/airflow/dags/dag_branching_2.py
[2023-02-17T00:16:35.897+0000] {processor.py:743} INFO - Processing file /opt/airflow/dags/dag_branching_2.py for tasks to queue
[2023-02-17T00:16:35.901+0000] {logging_mixin.py:137} INFO - [2023-02-17T00:16:35.901+0000] {dagbag.py:538} INFO - Filling up the DagBag from /opt/airflow/dags/dag_branching_2.py
[2023-02-17T00:16:36.857+0000] {processor.py:753} INFO - DAG(s) dict_keys(['dag_branching_v02']) retrieved from /opt/airflow/dags/dag_branching_2.py
[2023-02-17T00:16:37.055+0000] {logging_mixin.py:137} INFO - [2023-02-17T00:16:37.054+0000] {dag.py:2690} INFO - Sync 1 DAGs
[2023-02-17T00:16:37.135+0000] {logging_mixin.py:137} INFO - [2023-02-17T00:16:37.135+0000] {dag.py:3441} INFO - Setting next_dagrun for dag_branching_v02 to 2023-02-16T00:00:00+00:00, run_after=2023-02-17T00:00:00+00:00
[2023-02-17T00:16:37.174+0000] {processor.py:175} INFO - Processing /opt/airflow/dags/dag_branching_2.py took 1.321 seconds
[2023-02-17T01:22:25.867+0000] {processor.py:153} INFO - Started process (PID=14375) to work on /opt/airflow/dags/dag_branching_2.py
[2023-02-17T01:22:25.869+0000] {processor.py:743} INFO - Processing file /opt/airflow/dags/dag_branching_2.py for tasks to queue
[2023-02-17T01:22:25.871+0000] {logging_mixin.py:137} INFO - [2023-02-17T01:22:25.871+0000] {dagbag.py:538} INFO - Filling up the DagBag from /opt/airflow/dags/dag_branching_2.py
[2023-02-17T01:22:25.896+0000] {processor.py:753} INFO - DAG(s) dict_keys(['dag_branching_v02']) retrieved from /opt/airflow/dags/dag_branching_2.py
[2023-02-17T01:22:25.927+0000] {logging_mixin.py:137} INFO - [2023-02-17T01:22:25.927+0000] {dag.py:2690} INFO - Sync 1 DAGs
[2023-02-17T01:22:25.948+0000] {logging_mixin.py:137} INFO - [2023-02-17T01:22:25.948+0000] {dag.py:3441} INFO - Setting next_dagrun for dag_branching_v02 to 2023-02-16T00:00:00+00:00, run_after=2023-02-17T00:00:00+00:00
[2023-02-17T01:22:25.962+0000] {processor.py:175} INFO - Processing /opt/airflow/dags/dag_branching_2.py took 0.100 seconds
[2023-02-17T02:28:37.046+0000] {processor.py:153} INFO - Started process (PID=14439) to work on /opt/airflow/dags/dag_branching_2.py
[2023-02-17T02:28:37.049+0000] {processor.py:743} INFO - Processing file /opt/airflow/dags/dag_branching_2.py for tasks to queue
[2023-02-17T02:28:37.049+0000] {logging_mixin.py:137} INFO - [2023-02-17T02:28:37.049+0000] {dagbag.py:538} INFO - Filling up the DagBag from /opt/airflow/dags/dag_branching_2.py
[2023-02-17T02:28:37.083+0000] {processor.py:753} INFO - DAG(s) dict_keys(['dag_branching_v02']) retrieved from /opt/airflow/dags/dag_branching_2.py
[2023-02-17T02:28:37.112+0000] {logging_mixin.py:137} INFO - [2023-02-17T02:28:37.112+0000] {dag.py:2690} INFO - Sync 1 DAGs
[2023-02-17T02:28:37.145+0000] {logging_mixin.py:137} INFO - [2023-02-17T02:28:37.145+0000] {dag.py:3441} INFO - Setting next_dagrun for dag_branching_v02 to 2023-02-16T00:00:00+00:00, run_after=2023-02-17T00:00:00+00:00
[2023-02-17T02:28:37.160+0000] {processor.py:175} INFO - Processing /opt/airflow/dags/dag_branching_2.py took 0.119 seconds
[2023-02-17T03:33:43.349+0000] {processor.py:153} INFO - Started process (PID=14518) to work on /opt/airflow/dags/dag_branching_2.py
[2023-02-17T03:33:43.350+0000] {processor.py:743} INFO - Processing file /opt/airflow/dags/dag_branching_2.py for tasks to queue
[2023-02-17T03:33:43.351+0000] {logging_mixin.py:137} INFO - [2023-02-17T03:33:43.351+0000] {dagbag.py:538} INFO - Filling up the DagBag from /opt/airflow/dags/dag_branching_2.py
[2023-02-17T03:33:43.370+0000] {processor.py:753} INFO - DAG(s) dict_keys(['dag_branching_v02']) retrieved from /opt/airflow/dags/dag_branching_2.py
[2023-02-17T03:33:43.400+0000] {logging_mixin.py:137} INFO - [2023-02-17T03:33:43.400+0000] {dag.py:2690} INFO - Sync 1 DAGs
[2023-02-17T03:33:43.422+0000] {logging_mixin.py:137} INFO - [2023-02-17T03:33:43.422+0000] {dag.py:3441} INFO - Setting next_dagrun for dag_branching_v02 to 2023-02-16T00:00:00+00:00, run_after=2023-02-17T00:00:00+00:00
[2023-02-17T03:33:43.435+0000] {processor.py:175} INFO - Processing /opt/airflow/dags/dag_branching_2.py took 0.090 seconds
[2023-02-17T04:44:32.819+0000] {processor.py:153} INFO - Started process (PID=14583) to work on /opt/airflow/dags/dag_branching_2.py
[2023-02-17T04:44:32.821+0000] {processor.py:743} INFO - Processing file /opt/airflow/dags/dag_branching_2.py for tasks to queue
[2023-02-17T04:44:32.822+0000] {logging_mixin.py:137} INFO - [2023-02-17T04:44:32.822+0000] {dagbag.py:538} INFO - Filling up the DagBag from /opt/airflow/dags/dag_branching_2.py
[2023-02-17T04:44:32.865+0000] {processor.py:753} INFO - DAG(s) dict_keys(['dag_branching_v02']) retrieved from /opt/airflow/dags/dag_branching_2.py
[2023-02-17T04:44:33.108+0000] {logging_mixin.py:137} INFO - [2023-02-17T04:44:33.105+0000] {dag.py:2690} INFO - Sync 1 DAGs
[2023-02-17T04:44:33.190+0000] {logging_mixin.py:137} INFO - [2023-02-17T04:44:33.190+0000] {dag.py:3441} INFO - Setting next_dagrun for dag_branching_v02 to 2023-02-16T00:00:00+00:00, run_after=2023-02-17T00:00:00+00:00
[2023-02-17T04:44:33.256+0000] {processor.py:175} INFO - Processing /opt/airflow/dags/dag_branching_2.py took 0.440 seconds
[2023-02-17T05:53:19.118+0000] {processor.py:153} INFO - Started process (PID=14648) to work on /opt/airflow/dags/dag_branching_2.py
[2023-02-17T05:53:19.120+0000] {processor.py:743} INFO - Processing file /opt/airflow/dags/dag_branching_2.py for tasks to queue
[2023-02-17T05:53:19.121+0000] {logging_mixin.py:137} INFO - [2023-02-17T05:53:19.121+0000] {dagbag.py:538} INFO - Filling up the DagBag from /opt/airflow/dags/dag_branching_2.py
[2023-02-17T05:53:19.146+0000] {processor.py:753} INFO - DAG(s) dict_keys(['dag_branching_v02']) retrieved from /opt/airflow/dags/dag_branching_2.py
[2023-02-17T05:53:19.295+0000] {logging_mixin.py:137} INFO - [2023-02-17T05:53:19.295+0000] {dag.py:2690} INFO - Sync 1 DAGs
[2023-02-17T05:53:19.380+0000] {logging_mixin.py:137} INFO - [2023-02-17T05:53:19.380+0000] {dag.py:3441} INFO - Setting next_dagrun for dag_branching_v02 to 2023-02-16T00:00:00+00:00, run_after=2023-02-17T00:00:00+00:00
[2023-02-17T05:53:19.425+0000] {processor.py:175} INFO - Processing /opt/airflow/dags/dag_branching_2.py took 0.311 seconds
[2023-02-17T07:01:12.514+0000] {processor.py:153} INFO - Started process (PID=14724) to work on /opt/airflow/dags/dag_branching_2.py
[2023-02-17T07:01:12.516+0000] {processor.py:743} INFO - Processing file /opt/airflow/dags/dag_branching_2.py for tasks to queue
[2023-02-17T07:01:12.517+0000] {logging_mixin.py:137} INFO - [2023-02-17T07:01:12.517+0000] {dagbag.py:538} INFO - Filling up the DagBag from /opt/airflow/dags/dag_branching_2.py
[2023-02-17T07:01:12.534+0000] {processor.py:753} INFO - DAG(s) dict_keys(['dag_branching_v02']) retrieved from /opt/airflow/dags/dag_branching_2.py
[2023-02-17T07:01:12.573+0000] {logging_mixin.py:137} INFO - [2023-02-17T07:01:12.573+0000] {dag.py:2690} INFO - Sync 1 DAGs
[2023-02-17T07:01:12.596+0000] {logging_mixin.py:137} INFO - [2023-02-17T07:01:12.596+0000] {dag.py:3441} INFO - Setting next_dagrun for dag_branching_v02 to 2023-02-16T00:00:00+00:00, run_after=2023-02-17T00:00:00+00:00
[2023-02-17T07:01:12.609+0000] {processor.py:175} INFO - Processing /opt/airflow/dags/dag_branching_2.py took 0.098 seconds
[2023-02-17T07:15:08.765+0000] {processor.py:153} INFO - Started process (PID=14791) to work on /opt/airflow/dags/dag_branching_2.py
[2023-02-17T07:15:08.767+0000] {processor.py:743} INFO - Processing file /opt/airflow/dags/dag_branching_2.py for tasks to queue
[2023-02-17T07:15:08.769+0000] {logging_mixin.py:137} INFO - [2023-02-17T07:15:08.769+0000] {dagbag.py:538} INFO - Filling up the DagBag from /opt/airflow/dags/dag_branching_2.py
[2023-02-17T07:15:08.820+0000] {processor.py:753} INFO - DAG(s) dict_keys(['dag_branching_v02']) retrieved from /opt/airflow/dags/dag_branching_2.py
[2023-02-17T07:15:08.857+0000] {logging_mixin.py:137} INFO - [2023-02-17T07:15:08.857+0000] {dag.py:2690} INFO - Sync 1 DAGs
[2023-02-17T07:15:08.903+0000] {logging_mixin.py:137} INFO - [2023-02-17T07:15:08.903+0000] {dag.py:3441} INFO - Setting next_dagrun for dag_branching_v02 to 2023-02-16T00:00:00+00:00, run_after=2023-02-17T00:00:00+00:00
[2023-02-17T07:15:08.961+0000] {processor.py:175} INFO - Processing /opt/airflow/dags/dag_branching_2.py took 0.206 seconds
[2023-02-17T07:15:39.041+0000] {processor.py:153} INFO - Started process (PID=14862) to work on /opt/airflow/dags/dag_branching_2.py
[2023-02-17T07:15:39.042+0000] {processor.py:743} INFO - Processing file /opt/airflow/dags/dag_branching_2.py for tasks to queue
[2023-02-17T07:15:39.044+0000] {logging_mixin.py:137} INFO - [2023-02-17T07:15:39.043+0000] {dagbag.py:538} INFO - Filling up the DagBag from /opt/airflow/dags/dag_branching_2.py
[2023-02-17T07:15:39.079+0000] {processor.py:753} INFO - DAG(s) dict_keys(['dag_branching_v02']) retrieved from /opt/airflow/dags/dag_branching_2.py
[2023-02-17T07:15:39.120+0000] {logging_mixin.py:137} INFO - [2023-02-17T07:15:39.120+0000] {dag.py:2690} INFO - Sync 1 DAGs
[2023-02-17T07:15:39.150+0000] {logging_mixin.py:137} INFO - [2023-02-17T07:15:39.150+0000] {dag.py:3441} INFO - Setting next_dagrun for dag_branching_v02 to 2023-02-16T00:00:00+00:00, run_after=2023-02-17T00:00:00+00:00
[2023-02-17T07:15:39.165+0000] {processor.py:175} INFO - Processing /opt/airflow/dags/dag_branching_2.py took 0.130 seconds
[2023-02-17T07:16:09.427+0000] {processor.py:153} INFO - Started process (PID=14924) to work on /opt/airflow/dags/dag_branching_2.py
[2023-02-17T07:16:09.429+0000] {processor.py:743} INFO - Processing file /opt/airflow/dags/dag_branching_2.py for tasks to queue
[2023-02-17T07:16:09.430+0000] {logging_mixin.py:137} INFO - [2023-02-17T07:16:09.430+0000] {dagbag.py:538} INFO - Filling up the DagBag from /opt/airflow/dags/dag_branching_2.py
[2023-02-17T07:16:09.476+0000] {processor.py:753} INFO - DAG(s) dict_keys(['dag_branching_v02']) retrieved from /opt/airflow/dags/dag_branching_2.py
[2023-02-17T07:16:09.514+0000] {logging_mixin.py:137} INFO - [2023-02-17T07:16:09.514+0000] {dag.py:2690} INFO - Sync 1 DAGs
[2023-02-17T07:16:09.559+0000] {logging_mixin.py:137} INFO - [2023-02-17T07:16:09.559+0000] {dag.py:3441} INFO - Setting next_dagrun for dag_branching_v02 to 2023-02-16T00:00:00+00:00, run_after=2023-02-17T00:00:00+00:00
[2023-02-17T07:16:09.576+0000] {processor.py:175} INFO - Processing /opt/airflow/dags/dag_branching_2.py took 0.155 seconds
[2023-02-17T07:16:40.795+0000] {processor.py:153} INFO - Started process (PID=15009) to work on /opt/airflow/dags/dag_branching_2.py
[2023-02-17T07:16:40.799+0000] {processor.py:743} INFO - Processing file /opt/airflow/dags/dag_branching_2.py for tasks to queue
[2023-02-17T07:16:40.802+0000] {logging_mixin.py:137} INFO - [2023-02-17T07:16:40.801+0000] {dagbag.py:538} INFO - Filling up the DagBag from /opt/airflow/dags/dag_branching_2.py
[2023-02-17T07:16:40.889+0000] {processor.py:753} INFO - DAG(s) dict_keys(['dag_branching_v02']) retrieved from /opt/airflow/dags/dag_branching_2.py
[2023-02-17T07:16:41.047+0000] {logging_mixin.py:137} INFO - [2023-02-17T07:16:41.047+0000] {dag.py:2690} INFO - Sync 1 DAGs
[2023-02-17T07:16:41.139+0000] {logging_mixin.py:137} INFO - [2023-02-17T07:16:41.139+0000] {dag.py:3441} INFO - Setting next_dagrun for dag_branching_v02 to 2023-02-16T00:00:00+00:00, run_after=2023-02-17T00:00:00+00:00
[2023-02-17T07:16:41.211+0000] {processor.py:175} INFO - Processing /opt/airflow/dags/dag_branching_2.py took 0.430 seconds
[2023-02-17T07:17:11.724+0000] {processor.py:153} INFO - Started process (PID=15074) to work on /opt/airflow/dags/dag_branching_2.py
[2023-02-17T07:17:11.725+0000] {processor.py:743} INFO - Processing file /opt/airflow/dags/dag_branching_2.py for tasks to queue
[2023-02-17T07:17:11.726+0000] {logging_mixin.py:137} INFO - [2023-02-17T07:17:11.726+0000] {dagbag.py:538} INFO - Filling up the DagBag from /opt/airflow/dags/dag_branching_2.py
[2023-02-17T07:17:11.743+0000] {processor.py:753} INFO - DAG(s) dict_keys(['dag_branching_v02']) retrieved from /opt/airflow/dags/dag_branching_2.py
[2023-02-17T07:17:11.778+0000] {logging_mixin.py:137} INFO - [2023-02-17T07:17:11.778+0000] {dag.py:2690} INFO - Sync 1 DAGs
[2023-02-17T07:17:11.807+0000] {logging_mixin.py:137} INFO - [2023-02-17T07:17:11.807+0000] {dag.py:3441} INFO - Setting next_dagrun for dag_branching_v02 to 2023-02-16T00:00:00+00:00, run_after=2023-02-17T00:00:00+00:00
[2023-02-17T07:17:11.823+0000] {processor.py:175} INFO - Processing /opt/airflow/dags/dag_branching_2.py took 0.102 seconds
[2023-02-17T07:17:43.038+0000] {processor.py:153} INFO - Started process (PID=15152) to work on /opt/airflow/dags/dag_branching_2.py
[2023-02-17T07:17:43.041+0000] {processor.py:743} INFO - Processing file /opt/airflow/dags/dag_branching_2.py for tasks to queue
[2023-02-17T07:17:43.042+0000] {logging_mixin.py:137} INFO - [2023-02-17T07:17:43.042+0000] {dagbag.py:538} INFO - Filling up the DagBag from /opt/airflow/dags/dag_branching_2.py
[2023-02-17T07:17:43.070+0000] {processor.py:753} INFO - DAG(s) dict_keys(['dag_branching_v02']) retrieved from /opt/airflow/dags/dag_branching_2.py
[2023-02-17T07:17:43.119+0000] {logging_mixin.py:137} INFO - [2023-02-17T07:17:43.119+0000] {dag.py:2690} INFO - Sync 1 DAGs
[2023-02-17T07:17:43.154+0000] {logging_mixin.py:137} INFO - [2023-02-17T07:17:43.153+0000] {dag.py:3441} INFO - Setting next_dagrun for dag_branching_v02 to 2023-02-16T00:00:00+00:00, run_after=2023-02-17T00:00:00+00:00
[2023-02-17T07:17:43.185+0000] {processor.py:175} INFO - Processing /opt/airflow/dags/dag_branching_2.py took 0.153 seconds
[2023-02-17T07:18:13.331+0000] {processor.py:153} INFO - Started process (PID=15210) to work on /opt/airflow/dags/dag_branching_2.py
[2023-02-17T07:18:13.334+0000] {processor.py:743} INFO - Processing file /opt/airflow/dags/dag_branching_2.py for tasks to queue
[2023-02-17T07:18:13.335+0000] {logging_mixin.py:137} INFO - [2023-02-17T07:18:13.335+0000] {dagbag.py:538} INFO - Filling up the DagBag from /opt/airflow/dags/dag_branching_2.py
[2023-02-17T07:18:13.389+0000] {processor.py:753} INFO - DAG(s) dict_keys(['dag_branching_v02']) retrieved from /opt/airflow/dags/dag_branching_2.py
[2023-02-17T07:18:13.439+0000] {logging_mixin.py:137} INFO - [2023-02-17T07:18:13.439+0000] {dag.py:2690} INFO - Sync 1 DAGs
[2023-02-17T07:18:13.491+0000] {logging_mixin.py:137} INFO - [2023-02-17T07:18:13.491+0000] {dag.py:3441} INFO - Setting next_dagrun for dag_branching_v02 to 2023-02-16T00:00:00+00:00, run_after=2023-02-17T00:00:00+00:00
[2023-02-17T07:18:13.522+0000] {processor.py:175} INFO - Processing /opt/airflow/dags/dag_branching_2.py took 0.198 seconds
[2023-02-17T07:18:43.903+0000] {processor.py:153} INFO - Started process (PID=15289) to work on /opt/airflow/dags/dag_branching_2.py
[2023-02-17T07:18:43.906+0000] {processor.py:743} INFO - Processing file /opt/airflow/dags/dag_branching_2.py for tasks to queue
[2023-02-17T07:18:43.912+0000] {logging_mixin.py:137} INFO - [2023-02-17T07:18:43.911+0000] {dagbag.py:538} INFO - Filling up the DagBag from /opt/airflow/dags/dag_branching_2.py
[2023-02-17T07:18:43.976+0000] {processor.py:753} INFO - DAG(s) dict_keys(['dag_branching_v02']) retrieved from /opt/airflow/dags/dag_branching_2.py
[2023-02-17T07:18:44.054+0000] {logging_mixin.py:137} INFO - [2023-02-17T07:18:44.054+0000] {dag.py:2690} INFO - Sync 1 DAGs
[2023-02-17T07:18:44.102+0000] {logging_mixin.py:137} INFO - [2023-02-17T07:18:44.102+0000] {dag.py:3441} INFO - Setting next_dagrun for dag_branching_v02 to 2023-02-16T00:00:00+00:00, run_after=2023-02-17T00:00:00+00:00
[2023-02-17T07:18:44.126+0000] {processor.py:175} INFO - Processing /opt/airflow/dags/dag_branching_2.py took 0.231 seconds
[2023-02-17T07:19:14.562+0000] {processor.py:153} INFO - Started process (PID=15354) to work on /opt/airflow/dags/dag_branching_2.py
[2023-02-17T07:19:14.567+0000] {processor.py:743} INFO - Processing file /opt/airflow/dags/dag_branching_2.py for tasks to queue
[2023-02-17T07:19:14.569+0000] {logging_mixin.py:137} INFO - [2023-02-17T07:19:14.569+0000] {dagbag.py:538} INFO - Filling up the DagBag from /opt/airflow/dags/dag_branching_2.py
[2023-02-17T07:19:14.636+0000] {processor.py:753} INFO - DAG(s) dict_keys(['dag_branching_v02']) retrieved from /opt/airflow/dags/dag_branching_2.py
[2023-02-17T07:19:14.706+0000] {logging_mixin.py:137} INFO - [2023-02-17T07:19:14.706+0000] {dag.py:2690} INFO - Sync 1 DAGs
[2023-02-17T07:19:14.747+0000] {logging_mixin.py:137} INFO - [2023-02-17T07:19:14.747+0000] {dag.py:3441} INFO - Setting next_dagrun for dag_branching_v02 to 2023-02-16T00:00:00+00:00, run_after=2023-02-17T00:00:00+00:00
[2023-02-17T07:19:14.769+0000] {processor.py:175} INFO - Processing /opt/airflow/dags/dag_branching_2.py took 0.218 seconds
[2023-02-17T07:19:44.921+0000] {processor.py:153} INFO - Started process (PID=15418) to work on /opt/airflow/dags/dag_branching_2.py
[2023-02-17T07:19:44.923+0000] {processor.py:743} INFO - Processing file /opt/airflow/dags/dag_branching_2.py for tasks to queue
[2023-02-17T07:19:44.925+0000] {logging_mixin.py:137} INFO - [2023-02-17T07:19:44.924+0000] {dagbag.py:538} INFO - Filling up the DagBag from /opt/airflow/dags/dag_branching_2.py
[2023-02-17T07:19:44.988+0000] {processor.py:753} INFO - DAG(s) dict_keys(['dag_branching_v02']) retrieved from /opt/airflow/dags/dag_branching_2.py
[2023-02-17T07:19:45.060+0000] {logging_mixin.py:137} INFO - [2023-02-17T07:19:45.060+0000] {dag.py:2690} INFO - Sync 1 DAGs
[2023-02-17T07:19:45.101+0000] {logging_mixin.py:137} INFO - [2023-02-17T07:19:45.100+0000] {dag.py:3441} INFO - Setting next_dagrun for dag_branching_v02 to 2023-02-16T00:00:00+00:00, run_after=2023-02-17T00:00:00+00:00
[2023-02-17T07:19:45.132+0000] {processor.py:175} INFO - Processing /opt/airflow/dags/dag_branching_2.py took 0.215 seconds
[2023-02-17T07:20:15.524+0000] {processor.py:153} INFO - Started process (PID=15495) to work on /opt/airflow/dags/dag_branching_2.py
[2023-02-17T07:20:15.527+0000] {processor.py:743} INFO - Processing file /opt/airflow/dags/dag_branching_2.py for tasks to queue
[2023-02-17T07:20:15.528+0000] {logging_mixin.py:137} INFO - [2023-02-17T07:20:15.528+0000] {dagbag.py:538} INFO - Filling up the DagBag from /opt/airflow/dags/dag_branching_2.py
[2023-02-17T07:20:15.571+0000] {processor.py:753} INFO - DAG(s) dict_keys(['dag_branching_v02']) retrieved from /opt/airflow/dags/dag_branching_2.py
[2023-02-17T07:20:15.607+0000] {logging_mixin.py:137} INFO - [2023-02-17T07:20:15.607+0000] {dag.py:2690} INFO - Sync 1 DAGs
[2023-02-17T07:20:15.656+0000] {logging_mixin.py:137} INFO - [2023-02-17T07:20:15.656+0000] {dag.py:3441} INFO - Setting next_dagrun for dag_branching_v02 to 2023-02-16T00:00:00+00:00, run_after=2023-02-17T00:00:00+00:00
[2023-02-17T07:20:15.672+0000] {processor.py:175} INFO - Processing /opt/airflow/dags/dag_branching_2.py took 0.154 seconds
[2023-02-17T07:20:46.992+0000] {processor.py:153} INFO - Started process (PID=15577) to work on /opt/airflow/dags/dag_branching_2.py
[2023-02-17T07:20:46.993+0000] {processor.py:743} INFO - Processing file /opt/airflow/dags/dag_branching_2.py for tasks to queue
[2023-02-17T07:20:46.994+0000] {logging_mixin.py:137} INFO - [2023-02-17T07:20:46.994+0000] {dagbag.py:538} INFO - Filling up the DagBag from /opt/airflow/dags/dag_branching_2.py
[2023-02-17T07:20:47.018+0000] {processor.py:753} INFO - DAG(s) dict_keys(['dag_branching_v02']) retrieved from /opt/airflow/dags/dag_branching_2.py
[2023-02-17T07:20:47.060+0000] {logging_mixin.py:137} INFO - [2023-02-17T07:20:47.060+0000] {dag.py:2690} INFO - Sync 1 DAGs
[2023-02-17T07:20:47.088+0000] {logging_mixin.py:137} INFO - [2023-02-17T07:20:47.088+0000] {dag.py:3441} INFO - Setting next_dagrun for dag_branching_v02 to 2023-02-16T00:00:00+00:00, run_after=2023-02-17T00:00:00+00:00
[2023-02-17T07:20:47.124+0000] {processor.py:175} INFO - Processing /opt/airflow/dags/dag_branching_2.py took 0.136 seconds
[2023-02-17T07:21:17.445+0000] {processor.py:153} INFO - Started process (PID=15645) to work on /opt/airflow/dags/dag_branching_2.py
[2023-02-17T07:21:17.447+0000] {processor.py:743} INFO - Processing file /opt/airflow/dags/dag_branching_2.py for tasks to queue
[2023-02-17T07:21:17.448+0000] {logging_mixin.py:137} INFO - [2023-02-17T07:21:17.447+0000] {dagbag.py:538} INFO - Filling up the DagBag from /opt/airflow/dags/dag_branching_2.py
[2023-02-17T07:21:17.472+0000] {processor.py:753} INFO - DAG(s) dict_keys(['dag_branching_v02']) retrieved from /opt/airflow/dags/dag_branching_2.py
[2023-02-17T07:21:17.508+0000] {logging_mixin.py:137} INFO - [2023-02-17T07:21:17.508+0000] {dag.py:2690} INFO - Sync 1 DAGs
[2023-02-17T07:21:17.542+0000] {logging_mixin.py:137} INFO - [2023-02-17T07:21:17.542+0000] {dag.py:3441} INFO - Setting next_dagrun for dag_branching_v02 to 2023-02-16T00:00:00+00:00, run_after=2023-02-17T00:00:00+00:00
[2023-02-17T07:21:17.566+0000] {processor.py:175} INFO - Processing /opt/airflow/dags/dag_branching_2.py took 0.124 seconds
[2023-02-17T07:21:47.659+0000] {processor.py:153} INFO - Started process (PID=15703) to work on /opt/airflow/dags/dag_branching_2.py
[2023-02-17T07:21:47.662+0000] {processor.py:743} INFO - Processing file /opt/airflow/dags/dag_branching_2.py for tasks to queue
[2023-02-17T07:21:47.663+0000] {logging_mixin.py:137} INFO - [2023-02-17T07:21:47.663+0000] {dagbag.py:538} INFO - Filling up the DagBag from /opt/airflow/dags/dag_branching_2.py
[2023-02-17T07:21:47.696+0000] {processor.py:753} INFO - DAG(s) dict_keys(['dag_branching_v02']) retrieved from /opt/airflow/dags/dag_branching_2.py
[2023-02-17T07:21:47.801+0000] {logging_mixin.py:137} INFO - [2023-02-17T07:21:47.801+0000] {dag.py:2690} INFO - Sync 1 DAGs
[2023-02-17T07:21:47.853+0000] {logging_mixin.py:137} INFO - [2023-02-17T07:21:47.853+0000] {dag.py:3441} INFO - Setting next_dagrun for dag_branching_v02 to 2023-02-16T00:00:00+00:00, run_after=2023-02-17T00:00:00+00:00
[2023-02-17T07:21:47.881+0000] {processor.py:175} INFO - Processing /opt/airflow/dags/dag_branching_2.py took 0.231 seconds
[2023-02-17T07:22:18.351+0000] {processor.py:153} INFO - Started process (PID=15779) to work on /opt/airflow/dags/dag_branching_2.py
[2023-02-17T07:22:18.356+0000] {processor.py:743} INFO - Processing file /opt/airflow/dags/dag_branching_2.py for tasks to queue
[2023-02-17T07:22:18.357+0000] {logging_mixin.py:137} INFO - [2023-02-17T07:22:18.357+0000] {dagbag.py:538} INFO - Filling up the DagBag from /opt/airflow/dags/dag_branching_2.py
[2023-02-17T07:22:18.419+0000] {processor.py:753} INFO - DAG(s) dict_keys(['dag_branching_v02']) retrieved from /opt/airflow/dags/dag_branching_2.py
[2023-02-17T07:22:18.490+0000] {logging_mixin.py:137} INFO - [2023-02-17T07:22:18.490+0000] {dag.py:2690} INFO - Sync 1 DAGs
[2023-02-17T07:22:18.536+0000] {logging_mixin.py:137} INFO - [2023-02-17T07:22:18.536+0000] {dag.py:3441} INFO - Setting next_dagrun for dag_branching_v02 to 2023-02-16T00:00:00+00:00, run_after=2023-02-17T00:00:00+00:00
[2023-02-17T07:22:18.558+0000] {processor.py:175} INFO - Processing /opt/airflow/dags/dag_branching_2.py took 0.216 seconds
[2023-02-17T07:22:49.045+0000] {processor.py:153} INFO - Started process (PID=15844) to work on /opt/airflow/dags/dag_branching_2.py
[2023-02-17T07:22:49.050+0000] {processor.py:743} INFO - Processing file /opt/airflow/dags/dag_branching_2.py for tasks to queue
[2023-02-17T07:22:49.053+0000] {logging_mixin.py:137} INFO - [2023-02-17T07:22:49.053+0000] {dagbag.py:538} INFO - Filling up the DagBag from /opt/airflow/dags/dag_branching_2.py
[2023-02-17T07:22:49.108+0000] {processor.py:753} INFO - DAG(s) dict_keys(['dag_branching_v02']) retrieved from /opt/airflow/dags/dag_branching_2.py
[2023-02-17T07:22:49.158+0000] {logging_mixin.py:137} INFO - [2023-02-17T07:22:49.158+0000] {dag.py:2690} INFO - Sync 1 DAGs
[2023-02-17T07:22:49.202+0000] {logging_mixin.py:137} INFO - [2023-02-17T07:22:49.202+0000] {dag.py:3441} INFO - Setting next_dagrun for dag_branching_v02 to 2023-02-16T00:00:00+00:00, run_after=2023-02-17T00:00:00+00:00
[2023-02-17T07:22:49.222+0000] {processor.py:175} INFO - Processing /opt/airflow/dags/dag_branching_2.py took 0.186 seconds
[2023-02-17T07:23:20.311+0000] {processor.py:153} INFO - Started process (PID=15927) to work on /opt/airflow/dags/dag_branching_2.py
[2023-02-17T07:23:20.312+0000] {processor.py:743} INFO - Processing file /opt/airflow/dags/dag_branching_2.py for tasks to queue
[2023-02-17T07:23:20.313+0000] {logging_mixin.py:137} INFO - [2023-02-17T07:23:20.313+0000] {dagbag.py:538} INFO - Filling up the DagBag from /opt/airflow/dags/dag_branching_2.py
[2023-02-17T07:23:20.335+0000] {processor.py:753} INFO - DAG(s) dict_keys(['dag_branching_v02']) retrieved from /opt/airflow/dags/dag_branching_2.py
[2023-02-17T07:23:20.374+0000] {logging_mixin.py:137} INFO - [2023-02-17T07:23:20.374+0000] {dag.py:2690} INFO - Sync 1 DAGs
[2023-02-17T07:23:20.417+0000] {logging_mixin.py:137} INFO - [2023-02-17T07:23:20.417+0000] {dag.py:3441} INFO - Setting next_dagrun for dag_branching_v02 to 2023-02-16T00:00:00+00:00, run_after=2023-02-17T00:00:00+00:00
[2023-02-17T07:23:20.430+0000] {processor.py:175} INFO - Processing /opt/airflow/dags/dag_branching_2.py took 0.122 seconds
[2023-02-17T07:23:50.540+0000] {processor.py:153} INFO - Started process (PID=15986) to work on /opt/airflow/dags/dag_branching_2.py
[2023-02-17T07:23:50.542+0000] {processor.py:743} INFO - Processing file /opt/airflow/dags/dag_branching_2.py for tasks to queue
[2023-02-17T07:23:50.543+0000] {logging_mixin.py:137} INFO - [2023-02-17T07:23:50.542+0000] {dagbag.py:538} INFO - Filling up the DagBag from /opt/airflow/dags/dag_branching_2.py
[2023-02-17T07:23:50.569+0000] {processor.py:753} INFO - DAG(s) dict_keys(['dag_branching_v02']) retrieved from /opt/airflow/dags/dag_branching_2.py
[2023-02-17T07:23:50.632+0000] {logging_mixin.py:137} INFO - [2023-02-17T07:23:50.631+0000] {dag.py:2690} INFO - Sync 1 DAGs
[2023-02-17T07:23:50.669+0000] {logging_mixin.py:137} INFO - [2023-02-17T07:23:50.669+0000] {dag.py:3441} INFO - Setting next_dagrun for dag_branching_v02 to 2023-02-16T00:00:00+00:00, run_after=2023-02-17T00:00:00+00:00
[2023-02-17T07:23:50.686+0000] {processor.py:175} INFO - Processing /opt/airflow/dags/dag_branching_2.py took 0.153 seconds
[2023-02-17T07:24:21.459+0000] {processor.py:153} INFO - Started process (PID=16069) to work on /opt/airflow/dags/dag_branching_2.py
[2023-02-17T07:24:21.461+0000] {processor.py:743} INFO - Processing file /opt/airflow/dags/dag_branching_2.py for tasks to queue
[2023-02-17T07:24:21.462+0000] {logging_mixin.py:137} INFO - [2023-02-17T07:24:21.462+0000] {dagbag.py:538} INFO - Filling up the DagBag from /opt/airflow/dags/dag_branching_2.py
[2023-02-17T07:24:21.487+0000] {processor.py:753} INFO - DAG(s) dict_keys(['dag_branching_v02']) retrieved from /opt/airflow/dags/dag_branching_2.py
[2023-02-17T07:24:21.535+0000] {logging_mixin.py:137} INFO - [2023-02-17T07:24:21.535+0000] {dag.py:2690} INFO - Sync 1 DAGs
[2023-02-17T07:24:21.556+0000] {logging_mixin.py:137} INFO - [2023-02-17T07:24:21.556+0000] {dag.py:3441} INFO - Setting next_dagrun for dag_branching_v02 to 2023-02-16T00:00:00+00:00, run_after=2023-02-17T00:00:00+00:00
[2023-02-17T07:24:21.568+0000] {processor.py:175} INFO - Processing /opt/airflow/dags/dag_branching_2.py took 0.112 seconds
[2023-02-17T07:24:51.732+0000] {processor.py:153} INFO - Started process (PID=16133) to work on /opt/airflow/dags/dag_branching_2.py
[2023-02-17T07:24:51.734+0000] {processor.py:743} INFO - Processing file /opt/airflow/dags/dag_branching_2.py for tasks to queue
[2023-02-17T07:24:51.734+0000] {logging_mixin.py:137} INFO - [2023-02-17T07:24:51.734+0000] {dagbag.py:538} INFO - Filling up the DagBag from /opt/airflow/dags/dag_branching_2.py
[2023-02-17T07:24:51.749+0000] {processor.py:753} INFO - DAG(s) dict_keys(['dag_branching_v02']) retrieved from /opt/airflow/dags/dag_branching_2.py
[2023-02-17T07:24:51.781+0000] {logging_mixin.py:137} INFO - [2023-02-17T07:24:51.781+0000] {dag.py:2690} INFO - Sync 1 DAGs
[2023-02-17T07:24:51.828+0000] {logging_mixin.py:137} INFO - [2023-02-17T07:24:51.827+0000] {dag.py:3441} INFO - Setting next_dagrun for dag_branching_v02 to 2023-02-16T00:00:00+00:00, run_after=2023-02-17T00:00:00+00:00
[2023-02-17T07:24:51.842+0000] {processor.py:175} INFO - Processing /opt/airflow/dags/dag_branching_2.py took 0.114 seconds
[2023-02-17T07:25:22.098+0000] {processor.py:153} INFO - Started process (PID=16205) to work on /opt/airflow/dags/dag_branching_2.py
[2023-02-17T07:25:22.104+0000] {processor.py:743} INFO - Processing file /opt/airflow/dags/dag_branching_2.py for tasks to queue
[2023-02-17T07:25:22.107+0000] {logging_mixin.py:137} INFO - [2023-02-17T07:25:22.107+0000] {dagbag.py:538} INFO - Filling up the DagBag from /opt/airflow/dags/dag_branching_2.py
[2023-02-17T07:25:22.155+0000] {processor.py:753} INFO - DAG(s) dict_keys(['dag_branching_v02']) retrieved from /opt/airflow/dags/dag_branching_2.py
[2023-02-17T07:25:22.204+0000] {logging_mixin.py:137} INFO - [2023-02-17T07:25:22.204+0000] {dag.py:2690} INFO - Sync 1 DAGs
[2023-02-17T07:25:22.237+0000] {logging_mixin.py:137} INFO - [2023-02-17T07:25:22.237+0000] {dag.py:3441} INFO - Setting next_dagrun for dag_branching_v02 to 2023-02-16T00:00:00+00:00, run_after=2023-02-17T00:00:00+00:00
[2023-02-17T07:25:22.257+0000] {processor.py:175} INFO - Processing /opt/airflow/dags/dag_branching_2.py took 0.173 seconds
[2023-02-17T07:25:52.418+0000] {processor.py:153} INFO - Started process (PID=16271) to work on /opt/airflow/dags/dag_branching_2.py
[2023-02-17T07:25:52.423+0000] {processor.py:743} INFO - Processing file /opt/airflow/dags/dag_branching_2.py for tasks to queue
[2023-02-17T07:25:52.425+0000] {logging_mixin.py:137} INFO - [2023-02-17T07:25:52.425+0000] {dagbag.py:538} INFO - Filling up the DagBag from /opt/airflow/dags/dag_branching_2.py
[2023-02-17T07:25:52.471+0000] {processor.py:753} INFO - DAG(s) dict_keys(['dag_branching_v02']) retrieved from /opt/airflow/dags/dag_branching_2.py
[2023-02-17T07:25:52.517+0000] {logging_mixin.py:137} INFO - [2023-02-17T07:25:52.516+0000] {dag.py:2690} INFO - Sync 1 DAGs
[2023-02-17T07:25:52.552+0000] {logging_mixin.py:137} INFO - [2023-02-17T07:25:52.552+0000] {dag.py:3441} INFO - Setting next_dagrun for dag_branching_v02 to 2023-02-16T00:00:00+00:00, run_after=2023-02-17T00:00:00+00:00
[2023-02-17T07:25:52.575+0000] {processor.py:175} INFO - Processing /opt/airflow/dags/dag_branching_2.py took 0.169 seconds
[2023-02-17T07:26:22.985+0000] {processor.py:153} INFO - Started process (PID=16347) to work on /opt/airflow/dags/dag_branching_2.py
[2023-02-17T07:26:22.989+0000] {processor.py:743} INFO - Processing file /opt/airflow/dags/dag_branching_2.py for tasks to queue
[2023-02-17T07:26:22.993+0000] {logging_mixin.py:137} INFO - [2023-02-17T07:26:22.992+0000] {dagbag.py:538} INFO - Filling up the DagBag from /opt/airflow/dags/dag_branching_2.py
[2023-02-17T07:26:23.046+0000] {processor.py:753} INFO - DAG(s) dict_keys(['dag_branching_v02']) retrieved from /opt/airflow/dags/dag_branching_2.py
[2023-02-17T07:26:23.099+0000] {logging_mixin.py:137} INFO - [2023-02-17T07:26:23.099+0000] {dag.py:2690} INFO - Sync 1 DAGs
[2023-02-17T07:26:23.130+0000] {logging_mixin.py:137} INFO - [2023-02-17T07:26:23.130+0000] {dag.py:3441} INFO - Setting next_dagrun for dag_branching_v02 to 2023-02-16T00:00:00+00:00, run_after=2023-02-17T00:00:00+00:00
[2023-02-17T07:26:23.150+0000] {processor.py:175} INFO - Processing /opt/airflow/dags/dag_branching_2.py took 0.189 seconds
[2023-02-17T07:26:54.445+0000] {processor.py:153} INFO - Started process (PID=16419) to work on /opt/airflow/dags/dag_branching_2.py
[2023-02-17T07:26:54.451+0000] {processor.py:743} INFO - Processing file /opt/airflow/dags/dag_branching_2.py for tasks to queue
[2023-02-17T07:26:54.452+0000] {logging_mixin.py:137} INFO - [2023-02-17T07:26:54.452+0000] {dagbag.py:538} INFO - Filling up the DagBag from /opt/airflow/dags/dag_branching_2.py
[2023-02-17T07:26:54.469+0000] {processor.py:753} INFO - DAG(s) dict_keys(['dag_branching_v02']) retrieved from /opt/airflow/dags/dag_branching_2.py
[2023-02-17T07:26:54.499+0000] {logging_mixin.py:137} INFO - [2023-02-17T07:26:54.499+0000] {dag.py:2690} INFO - Sync 1 DAGs
[2023-02-17T07:26:54.531+0000] {logging_mixin.py:137} INFO - [2023-02-17T07:26:54.530+0000] {dag.py:3441} INFO - Setting next_dagrun for dag_branching_v02 to 2023-02-16T00:00:00+00:00, run_after=2023-02-17T00:00:00+00:00
[2023-02-17T07:26:54.547+0000] {processor.py:175} INFO - Processing /opt/airflow/dags/dag_branching_2.py took 0.107 seconds
[2023-02-17T07:27:24.602+0000] {processor.py:153} INFO - Started process (PID=16490) to work on /opt/airflow/dags/dag_branching_2.py
[2023-02-17T07:27:24.604+0000] {processor.py:743} INFO - Processing file /opt/airflow/dags/dag_branching_2.py for tasks to queue
[2023-02-17T07:27:24.605+0000] {logging_mixin.py:137} INFO - [2023-02-17T07:27:24.605+0000] {dagbag.py:538} INFO - Filling up the DagBag from /opt/airflow/dags/dag_branching_2.py
[2023-02-17T07:27:24.640+0000] {processor.py:753} INFO - DAG(s) dict_keys(['dag_branching_v02']) retrieved from /opt/airflow/dags/dag_branching_2.py
[2023-02-17T07:27:24.686+0000] {logging_mixin.py:137} INFO - [2023-02-17T07:27:24.686+0000] {dag.py:2690} INFO - Sync 1 DAGs
[2023-02-17T07:27:24.725+0000] {logging_mixin.py:137} INFO - [2023-02-17T07:27:24.725+0000] {dag.py:3441} INFO - Setting next_dagrun for dag_branching_v02 to 2023-02-16T00:00:00+00:00, run_after=2023-02-17T00:00:00+00:00
[2023-02-17T07:27:24.752+0000] {processor.py:175} INFO - Processing /opt/airflow/dags/dag_branching_2.py took 0.164 seconds
[2023-02-17T07:27:55.218+0000] {processor.py:153} INFO - Started process (PID=16554) to work on /opt/airflow/dags/dag_branching_2.py
[2023-02-17T07:27:55.222+0000] {processor.py:743} INFO - Processing file /opt/airflow/dags/dag_branching_2.py for tasks to queue
[2023-02-17T07:27:55.225+0000] {logging_mixin.py:137} INFO - [2023-02-17T07:27:55.224+0000] {dagbag.py:538} INFO - Filling up the DagBag from /opt/airflow/dags/dag_branching_2.py
[2023-02-17T07:27:55.278+0000] {processor.py:753} INFO - DAG(s) dict_keys(['dag_branching_v02']) retrieved from /opt/airflow/dags/dag_branching_2.py
[2023-02-17T07:27:55.335+0000] {logging_mixin.py:137} INFO - [2023-02-17T07:27:55.335+0000] {dag.py:2690} INFO - Sync 1 DAGs
[2023-02-17T07:27:55.376+0000] {logging_mixin.py:137} INFO - [2023-02-17T07:27:55.376+0000] {dag.py:3441} INFO - Setting next_dagrun for dag_branching_v02 to 2023-02-16T00:00:00+00:00, run_after=2023-02-17T00:00:00+00:00
[2023-02-17T07:27:55.395+0000] {processor.py:175} INFO - Processing /opt/airflow/dags/dag_branching_2.py took 0.192 seconds
[2023-02-17T07:28:25.764+0000] {processor.py:153} INFO - Started process (PID=16630) to work on /opt/airflow/dags/dag_branching_2.py
[2023-02-17T07:28:25.768+0000] {processor.py:743} INFO - Processing file /opt/airflow/dags/dag_branching_2.py for tasks to queue
[2023-02-17T07:28:25.775+0000] {logging_mixin.py:137} INFO - [2023-02-17T07:28:25.774+0000] {dagbag.py:538} INFO - Filling up the DagBag from /opt/airflow/dags/dag_branching_2.py
[2023-02-17T07:28:25.812+0000] {processor.py:753} INFO - DAG(s) dict_keys(['dag_branching_v02']) retrieved from /opt/airflow/dags/dag_branching_2.py
[2023-02-17T07:28:25.844+0000] {logging_mixin.py:137} INFO - [2023-02-17T07:28:25.844+0000] {dag.py:2690} INFO - Sync 1 DAGs
[2023-02-17T07:28:25.871+0000] {logging_mixin.py:137} INFO - [2023-02-17T07:28:25.871+0000] {dag.py:3441} INFO - Setting next_dagrun for dag_branching_v02 to 2023-02-16T00:00:00+00:00, run_after=2023-02-17T00:00:00+00:00
[2023-02-17T07:28:25.885+0000] {processor.py:175} INFO - Processing /opt/airflow/dags/dag_branching_2.py took 0.133 seconds
[2023-02-17T07:28:56.056+0000] {processor.py:153} INFO - Started process (PID=16696) to work on /opt/airflow/dags/dag_branching_2.py
[2023-02-17T07:28:56.060+0000] {processor.py:743} INFO - Processing file /opt/airflow/dags/dag_branching_2.py for tasks to queue
[2023-02-17T07:28:56.063+0000] {logging_mixin.py:137} INFO - [2023-02-17T07:28:56.063+0000] {dagbag.py:538} INFO - Filling up the DagBag from /opt/airflow/dags/dag_branching_2.py
[2023-02-17T07:28:56.119+0000] {processor.py:753} INFO - DAG(s) dict_keys(['dag_branching_v02']) retrieved from /opt/airflow/dags/dag_branching_2.py
[2023-02-17T07:28:56.167+0000] {logging_mixin.py:137} INFO - [2023-02-17T07:28:56.167+0000] {dag.py:2690} INFO - Sync 1 DAGs
[2023-02-17T07:28:56.206+0000] {logging_mixin.py:137} INFO - [2023-02-17T07:28:56.205+0000] {dag.py:3441} INFO - Setting next_dagrun for dag_branching_v02 to 2023-02-16T00:00:00+00:00, run_after=2023-02-17T00:00:00+00:00
[2023-02-17T07:28:56.225+0000] {processor.py:175} INFO - Processing /opt/airflow/dags/dag_branching_2.py took 0.177 seconds
[2023-02-17T07:29:26.455+0000] {processor.py:153} INFO - Started process (PID=16774) to work on /opt/airflow/dags/dag_branching_2.py
[2023-02-17T07:29:26.457+0000] {processor.py:743} INFO - Processing file /opt/airflow/dags/dag_branching_2.py for tasks to queue
[2023-02-17T07:29:26.459+0000] {logging_mixin.py:137} INFO - [2023-02-17T07:29:26.459+0000] {dagbag.py:538} INFO - Filling up the DagBag from /opt/airflow/dags/dag_branching_2.py
[2023-02-17T07:29:26.516+0000] {processor.py:753} INFO - DAG(s) dict_keys(['dag_branching_v02']) retrieved from /opt/airflow/dags/dag_branching_2.py
[2023-02-17T07:29:26.585+0000] {logging_mixin.py:137} INFO - [2023-02-17T07:29:26.585+0000] {dag.py:2690} INFO - Sync 1 DAGs
[2023-02-17T07:29:26.614+0000] {logging_mixin.py:137} INFO - [2023-02-17T07:29:26.614+0000] {dag.py:3441} INFO - Setting next_dagrun for dag_branching_v02 to 2023-02-16T00:00:00+00:00, run_after=2023-02-17T00:00:00+00:00
[2023-02-17T07:29:26.639+0000] {processor.py:175} INFO - Processing /opt/airflow/dags/dag_branching_2.py took 0.190 seconds
[2023-02-17T07:29:57.745+0000] {processor.py:153} INFO - Started process (PID=16846) to work on /opt/airflow/dags/dag_branching_2.py
[2023-02-17T07:29:57.746+0000] {processor.py:743} INFO - Processing file /opt/airflow/dags/dag_branching_2.py for tasks to queue
[2023-02-17T07:29:57.747+0000] {logging_mixin.py:137} INFO - [2023-02-17T07:29:57.747+0000] {dagbag.py:538} INFO - Filling up the DagBag from /opt/airflow/dags/dag_branching_2.py
[2023-02-17T07:29:57.766+0000] {processor.py:753} INFO - DAG(s) dict_keys(['dag_branching_v02']) retrieved from /opt/airflow/dags/dag_branching_2.py
[2023-02-17T07:29:57.811+0000] {logging_mixin.py:137} INFO - [2023-02-17T07:29:57.811+0000] {dag.py:2690} INFO - Sync 1 DAGs
[2023-02-17T07:29:57.847+0000] {logging_mixin.py:137} INFO - [2023-02-17T07:29:57.847+0000] {dag.py:3441} INFO - Setting next_dagrun for dag_branching_v02 to 2023-02-16T00:00:00+00:00, run_after=2023-02-17T00:00:00+00:00
[2023-02-17T07:29:57.870+0000] {processor.py:175} INFO - Processing /opt/airflow/dags/dag_branching_2.py took 0.129 seconds
[2023-02-17T07:30:28.027+0000] {processor.py:153} INFO - Started process (PID=16916) to work on /opt/airflow/dags/dag_branching_2.py
[2023-02-17T07:30:28.031+0000] {processor.py:743} INFO - Processing file /opt/airflow/dags/dag_branching_2.py for tasks to queue
[2023-02-17T07:30:28.038+0000] {logging_mixin.py:137} INFO - [2023-02-17T07:30:28.038+0000] {dagbag.py:538} INFO - Filling up the DagBag from /opt/airflow/dags/dag_branching_2.py
[2023-02-17T07:30:28.096+0000] {processor.py:753} INFO - DAG(s) dict_keys(['dag_branching_v02']) retrieved from /opt/airflow/dags/dag_branching_2.py
[2023-02-17T07:30:28.180+0000] {logging_mixin.py:137} INFO - [2023-02-17T07:30:28.180+0000] {dag.py:2690} INFO - Sync 1 DAGs
[2023-02-17T07:30:28.228+0000] {logging_mixin.py:137} INFO - [2023-02-17T07:30:28.228+0000] {dag.py:3441} INFO - Setting next_dagrun for dag_branching_v02 to 2023-02-16T00:00:00+00:00, run_after=2023-02-17T00:00:00+00:00
[2023-02-17T07:30:28.255+0000] {processor.py:175} INFO - Processing /opt/airflow/dags/dag_branching_2.py took 0.232 seconds
[2023-02-17T07:30:58.859+0000] {processor.py:153} INFO - Started process (PID=16981) to work on /opt/airflow/dags/dag_branching_2.py
[2023-02-17T07:30:58.862+0000] {processor.py:743} INFO - Processing file /opt/airflow/dags/dag_branching_2.py for tasks to queue
[2023-02-17T07:30:58.865+0000] {logging_mixin.py:137} INFO - [2023-02-17T07:30:58.865+0000] {dagbag.py:538} INFO - Filling up the DagBag from /opt/airflow/dags/dag_branching_2.py
[2023-02-17T07:30:58.918+0000] {processor.py:753} INFO - DAG(s) dict_keys(['dag_branching_v02']) retrieved from /opt/airflow/dags/dag_branching_2.py
[2023-02-17T07:30:58.980+0000] {logging_mixin.py:137} INFO - [2023-02-17T07:30:58.979+0000] {dag.py:2690} INFO - Sync 1 DAGs
[2023-02-17T07:30:59.026+0000] {logging_mixin.py:137} INFO - [2023-02-17T07:30:59.025+0000] {dag.py:3441} INFO - Setting next_dagrun for dag_branching_v02 to 2023-02-16T00:00:00+00:00, run_after=2023-02-17T00:00:00+00:00
[2023-02-17T07:30:59.046+0000] {processor.py:175} INFO - Processing /opt/airflow/dags/dag_branching_2.py took 0.200 seconds
[2023-02-17T07:31:29.473+0000] {processor.py:153} INFO - Started process (PID=17052) to work on /opt/airflow/dags/dag_branching_2.py
[2023-02-17T07:31:29.476+0000] {processor.py:743} INFO - Processing file /opt/airflow/dags/dag_branching_2.py for tasks to queue
[2023-02-17T07:31:29.477+0000] {logging_mixin.py:137} INFO - [2023-02-17T07:31:29.477+0000] {dagbag.py:538} INFO - Filling up the DagBag from /opt/airflow/dags/dag_branching_2.py
[2023-02-17T07:31:29.588+0000] {processor.py:753} INFO - DAG(s) dict_keys(['dag_branching_v02']) retrieved from /opt/airflow/dags/dag_branching_2.py
[2023-02-17T07:31:29.671+0000] {logging_mixin.py:137} INFO - [2023-02-17T07:31:29.671+0000] {dag.py:2690} INFO - Sync 1 DAGs
[2023-02-17T07:31:29.711+0000] {logging_mixin.py:137} INFO - [2023-02-17T07:31:29.711+0000] {dag.py:3441} INFO - Setting next_dagrun for dag_branching_v02 to 2023-02-16T00:00:00+00:00, run_after=2023-02-17T00:00:00+00:00
[2023-02-17T07:31:29.738+0000] {processor.py:175} INFO - Processing /opt/airflow/dags/dag_branching_2.py took 0.277 seconds
[2023-02-17T07:31:59.878+0000] {processor.py:153} INFO - Started process (PID=17123) to work on /opt/airflow/dags/dag_branching_2.py
[2023-02-17T07:31:59.880+0000] {processor.py:743} INFO - Processing file /opt/airflow/dags/dag_branching_2.py for tasks to queue
[2023-02-17T07:31:59.882+0000] {logging_mixin.py:137} INFO - [2023-02-17T07:31:59.882+0000] {dagbag.py:538} INFO - Filling up the DagBag from /opt/airflow/dags/dag_branching_2.py
[2023-02-17T07:31:59.966+0000] {processor.py:753} INFO - DAG(s) dict_keys(['dag_branching_v02']) retrieved from /opt/airflow/dags/dag_branching_2.py
[2023-02-17T07:32:00.025+0000] {logging_mixin.py:137} INFO - [2023-02-17T07:32:00.025+0000] {dag.py:2690} INFO - Sync 1 DAGs
[2023-02-17T07:32:00.066+0000] {logging_mixin.py:137} INFO - [2023-02-17T07:32:00.066+0000] {dag.py:3441} INFO - Setting next_dagrun for dag_branching_v02 to 2023-02-16T00:00:00+00:00, run_after=2023-02-17T00:00:00+00:00
[2023-02-17T07:32:00.096+0000] {processor.py:175} INFO - Processing /opt/airflow/dags/dag_branching_2.py took 0.229 seconds
[2023-02-17T08:08:20.345+0000] {processor.py:153} INFO - Started process (PID=17173) to work on /opt/airflow/dags/dag_branching_2.py
[2023-02-17T08:08:20.351+0000] {processor.py:743} INFO - Processing file /opt/airflow/dags/dag_branching_2.py for tasks to queue
[2023-02-17T08:08:20.353+0000] {logging_mixin.py:137} INFO - [2023-02-17T08:08:20.353+0000] {dagbag.py:538} INFO - Filling up the DagBag from /opt/airflow/dags/dag_branching_2.py
[2023-02-17T08:08:20.394+0000] {processor.py:753} INFO - DAG(s) dict_keys(['dag_branching_v02']) retrieved from /opt/airflow/dags/dag_branching_2.py
[2023-02-17T08:08:20.451+0000] {logging_mixin.py:137} INFO - [2023-02-17T08:08:20.451+0000] {dag.py:2690} INFO - Sync 1 DAGs
[2023-02-17T08:08:20.502+0000] {logging_mixin.py:137} INFO - [2023-02-17T08:08:20.502+0000] {dag.py:3441} INFO - Setting next_dagrun for dag_branching_v02 to 2023-02-16T00:00:00+00:00, run_after=2023-02-17T00:00:00+00:00
[2023-02-17T08:08:20.545+0000] {processor.py:175} INFO - Processing /opt/airflow/dags/dag_branching_2.py took 0.206 seconds
[2023-02-17T08:08:50.933+0000] {processor.py:153} INFO - Started process (PID=17251) to work on /opt/airflow/dags/dag_branching_2.py
[2023-02-17T08:08:50.935+0000] {processor.py:743} INFO - Processing file /opt/airflow/dags/dag_branching_2.py for tasks to queue
[2023-02-17T08:08:50.936+0000] {logging_mixin.py:137} INFO - [2023-02-17T08:08:50.936+0000] {dagbag.py:538} INFO - Filling up the DagBag from /opt/airflow/dags/dag_branching_2.py
[2023-02-17T08:08:50.957+0000] {processor.py:753} INFO - DAG(s) dict_keys(['dag_branching_v02']) retrieved from /opt/airflow/dags/dag_branching_2.py
[2023-02-17T08:08:50.983+0000] {logging_mixin.py:137} INFO - [2023-02-17T08:08:50.983+0000] {dag.py:2690} INFO - Sync 1 DAGs
[2023-02-17T08:08:51.003+0000] {logging_mixin.py:137} INFO - [2023-02-17T08:08:51.003+0000] {dag.py:3441} INFO - Setting next_dagrun for dag_branching_v02 to 2023-02-16T00:00:00+00:00, run_after=2023-02-17T00:00:00+00:00
[2023-02-17T08:08:51.015+0000] {processor.py:175} INFO - Processing /opt/airflow/dags/dag_branching_2.py took 0.085 seconds
[2023-02-17T08:09:21.576+0000] {processor.py:153} INFO - Started process (PID=17316) to work on /opt/airflow/dags/dag_branching_2.py
[2023-02-17T08:09:21.578+0000] {processor.py:743} INFO - Processing file /opt/airflow/dags/dag_branching_2.py for tasks to queue
[2023-02-17T08:09:21.578+0000] {logging_mixin.py:137} INFO - [2023-02-17T08:09:21.578+0000] {dagbag.py:538} INFO - Filling up the DagBag from /opt/airflow/dags/dag_branching_2.py
[2023-02-17T08:09:21.594+0000] {processor.py:753} INFO - DAG(s) dict_keys(['dag_branching_v02']) retrieved from /opt/airflow/dags/dag_branching_2.py
[2023-02-17T08:09:21.650+0000] {logging_mixin.py:137} INFO - [2023-02-17T08:09:21.650+0000] {dag.py:2690} INFO - Sync 1 DAGs
[2023-02-17T08:09:21.674+0000] {logging_mixin.py:137} INFO - [2023-02-17T08:09:21.674+0000] {dag.py:3441} INFO - Setting next_dagrun for dag_branching_v02 to 2023-02-16T00:00:00+00:00, run_after=2023-02-17T00:00:00+00:00
[2023-02-17T08:09:21.685+0000] {processor.py:175} INFO - Processing /opt/airflow/dags/dag_branching_2.py took 0.112 seconds
[2023-02-17T08:09:52.870+0000] {processor.py:153} INFO - Started process (PID=17390) to work on /opt/airflow/dags/dag_branching_2.py
[2023-02-17T08:09:52.872+0000] {processor.py:743} INFO - Processing file /opt/airflow/dags/dag_branching_2.py for tasks to queue
[2023-02-17T08:09:52.873+0000] {logging_mixin.py:137} INFO - [2023-02-17T08:09:52.873+0000] {dagbag.py:538} INFO - Filling up the DagBag from /opt/airflow/dags/dag_branching_2.py
[2023-02-17T08:09:52.915+0000] {processor.py:753} INFO - DAG(s) dict_keys(['dag_branching_v02']) retrieved from /opt/airflow/dags/dag_branching_2.py
[2023-02-17T08:09:52.979+0000] {logging_mixin.py:137} INFO - [2023-02-17T08:09:52.979+0000] {dag.py:2690} INFO - Sync 1 DAGs
[2023-02-17T08:09:53.037+0000] {logging_mixin.py:137} INFO - [2023-02-17T08:09:53.036+0000] {dag.py:3441} INFO - Setting next_dagrun for dag_branching_v02 to 2023-02-16T00:00:00+00:00, run_after=2023-02-17T00:00:00+00:00
[2023-02-17T08:09:53.058+0000] {processor.py:175} INFO - Processing /opt/airflow/dags/dag_branching_2.py took 0.192 seconds
[2023-02-17T08:10:25.457+0000] {processor.py:153} INFO - Started process (PID=17459) to work on /opt/airflow/dags/dag_branching_2.py
[2023-02-17T08:10:25.464+0000] {processor.py:743} INFO - Processing file /opt/airflow/dags/dag_branching_2.py for tasks to queue
[2023-02-17T08:10:25.468+0000] {logging_mixin.py:137} INFO - [2023-02-17T08:10:25.467+0000] {dagbag.py:538} INFO - Filling up the DagBag from /opt/airflow/dags/dag_branching_2.py
[2023-02-17T08:10:25.595+0000] {processor.py:753} INFO - DAG(s) dict_keys(['dag_branching_v02']) retrieved from /opt/airflow/dags/dag_branching_2.py
[2023-02-17T08:10:25.802+0000] {logging_mixin.py:137} INFO - [2023-02-17T08:10:25.797+0000] {dag.py:2690} INFO - Sync 1 DAGs
[2023-02-17T08:10:26.351+0000] {logging_mixin.py:137} INFO - [2023-02-17T08:10:26.350+0000] {dag.py:3441} INFO - Setting next_dagrun for dag_branching_v02 to 2023-02-16T00:00:00+00:00, run_after=2023-02-17T00:00:00+00:00
[2023-02-17T08:10:26.532+0000] {processor.py:175} INFO - Processing /opt/airflow/dags/dag_branching_2.py took 1.103 seconds
[2023-02-17T08:10:57.353+0000] {processor.py:153} INFO - Started process (PID=17520) to work on /opt/airflow/dags/dag_branching_2.py
[2023-02-17T08:10:57.361+0000] {processor.py:743} INFO - Processing file /opt/airflow/dags/dag_branching_2.py for tasks to queue
[2023-02-17T08:10:57.371+0000] {logging_mixin.py:137} INFO - [2023-02-17T08:10:57.370+0000] {dagbag.py:538} INFO - Filling up the DagBag from /opt/airflow/dags/dag_branching_2.py
[2023-02-17T08:10:57.561+0000] {processor.py:753} INFO - DAG(s) dict_keys(['dag_branching_v02']) retrieved from /opt/airflow/dags/dag_branching_2.py
[2023-02-17T08:10:57.637+0000] {logging_mixin.py:137} INFO - [2023-02-17T08:10:57.637+0000] {dag.py:2690} INFO - Sync 1 DAGs
[2023-02-17T08:10:57.667+0000] {logging_mixin.py:137} INFO - [2023-02-17T08:10:57.667+0000] {dag.py:3441} INFO - Setting next_dagrun for dag_branching_v02 to 2023-02-16T00:00:00+00:00, run_after=2023-02-17T00:00:00+00:00
[2023-02-17T08:10:57.690+0000] {processor.py:175} INFO - Processing /opt/airflow/dags/dag_branching_2.py took 0.352 seconds
[2023-02-17T08:11:28.115+0000] {processor.py:153} INFO - Started process (PID=17587) to work on /opt/airflow/dags/dag_branching_2.py
[2023-02-17T08:11:28.116+0000] {processor.py:743} INFO - Processing file /opt/airflow/dags/dag_branching_2.py for tasks to queue
[2023-02-17T08:11:28.117+0000] {logging_mixin.py:137} INFO - [2023-02-17T08:11:28.117+0000] {dagbag.py:538} INFO - Filling up the DagBag from /opt/airflow/dags/dag_branching_2.py
[2023-02-17T08:11:28.136+0000] {processor.py:753} INFO - DAG(s) dict_keys(['dag_branching_v02']) retrieved from /opt/airflow/dags/dag_branching_2.py
[2023-02-17T08:11:28.195+0000] {logging_mixin.py:137} INFO - [2023-02-17T08:11:28.195+0000] {dag.py:2690} INFO - Sync 1 DAGs
[2023-02-17T08:11:28.225+0000] {logging_mixin.py:137} INFO - [2023-02-17T08:11:28.225+0000] {dag.py:3441} INFO - Setting next_dagrun for dag_branching_v02 to 2023-02-16T00:00:00+00:00, run_after=2023-02-17T00:00:00+00:00
[2023-02-17T08:11:28.241+0000] {processor.py:175} INFO - Processing /opt/airflow/dags/dag_branching_2.py took 0.132 seconds
[2023-02-17T08:11:58.919+0000] {processor.py:153} INFO - Started process (PID=17658) to work on /opt/airflow/dags/dag_branching_2.py
[2023-02-17T08:11:58.922+0000] {processor.py:743} INFO - Processing file /opt/airflow/dags/dag_branching_2.py for tasks to queue
[2023-02-17T08:11:58.924+0000] {logging_mixin.py:137} INFO - [2023-02-17T08:11:58.923+0000] {dagbag.py:538} INFO - Filling up the DagBag from /opt/airflow/dags/dag_branching_2.py
[2023-02-17T08:11:58.992+0000] {processor.py:753} INFO - DAG(s) dict_keys(['dag_branching_v02']) retrieved from /opt/airflow/dags/dag_branching_2.py
[2023-02-17T08:11:59.038+0000] {logging_mixin.py:137} INFO - [2023-02-17T08:11:59.038+0000] {dag.py:2690} INFO - Sync 1 DAGs
[2023-02-17T08:11:59.067+0000] {logging_mixin.py:137} INFO - [2023-02-17T08:11:59.067+0000] {dag.py:3441} INFO - Setting next_dagrun for dag_branching_v02 to 2023-02-16T00:00:00+00:00, run_after=2023-02-17T00:00:00+00:00
[2023-02-17T08:11:59.088+0000] {processor.py:175} INFO - Processing /opt/airflow/dags/dag_branching_2.py took 0.178 seconds
[2023-02-17T08:12:38.077+0000] {processor.py:153} INFO - Started process (PID=17732) to work on /opt/airflow/dags/dag_branching_2.py
[2023-02-17T08:12:38.085+0000] {processor.py:743} INFO - Processing file /opt/airflow/dags/dag_branching_2.py for tasks to queue
[2023-02-17T08:12:38.088+0000] {logging_mixin.py:137} INFO - [2023-02-17T08:12:38.088+0000] {dagbag.py:538} INFO - Filling up the DagBag from /opt/airflow/dags/dag_branching_2.py
[2023-02-17T08:12:38.169+0000] {processor.py:753} INFO - DAG(s) dict_keys(['dag_branching_v02']) retrieved from /opt/airflow/dags/dag_branching_2.py
[2023-02-17T08:12:38.317+0000] {logging_mixin.py:137} INFO - [2023-02-17T08:12:38.316+0000] {dag.py:2690} INFO - Sync 1 DAGs
[2023-02-17T08:12:38.402+0000] {logging_mixin.py:137} INFO - [2023-02-17T08:12:38.402+0000] {dag.py:3441} INFO - Setting next_dagrun for dag_branching_v02 to 2023-02-16T00:00:00+00:00, run_after=2023-02-17T00:00:00+00:00
[2023-02-17T08:12:38.459+0000] {processor.py:175} INFO - Processing /opt/airflow/dags/dag_branching_2.py took 0.404 seconds
[2023-02-17T08:13:09.402+0000] {processor.py:153} INFO - Started process (PID=17797) to work on /opt/airflow/dags/dag_branching_2.py
[2023-02-17T08:13:09.403+0000] {processor.py:743} INFO - Processing file /opt/airflow/dags/dag_branching_2.py for tasks to queue
[2023-02-17T08:13:09.405+0000] {logging_mixin.py:137} INFO - [2023-02-17T08:13:09.405+0000] {dagbag.py:538} INFO - Filling up the DagBag from /opt/airflow/dags/dag_branching_2.py
[2023-02-17T08:13:09.448+0000] {processor.py:753} INFO - DAG(s) dict_keys(['dag_branching_v02']) retrieved from /opt/airflow/dags/dag_branching_2.py
[2023-02-17T08:13:09.493+0000] {logging_mixin.py:137} INFO - [2023-02-17T08:13:09.493+0000] {dag.py:2690} INFO - Sync 1 DAGs
[2023-02-17T08:13:09.523+0000] {logging_mixin.py:137} INFO - [2023-02-17T08:13:09.523+0000] {dag.py:3441} INFO - Setting next_dagrun for dag_branching_v02 to 2023-02-16T00:00:00+00:00, run_after=2023-02-17T00:00:00+00:00
[2023-02-17T08:13:09.545+0000] {processor.py:175} INFO - Processing /opt/airflow/dags/dag_branching_2.py took 0.147 seconds
[2023-02-17T08:13:39.699+0000] {processor.py:153} INFO - Started process (PID=17866) to work on /opt/airflow/dags/dag_branching_2.py
[2023-02-17T08:13:39.703+0000] {processor.py:743} INFO - Processing file /opt/airflow/dags/dag_branching_2.py for tasks to queue
[2023-02-17T08:13:39.708+0000] {logging_mixin.py:137} INFO - [2023-02-17T08:13:39.707+0000] {dagbag.py:538} INFO - Filling up the DagBag from /opt/airflow/dags/dag_branching_2.py
[2023-02-17T08:13:39.826+0000] {processor.py:753} INFO - DAG(s) dict_keys(['dag_branching_v02']) retrieved from /opt/airflow/dags/dag_branching_2.py
[2023-02-17T08:13:39.928+0000] {logging_mixin.py:137} INFO - [2023-02-17T08:13:39.927+0000] {dag.py:2690} INFO - Sync 1 DAGs
[2023-02-17T08:13:40.001+0000] {logging_mixin.py:137} INFO - [2023-02-17T08:13:40.001+0000] {dag.py:3441} INFO - Setting next_dagrun for dag_branching_v02 to 2023-02-16T00:00:00+00:00, run_after=2023-02-17T00:00:00+00:00
[2023-02-17T08:13:40.045+0000] {processor.py:175} INFO - Processing /opt/airflow/dags/dag_branching_2.py took 0.380 seconds
[2023-02-17T08:14:11.070+0000] {processor.py:153} INFO - Started process (PID=17930) to work on /opt/airflow/dags/dag_branching_2.py
[2023-02-17T08:14:11.072+0000] {processor.py:743} INFO - Processing file /opt/airflow/dags/dag_branching_2.py for tasks to queue
[2023-02-17T08:14:11.074+0000] {logging_mixin.py:137} INFO - [2023-02-17T08:14:11.073+0000] {dagbag.py:538} INFO - Filling up the DagBag from /opt/airflow/dags/dag_branching_2.py
[2023-02-17T08:14:11.132+0000] {processor.py:753} INFO - DAG(s) dict_keys(['dag_branching_v02']) retrieved from /opt/airflow/dags/dag_branching_2.py
[2023-02-17T08:14:11.206+0000] {logging_mixin.py:137} INFO - [2023-02-17T08:14:11.205+0000] {dag.py:2690} INFO - Sync 1 DAGs
[2023-02-17T08:14:11.251+0000] {logging_mixin.py:137} INFO - [2023-02-17T08:14:11.251+0000] {dag.py:3441} INFO - Setting next_dagrun for dag_branching_v02 to 2023-02-16T00:00:00+00:00, run_after=2023-02-17T00:00:00+00:00
[2023-02-17T08:14:11.268+0000] {processor.py:175} INFO - Processing /opt/airflow/dags/dag_branching_2.py took 0.205 seconds
[2023-02-17T08:14:41.708+0000] {processor.py:153} INFO - Started process (PID=18005) to work on /opt/airflow/dags/dag_branching_2.py
[2023-02-17T08:14:41.713+0000] {processor.py:743} INFO - Processing file /opt/airflow/dags/dag_branching_2.py for tasks to queue
[2023-02-17T08:14:41.715+0000] {logging_mixin.py:137} INFO - [2023-02-17T08:14:41.715+0000] {dagbag.py:538} INFO - Filling up the DagBag from /opt/airflow/dags/dag_branching_2.py
[2023-02-17T08:14:41.800+0000] {processor.py:753} INFO - DAG(s) dict_keys(['dag_branching_v02']) retrieved from /opt/airflow/dags/dag_branching_2.py
[2023-02-17T08:14:41.881+0000] {logging_mixin.py:137} INFO - [2023-02-17T08:14:41.881+0000] {dag.py:2690} INFO - Sync 1 DAGs
[2023-02-17T08:14:41.927+0000] {logging_mixin.py:137} INFO - [2023-02-17T08:14:41.927+0000] {dag.py:3441} INFO - Setting next_dagrun for dag_branching_v02 to 2023-02-16T00:00:00+00:00, run_after=2023-02-17T00:00:00+00:00
[2023-02-17T08:14:41.959+0000] {processor.py:175} INFO - Processing /opt/airflow/dags/dag_branching_2.py took 0.260 seconds
[2023-02-17T08:15:13.284+0000] {processor.py:153} INFO - Started process (PID=18078) to work on /opt/airflow/dags/dag_branching_2.py
[2023-02-17T08:15:13.288+0000] {processor.py:743} INFO - Processing file /opt/airflow/dags/dag_branching_2.py for tasks to queue
[2023-02-17T08:15:13.289+0000] {logging_mixin.py:137} INFO - [2023-02-17T08:15:13.289+0000] {dagbag.py:538} INFO - Filling up the DagBag from /opt/airflow/dags/dag_branching_2.py
[2023-02-17T08:15:13.310+0000] {processor.py:753} INFO - DAG(s) dict_keys(['dag_branching_v02']) retrieved from /opt/airflow/dags/dag_branching_2.py
[2023-02-17T08:15:13.351+0000] {logging_mixin.py:137} INFO - [2023-02-17T08:15:13.351+0000] {dag.py:2690} INFO - Sync 1 DAGs
[2023-02-17T08:15:13.374+0000] {logging_mixin.py:137} INFO - [2023-02-17T08:15:13.374+0000] {dag.py:3441} INFO - Setting next_dagrun for dag_branching_v02 to 2023-02-16T00:00:00+00:00, run_after=2023-02-17T00:00:00+00:00
[2023-02-17T08:15:13.390+0000] {processor.py:175} INFO - Processing /opt/airflow/dags/dag_branching_2.py took 0.110 seconds
[2023-02-17T08:15:44.092+0000] {processor.py:153} INFO - Started process (PID=18143) to work on /opt/airflow/dags/dag_branching_2.py
[2023-02-17T08:15:44.094+0000] {processor.py:743} INFO - Processing file /opt/airflow/dags/dag_branching_2.py for tasks to queue
[2023-02-17T08:15:44.095+0000] {logging_mixin.py:137} INFO - [2023-02-17T08:15:44.095+0000] {dagbag.py:538} INFO - Filling up the DagBag from /opt/airflow/dags/dag_branching_2.py
[2023-02-17T08:15:44.111+0000] {processor.py:753} INFO - DAG(s) dict_keys(['dag_branching_v02']) retrieved from /opt/airflow/dags/dag_branching_2.py
[2023-02-17T08:15:44.133+0000] {logging_mixin.py:137} INFO - [2023-02-17T08:15:44.133+0000] {dag.py:2690} INFO - Sync 1 DAGs
[2023-02-17T08:15:44.155+0000] {logging_mixin.py:137} INFO - [2023-02-17T08:15:44.155+0000] {dag.py:3441} INFO - Setting next_dagrun for dag_branching_v02 to 2023-02-16T00:00:00+00:00, run_after=2023-02-17T00:00:00+00:00
[2023-02-17T08:15:44.172+0000] {processor.py:175} INFO - Processing /opt/airflow/dags/dag_branching_2.py took 0.085 seconds
[2023-02-17T08:16:14.773+0000] {processor.py:153} INFO - Started process (PID=18220) to work on /opt/airflow/dags/dag_branching_2.py
[2023-02-17T08:16:14.776+0000] {processor.py:743} INFO - Processing file /opt/airflow/dags/dag_branching_2.py for tasks to queue
[2023-02-17T08:16:14.778+0000] {logging_mixin.py:137} INFO - [2023-02-17T08:16:14.778+0000] {dagbag.py:538} INFO - Filling up the DagBag from /opt/airflow/dags/dag_branching_2.py
[2023-02-17T08:16:14.800+0000] {processor.py:753} INFO - DAG(s) dict_keys(['dag_branching_v02']) retrieved from /opt/airflow/dags/dag_branching_2.py
[2023-02-17T08:16:14.861+0000] {logging_mixin.py:137} INFO - [2023-02-17T08:16:14.861+0000] {dag.py:2690} INFO - Sync 1 DAGs
[2023-02-17T08:16:14.885+0000] {logging_mixin.py:137} INFO - [2023-02-17T08:16:14.885+0000] {dag.py:3441} INFO - Setting next_dagrun for dag_branching_v02 to 2023-02-16T00:00:00+00:00, run_after=2023-02-17T00:00:00+00:00
[2023-02-17T08:16:14.898+0000] {processor.py:175} INFO - Processing /opt/airflow/dags/dag_branching_2.py took 0.129 seconds
[2023-02-17T08:16:45.689+0000] {processor.py:153} INFO - Started process (PID=18285) to work on /opt/airflow/dags/dag_branching_2.py
[2023-02-17T08:16:45.691+0000] {processor.py:743} INFO - Processing file /opt/airflow/dags/dag_branching_2.py for tasks to queue
[2023-02-17T08:16:45.692+0000] {logging_mixin.py:137} INFO - [2023-02-17T08:16:45.692+0000] {dagbag.py:538} INFO - Filling up the DagBag from /opt/airflow/dags/dag_branching_2.py
[2023-02-17T08:16:45.724+0000] {processor.py:753} INFO - DAG(s) dict_keys(['dag_branching_v02']) retrieved from /opt/airflow/dags/dag_branching_2.py
[2023-02-17T08:16:45.759+0000] {logging_mixin.py:137} INFO - [2023-02-17T08:16:45.759+0000] {dag.py:2690} INFO - Sync 1 DAGs
[2023-02-17T08:16:45.809+0000] {logging_mixin.py:137} INFO - [2023-02-17T08:16:45.809+0000] {dag.py:3441} INFO - Setting next_dagrun for dag_branching_v02 to 2023-02-16T00:00:00+00:00, run_after=2023-02-17T00:00:00+00:00
[2023-02-17T08:16:45.832+0000] {processor.py:175} INFO - Processing /opt/airflow/dags/dag_branching_2.py took 0.146 seconds
[2023-02-17T08:17:16.933+0000] {processor.py:153} INFO - Started process (PID=18350) to work on /opt/airflow/dags/dag_branching_2.py
[2023-02-17T08:17:16.937+0000] {processor.py:743} INFO - Processing file /opt/airflow/dags/dag_branching_2.py for tasks to queue
[2023-02-17T08:17:16.939+0000] {logging_mixin.py:137} INFO - [2023-02-17T08:17:16.939+0000] {dagbag.py:538} INFO - Filling up the DagBag from /opt/airflow/dags/dag_branching_2.py
[2023-02-17T08:17:16.991+0000] {processor.py:753} INFO - DAG(s) dict_keys(['dag_branching_v02']) retrieved from /opt/airflow/dags/dag_branching_2.py
[2023-02-17T08:17:17.055+0000] {logging_mixin.py:137} INFO - [2023-02-17T08:17:17.055+0000] {dag.py:2690} INFO - Sync 1 DAGs
[2023-02-17T08:17:17.083+0000] {logging_mixin.py:137} INFO - [2023-02-17T08:17:17.082+0000] {dag.py:3441} INFO - Setting next_dagrun for dag_branching_v02 to 2023-02-16T00:00:00+00:00, run_after=2023-02-17T00:00:00+00:00
[2023-02-17T08:17:17.097+0000] {processor.py:175} INFO - Processing /opt/airflow/dags/dag_branching_2.py took 0.174 seconds
[2023-02-17T08:17:47.634+0000] {processor.py:153} INFO - Started process (PID=18427) to work on /opt/airflow/dags/dag_branching_2.py
[2023-02-17T08:17:47.637+0000] {processor.py:743} INFO - Processing file /opt/airflow/dags/dag_branching_2.py for tasks to queue
[2023-02-17T08:17:47.639+0000] {logging_mixin.py:137} INFO - [2023-02-17T08:17:47.639+0000] {dagbag.py:538} INFO - Filling up the DagBag from /opt/airflow/dags/dag_branching_2.py
[2023-02-17T08:17:47.677+0000] {processor.py:753} INFO - DAG(s) dict_keys(['dag_branching_v02']) retrieved from /opt/airflow/dags/dag_branching_2.py
[2023-02-17T08:17:47.702+0000] {logging_mixin.py:137} INFO - [2023-02-17T08:17:47.702+0000] {dag.py:2690} INFO - Sync 1 DAGs
[2023-02-17T08:17:47.727+0000] {logging_mixin.py:137} INFO - [2023-02-17T08:17:47.727+0000] {dag.py:3441} INFO - Setting next_dagrun for dag_branching_v02 to 2023-02-16T00:00:00+00:00, run_after=2023-02-17T00:00:00+00:00
[2023-02-17T08:17:47.739+0000] {processor.py:175} INFO - Processing /opt/airflow/dags/dag_branching_2.py took 0.110 seconds
[2023-02-17T08:18:18.325+0000] {processor.py:153} INFO - Started process (PID=18492) to work on /opt/airflow/dags/dag_branching_2.py
[2023-02-17T08:18:18.327+0000] {processor.py:743} INFO - Processing file /opt/airflow/dags/dag_branching_2.py for tasks to queue
[2023-02-17T08:18:18.329+0000] {logging_mixin.py:137} INFO - [2023-02-17T08:18:18.328+0000] {dagbag.py:538} INFO - Filling up the DagBag from /opt/airflow/dags/dag_branching_2.py
[2023-02-17T08:18:18.355+0000] {processor.py:753} INFO - DAG(s) dict_keys(['dag_branching_v02']) retrieved from /opt/airflow/dags/dag_branching_2.py
[2023-02-17T08:18:18.380+0000] {logging_mixin.py:137} INFO - [2023-02-17T08:18:18.379+0000] {dag.py:2690} INFO - Sync 1 DAGs
[2023-02-17T08:18:18.405+0000] {logging_mixin.py:137} INFO - [2023-02-17T08:18:18.405+0000] {dag.py:3441} INFO - Setting next_dagrun for dag_branching_v02 to 2023-02-16T00:00:00+00:00, run_after=2023-02-17T00:00:00+00:00
[2023-02-17T08:18:18.416+0000] {processor.py:175} INFO - Processing /opt/airflow/dags/dag_branching_2.py took 0.096 seconds
[2023-02-17T08:18:49.113+0000] {processor.py:153} INFO - Started process (PID=18565) to work on /opt/airflow/dags/dag_branching_2.py
[2023-02-17T08:18:49.116+0000] {processor.py:743} INFO - Processing file /opt/airflow/dags/dag_branching_2.py for tasks to queue
[2023-02-17T08:18:49.119+0000] {logging_mixin.py:137} INFO - [2023-02-17T08:18:49.119+0000] {dagbag.py:538} INFO - Filling up the DagBag from /opt/airflow/dags/dag_branching_2.py
[2023-02-17T08:18:49.163+0000] {processor.py:753} INFO - DAG(s) dict_keys(['dag_branching_v02']) retrieved from /opt/airflow/dags/dag_branching_2.py
[2023-02-17T08:18:49.209+0000] {logging_mixin.py:137} INFO - [2023-02-17T08:18:49.209+0000] {dag.py:2690} INFO - Sync 1 DAGs
[2023-02-17T08:18:49.263+0000] {logging_mixin.py:137} INFO - [2023-02-17T08:18:49.262+0000] {dag.py:3441} INFO - Setting next_dagrun for dag_branching_v02 to 2023-02-16T00:00:00+00:00, run_after=2023-02-17T00:00:00+00:00
[2023-02-17T08:18:49.298+0000] {processor.py:175} INFO - Processing /opt/airflow/dags/dag_branching_2.py took 0.191 seconds
[2023-02-17T08:19:20.304+0000] {processor.py:153} INFO - Started process (PID=18633) to work on /opt/airflow/dags/dag_branching_2.py
[2023-02-17T08:19:20.306+0000] {processor.py:743} INFO - Processing file /opt/airflow/dags/dag_branching_2.py for tasks to queue
[2023-02-17T08:19:20.307+0000] {logging_mixin.py:137} INFO - [2023-02-17T08:19:20.307+0000] {dagbag.py:538} INFO - Filling up the DagBag from /opt/airflow/dags/dag_branching_2.py
[2023-02-17T08:19:20.341+0000] {processor.py:753} INFO - DAG(s) dict_keys(['dag_branching_v02']) retrieved from /opt/airflow/dags/dag_branching_2.py
[2023-02-17T08:19:20.379+0000] {logging_mixin.py:137} INFO - [2023-02-17T08:19:20.379+0000] {dag.py:2690} INFO - Sync 1 DAGs
[2023-02-17T08:19:20.407+0000] {logging_mixin.py:137} INFO - [2023-02-17T08:19:20.407+0000] {dag.py:3441} INFO - Setting next_dagrun for dag_branching_v02 to 2023-02-16T00:00:00+00:00, run_after=2023-02-17T00:00:00+00:00
[2023-02-17T08:19:20.424+0000] {processor.py:175} INFO - Processing /opt/airflow/dags/dag_branching_2.py took 0.124 seconds
[2023-02-17T08:19:51.140+0000] {processor.py:153} INFO - Started process (PID=18699) to work on /opt/airflow/dags/dag_branching_2.py
[2023-02-17T08:19:51.142+0000] {processor.py:743} INFO - Processing file /opt/airflow/dags/dag_branching_2.py for tasks to queue
[2023-02-17T08:19:51.144+0000] {logging_mixin.py:137} INFO - [2023-02-17T08:19:51.143+0000] {dagbag.py:538} INFO - Filling up the DagBag from /opt/airflow/dags/dag_branching_2.py
[2023-02-17T08:19:51.168+0000] {processor.py:753} INFO - DAG(s) dict_keys(['dag_branching_v02']) retrieved from /opt/airflow/dags/dag_branching_2.py
[2023-02-17T08:19:51.205+0000] {logging_mixin.py:137} INFO - [2023-02-17T08:19:51.205+0000] {dag.py:2690} INFO - Sync 1 DAGs
[2023-02-17T08:19:51.227+0000] {logging_mixin.py:137} INFO - [2023-02-17T08:19:51.226+0000] {dag.py:3441} INFO - Setting next_dagrun for dag_branching_v02 to 2023-02-16T00:00:00+00:00, run_after=2023-02-17T00:00:00+00:00
[2023-02-17T08:19:51.240+0000] {processor.py:175} INFO - Processing /opt/airflow/dags/dag_branching_2.py took 0.104 seconds
[2023-02-17T08:20:21.935+0000] {processor.py:153} INFO - Started process (PID=18770) to work on /opt/airflow/dags/dag_branching_2.py
[2023-02-17T08:20:21.941+0000] {processor.py:743} INFO - Processing file /opt/airflow/dags/dag_branching_2.py for tasks to queue
[2023-02-17T08:20:21.950+0000] {logging_mixin.py:137} INFO - [2023-02-17T08:20:21.950+0000] {dagbag.py:538} INFO - Filling up the DagBag from /opt/airflow/dags/dag_branching_2.py
[2023-02-17T08:20:22.130+0000] {processor.py:753} INFO - DAG(s) dict_keys(['dag_branching_v02']) retrieved from /opt/airflow/dags/dag_branching_2.py
[2023-02-17T08:20:22.252+0000] {logging_mixin.py:137} INFO - [2023-02-17T08:20:22.251+0000] {dag.py:2690} INFO - Sync 1 DAGs
[2023-02-17T08:20:22.308+0000] {logging_mixin.py:137} INFO - [2023-02-17T08:20:22.308+0000] {dag.py:3441} INFO - Setting next_dagrun for dag_branching_v02 to 2023-02-16T00:00:00+00:00, run_after=2023-02-17T00:00:00+00:00
[2023-02-17T08:20:22.349+0000] {processor.py:175} INFO - Processing /opt/airflow/dags/dag_branching_2.py took 0.459 seconds
[2023-02-17T08:20:52.833+0000] {processor.py:153} INFO - Started process (PID=18836) to work on /opt/airflow/dags/dag_branching_2.py
[2023-02-17T08:20:52.836+0000] {processor.py:743} INFO - Processing file /opt/airflow/dags/dag_branching_2.py for tasks to queue
[2023-02-17T08:20:52.838+0000] {logging_mixin.py:137} INFO - [2023-02-17T08:20:52.838+0000] {dagbag.py:538} INFO - Filling up the DagBag from /opt/airflow/dags/dag_branching_2.py
[2023-02-17T08:20:52.922+0000] {processor.py:753} INFO - DAG(s) dict_keys(['dag_branching_v02']) retrieved from /opt/airflow/dags/dag_branching_2.py
[2023-02-17T08:20:52.984+0000] {logging_mixin.py:137} INFO - [2023-02-17T08:20:52.984+0000] {dag.py:2690} INFO - Sync 1 DAGs
[2023-02-17T08:20:53.026+0000] {logging_mixin.py:137} INFO - [2023-02-17T08:20:53.025+0000] {dag.py:3441} INFO - Setting next_dagrun for dag_branching_v02 to 2023-02-16T00:00:00+00:00, run_after=2023-02-17T00:00:00+00:00
[2023-02-17T08:20:53.046+0000] {processor.py:175} INFO - Processing /opt/airflow/dags/dag_branching_2.py took 0.220 seconds
[2023-02-17T08:21:23.639+0000] {processor.py:153} INFO - Started process (PID=18901) to work on /opt/airflow/dags/dag_branching_2.py
[2023-02-17T08:21:23.649+0000] {processor.py:743} INFO - Processing file /opt/airflow/dags/dag_branching_2.py for tasks to queue
[2023-02-17T08:21:23.653+0000] {logging_mixin.py:137} INFO - [2023-02-17T08:21:23.653+0000] {dagbag.py:538} INFO - Filling up the DagBag from /opt/airflow/dags/dag_branching_2.py
[2023-02-17T08:21:23.751+0000] {processor.py:753} INFO - DAG(s) dict_keys(['dag_branching_v02']) retrieved from /opt/airflow/dags/dag_branching_2.py
[2023-02-17T08:21:23.815+0000] {logging_mixin.py:137} INFO - [2023-02-17T08:21:23.815+0000] {dag.py:2690} INFO - Sync 1 DAGs
[2023-02-17T08:21:23.857+0000] {logging_mixin.py:137} INFO - [2023-02-17T08:21:23.857+0000] {dag.py:3441} INFO - Setting next_dagrun for dag_branching_v02 to 2023-02-16T00:00:00+00:00, run_after=2023-02-17T00:00:00+00:00
[2023-02-17T08:21:23.875+0000] {processor.py:175} INFO - Processing /opt/airflow/dags/dag_branching_2.py took 0.293 seconds
[2023-02-17T08:21:54.065+0000] {processor.py:153} INFO - Started process (PID=18978) to work on /opt/airflow/dags/dag_branching_2.py
[2023-02-17T08:21:54.069+0000] {processor.py:743} INFO - Processing file /opt/airflow/dags/dag_branching_2.py for tasks to queue
[2023-02-17T08:21:54.071+0000] {logging_mixin.py:137} INFO - [2023-02-17T08:21:54.071+0000] {dagbag.py:538} INFO - Filling up the DagBag from /opt/airflow/dags/dag_branching_2.py
[2023-02-17T08:21:54.187+0000] {processor.py:753} INFO - DAG(s) dict_keys(['dag_branching_v02']) retrieved from /opt/airflow/dags/dag_branching_2.py
[2023-02-17T08:21:54.270+0000] {logging_mixin.py:137} INFO - [2023-02-17T08:21:54.269+0000] {dag.py:2690} INFO - Sync 1 DAGs
[2023-02-17T08:21:54.327+0000] {logging_mixin.py:137} INFO - [2023-02-17T08:21:54.326+0000] {dag.py:3441} INFO - Setting next_dagrun for dag_branching_v02 to 2023-02-16T00:00:00+00:00, run_after=2023-02-17T00:00:00+00:00
[2023-02-17T08:21:54.368+0000] {processor.py:175} INFO - Processing /opt/airflow/dags/dag_branching_2.py took 0.317 seconds
[2023-02-17T08:53:08.473+0000] {processor.py:153} INFO - Started process (PID=186) to work on /opt/airflow/dags/dag_branching_2.py
[2023-02-17T08:53:08.515+0000] {processor.py:743} INFO - Processing file /opt/airflow/dags/dag_branching_2.py for tasks to queue
[2023-02-17T08:53:08.523+0000] {logging_mixin.py:137} INFO - [2023-02-17T08:53:08.523+0000] {dagbag.py:538} INFO - Filling up the DagBag from /opt/airflow/dags/dag_branching_2.py
[2023-02-17T08:53:09.170+0000] {processor.py:753} INFO - DAG(s) dict_keys(['dag_branching_v02']) retrieved from /opt/airflow/dags/dag_branching_2.py
[2023-02-17T08:53:09.724+0000] {logging_mixin.py:137} INFO - [2023-02-17T08:53:09.714+0000] {dag.py:2690} INFO - Sync 1 DAGs
[2023-02-17T08:53:10.016+0000] {logging_mixin.py:137} INFO - [2023-02-17T08:53:10.015+0000] {dag.py:3441} INFO - Setting next_dagrun for dag_branching_v02 to 2023-02-16T00:00:00+00:00, run_after=2023-02-17T00:00:00+00:00
[2023-02-17T08:53:10.110+0000] {processor.py:175} INFO - Processing /opt/airflow/dags/dag_branching_2.py took 1.772 seconds
[2023-02-17T08:53:40.503+0000] {processor.py:153} INFO - Started process (PID=246) to work on /opt/airflow/dags/dag_branching_2.py
[2023-02-17T08:53:40.507+0000] {processor.py:743} INFO - Processing file /opt/airflow/dags/dag_branching_2.py for tasks to queue
[2023-02-17T08:53:40.510+0000] {logging_mixin.py:137} INFO - [2023-02-17T08:53:40.510+0000] {dagbag.py:538} INFO - Filling up the DagBag from /opt/airflow/dags/dag_branching_2.py
[2023-02-17T08:53:40.591+0000] {processor.py:753} INFO - DAG(s) dict_keys(['dag_branching_v02']) retrieved from /opt/airflow/dags/dag_branching_2.py
[2023-02-17T08:53:40.691+0000] {logging_mixin.py:137} INFO - [2023-02-17T08:53:40.690+0000] {dag.py:2690} INFO - Sync 1 DAGs
[2023-02-17T08:53:40.877+0000] {logging_mixin.py:137} INFO - [2023-02-17T08:53:40.874+0000] {dag.py:3441} INFO - Setting next_dagrun for dag_branching_v02 to 2023-02-16T00:00:00+00:00, run_after=2023-02-17T00:00:00+00:00
[2023-02-17T08:53:40.980+0000] {processor.py:175} INFO - Processing /opt/airflow/dags/dag_branching_2.py took 0.488 seconds
[2023-02-17T08:54:11.608+0000] {processor.py:153} INFO - Started process (PID=311) to work on /opt/airflow/dags/dag_branching_2.py
[2023-02-17T08:54:11.626+0000] {processor.py:743} INFO - Processing file /opt/airflow/dags/dag_branching_2.py for tasks to queue
[2023-02-17T08:54:11.645+0000] {logging_mixin.py:137} INFO - [2023-02-17T08:54:11.645+0000] {dagbag.py:538} INFO - Filling up the DagBag from /opt/airflow/dags/dag_branching_2.py
[2023-02-17T08:54:11.928+0000] {processor.py:753} INFO - DAG(s) dict_keys(['dag_branching_v02']) retrieved from /opt/airflow/dags/dag_branching_2.py
[2023-02-17T08:54:12.023+0000] {logging_mixin.py:137} INFO - [2023-02-17T08:54:12.023+0000] {dag.py:2690} INFO - Sync 1 DAGs
[2023-02-17T08:54:12.090+0000] {logging_mixin.py:137} INFO - [2023-02-17T08:54:12.089+0000] {dag.py:3441} INFO - Setting next_dagrun for dag_branching_v02 to 2023-02-16T00:00:00+00:00, run_after=2023-02-17T00:00:00+00:00
[2023-02-17T08:54:12.136+0000] {processor.py:175} INFO - Processing /opt/airflow/dags/dag_branching_2.py took 0.572 seconds
[2023-02-17T08:54:42.632+0000] {processor.py:153} INFO - Started process (PID=376) to work on /opt/airflow/dags/dag_branching_2.py
[2023-02-17T08:54:42.636+0000] {processor.py:743} INFO - Processing file /opt/airflow/dags/dag_branching_2.py for tasks to queue
[2023-02-17T08:54:42.638+0000] {logging_mixin.py:137} INFO - [2023-02-17T08:54:42.638+0000] {dagbag.py:538} INFO - Filling up the DagBag from /opt/airflow/dags/dag_branching_2.py
[2023-02-17T08:54:42.690+0000] {processor.py:753} INFO - DAG(s) dict_keys(['dag_branching_v02']) retrieved from /opt/airflow/dags/dag_branching_2.py
[2023-02-17T08:54:42.859+0000] {logging_mixin.py:137} INFO - [2023-02-17T08:54:42.858+0000] {dag.py:2690} INFO - Sync 1 DAGs
[2023-02-17T08:54:42.944+0000] {logging_mixin.py:137} INFO - [2023-02-17T08:54:42.944+0000] {dag.py:3441} INFO - Setting next_dagrun for dag_branching_v02 to 2023-02-16T00:00:00+00:00, run_after=2023-02-17T00:00:00+00:00
[2023-02-17T08:54:42.961+0000] {processor.py:175} INFO - Processing /opt/airflow/dags/dag_branching_2.py took 0.338 seconds
[2023-02-17T08:56:45.339+0000] {processor.py:153} INFO - Started process (PID=187) to work on /opt/airflow/dags/dag_branching_2.py
[2023-02-17T08:56:45.362+0000] {processor.py:743} INFO - Processing file /opt/airflow/dags/dag_branching_2.py for tasks to queue
[2023-02-17T08:56:45.430+0000] {logging_mixin.py:137} INFO - [2023-02-17T08:56:45.429+0000] {dagbag.py:538} INFO - Filling up the DagBag from /opt/airflow/dags/dag_branching_2.py
[2023-02-17T08:56:45.805+0000] {processor.py:753} INFO - DAG(s) dict_keys(['dag_branching_v02']) retrieved from /opt/airflow/dags/dag_branching_2.py
[2023-02-17T08:56:48.973+0000] {logging_mixin.py:137} INFO - [2023-02-17T08:56:48.960+0000] {dag.py:2690} INFO - Sync 1 DAGs
[2023-02-17T08:56:49.288+0000] {logging_mixin.py:137} INFO - [2023-02-17T08:56:49.279+0000] {dag.py:3441} INFO - Setting next_dagrun for dag_branching_v02 to 2023-02-16T00:00:00+00:00, run_after=2023-02-17T00:00:00+00:00
[2023-02-17T08:56:49.605+0000] {processor.py:175} INFO - Processing /opt/airflow/dags/dag_branching_2.py took 4.352 seconds
[2023-02-17T08:57:23.664+0000] {processor.py:153} INFO - Started process (PID=244) to work on /opt/airflow/dags/dag_branching_2.py
[2023-02-17T08:57:23.741+0000] {processor.py:743} INFO - Processing file /opt/airflow/dags/dag_branching_2.py for tasks to queue
[2023-02-17T08:57:23.806+0000] {logging_mixin.py:137} INFO - [2023-02-17T08:57:23.805+0000] {dagbag.py:538} INFO - Filling up the DagBag from /opt/airflow/dags/dag_branching_2.py
[2023-02-17T08:57:26.014+0000] {processor.py:753} INFO - DAG(s) dict_keys(['dag_branching_v02']) retrieved from /opt/airflow/dags/dag_branching_2.py
[2023-02-17T08:57:26.650+0000] {logging_mixin.py:137} INFO - [2023-02-17T08:57:26.640+0000] {dag.py:2690} INFO - Sync 1 DAGs
[2023-02-17T08:57:26.949+0000] {logging_mixin.py:137} INFO - [2023-02-17T08:57:26.949+0000] {dag.py:3441} INFO - Setting next_dagrun for dag_branching_v02 to 2023-02-16T00:00:00+00:00, run_after=2023-02-17T00:00:00+00:00
[2023-02-17T08:57:27.315+0000] {processor.py:175} INFO - Processing /opt/airflow/dags/dag_branching_2.py took 4.346 seconds
[2023-02-17T08:57:58.450+0000] {processor.py:153} INFO - Started process (PID=304) to work on /opt/airflow/dags/dag_branching_2.py
[2023-02-17T08:57:58.475+0000] {processor.py:743} INFO - Processing file /opt/airflow/dags/dag_branching_2.py for tasks to queue
[2023-02-17T08:57:58.491+0000] {logging_mixin.py:137} INFO - [2023-02-17T08:57:58.490+0000] {dagbag.py:538} INFO - Filling up the DagBag from /opt/airflow/dags/dag_branching_2.py
[2023-02-17T08:57:59.000+0000] {processor.py:753} INFO - DAG(s) dict_keys(['dag_branching_v02']) retrieved from /opt/airflow/dags/dag_branching_2.py
[2023-02-17T08:58:00.567+0000] {logging_mixin.py:137} INFO - [2023-02-17T08:58:00.461+0000] {dag.py:2690} INFO - Sync 1 DAGs
[2023-02-17T08:58:01.480+0000] {logging_mixin.py:137} INFO - [2023-02-17T08:58:01.478+0000] {dag.py:3441} INFO - Setting next_dagrun for dag_branching_v02 to 2023-02-16T00:00:00+00:00, run_after=2023-02-17T00:00:00+00:00
[2023-02-17T08:58:01.812+0000] {processor.py:175} INFO - Processing /opt/airflow/dags/dag_branching_2.py took 3.464 seconds
[2023-02-17T08:58:36.202+0000] {processor.py:153} INFO - Started process (PID=369) to work on /opt/airflow/dags/dag_branching_2.py
[2023-02-17T08:58:36.216+0000] {processor.py:743} INFO - Processing file /opt/airflow/dags/dag_branching_2.py for tasks to queue
[2023-02-17T08:58:36.219+0000] {logging_mixin.py:137} INFO - [2023-02-17T08:58:36.219+0000] {dagbag.py:538} INFO - Filling up the DagBag from /opt/airflow/dags/dag_branching_2.py
[2023-02-17T08:58:37.299+0000] {processor.py:753} INFO - DAG(s) dict_keys(['dag_branching_v02']) retrieved from /opt/airflow/dags/dag_branching_2.py
[2023-02-17T08:58:38.569+0000] {logging_mixin.py:137} INFO - [2023-02-17T08:58:38.544+0000] {dag.py:2690} INFO - Sync 1 DAGs
[2023-02-17T08:58:39.201+0000] {logging_mixin.py:137} INFO - [2023-02-17T08:58:39.188+0000] {dag.py:3441} INFO - Setting next_dagrun for dag_branching_v02 to 2023-02-16T00:00:00+00:00, run_after=2023-02-17T00:00:00+00:00
[2023-02-17T08:58:39.716+0000] {processor.py:175} INFO - Processing /opt/airflow/dags/dag_branching_2.py took 3.561 seconds
[2023-02-17T08:59:11.055+0000] {processor.py:153} INFO - Started process (PID=430) to work on /opt/airflow/dags/dag_branching_2.py
[2023-02-17T08:59:11.079+0000] {processor.py:743} INFO - Processing file /opt/airflow/dags/dag_branching_2.py for tasks to queue
[2023-02-17T08:59:11.102+0000] {logging_mixin.py:137} INFO - [2023-02-17T08:59:11.102+0000] {dagbag.py:538} INFO - Filling up the DagBag from /opt/airflow/dags/dag_branching_2.py
[2023-02-17T08:59:11.508+0000] {processor.py:753} INFO - DAG(s) dict_keys(['dag_branching_v02']) retrieved from /opt/airflow/dags/dag_branching_2.py
[2023-02-17T08:59:11.967+0000] {logging_mixin.py:137} INFO - [2023-02-17T08:59:11.966+0000] {dag.py:2690} INFO - Sync 1 DAGs
[2023-02-17T08:59:12.302+0000] {logging_mixin.py:137} INFO - [2023-02-17T08:59:12.302+0000] {dag.py:3441} INFO - Setting next_dagrun for dag_branching_v02 to 2023-02-16T00:00:00+00:00, run_after=2023-02-17T00:00:00+00:00
[2023-02-17T08:59:12.532+0000] {processor.py:175} INFO - Processing /opt/airflow/dags/dag_branching_2.py took 1.562 seconds
[2023-02-17T08:59:43.481+0000] {processor.py:153} INFO - Started process (PID=489) to work on /opt/airflow/dags/dag_branching_2.py
[2023-02-17T08:59:43.484+0000] {processor.py:743} INFO - Processing file /opt/airflow/dags/dag_branching_2.py for tasks to queue
[2023-02-17T08:59:43.486+0000] {logging_mixin.py:137} INFO - [2023-02-17T08:59:43.486+0000] {dagbag.py:538} INFO - Filling up the DagBag from /opt/airflow/dags/dag_branching_2.py
[2023-02-17T08:59:43.538+0000] {processor.py:753} INFO - DAG(s) dict_keys(['dag_branching_v02']) retrieved from /opt/airflow/dags/dag_branching_2.py
[2023-02-17T08:59:43.599+0000] {logging_mixin.py:137} INFO - [2023-02-17T08:59:43.598+0000] {dag.py:2690} INFO - Sync 1 DAGs
[2023-02-17T08:59:43.659+0000] {logging_mixin.py:137} INFO - [2023-02-17T08:59:43.658+0000] {dag.py:3441} INFO - Setting next_dagrun for dag_branching_v02 to 2023-02-16T00:00:00+00:00, run_after=2023-02-17T00:00:00+00:00
[2023-02-17T08:59:43.694+0000] {processor.py:175} INFO - Processing /opt/airflow/dags/dag_branching_2.py took 0.224 seconds
[2023-02-17T09:00:14.061+0000] {processor.py:153} INFO - Started process (PID=560) to work on /opt/airflow/dags/dag_branching_2.py
[2023-02-17T09:00:14.067+0000] {processor.py:743} INFO - Processing file /opt/airflow/dags/dag_branching_2.py for tasks to queue
[2023-02-17T09:00:14.070+0000] {logging_mixin.py:137} INFO - [2023-02-17T09:00:14.070+0000] {dagbag.py:538} INFO - Filling up the DagBag from /opt/airflow/dags/dag_branching_2.py
[2023-02-17T09:00:14.161+0000] {processor.py:753} INFO - DAG(s) dict_keys(['dag_branching_v02']) retrieved from /opt/airflow/dags/dag_branching_2.py
[2023-02-17T09:00:14.287+0000] {logging_mixin.py:137} INFO - [2023-02-17T09:00:14.287+0000] {dag.py:2690} INFO - Sync 1 DAGs
[2023-02-17T09:00:14.387+0000] {logging_mixin.py:137} INFO - [2023-02-17T09:00:14.386+0000] {dag.py:3441} INFO - Setting next_dagrun for dag_branching_v02 to 2023-02-16T00:00:00+00:00, run_after=2023-02-17T00:00:00+00:00
[2023-02-17T09:00:14.461+0000] {processor.py:175} INFO - Processing /opt/airflow/dags/dag_branching_2.py took 0.432 seconds
[2023-02-17T09:00:45.297+0000] {processor.py:153} INFO - Started process (PID=630) to work on /opt/airflow/dags/dag_branching_2.py
[2023-02-17T09:00:45.303+0000] {processor.py:743} INFO - Processing file /opt/airflow/dags/dag_branching_2.py for tasks to queue
[2023-02-17T09:00:45.306+0000] {logging_mixin.py:137} INFO - [2023-02-17T09:00:45.306+0000] {dagbag.py:538} INFO - Filling up the DagBag from /opt/airflow/dags/dag_branching_2.py
[2023-02-17T09:00:45.358+0000] {processor.py:753} INFO - DAG(s) dict_keys(['dag_branching_v02']) retrieved from /opt/airflow/dags/dag_branching_2.py
[2023-02-17T09:00:45.427+0000] {logging_mixin.py:137} INFO - [2023-02-17T09:00:45.426+0000] {dag.py:2690} INFO - Sync 1 DAGs
[2023-02-17T09:00:45.486+0000] {logging_mixin.py:137} INFO - [2023-02-17T09:00:45.485+0000] {dag.py:3441} INFO - Setting next_dagrun for dag_branching_v02 to 2023-02-16T00:00:00+00:00, run_after=2023-02-17T00:00:00+00:00
[2023-02-17T09:00:45.510+0000] {processor.py:175} INFO - Processing /opt/airflow/dags/dag_branching_2.py took 0.229 seconds
[2023-02-17T09:01:15.890+0000] {processor.py:153} INFO - Started process (PID=695) to work on /opt/airflow/dags/dag_branching_2.py
[2023-02-17T09:01:15.893+0000] {processor.py:743} INFO - Processing file /opt/airflow/dags/dag_branching_2.py for tasks to queue
[2023-02-17T09:01:15.899+0000] {logging_mixin.py:137} INFO - [2023-02-17T09:01:15.898+0000] {dagbag.py:538} INFO - Filling up the DagBag from /opt/airflow/dags/dag_branching_2.py
[2023-02-17T09:01:15.955+0000] {processor.py:753} INFO - DAG(s) dict_keys(['dag_branching_v02']) retrieved from /opt/airflow/dags/dag_branching_2.py
[2023-02-17T09:01:16.017+0000] {logging_mixin.py:137} INFO - [2023-02-17T09:01:16.017+0000] {dag.py:2690} INFO - Sync 1 DAGs
[2023-02-17T09:01:16.081+0000] {logging_mixin.py:137} INFO - [2023-02-17T09:01:16.081+0000] {dag.py:3441} INFO - Setting next_dagrun for dag_branching_v02 to 2023-02-16T00:00:00+00:00, run_after=2023-02-17T00:00:00+00:00
[2023-02-17T09:01:16.103+0000] {processor.py:175} INFO - Processing /opt/airflow/dags/dag_branching_2.py took 0.221 seconds
[2023-02-17T09:01:46.379+0000] {processor.py:153} INFO - Started process (PID=760) to work on /opt/airflow/dags/dag_branching_2.py
[2023-02-17T09:01:46.381+0000] {processor.py:743} INFO - Processing file /opt/airflow/dags/dag_branching_2.py for tasks to queue
[2023-02-17T09:01:46.387+0000] {logging_mixin.py:137} INFO - [2023-02-17T09:01:46.387+0000] {dagbag.py:538} INFO - Filling up the DagBag from /opt/airflow/dags/dag_branching_2.py
[2023-02-17T09:01:46.420+0000] {processor.py:753} INFO - DAG(s) dict_keys(['dag_branching_v02']) retrieved from /opt/airflow/dags/dag_branching_2.py
[2023-02-17T09:01:46.473+0000] {logging_mixin.py:137} INFO - [2023-02-17T09:01:46.473+0000] {dag.py:2690} INFO - Sync 1 DAGs
[2023-02-17T09:01:46.541+0000] {logging_mixin.py:137} INFO - [2023-02-17T09:01:46.540+0000] {dag.py:3441} INFO - Setting next_dagrun for dag_branching_v02 to 2023-02-16T00:00:00+00:00, run_after=2023-02-17T00:00:00+00:00
[2023-02-17T09:01:46.592+0000] {processor.py:175} INFO - Processing /opt/airflow/dags/dag_branching_2.py took 0.220 seconds
[2023-02-17T09:02:16.810+0000] {processor.py:153} INFO - Started process (PID=836) to work on /opt/airflow/dags/dag_branching_2.py
[2023-02-17T09:02:16.814+0000] {processor.py:743} INFO - Processing file /opt/airflow/dags/dag_branching_2.py for tasks to queue
[2023-02-17T09:02:16.817+0000] {logging_mixin.py:137} INFO - [2023-02-17T09:02:16.816+0000] {dagbag.py:538} INFO - Filling up the DagBag from /opt/airflow/dags/dag_branching_2.py
[2023-02-17T09:02:16.889+0000] {processor.py:753} INFO - DAG(s) dict_keys(['dag_branching_v02']) retrieved from /opt/airflow/dags/dag_branching_2.py
[2023-02-17T09:02:16.962+0000] {logging_mixin.py:137} INFO - [2023-02-17T09:02:16.962+0000] {dag.py:2690} INFO - Sync 1 DAGs
[2023-02-17T09:02:17.008+0000] {logging_mixin.py:137} INFO - [2023-02-17T09:02:17.008+0000] {dag.py:3441} INFO - Setting next_dagrun for dag_branching_v02 to 2023-02-16T00:00:00+00:00, run_after=2023-02-17T00:00:00+00:00
[2023-02-17T09:02:17.046+0000] {processor.py:175} INFO - Processing /opt/airflow/dags/dag_branching_2.py took 0.256 seconds
[2023-02-17T09:02:47.481+0000] {processor.py:153} INFO - Started process (PID=901) to work on /opt/airflow/dags/dag_branching_2.py
[2023-02-17T09:02:47.518+0000] {processor.py:743} INFO - Processing file /opt/airflow/dags/dag_branching_2.py for tasks to queue
[2023-02-17T09:02:47.525+0000] {logging_mixin.py:137} INFO - [2023-02-17T09:02:47.525+0000] {dagbag.py:538} INFO - Filling up the DagBag from /opt/airflow/dags/dag_branching_2.py
[2023-02-17T09:02:47.699+0000] {processor.py:753} INFO - DAG(s) dict_keys(['dag_branching_v02']) retrieved from /opt/airflow/dags/dag_branching_2.py
[2023-02-17T09:02:47.956+0000] {logging_mixin.py:137} INFO - [2023-02-17T09:02:47.952+0000] {dag.py:2690} INFO - Sync 1 DAGs
[2023-02-17T09:02:48.102+0000] {logging_mixin.py:137} INFO - [2023-02-17T09:02:48.102+0000] {dag.py:3441} INFO - Setting next_dagrun for dag_branching_v02 to 2023-02-16T00:00:00+00:00, run_after=2023-02-17T00:00:00+00:00
[2023-02-17T09:02:48.171+0000] {processor.py:175} INFO - Processing /opt/airflow/dags/dag_branching_2.py took 0.750 seconds
