[2023-02-20T18:33:19.225+0000] {taskinstance.py:1083} INFO - Dependencies all met for <TaskInstance: csv_to_postgres_v01.download_csv_and_store_to_S3 manual__2023-02-20T18:33:17.985566+00:00 [queued]>
[2023-02-20T18:33:19.231+0000] {taskinstance.py:1083} INFO - Dependencies all met for <TaskInstance: csv_to_postgres_v01.download_csv_and_store_to_S3 manual__2023-02-20T18:33:17.985566+00:00 [queued]>
[2023-02-20T18:33:19.232+0000] {taskinstance.py:1279} INFO - 
--------------------------------------------------------------------------------
[2023-02-20T18:33:19.232+0000] {taskinstance.py:1280} INFO - Starting attempt 1 of 1
[2023-02-20T18:33:19.233+0000] {taskinstance.py:1281} INFO - 
--------------------------------------------------------------------------------
[2023-02-20T18:33:19.241+0000] {taskinstance.py:1300} INFO - Executing <Task(PythonOperator): download_csv_and_store_to_S3> on 2023-02-20 18:33:17.985566+00:00
[2023-02-20T18:33:19.247+0000] {standard_task_runner.py:55} INFO - Started process 9025 to run task
[2023-02-20T18:33:19.251+0000] {standard_task_runner.py:82} INFO - Running: ['***', 'tasks', 'run', 'csv_to_postgres_v01', 'download_csv_and_store_to_S3', 'manual__2023-02-20T18:33:17.985566+00:00', '--job-id', '172', '--raw', '--subdir', 'DAGS_FOLDER/clean_csv_via_s3_and_postgres.py', '--cfg-path', '/tmp/tmph2q0xeqe']
[2023-02-20T18:33:19.255+0000] {standard_task_runner.py:83} INFO - Job 172: Subtask download_csv_and_store_to_S3
[2023-02-20T18:33:19.315+0000] {task_command.py:388} INFO - Running <TaskInstance: csv_to_postgres_v01.download_csv_and_store_to_S3 manual__2023-02-20T18:33:17.985566+00:00 [running]> on host c2aaa60a62e5
[2023-02-20T18:33:19.389+0000] {taskinstance.py:1509} INFO - Exporting the following env vars:
AIRFLOW_CTX_DAG_OWNER=***
AIRFLOW_CTX_DAG_ID=csv_to_postgres_v01
AIRFLOW_CTX_TASK_ID=download_csv_and_store_to_S3
AIRFLOW_CTX_EXECUTION_DATE=2023-02-20T18:33:17.985566+00:00
AIRFLOW_CTX_TRY_NUMBER=1
AIRFLOW_CTX_DAG_RUN_ID=manual__2023-02-20T18:33:17.985566+00:00
[2023-02-20T18:33:20.578+0000] {taskinstance.py:1768} ERROR - Task failed with exception
Traceback (most recent call last):
  File "/home/airflow/.local/lib/python3.7/site-packages/airflow/operators/python.py", line 175, in execute
    return_value = self.execute_callable()
  File "/home/airflow/.local/lib/python3.7/site-packages/airflow/operators/python.py", line 192, in execute_callable
    return self.python_callable(*self.op_args, **self.op_kwargs)
  File "/opt/airflow/dags/clean_csv_via_s3_and_postgres.py", line 54, in download_csv_and_store_to_S3
    df = pd.read_csv(url)
  File "/home/airflow/.local/lib/python3.7/site-packages/pandas/util/_decorators.py", line 311, in wrapper
    return func(*args, **kwargs)
  File "/home/airflow/.local/lib/python3.7/site-packages/pandas/io/parsers/readers.py", line 586, in read_csv
    return _read(filepath_or_buffer, kwds)
  File "/home/airflow/.local/lib/python3.7/site-packages/pandas/io/parsers/readers.py", line 482, in _read
    parser = TextFileReader(filepath_or_buffer, **kwds)
  File "/home/airflow/.local/lib/python3.7/site-packages/pandas/io/parsers/readers.py", line 811, in __init__
    self._engine = self._make_engine(self.engine)
  File "/home/airflow/.local/lib/python3.7/site-packages/pandas/io/parsers/readers.py", line 1040, in _make_engine
    return mapping[engine](self.f, **self.options)  # type: ignore[call-arg]
  File "/home/airflow/.local/lib/python3.7/site-packages/pandas/io/parsers/c_parser_wrapper.py", line 51, in __init__
    self._open_handles(src, kwds)
  File "/home/airflow/.local/lib/python3.7/site-packages/pandas/io/parsers/base_parser.py", line 229, in _open_handles
    errors=kwds.get("encoding_errors", "strict"),
  File "/home/airflow/.local/lib/python3.7/site-packages/pandas/io/common.py", line 614, in get_handle
    storage_options=storage_options,
  File "/home/airflow/.local/lib/python3.7/site-packages/pandas/io/common.py", line 312, in _get_filepath_or_buffer
    with urlopen(req_info) as req:
  File "/home/airflow/.local/lib/python3.7/site-packages/pandas/io/common.py", line 212, in urlopen
    return urllib.request.urlopen(*args, **kwargs)
  File "/usr/local/lib/python3.7/urllib/request.py", line 222, in urlopen
    return opener.open(url, data, timeout)
  File "/usr/local/lib/python3.7/urllib/request.py", line 525, in open
    response = self._open(req, data)
  File "/usr/local/lib/python3.7/urllib/request.py", line 543, in _open
    '_open', req)
  File "/usr/local/lib/python3.7/urllib/request.py", line 503, in _call_chain
    result = func(*args)
  File "/usr/local/lib/python3.7/urllib/request.py", line 1393, in https_open
    context=self._context, check_hostname=self._check_hostname)
  File "/usr/local/lib/python3.7/urllib/request.py", line 1353, in do_open
    r = h.getresponse()
  File "/usr/local/lib/python3.7/http/client.py", line 1373, in getresponse
    response.begin()
  File "/usr/local/lib/python3.7/http/client.py", line 319, in begin
    version, status, reason = self._read_status()
  File "/usr/local/lib/python3.7/http/client.py", line 288, in _read_status
    raise RemoteDisconnected("Remote end closed connection without"
http.client.RemoteDisconnected: Remote end closed connection without response
[2023-02-20T18:33:20.625+0000] {taskinstance.py:1323} INFO - Marking task as FAILED. dag_id=csv_to_postgres_v01, task_id=download_csv_and_store_to_S3, execution_date=20230220T183317, start_date=20230220T183319, end_date=20230220T183320
[2023-02-20T18:33:20.640+0000] {standard_task_runner.py:105} ERROR - Failed to execute job 172 for task download_csv_and_store_to_S3 (Remote end closed connection without response; 9025)
[2023-02-20T18:33:20.695+0000] {local_task_job.py:208} INFO - Task exited with return code 1
[2023-02-20T18:33:20.720+0000] {taskinstance.py:2578} INFO - 0 downstream tasks scheduled from follow-on schedule check
