[2023-02-13T14:02:07.127+0000] {taskinstance.py:1083} INFO - Dependencies all met for <TaskInstance: first_dag.task_1 manual__2023-02-13T14:02:05.737157+00:00 [queued]>
[2023-02-13T14:02:07.142+0000] {taskinstance.py:1083} INFO - Dependencies all met for <TaskInstance: first_dag.task_1 manual__2023-02-13T14:02:05.737157+00:00 [queued]>
[2023-02-13T14:02:07.143+0000] {taskinstance.py:1279} INFO - 
--------------------------------------------------------------------------------
[2023-02-13T14:02:07.143+0000] {taskinstance.py:1280} INFO - Starting attempt 1 of 6
[2023-02-13T14:02:07.144+0000] {taskinstance.py:1281} INFO - 
--------------------------------------------------------------------------------
[2023-02-13T14:02:07.158+0000] {taskinstance.py:1300} INFO - Executing <Task(BashOperator): task_1> on 2023-02-13 14:02:05.737157+00:00
[2023-02-13T14:02:07.171+0000] {standard_task_runner.py:55} INFO - Started process 1591 to run task
[2023-02-13T14:02:07.176+0000] {standard_task_runner.py:82} INFO - Running: ['***', 'tasks', 'run', 'first_dag', 'task_1', 'manual__2023-02-13T14:02:05.737157+00:00', '--job-id', '3', '--raw', '--subdir', 'DAGS_FOLDER/dag-1.py', '--cfg-path', '/tmp/tmps2mrrytt']
[2023-02-13T14:02:07.179+0000] {standard_task_runner.py:83} INFO - Job 3: Subtask task_1
[2023-02-13T14:02:07.277+0000] {task_command.py:388} INFO - Running <TaskInstance: first_dag.task_1 manual__2023-02-13T14:02:05.737157+00:00 [running]> on host 38744fc0668d
[2023-02-13T14:02:07.345+0000] {taskinstance.py:1509} INFO - Exporting the following env vars:
AIRFLOW_CTX_DAG_OWNER=tlysenko
AIRFLOW_CTX_DAG_ID=first_dag
AIRFLOW_CTX_TASK_ID=task_1
AIRFLOW_CTX_EXECUTION_DATE=2023-02-13T14:02:05.737157+00:00
AIRFLOW_CTX_TRY_NUMBER=1
AIRFLOW_CTX_DAG_RUN_ID=manual__2023-02-13T14:02:05.737157+00:00
[2023-02-13T14:02:07.346+0000] {subprocess.py:63} INFO - Tmp dir root location: 
 /tmp
[2023-02-13T14:02:07.347+0000] {subprocess.py:75} INFO - Running command: ['/bin/bash', '-c', 'echo "Hello World!"']
[2023-02-13T14:02:07.363+0000] {subprocess.py:86} INFO - Output:
[2023-02-13T14:02:07.372+0000] {subprocess.py:93} INFO - Hello World!
[2023-02-13T14:02:07.373+0000] {subprocess.py:97} INFO - Command exited with return code 0
[2023-02-13T14:02:07.395+0000] {taskinstance.py:1323} INFO - Marking task as SUCCESS. dag_id=first_dag, task_id=task_1, execution_date=20230213T140205, start_date=20230213T140207, end_date=20230213T140207
[2023-02-13T14:02:07.431+0000] {local_task_job.py:208} INFO - Task exited with return code 0
[2023-02-13T14:02:07.445+0000] {taskinstance.py:2578} INFO - 0 downstream tasks scheduled from follow-on schedule check
