[2023-02-16T01:06:57.932+0000] {taskinstance.py:1083} INFO - Dependencies all met for <TaskInstance: dag_branching_v02.choose_best_model scheduled__2023-02-15T00:00:00+00:00 [queued]>
[2023-02-16T01:06:57.951+0000] {taskinstance.py:1083} INFO - Dependencies all met for <TaskInstance: dag_branching_v02.choose_best_model scheduled__2023-02-15T00:00:00+00:00 [queued]>
[2023-02-16T01:06:57.953+0000] {taskinstance.py:1279} INFO - 
--------------------------------------------------------------------------------
[2023-02-16T01:06:57.955+0000] {taskinstance.py:1280} INFO - Starting attempt 1 of 1
[2023-02-16T01:06:57.957+0000] {taskinstance.py:1281} INFO - 
--------------------------------------------------------------------------------
[2023-02-16T01:06:58.000+0000] {taskinstance.py:1300} INFO - Executing <Task(BranchPythonOperator): choose_best_model> on 2023-02-15 00:00:00+00:00
[2023-02-16T01:06:58.016+0000] {standard_task_runner.py:55} INFO - Started process 27697 to run task
[2023-02-16T01:06:58.047+0000] {standard_task_runner.py:82} INFO - Running: ['***', 'tasks', 'run', 'dag_branching_v02', 'choose_best_model', 'scheduled__2023-02-15T00:00:00+00:00', '--job-id', '127', '--raw', '--subdir', 'DAGS_FOLDER/dag_branching_2.py', '--cfg-path', '/tmp/tmpgbgpy4t_']
[2023-02-16T01:06:58.060+0000] {standard_task_runner.py:83} INFO - Job 127: Subtask choose_best_model
[2023-02-16T01:06:58.280+0000] {task_command.py:388} INFO - Running <TaskInstance: dag_branching_v02.choose_best_model scheduled__2023-02-15T00:00:00+00:00 [running]> on host 20eb5e5814e6
[2023-02-16T01:06:58.578+0000] {taskinstance.py:1509} INFO - Exporting the following env vars:
AIRFLOW_CTX_DAG_OWNER=***
AIRFLOW_CTX_DAG_ID=dag_branching_v02
AIRFLOW_CTX_TASK_ID=choose_best_model
AIRFLOW_CTX_EXECUTION_DATE=2023-02-15T00:00:00+00:00
AIRFLOW_CTX_TRY_NUMBER=1
AIRFLOW_CTX_DAG_RUN_ID=scheduled__2023-02-15T00:00:00+00:00
[2023-02-16T01:06:58.581+0000] {python.py:177} INFO - Done. Returned value was: accurate
[2023-02-16T01:06:58.582+0000] {python.py:211} INFO - Branch callable return accurate
[2023-02-16T01:06:58.583+0000] {skipmixin.py:155} INFO - Following branch accurate
[2023-02-16T01:06:58.584+0000] {skipmixin.py:211} INFO - Skipping tasks ['inaccurate']
[2023-02-16T01:06:58.676+0000] {taskinstance.py:1323} INFO - Marking task as SUCCESS. dag_id=dag_branching_v02, task_id=choose_best_model, execution_date=20230215T000000, start_date=20230216T010657, end_date=20230216T010658
[2023-02-16T01:06:58.754+0000] {local_task_job.py:208} INFO - Task exited with return code 0
[2023-02-16T01:06:58.855+0000] {taskinstance.py:2578} INFO - 1 downstream tasks scheduled from follow-on schedule check
