[2023-02-15T00:57:25.434+0000] {taskinstance.py:1083} INFO - Dependencies all met for <TaskInstance: postgres_operator_dag_v1_05.insert_into_postgres_table scheduled__2023-02-14T00:00:00+00:00 [queued]>
[2023-02-15T00:57:25.442+0000] {taskinstance.py:1083} INFO - Dependencies all met for <TaskInstance: postgres_operator_dag_v1_05.insert_into_postgres_table scheduled__2023-02-14T00:00:00+00:00 [queued]>
[2023-02-15T00:57:25.442+0000] {taskinstance.py:1279} INFO - 
--------------------------------------------------------------------------------
[2023-02-15T00:57:25.443+0000] {taskinstance.py:1280} INFO - Starting attempt 1 of 6
[2023-02-15T00:57:25.443+0000] {taskinstance.py:1281} INFO - 
--------------------------------------------------------------------------------
[2023-02-15T00:57:25.451+0000] {taskinstance.py:1300} INFO - Executing <Task(PostgresOperator): insert_into_postgres_table> on 2023-02-14 00:00:00+00:00
[2023-02-15T00:57:25.458+0000] {standard_task_runner.py:55} INFO - Started process 11669 to run task
[2023-02-15T00:57:25.461+0000] {standard_task_runner.py:82} INFO - Running: ['***', 'tasks', 'run', 'postgres_operator_dag_v1_05', 'insert_into_postgres_table', 'scheduled__2023-02-14T00:00:00+00:00', '--job-id', '103', '--raw', '--subdir', 'DAGS_FOLDER/dag_with_postgres_operator.py', '--cfg-path', '/tmp/tmp5s4qovfe']
[2023-02-15T00:57:25.463+0000] {standard_task_runner.py:83} INFO - Job 103: Subtask insert_into_postgres_table
[2023-02-15T00:57:25.518+0000] {task_command.py:388} INFO - Running <TaskInstance: postgres_operator_dag_v1_05.insert_into_postgres_table scheduled__2023-02-14T00:00:00+00:00 [running]> on host 01550fe0586b
[2023-02-15T00:57:25.564+0000] {taskinstance.py:1509} INFO - Exporting the following env vars:
AIRFLOW_CTX_DAG_OWNER=tlysenko
AIRFLOW_CTX_DAG_ID=postgres_operator_dag_v1_05
AIRFLOW_CTX_TASK_ID=insert_into_postgres_table
AIRFLOW_CTX_EXECUTION_DATE=2023-02-14T00:00:00+00:00
AIRFLOW_CTX_TRY_NUMBER=1
AIRFLOW_CTX_DAG_RUN_ID=scheduled__2023-02-14T00:00:00+00:00
[2023-02-15T00:57:25.565+0000] {sql.py:254} INFO - Executing: 
            INSERT INTO dag_runs(dt, dag_id) values('2023-02-14', 'postgres_operator_dag_v1_05')
        
[2023-02-15T00:57:25.573+0000] {base.py:73} INFO - Using connection ID 'postgres_localhost' for task execution.
[2023-02-15T00:57:25.674+0000] {base.py:73} INFO - Using connection ID 'postgres_localhost' for task execution.
[2023-02-15T00:57:25.680+0000] {sql.py:375} INFO - Running statement: 
            INSERT INTO dag_runs(dt, dag_id) values('2023-02-14', 'postgres_operator_dag_v1_05')
        , parameters: None
[2023-02-15T00:57:25.683+0000] {taskinstance.py:1768} ERROR - Task failed with exception
Traceback (most recent call last):
  File "/home/airflow/.local/lib/python3.7/site-packages/airflow/providers/common/sql/operators/sql.py", line 266, in execute
    **extra_kwargs,
  File "/home/airflow/.local/lib/python3.7/site-packages/airflow/providers/common/sql/hooks/sql.py", line 349, in run
    self._run_command(cur, sql_statement, parameters)
  File "/home/airflow/.local/lib/python3.7/site-packages/airflow/providers/common/sql/hooks/sql.py", line 380, in _run_command
    cur.execute(sql_statement)
psycopg2.errors.UniqueViolation: duplicate key value violates unique constraint "dag_runs_pkey"
DETAIL:  Key (dt, dag_id)=(2023-02-14, postgres_operator_dag_v1_05) already exists.

[2023-02-15T00:57:25.697+0000] {taskinstance.py:1323} INFO - Marking task as UP_FOR_RETRY. dag_id=postgres_operator_dag_v1_05, task_id=insert_into_postgres_table, execution_date=20230214T000000, start_date=20230215T005725, end_date=20230215T005725
[2023-02-15T00:57:25.705+0000] {standard_task_runner.py:105} ERROR - Failed to execute job 103 for task insert_into_postgres_table (duplicate key value violates unique constraint "dag_runs_pkey"
DETAIL:  Key (dt, dag_id)=(2023-02-14, postgres_operator_dag_v1_05) already exists.
; 11669)
[2023-02-15T00:57:25.720+0000] {local_task_job.py:208} INFO - Task exited with return code 1
[2023-02-15T00:57:25.736+0000] {taskinstance.py:2578} INFO - 0 downstream tasks scheduled from follow-on schedule check
