[2023-02-14T13:38:34.209+0000] {taskinstance.py:1083} INFO - Dependencies all met for <TaskInstance: postgres_operator_dag_v1.3.insert_into_postgres_table manual__2023-02-14T13:35:17.757098+00:00 [queued]>
[2023-02-14T13:38:34.216+0000] {taskinstance.py:1083} INFO - Dependencies all met for <TaskInstance: postgres_operator_dag_v1.3.insert_into_postgres_table manual__2023-02-14T13:35:17.757098+00:00 [queued]>
[2023-02-14T13:38:34.217+0000] {taskinstance.py:1279} INFO - 
--------------------------------------------------------------------------------
[2023-02-14T13:38:34.217+0000] {taskinstance.py:1280} INFO - Starting attempt 3 of 7
[2023-02-14T13:38:34.217+0000] {taskinstance.py:1281} INFO - 
--------------------------------------------------------------------------------
[2023-02-14T13:38:34.226+0000] {taskinstance.py:1300} INFO - Executing <Task(PostgresOperator): insert_into_postgres_table> on 2023-02-14 13:35:17.757098+00:00
[2023-02-14T13:38:34.234+0000] {standard_task_runner.py:55} INFO - Started process 6078 to run task
[2023-02-14T13:38:34.237+0000] {standard_task_runner.py:82} INFO - Running: ['***', 'tasks', 'run', 'postgres_operator_dag_v1.3', 'insert_into_postgres_table', 'manual__2023-02-14T13:35:17.757098+00:00', '--job-id', '81', '--raw', '--subdir', 'DAGS_FOLDER/dag_with_postgres_operator.py', '--cfg-path', '/tmp/tmp7doykvd4']
[2023-02-14T13:38:34.240+0000] {standard_task_runner.py:83} INFO - Job 81: Subtask insert_into_postgres_table
[2023-02-14T13:38:34.303+0000] {task_command.py:388} INFO - Running <TaskInstance: postgres_operator_dag_v1.3.insert_into_postgres_table manual__2023-02-14T13:35:17.757098+00:00 [running]> on host 01550fe0586b
[2023-02-14T13:38:34.396+0000] {taskinstance.py:1509} INFO - Exporting the following env vars:
AIRFLOW_CTX_DAG_OWNER=tlysenko
AIRFLOW_CTX_DAG_ID=postgres_operator_dag_v1.3
AIRFLOW_CTX_TASK_ID=insert_into_postgres_table
AIRFLOW_CTX_EXECUTION_DATE=2023-02-14T13:35:17.757098+00:00
AIRFLOW_CTX_TRY_NUMBER=3
AIRFLOW_CTX_DAG_RUN_ID=manual__2023-02-14T13:35:17.757098+00:00
[2023-02-14T13:38:34.397+0000] {sql.py:254} INFO - Executing: 
            INSERT INTO dag_runs(dt, dag_id) values(2023-02-14, postgres_operator_dag_v1.3)
        
[2023-02-14T13:38:34.414+0000] {base.py:73} INFO - Using connection ID 'postgres_localhost' for task execution.
[2023-02-14T13:38:34.579+0000] {base.py:73} INFO - Using connection ID 'postgres_localhost' for task execution.
[2023-02-14T13:38:34.594+0000] {sql.py:375} INFO - Running statement: 
            INSERT INTO dag_runs(dt, dag_id) values(2023-02-14, postgres_operator_dag_v1.3)
        , parameters: None
[2023-02-14T13:38:34.596+0000] {taskinstance.py:1768} ERROR - Task failed with exception
Traceback (most recent call last):
  File "/home/airflow/.local/lib/python3.7/site-packages/airflow/providers/common/sql/operators/sql.py", line 266, in execute
    **extra_kwargs,
  File "/home/airflow/.local/lib/python3.7/site-packages/airflow/providers/common/sql/hooks/sql.py", line 349, in run
    self._run_command(cur, sql_statement, parameters)
  File "/home/airflow/.local/lib/python3.7/site-packages/airflow/providers/common/sql/hooks/sql.py", line 380, in _run_command
    cur.execute(sql_statement)
psycopg2.errors.SyntaxError: syntax error at or near ".3"
LINE 2: ...s(dt, dag_id) values(2023-02-14, postgres_operator_dag_v1.3)
                                                                    ^

[2023-02-14T13:38:34.607+0000] {taskinstance.py:1323} INFO - Marking task as UP_FOR_RETRY. dag_id=postgres_operator_dag_v1.3, task_id=insert_into_postgres_table, execution_date=20230214T133517, start_date=20230214T133834, end_date=20230214T133834
[2023-02-14T13:38:34.618+0000] {standard_task_runner.py:105} ERROR - Failed to execute job 81 for task insert_into_postgres_table (syntax error at or near ".3"
LINE 2: ...s(dt, dag_id) values(2023-02-14, postgres_operator_dag_v1.3)
                                                                    ^
; 6078)
[2023-02-14T13:38:34.667+0000] {local_task_job.py:208} INFO - Task exited with return code 1
[2023-02-14T13:38:34.687+0000] {taskinstance.py:2578} INFO - 0 downstream tasks scheduled from follow-on schedule check
