[2023-02-13T14:21:39.245+0000] {taskinstance.py:1083} INFO - Dependencies all met for <TaskInstance: first_dag_v2.task_1 manual__2023-02-13T14:21:38.377075+00:00 [queued]>
[2023-02-13T14:21:39.251+0000] {taskinstance.py:1083} INFO - Dependencies all met for <TaskInstance: first_dag_v2.task_1 manual__2023-02-13T14:21:38.377075+00:00 [queued]>
[2023-02-13T14:21:39.252+0000] {taskinstance.py:1279} INFO - 
--------------------------------------------------------------------------------
[2023-02-13T14:21:39.252+0000] {taskinstance.py:1280} INFO - Starting attempt 1 of 6
[2023-02-13T14:21:39.252+0000] {taskinstance.py:1281} INFO - 
--------------------------------------------------------------------------------
[2023-02-13T14:21:39.263+0000] {taskinstance.py:1300} INFO - Executing <Task(BashOperator): task_1> on 2023-02-13 14:21:38.377075+00:00
[2023-02-13T14:21:39.270+0000] {standard_task_runner.py:55} INFO - Started process 3003 to run task
[2023-02-13T14:21:39.274+0000] {standard_task_runner.py:82} INFO - Running: ['***', 'tasks', 'run', 'first_dag_v2', 'task_1', 'manual__2023-02-13T14:21:38.377075+00:00', '--job-id', '4', '--raw', '--subdir', 'DAGS_FOLDER/dag-1.py', '--cfg-path', '/tmp/tmp1e2ahizx']
[2023-02-13T14:21:39.277+0000] {standard_task_runner.py:83} INFO - Job 4: Subtask task_1
[2023-02-13T14:21:39.342+0000] {task_command.py:388} INFO - Running <TaskInstance: first_dag_v2.task_1 manual__2023-02-13T14:21:38.377075+00:00 [running]> on host 38744fc0668d
[2023-02-13T14:21:39.393+0000] {taskinstance.py:1509} INFO - Exporting the following env vars:
AIRFLOW_CTX_DAG_OWNER=tlysenko
AIRFLOW_CTX_DAG_ID=first_dag_v2
AIRFLOW_CTX_TASK_ID=task_1
AIRFLOW_CTX_EXECUTION_DATE=2023-02-13T14:21:38.377075+00:00
AIRFLOW_CTX_TRY_NUMBER=1
AIRFLOW_CTX_DAG_RUN_ID=manual__2023-02-13T14:21:38.377075+00:00
[2023-02-13T14:21:39.395+0000] {subprocess.py:63} INFO - Tmp dir root location: 
 /tmp
[2023-02-13T14:21:39.396+0000] {subprocess.py:75} INFO - Running command: ['/bin/bash', '-c', 'echo "Hello World!"']
[2023-02-13T14:21:39.404+0000] {subprocess.py:86} INFO - Output:
[2023-02-13T14:21:39.407+0000] {subprocess.py:93} INFO - Hello World!
[2023-02-13T14:21:39.407+0000] {subprocess.py:97} INFO - Command exited with return code 0
[2023-02-13T14:21:39.427+0000] {taskinstance.py:1323} INFO - Marking task as SUCCESS. dag_id=first_dag_v2, task_id=task_1, execution_date=20230213T142138, start_date=20230213T142139, end_date=20230213T142139
[2023-02-13T14:21:39.447+0000] {local_task_job.py:208} INFO - Task exited with return code 0
[2023-02-13T14:21:39.463+0000] {taskinstance.py:2578} INFO - 1 downstream tasks scheduled from follow-on schedule check
