[2023-02-23T15:38:16.800+0000] {processor.py:153} INFO - Started process (PID=83092) to work on /opt/airflow/dags/dag_branching3.py
[2023-02-23T15:38:16.802+0000] {processor.py:743} INFO - Processing file /opt/airflow/dags/dag_branching3.py for tasks to queue
[2023-02-23T15:38:16.803+0000] {logging_mixin.py:137} INFO - [2023-02-23T15:38:16.803+0000] {dagbag.py:538} INFO - Filling up the DagBag from /opt/airflow/dags/dag_branching3.py
[2023-02-23T15:38:16.861+0000] {processor.py:753} INFO - DAG(s) dict_keys(['dag_branding_3_v01']) retrieved from /opt/airflow/dags/dag_branching3.py
[2023-02-23T15:38:17.013+0000] {logging_mixin.py:137} INFO - [2023-02-23T15:38:17.013+0000] {manager.py:504} INFO - Created Permission View: can read on DAG:dag_branding_3_v01
[2023-02-23T15:38:17.020+0000] {logging_mixin.py:137} INFO - [2023-02-23T15:38:17.020+0000] {manager.py:504} INFO - Created Permission View: can delete on DAG:dag_branding_3_v01
[2023-02-23T15:38:17.023+0000] {logging_mixin.py:137} INFO - [2023-02-23T15:38:17.023+0000] {manager.py:504} INFO - Created Permission View: can edit on DAG:dag_branding_3_v01
[2023-02-23T15:38:17.024+0000] {logging_mixin.py:137} INFO - [2023-02-23T15:38:17.024+0000] {dag.py:2690} INFO - Sync 1 DAGs
[2023-02-23T15:38:17.033+0000] {logging_mixin.py:137} INFO - [2023-02-23T15:38:17.033+0000] {dag.py:2711} INFO - Creating ORM DAG for dag_branding_3_v01
[2023-02-23T15:38:17.050+0000] {logging_mixin.py:137} INFO - [2023-02-23T15:38:17.050+0000] {dag.py:3441} INFO - Setting next_dagrun for dag_branding_3_v01 to 2023-02-20T00:00:00+00:00, run_after=2023-02-21T00:00:00+00:00
[2023-02-23T15:38:17.071+0000] {processor.py:175} INFO - Processing /opt/airflow/dags/dag_branching3.py took 0.279 seconds
[2023-02-23T15:38:43.456+0000] {processor.py:153} INFO - Started process (PID=83167) to work on /opt/airflow/dags/dag_branching3.py
[2023-02-23T15:38:43.458+0000] {processor.py:743} INFO - Processing file /opt/airflow/dags/dag_branching3.py for tasks to queue
[2023-02-23T15:38:43.459+0000] {logging_mixin.py:137} INFO - [2023-02-23T15:38:43.459+0000] {dagbag.py:538} INFO - Filling up the DagBag from /opt/airflow/dags/dag_branching3.py
[2023-02-23T15:38:43.481+0000] {logging_mixin.py:137} INFO - [2023-02-23T15:38:43.477+0000] {dagbag.py:343} ERROR - Failed to import: /opt/airflow/dags/dag_branching3.py
Traceback (most recent call last):
  File "/home/airflow/.local/lib/python3.7/site-packages/airflow/models/dagbag.py", line 339, in parse
    loader.exec_module(new_module)
  File "<frozen importlib._bootstrap_external>", line 728, in exec_module
  File "<frozen importlib._bootstrap>", line 219, in _call_with_frames_removed
  File "/opt/airflow/dags/dag_branching3.py", line 7, in <module>
    start_date=airflow.utils.dates.days_ago(3),
NameError: name 'airflow' is not defined
[2023-02-23T15:38:43.482+0000] {processor.py:755} WARNING - No viable dags retrieved from /opt/airflow/dags/dag_branching3.py
[2023-02-23T15:38:43.531+0000] {processor.py:175} INFO - Processing /opt/airflow/dags/dag_branching3.py took 0.081 seconds
[2023-02-23T15:39:14.376+0000] {processor.py:153} INFO - Started process (PID=83241) to work on /opt/airflow/dags/dag_branching3.py
[2023-02-23T15:39:14.378+0000] {processor.py:743} INFO - Processing file /opt/airflow/dags/dag_branching3.py for tasks to queue
[2023-02-23T15:39:14.380+0000] {logging_mixin.py:137} INFO - [2023-02-23T15:39:14.380+0000] {dagbag.py:538} INFO - Filling up the DagBag from /opt/airflow/dags/dag_branching3.py
[2023-02-23T15:39:14.394+0000] {logging_mixin.py:137} INFO - [2023-02-23T15:39:14.391+0000] {dagbag.py:343} ERROR - Failed to import: /opt/airflow/dags/dag_branching3.py
Traceback (most recent call last):
  File "/home/airflow/.local/lib/python3.7/site-packages/airflow/models/dagbag.py", line 339, in parse
    loader.exec_module(new_module)
  File "<frozen importlib._bootstrap_external>", line 728, in exec_module
  File "<frozen importlib._bootstrap>", line 219, in _call_with_frames_removed
  File "/opt/airflow/dags/dag_branching3.py", line 7, in <module>
    start_date=airflow.utils.dates.days_ago(3),
NameError: name 'airflow' is not defined
[2023-02-23T15:39:14.396+0000] {processor.py:755} WARNING - No viable dags retrieved from /opt/airflow/dags/dag_branching3.py
[2023-02-23T15:39:14.434+0000] {processor.py:175} INFO - Processing /opt/airflow/dags/dag_branching3.py took 0.065 seconds
[2023-02-23T15:39:25.175+0000] {processor.py:153} INFO - Started process (PID=83274) to work on /opt/airflow/dags/dag_branching3.py
[2023-02-23T15:39:25.182+0000] {processor.py:743} INFO - Processing file /opt/airflow/dags/dag_branching3.py for tasks to queue
[2023-02-23T15:39:25.185+0000] {logging_mixin.py:137} INFO - [2023-02-23T15:39:25.185+0000] {dagbag.py:538} INFO - Filling up the DagBag from /opt/airflow/dags/dag_branching3.py
[2023-02-23T15:39:25.206+0000] {logging_mixin.py:137} INFO - [2023-02-23T15:39:25.204+0000] {dagbag.py:343} ERROR - Failed to import: /opt/airflow/dags/dag_branching3.py
Traceback (most recent call last):
  File "/home/airflow/.local/lib/python3.7/site-packages/airflow/models/dagbag.py", line 339, in parse
    loader.exec_module(new_module)
  File "<frozen importlib._bootstrap_external>", line 728, in exec_module
  File "<frozen importlib._bootstrap>", line 219, in _call_with_frames_removed
  File "/opt/airflow/dags/dag_branching3.py", line 7, in <module>
    start_date=airflow.utils.dates.days_ago(3),
NameError: name 'airflow' is not defined
[2023-02-23T15:39:25.207+0000] {processor.py:755} WARNING - No viable dags retrieved from /opt/airflow/dags/dag_branching3.py
[2023-02-23T15:39:25.253+0000] {processor.py:175} INFO - Processing /opt/airflow/dags/dag_branching3.py took 0.083 seconds
[2023-02-23T15:39:38.944+0000] {processor.py:153} INFO - Started process (PID=83306) to work on /opt/airflow/dags/dag_branching3.py
[2023-02-23T15:39:38.947+0000] {processor.py:743} INFO - Processing file /opt/airflow/dags/dag_branching3.py for tasks to queue
[2023-02-23T15:39:38.948+0000] {logging_mixin.py:137} INFO - [2023-02-23T15:39:38.948+0000] {dagbag.py:538} INFO - Filling up the DagBag from /opt/airflow/dags/dag_branching3.py
[2023-02-23T15:39:38.989+0000] {logging_mixin.py:137} INFO - [2023-02-23T15:39:38.982+0000] {dagbag.py:343} ERROR - Failed to import: /opt/airflow/dags/dag_branching3.py
Traceback (most recent call last):
  File "/home/airflow/.local/lib/python3.7/site-packages/airflow/models/dagbag.py", line 339, in parse
    loader.exec_module(new_module)
  File "<frozen importlib._bootstrap_external>", line 728, in exec_module
  File "<frozen importlib._bootstrap>", line 219, in _call_with_frames_removed
  File "/opt/airflow/dags/dag_branching3.py", line 7, in <module>
    start_date=dates.days_ago(3),
NameError: name 'dates' is not defined
[2023-02-23T15:39:38.990+0000] {processor.py:755} WARNING - No viable dags retrieved from /opt/airflow/dags/dag_branching3.py
[2023-02-23T15:39:39.038+0000] {processor.py:175} INFO - Processing /opt/airflow/dags/dag_branching3.py took 0.112 seconds
[2023-02-23T15:39:53.498+0000] {processor.py:153} INFO - Started process (PID=83355) to work on /opt/airflow/dags/dag_branching3.py
[2023-02-23T15:39:53.499+0000] {processor.py:743} INFO - Processing file /opt/airflow/dags/dag_branching3.py for tasks to queue
[2023-02-23T15:39:53.500+0000] {logging_mixin.py:137} INFO - [2023-02-23T15:39:53.500+0000] {dagbag.py:538} INFO - Filling up the DagBag from /opt/airflow/dags/dag_branching3.py
[2023-02-23T15:39:53.528+0000] {processor.py:753} INFO - DAG(s) dict_keys(['dag_branding_3_v01']) retrieved from /opt/airflow/dags/dag_branching3.py
[2023-02-23T15:39:53.694+0000] {logging_mixin.py:137} INFO - [2023-02-23T15:39:53.693+0000] {dag.py:2690} INFO - Sync 1 DAGs
[2023-02-23T15:39:53.738+0000] {logging_mixin.py:137} INFO - [2023-02-23T15:39:53.738+0000] {dag.py:3441} INFO - Setting next_dagrun for dag_branding_3_v01 to 2023-02-20T00:00:00+00:00, run_after=2023-02-21T00:00:00+00:00
[2023-02-23T15:39:53.761+0000] {processor.py:175} INFO - Processing /opt/airflow/dags/dag_branching3.py took 0.269 seconds
[2023-02-23T15:40:06.095+0000] {processor.py:153} INFO - Started process (PID=83387) to work on /opt/airflow/dags/dag_branching3.py
[2023-02-23T15:40:06.097+0000] {processor.py:743} INFO - Processing file /opt/airflow/dags/dag_branching3.py for tasks to queue
[2023-02-23T15:40:06.099+0000] {logging_mixin.py:137} INFO - [2023-02-23T15:40:06.099+0000] {dagbag.py:538} INFO - Filling up the DagBag from /opt/airflow/dags/dag_branching3.py
[2023-02-23T15:40:06.170+0000] {processor.py:753} INFO - DAG(s) dict_keys(['dag_branching_3_v01']) retrieved from /opt/airflow/dags/dag_branching3.py
[2023-02-23T15:40:06.346+0000] {logging_mixin.py:137} INFO - [2023-02-23T15:40:06.346+0000] {manager.py:504} INFO - Created Permission View: can read on DAG:dag_branching_3_v01
[2023-02-23T15:40:06.352+0000] {logging_mixin.py:137} INFO - [2023-02-23T15:40:06.352+0000] {manager.py:504} INFO - Created Permission View: can delete on DAG:dag_branching_3_v01
[2023-02-23T15:40:06.356+0000] {logging_mixin.py:137} INFO - [2023-02-23T15:40:06.356+0000] {manager.py:504} INFO - Created Permission View: can edit on DAG:dag_branching_3_v01
[2023-02-23T15:40:06.356+0000] {logging_mixin.py:137} INFO - [2023-02-23T15:40:06.356+0000] {dag.py:2690} INFO - Sync 1 DAGs
[2023-02-23T15:40:06.375+0000] {logging_mixin.py:137} INFO - [2023-02-23T15:40:06.375+0000] {dag.py:2711} INFO - Creating ORM DAG for dag_branching_3_v01
[2023-02-23T15:40:06.397+0000] {logging_mixin.py:137} INFO - [2023-02-23T15:40:06.397+0000] {dag.py:3441} INFO - Setting next_dagrun for dag_branching_3_v01 to 2023-02-20T00:00:00+00:00, run_after=2023-02-21T00:00:00+00:00
[2023-02-23T15:40:06.428+0000] {processor.py:175} INFO - Processing /opt/airflow/dags/dag_branching3.py took 0.341 seconds
[2023-02-23T15:40:36.853+0000] {processor.py:153} INFO - Started process (PID=83474) to work on /opt/airflow/dags/dag_branching3.py
[2023-02-23T15:40:36.856+0000] {processor.py:743} INFO - Processing file /opt/airflow/dags/dag_branching3.py for tasks to queue
[2023-02-23T15:40:36.857+0000] {logging_mixin.py:137} INFO - [2023-02-23T15:40:36.857+0000] {dagbag.py:538} INFO - Filling up the DagBag from /opt/airflow/dags/dag_branching3.py
[2023-02-23T15:40:36.896+0000] {processor.py:753} INFO - DAG(s) dict_keys(['dag_branching_3_v01']) retrieved from /opt/airflow/dags/dag_branching3.py
[2023-02-23T15:40:36.928+0000] {logging_mixin.py:137} INFO - [2023-02-23T15:40:36.928+0000] {dag.py:2690} INFO - Sync 1 DAGs
[2023-02-23T15:40:36.949+0000] {logging_mixin.py:137} INFO - [2023-02-23T15:40:36.949+0000] {dag.py:3441} INFO - Setting next_dagrun for dag_branching_3_v01 to 2023-02-23T00:00:00+00:00, run_after=2023-02-24T00:00:00+00:00
[2023-02-23T15:40:36.972+0000] {processor.py:175} INFO - Processing /opt/airflow/dags/dag_branching3.py took 0.125 seconds
[2023-02-23T15:41:07.085+0000] {processor.py:153} INFO - Started process (PID=83559) to work on /opt/airflow/dags/dag_branching3.py
[2023-02-23T15:41:07.087+0000] {processor.py:743} INFO - Processing file /opt/airflow/dags/dag_branching3.py for tasks to queue
[2023-02-23T15:41:07.089+0000] {logging_mixin.py:137} INFO - [2023-02-23T15:41:07.088+0000] {dagbag.py:538} INFO - Filling up the DagBag from /opt/airflow/dags/dag_branching3.py
[2023-02-23T15:41:07.115+0000] {processor.py:753} INFO - DAG(s) dict_keys(['dag_branching_3_v01']) retrieved from /opt/airflow/dags/dag_branching3.py
[2023-02-23T15:41:07.176+0000] {logging_mixin.py:137} INFO - [2023-02-23T15:41:07.176+0000] {dag.py:2690} INFO - Sync 1 DAGs
[2023-02-23T15:41:07.203+0000] {logging_mixin.py:137} INFO - [2023-02-23T15:41:07.202+0000] {dag.py:3441} INFO - Setting next_dagrun for dag_branching_3_v01 to 2023-02-23T00:00:00+00:00, run_after=2023-02-24T00:00:00+00:00
[2023-02-23T15:41:07.217+0000] {processor.py:175} INFO - Processing /opt/airflow/dags/dag_branching3.py took 0.137 seconds
[2023-02-23T15:41:37.605+0000] {processor.py:153} INFO - Started process (PID=83637) to work on /opt/airflow/dags/dag_branching3.py
[2023-02-23T15:41:37.607+0000] {processor.py:743} INFO - Processing file /opt/airflow/dags/dag_branching3.py for tasks to queue
[2023-02-23T15:41:37.608+0000] {logging_mixin.py:137} INFO - [2023-02-23T15:41:37.608+0000] {dagbag.py:538} INFO - Filling up the DagBag from /opt/airflow/dags/dag_branching3.py
[2023-02-23T15:41:37.637+0000] {processor.py:753} INFO - DAG(s) dict_keys(['dag_branching_3_v01']) retrieved from /opt/airflow/dags/dag_branching3.py
[2023-02-23T15:41:37.663+0000] {logging_mixin.py:137} INFO - [2023-02-23T15:41:37.663+0000] {dag.py:2690} INFO - Sync 1 DAGs
[2023-02-23T15:41:37.691+0000] {logging_mixin.py:137} INFO - [2023-02-23T15:41:37.691+0000] {dag.py:3441} INFO - Setting next_dagrun for dag_branching_3_v01 to 2023-02-23T00:00:00+00:00, run_after=2023-02-24T00:00:00+00:00
[2023-02-23T15:41:37.704+0000] {processor.py:175} INFO - Processing /opt/airflow/dags/dag_branching3.py took 0.107 seconds
[2023-02-23T15:42:07.991+0000] {processor.py:153} INFO - Started process (PID=83725) to work on /opt/airflow/dags/dag_branching3.py
[2023-02-23T15:42:07.994+0000] {processor.py:743} INFO - Processing file /opt/airflow/dags/dag_branching3.py for tasks to queue
[2023-02-23T15:42:07.996+0000] {logging_mixin.py:137} INFO - [2023-02-23T15:42:07.995+0000] {dagbag.py:538} INFO - Filling up the DagBag from /opt/airflow/dags/dag_branching3.py
[2023-02-23T15:42:08.036+0000] {processor.py:753} INFO - DAG(s) dict_keys(['dag_branching_3_v01']) retrieved from /opt/airflow/dags/dag_branching3.py
[2023-02-23T15:42:08.061+0000] {logging_mixin.py:137} INFO - [2023-02-23T15:42:08.061+0000] {dag.py:2690} INFO - Sync 1 DAGs
[2023-02-23T15:42:08.081+0000] {logging_mixin.py:137} INFO - [2023-02-23T15:42:08.081+0000] {dag.py:3441} INFO - Setting next_dagrun for dag_branching_3_v01 to 2023-02-23T00:00:00+00:00, run_after=2023-02-24T00:00:00+00:00
[2023-02-23T15:42:08.101+0000] {processor.py:175} INFO - Processing /opt/airflow/dags/dag_branching3.py took 0.120 seconds
[2023-02-23T15:42:38.938+0000] {processor.py:153} INFO - Started process (PID=83800) to work on /opt/airflow/dags/dag_branching3.py
[2023-02-23T15:42:38.939+0000] {processor.py:743} INFO - Processing file /opt/airflow/dags/dag_branching3.py for tasks to queue
[2023-02-23T15:42:38.940+0000] {logging_mixin.py:137} INFO - [2023-02-23T15:42:38.940+0000] {dagbag.py:538} INFO - Filling up the DagBag from /opt/airflow/dags/dag_branching3.py
[2023-02-23T15:42:38.956+0000] {processor.py:753} INFO - DAG(s) dict_keys(['dag_branching_3_v01']) retrieved from /opt/airflow/dags/dag_branching3.py
[2023-02-23T15:42:38.976+0000] {logging_mixin.py:137} INFO - [2023-02-23T15:42:38.976+0000] {dag.py:2690} INFO - Sync 1 DAGs
[2023-02-23T15:42:38.993+0000] {logging_mixin.py:137} INFO - [2023-02-23T15:42:38.993+0000] {dag.py:3441} INFO - Setting next_dagrun for dag_branching_3_v01 to 2023-02-23T00:00:00+00:00, run_after=2023-02-24T00:00:00+00:00
[2023-02-23T15:42:39.004+0000] {processor.py:175} INFO - Processing /opt/airflow/dags/dag_branching3.py took 0.069 seconds
[2023-02-23T15:43:09.431+0000] {processor.py:153} INFO - Started process (PID=83888) to work on /opt/airflow/dags/dag_branching3.py
[2023-02-23T15:43:09.439+0000] {processor.py:743} INFO - Processing file /opt/airflow/dags/dag_branching3.py for tasks to queue
[2023-02-23T15:43:09.444+0000] {logging_mixin.py:137} INFO - [2023-02-23T15:43:09.443+0000] {dagbag.py:538} INFO - Filling up the DagBag from /opt/airflow/dags/dag_branching3.py
[2023-02-23T15:43:09.479+0000] {processor.py:753} INFO - DAG(s) dict_keys(['dag_branching_3_v01']) retrieved from /opt/airflow/dags/dag_branching3.py
[2023-02-23T15:43:09.504+0000] {logging_mixin.py:137} INFO - [2023-02-23T15:43:09.504+0000] {dag.py:2690} INFO - Sync 1 DAGs
[2023-02-23T15:43:09.524+0000] {logging_mixin.py:137} INFO - [2023-02-23T15:43:09.524+0000] {dag.py:3441} INFO - Setting next_dagrun for dag_branching_3_v01 to 2023-02-23T00:00:00+00:00, run_after=2023-02-24T00:00:00+00:00
[2023-02-23T15:43:09.549+0000] {processor.py:175} INFO - Processing /opt/airflow/dags/dag_branching3.py took 0.125 seconds
[2023-02-23T15:43:40.058+0000] {processor.py:153} INFO - Started process (PID=83963) to work on /opt/airflow/dags/dag_branching3.py
[2023-02-23T15:43:40.060+0000] {processor.py:743} INFO - Processing file /opt/airflow/dags/dag_branching3.py for tasks to queue
[2023-02-23T15:43:40.061+0000] {logging_mixin.py:137} INFO - [2023-02-23T15:43:40.061+0000] {dagbag.py:538} INFO - Filling up the DagBag from /opt/airflow/dags/dag_branching3.py
[2023-02-23T15:43:40.078+0000] {processor.py:753} INFO - DAG(s) dict_keys(['dag_branching_3_v01']) retrieved from /opt/airflow/dags/dag_branching3.py
[2023-02-23T15:43:40.099+0000] {logging_mixin.py:137} INFO - [2023-02-23T15:43:40.099+0000] {dag.py:2690} INFO - Sync 1 DAGs
[2023-02-23T15:43:40.118+0000] {logging_mixin.py:137} INFO - [2023-02-23T15:43:40.118+0000] {dag.py:3441} INFO - Setting next_dagrun for dag_branching_3_v01 to 2023-02-23T00:00:00+00:00, run_after=2023-02-24T00:00:00+00:00
[2023-02-23T15:43:40.132+0000] {processor.py:175} INFO - Processing /opt/airflow/dags/dag_branching3.py took 0.080 seconds
[2023-02-23T15:44:10.642+0000] {processor.py:153} INFO - Started process (PID=84051) to work on /opt/airflow/dags/dag_branching3.py
[2023-02-23T15:44:10.646+0000] {processor.py:743} INFO - Processing file /opt/airflow/dags/dag_branching3.py for tasks to queue
[2023-02-23T15:44:10.647+0000] {logging_mixin.py:137} INFO - [2023-02-23T15:44:10.647+0000] {dagbag.py:538} INFO - Filling up the DagBag from /opt/airflow/dags/dag_branching3.py
[2023-02-23T15:44:10.699+0000] {processor.py:753} INFO - DAG(s) dict_keys(['dag_branching_3_v01']) retrieved from /opt/airflow/dags/dag_branching3.py
[2023-02-23T15:44:10.727+0000] {logging_mixin.py:137} INFO - [2023-02-23T15:44:10.727+0000] {dag.py:2690} INFO - Sync 1 DAGs
[2023-02-23T15:44:10.749+0000] {logging_mixin.py:137} INFO - [2023-02-23T15:44:10.749+0000] {dag.py:3441} INFO - Setting next_dagrun for dag_branching_3_v01 to 2023-02-23T00:00:00+00:00, run_after=2023-02-24T00:00:00+00:00
[2023-02-23T15:44:10.763+0000] {processor.py:175} INFO - Processing /opt/airflow/dags/dag_branching3.py took 0.129 seconds
[2023-02-23T15:44:41.088+0000] {processor.py:153} INFO - Started process (PID=84137) to work on /opt/airflow/dags/dag_branching3.py
[2023-02-23T15:44:41.093+0000] {processor.py:743} INFO - Processing file /opt/airflow/dags/dag_branching3.py for tasks to queue
[2023-02-23T15:44:41.102+0000] {logging_mixin.py:137} INFO - [2023-02-23T15:44:41.102+0000] {dagbag.py:538} INFO - Filling up the DagBag from /opt/airflow/dags/dag_branching3.py
[2023-02-23T15:44:41.150+0000] {processor.py:753} INFO - DAG(s) dict_keys(['dag_branching_3_v01']) retrieved from /opt/airflow/dags/dag_branching3.py
[2023-02-23T15:44:41.217+0000] {logging_mixin.py:137} INFO - [2023-02-23T15:44:41.217+0000] {dag.py:2690} INFO - Sync 1 DAGs
[2023-02-23T15:44:41.248+0000] {logging_mixin.py:137} INFO - [2023-02-23T15:44:41.248+0000] {dag.py:3441} INFO - Setting next_dagrun for dag_branching_3_v01 to 2023-02-23T00:00:00+00:00, run_after=2023-02-24T00:00:00+00:00
[2023-02-23T15:44:41.265+0000] {processor.py:175} INFO - Processing /opt/airflow/dags/dag_branching3.py took 0.184 seconds
[2023-02-23T15:45:11.810+0000] {processor.py:153} INFO - Started process (PID=84212) to work on /opt/airflow/dags/dag_branching3.py
[2023-02-23T15:45:11.820+0000] {processor.py:743} INFO - Processing file /opt/airflow/dags/dag_branching3.py for tasks to queue
[2023-02-23T15:45:11.825+0000] {logging_mixin.py:137} INFO - [2023-02-23T15:45:11.824+0000] {dagbag.py:538} INFO - Filling up the DagBag from /opt/airflow/dags/dag_branching3.py
[2023-02-23T15:45:11.859+0000] {processor.py:753} INFO - DAG(s) dict_keys(['dag_branching_3_v01']) retrieved from /opt/airflow/dags/dag_branching3.py
[2023-02-23T15:45:11.885+0000] {logging_mixin.py:137} INFO - [2023-02-23T15:45:11.885+0000] {dag.py:2690} INFO - Sync 1 DAGs
[2023-02-23T15:45:11.905+0000] {logging_mixin.py:137} INFO - [2023-02-23T15:45:11.905+0000] {dag.py:3441} INFO - Setting next_dagrun for dag_branching_3_v01 to 2023-02-23T00:00:00+00:00, run_after=2023-02-24T00:00:00+00:00
[2023-02-23T15:45:11.920+0000] {processor.py:175} INFO - Processing /opt/airflow/dags/dag_branching3.py took 0.120 seconds
[2023-02-23T15:45:42.051+0000] {processor.py:153} INFO - Started process (PID=84299) to work on /opt/airflow/dags/dag_branching3.py
[2023-02-23T15:45:42.054+0000] {processor.py:743} INFO - Processing file /opt/airflow/dags/dag_branching3.py for tasks to queue
[2023-02-23T15:45:42.056+0000] {logging_mixin.py:137} INFO - [2023-02-23T15:45:42.055+0000] {dagbag.py:538} INFO - Filling up the DagBag from /opt/airflow/dags/dag_branching3.py
[2023-02-23T15:45:42.086+0000] {processor.py:753} INFO - DAG(s) dict_keys(['dag_branching_3_v01']) retrieved from /opt/airflow/dags/dag_branching3.py
[2023-02-23T15:45:42.125+0000] {logging_mixin.py:137} INFO - [2023-02-23T15:45:42.125+0000] {dag.py:2690} INFO - Sync 1 DAGs
[2023-02-23T15:45:42.145+0000] {logging_mixin.py:137} INFO - [2023-02-23T15:45:42.145+0000] {dag.py:3441} INFO - Setting next_dagrun for dag_branching_3_v01 to 2023-02-23T00:00:00+00:00, run_after=2023-02-24T00:00:00+00:00
[2023-02-23T15:45:42.158+0000] {processor.py:175} INFO - Processing /opt/airflow/dags/dag_branching3.py took 0.119 seconds
[2023-02-23T15:46:12.420+0000] {processor.py:153} INFO - Started process (PID=84374) to work on /opt/airflow/dags/dag_branching3.py
[2023-02-23T15:46:12.422+0000] {processor.py:743} INFO - Processing file /opt/airflow/dags/dag_branching3.py for tasks to queue
[2023-02-23T15:46:12.423+0000] {logging_mixin.py:137} INFO - [2023-02-23T15:46:12.423+0000] {dagbag.py:538} INFO - Filling up the DagBag from /opt/airflow/dags/dag_branching3.py
[2023-02-23T15:46:12.442+0000] {processor.py:753} INFO - DAG(s) dict_keys(['dag_branching_3_v01']) retrieved from /opt/airflow/dags/dag_branching3.py
[2023-02-23T15:46:12.463+0000] {logging_mixin.py:137} INFO - [2023-02-23T15:46:12.463+0000] {dag.py:2690} INFO - Sync 1 DAGs
[2023-02-23T15:46:12.480+0000] {logging_mixin.py:137} INFO - [2023-02-23T15:46:12.480+0000] {dag.py:3441} INFO - Setting next_dagrun for dag_branching_3_v01 to 2023-02-23T00:00:00+00:00, run_after=2023-02-24T00:00:00+00:00
[2023-02-23T15:46:12.491+0000] {processor.py:175} INFO - Processing /opt/airflow/dags/dag_branching3.py took 0.078 seconds
[2023-02-23T15:46:42.740+0000] {processor.py:153} INFO - Started process (PID=84462) to work on /opt/airflow/dags/dag_branching3.py
[2023-02-23T15:46:42.742+0000] {processor.py:743} INFO - Processing file /opt/airflow/dags/dag_branching3.py for tasks to queue
[2023-02-23T15:46:42.743+0000] {logging_mixin.py:137} INFO - [2023-02-23T15:46:42.743+0000] {dagbag.py:538} INFO - Filling up the DagBag from /opt/airflow/dags/dag_branching3.py
[2023-02-23T15:46:42.790+0000] {processor.py:753} INFO - DAG(s) dict_keys(['dag_branching_3_v01']) retrieved from /opt/airflow/dags/dag_branching3.py
[2023-02-23T15:46:42.820+0000] {logging_mixin.py:137} INFO - [2023-02-23T15:46:42.820+0000] {dag.py:2690} INFO - Sync 1 DAGs
[2023-02-23T15:46:42.848+0000] {logging_mixin.py:137} INFO - [2023-02-23T15:46:42.848+0000] {dag.py:3441} INFO - Setting next_dagrun for dag_branching_3_v01 to 2023-02-23T00:00:00+00:00, run_after=2023-02-24T00:00:00+00:00
[2023-02-23T15:46:42.866+0000] {processor.py:175} INFO - Processing /opt/airflow/dags/dag_branching3.py took 0.131 seconds
[2023-02-23T15:47:13.708+0000] {processor.py:153} INFO - Started process (PID=84536) to work on /opt/airflow/dags/dag_branching3.py
[2023-02-23T15:47:13.710+0000] {processor.py:743} INFO - Processing file /opt/airflow/dags/dag_branching3.py for tasks to queue
[2023-02-23T15:47:13.712+0000] {logging_mixin.py:137} INFO - [2023-02-23T15:47:13.711+0000] {dagbag.py:538} INFO - Filling up the DagBag from /opt/airflow/dags/dag_branching3.py
[2023-02-23T15:47:13.732+0000] {processor.py:753} INFO - DAG(s) dict_keys(['dag_branching_3_v01']) retrieved from /opt/airflow/dags/dag_branching3.py
[2023-02-23T15:47:13.753+0000] {logging_mixin.py:137} INFO - [2023-02-23T15:47:13.752+0000] {dag.py:2690} INFO - Sync 1 DAGs
[2023-02-23T15:47:13.773+0000] {logging_mixin.py:137} INFO - [2023-02-23T15:47:13.773+0000] {dag.py:3441} INFO - Setting next_dagrun for dag_branching_3_v01 to 2023-02-23T00:00:00+00:00, run_after=2023-02-24T00:00:00+00:00
[2023-02-23T15:47:13.788+0000] {processor.py:175} INFO - Processing /opt/airflow/dags/dag_branching3.py took 0.087 seconds
[2023-02-23T15:47:44.158+0000] {processor.py:153} INFO - Started process (PID=84624) to work on /opt/airflow/dags/dag_branching3.py
[2023-02-23T15:47:44.160+0000] {processor.py:743} INFO - Processing file /opt/airflow/dags/dag_branching3.py for tasks to queue
[2023-02-23T15:47:44.161+0000] {logging_mixin.py:137} INFO - [2023-02-23T15:47:44.161+0000] {dagbag.py:538} INFO - Filling up the DagBag from /opt/airflow/dags/dag_branching3.py
[2023-02-23T15:47:44.201+0000] {processor.py:753} INFO - DAG(s) dict_keys(['dag_branching_3_v01']) retrieved from /opt/airflow/dags/dag_branching3.py
[2023-02-23T15:47:44.233+0000] {logging_mixin.py:137} INFO - [2023-02-23T15:47:44.232+0000] {dag.py:2690} INFO - Sync 1 DAGs
[2023-02-23T15:47:44.255+0000] {logging_mixin.py:137} INFO - [2023-02-23T15:47:44.255+0000] {dag.py:3441} INFO - Setting next_dagrun for dag_branching_3_v01 to 2023-02-23T00:00:00+00:00, run_after=2023-02-24T00:00:00+00:00
[2023-02-23T15:47:44.271+0000] {processor.py:175} INFO - Processing /opt/airflow/dags/dag_branching3.py took 0.119 seconds
[2023-02-23T15:48:14.730+0000] {processor.py:153} INFO - Started process (PID=84708) to work on /opt/airflow/dags/dag_branching3.py
[2023-02-23T15:48:14.732+0000] {processor.py:743} INFO - Processing file /opt/airflow/dags/dag_branching3.py for tasks to queue
[2023-02-23T15:48:14.733+0000] {logging_mixin.py:137} INFO - [2023-02-23T15:48:14.733+0000] {dagbag.py:538} INFO - Filling up the DagBag from /opt/airflow/dags/dag_branching3.py
[2023-02-23T15:48:14.763+0000] {processor.py:753} INFO - DAG(s) dict_keys(['dag_branching_3_v01']) retrieved from /opt/airflow/dags/dag_branching3.py
[2023-02-23T15:48:14.808+0000] {logging_mixin.py:137} INFO - [2023-02-23T15:48:14.808+0000] {dag.py:2690} INFO - Sync 1 DAGs
[2023-02-23T15:48:14.834+0000] {logging_mixin.py:137} INFO - [2023-02-23T15:48:14.834+0000] {dag.py:3441} INFO - Setting next_dagrun for dag_branching_3_v01 to 2023-02-23T00:00:00+00:00, run_after=2023-02-24T00:00:00+00:00
[2023-02-23T15:48:14.851+0000] {processor.py:175} INFO - Processing /opt/airflow/dags/dag_branching3.py took 0.131 seconds
[2023-02-23T15:48:45.396+0000] {processor.py:153} INFO - Started process (PID=84784) to work on /opt/airflow/dags/dag_branching3.py
[2023-02-23T15:48:45.400+0000] {processor.py:743} INFO - Processing file /opt/airflow/dags/dag_branching3.py for tasks to queue
[2023-02-23T15:48:45.402+0000] {logging_mixin.py:137} INFO - [2023-02-23T15:48:45.401+0000] {dagbag.py:538} INFO - Filling up the DagBag from /opt/airflow/dags/dag_branching3.py
[2023-02-23T15:48:45.456+0000] {processor.py:753} INFO - DAG(s) dict_keys(['dag_branching_3_v01']) retrieved from /opt/airflow/dags/dag_branching3.py
[2023-02-23T15:48:45.488+0000] {logging_mixin.py:137} INFO - [2023-02-23T15:48:45.488+0000] {dag.py:2690} INFO - Sync 1 DAGs
[2023-02-23T15:48:45.530+0000] {logging_mixin.py:137} INFO - [2023-02-23T15:48:45.530+0000] {dag.py:3441} INFO - Setting next_dagrun for dag_branching_3_v01 to 2023-02-23T00:00:00+00:00, run_after=2023-02-24T00:00:00+00:00
[2023-02-23T15:48:45.550+0000] {processor.py:175} INFO - Processing /opt/airflow/dags/dag_branching3.py took 0.163 seconds
[2023-02-23T15:49:15.870+0000] {processor.py:153} INFO - Started process (PID=84872) to work on /opt/airflow/dags/dag_branching3.py
[2023-02-23T15:49:15.877+0000] {processor.py:743} INFO - Processing file /opt/airflow/dags/dag_branching3.py for tasks to queue
[2023-02-23T15:49:15.878+0000] {logging_mixin.py:137} INFO - [2023-02-23T15:49:15.878+0000] {dagbag.py:538} INFO - Filling up the DagBag from /opt/airflow/dags/dag_branching3.py
[2023-02-23T15:49:15.943+0000] {processor.py:753} INFO - DAG(s) dict_keys(['dag_branching_3_v01']) retrieved from /opt/airflow/dags/dag_branching3.py
[2023-02-23T15:49:16.001+0000] {logging_mixin.py:137} INFO - [2023-02-23T15:49:16.001+0000] {dag.py:2690} INFO - Sync 1 DAGs
[2023-02-23T15:49:16.032+0000] {logging_mixin.py:137} INFO - [2023-02-23T15:49:16.032+0000] {dag.py:3441} INFO - Setting next_dagrun for dag_branching_3_v01 to 2023-02-23T00:00:00+00:00, run_after=2023-02-24T00:00:00+00:00
[2023-02-23T15:49:16.053+0000] {processor.py:175} INFO - Processing /opt/airflow/dags/dag_branching3.py took 0.191 seconds
[2023-02-23T15:49:46.391+0000] {processor.py:153} INFO - Started process (PID=84947) to work on /opt/airflow/dags/dag_branching3.py
[2023-02-23T15:49:46.393+0000] {processor.py:743} INFO - Processing file /opt/airflow/dags/dag_branching3.py for tasks to queue
[2023-02-23T15:49:46.394+0000] {logging_mixin.py:137} INFO - [2023-02-23T15:49:46.394+0000] {dagbag.py:538} INFO - Filling up the DagBag from /opt/airflow/dags/dag_branching3.py
[2023-02-23T15:49:46.426+0000] {processor.py:753} INFO - DAG(s) dict_keys(['dag_branching_3_v01']) retrieved from /opt/airflow/dags/dag_branching3.py
[2023-02-23T15:49:46.459+0000] {logging_mixin.py:137} INFO - [2023-02-23T15:49:46.459+0000] {dag.py:2690} INFO - Sync 1 DAGs
[2023-02-23T15:49:46.482+0000] {logging_mixin.py:137} INFO - [2023-02-23T15:49:46.482+0000] {dag.py:3441} INFO - Setting next_dagrun for dag_branching_3_v01 to 2023-02-23T00:00:00+00:00, run_after=2023-02-24T00:00:00+00:00
[2023-02-23T15:49:46.504+0000] {processor.py:175} INFO - Processing /opt/airflow/dags/dag_branching3.py took 0.132 seconds
[2023-02-23T15:50:16.859+0000] {processor.py:153} INFO - Started process (PID=85034) to work on /opt/airflow/dags/dag_branching3.py
[2023-02-23T15:50:16.862+0000] {processor.py:743} INFO - Processing file /opt/airflow/dags/dag_branching3.py for tasks to queue
[2023-02-23T15:50:16.863+0000] {logging_mixin.py:137} INFO - [2023-02-23T15:50:16.863+0000] {dagbag.py:538} INFO - Filling up the DagBag from /opt/airflow/dags/dag_branching3.py
[2023-02-23T15:50:16.903+0000] {processor.py:753} INFO - DAG(s) dict_keys(['dag_branching_3_v01']) retrieved from /opt/airflow/dags/dag_branching3.py
[2023-02-23T15:50:16.939+0000] {logging_mixin.py:137} INFO - [2023-02-23T15:50:16.939+0000] {dag.py:2690} INFO - Sync 1 DAGs
[2023-02-23T15:50:16.961+0000] {logging_mixin.py:137} INFO - [2023-02-23T15:50:16.961+0000] {dag.py:3441} INFO - Setting next_dagrun for dag_branching_3_v01 to 2023-02-23T00:00:00+00:00, run_after=2023-02-24T00:00:00+00:00
[2023-02-23T15:50:16.973+0000] {processor.py:175} INFO - Processing /opt/airflow/dags/dag_branching3.py took 0.121 seconds
[2023-02-23T15:50:47.631+0000] {processor.py:153} INFO - Started process (PID=85108) to work on /opt/airflow/dags/dag_branching3.py
[2023-02-23T15:50:47.634+0000] {processor.py:743} INFO - Processing file /opt/airflow/dags/dag_branching3.py for tasks to queue
[2023-02-23T15:50:47.635+0000] {logging_mixin.py:137} INFO - [2023-02-23T15:50:47.635+0000] {dagbag.py:538} INFO - Filling up the DagBag from /opt/airflow/dags/dag_branching3.py
[2023-02-23T15:50:47.662+0000] {processor.py:753} INFO - DAG(s) dict_keys(['dag_branching_3_v01']) retrieved from /opt/airflow/dags/dag_branching3.py
[2023-02-23T15:50:47.692+0000] {logging_mixin.py:137} INFO - [2023-02-23T15:50:47.692+0000] {dag.py:2690} INFO - Sync 1 DAGs
[2023-02-23T15:50:47.713+0000] {logging_mixin.py:137} INFO - [2023-02-23T15:50:47.713+0000] {dag.py:3441} INFO - Setting next_dagrun for dag_branching_3_v01 to 2023-02-23T00:00:00+00:00, run_after=2023-02-24T00:00:00+00:00
[2023-02-23T15:50:47.726+0000] {processor.py:175} INFO - Processing /opt/airflow/dags/dag_branching3.py took 0.103 seconds
[2023-02-23T15:51:17.855+0000] {processor.py:153} INFO - Started process (PID=85197) to work on /opt/airflow/dags/dag_branching3.py
[2023-02-23T15:51:17.857+0000] {processor.py:743} INFO - Processing file /opt/airflow/dags/dag_branching3.py for tasks to queue
[2023-02-23T15:51:17.859+0000] {logging_mixin.py:137} INFO - [2023-02-23T15:51:17.858+0000] {dagbag.py:538} INFO - Filling up the DagBag from /opt/airflow/dags/dag_branching3.py
[2023-02-23T15:51:17.934+0000] {processor.py:753} INFO - DAG(s) dict_keys(['dag_branching_3_v01']) retrieved from /opt/airflow/dags/dag_branching3.py
[2023-02-23T15:51:17.987+0000] {logging_mixin.py:137} INFO - [2023-02-23T15:51:17.987+0000] {dag.py:2690} INFO - Sync 1 DAGs
[2023-02-23T15:51:18.012+0000] {logging_mixin.py:137} INFO - [2023-02-23T15:51:18.012+0000] {dag.py:3441} INFO - Setting next_dagrun for dag_branching_3_v01 to 2023-02-23T00:00:00+00:00, run_after=2023-02-24T00:00:00+00:00
[2023-02-23T15:51:18.025+0000] {processor.py:175} INFO - Processing /opt/airflow/dags/dag_branching3.py took 0.176 seconds
[2023-02-23T15:51:48.117+0000] {processor.py:153} INFO - Started process (PID=85271) to work on /opt/airflow/dags/dag_branching3.py
[2023-02-23T15:51:48.119+0000] {processor.py:743} INFO - Processing file /opt/airflow/dags/dag_branching3.py for tasks to queue
[2023-02-23T15:51:48.120+0000] {logging_mixin.py:137} INFO - [2023-02-23T15:51:48.120+0000] {dagbag.py:538} INFO - Filling up the DagBag from /opt/airflow/dags/dag_branching3.py
[2023-02-23T15:51:48.151+0000] {processor.py:753} INFO - DAG(s) dict_keys(['dag_branching_3_v01']) retrieved from /opt/airflow/dags/dag_branching3.py
[2023-02-23T15:51:48.203+0000] {logging_mixin.py:137} INFO - [2023-02-23T15:51:48.203+0000] {dag.py:2690} INFO - Sync 1 DAGs
[2023-02-23T15:51:48.229+0000] {logging_mixin.py:137} INFO - [2023-02-23T15:51:48.229+0000] {dag.py:3441} INFO - Setting next_dagrun for dag_branching_3_v01 to 2023-02-23T00:00:00+00:00, run_after=2023-02-24T00:00:00+00:00
[2023-02-23T15:51:48.244+0000] {processor.py:175} INFO - Processing /opt/airflow/dags/dag_branching3.py took 0.133 seconds
[2023-02-23T15:52:18.461+0000] {processor.py:153} INFO - Started process (PID=85358) to work on /opt/airflow/dags/dag_branching3.py
[2023-02-23T15:52:18.464+0000] {processor.py:743} INFO - Processing file /opt/airflow/dags/dag_branching3.py for tasks to queue
[2023-02-23T15:52:18.466+0000] {logging_mixin.py:137} INFO - [2023-02-23T15:52:18.465+0000] {dagbag.py:538} INFO - Filling up the DagBag from /opt/airflow/dags/dag_branching3.py
[2023-02-23T15:52:18.512+0000] {processor.py:753} INFO - DAG(s) dict_keys(['dag_branching_3_v01']) retrieved from /opt/airflow/dags/dag_branching3.py
[2023-02-23T15:52:18.540+0000] {logging_mixin.py:137} INFO - [2023-02-23T15:52:18.539+0000] {dag.py:2690} INFO - Sync 1 DAGs
[2023-02-23T15:52:18.568+0000] {logging_mixin.py:137} INFO - [2023-02-23T15:52:18.568+0000] {dag.py:3441} INFO - Setting next_dagrun for dag_branching_3_v01 to 2023-02-23T00:00:00+00:00, run_after=2023-02-24T00:00:00+00:00
[2023-02-23T15:52:18.581+0000] {processor.py:175} INFO - Processing /opt/airflow/dags/dag_branching3.py took 0.127 seconds
[2023-02-23T15:52:48.755+0000] {processor.py:153} INFO - Started process (PID=85433) to work on /opt/airflow/dags/dag_branching3.py
[2023-02-23T15:52:48.759+0000] {processor.py:743} INFO - Processing file /opt/airflow/dags/dag_branching3.py for tasks to queue
[2023-02-23T15:52:48.762+0000] {logging_mixin.py:137} INFO - [2023-02-23T15:52:48.762+0000] {dagbag.py:538} INFO - Filling up the DagBag from /opt/airflow/dags/dag_branching3.py
[2023-02-23T15:52:48.807+0000] {processor.py:753} INFO - DAG(s) dict_keys(['dag_branching_3_v01']) retrieved from /opt/airflow/dags/dag_branching3.py
[2023-02-23T15:52:48.876+0000] {logging_mixin.py:137} INFO - [2023-02-23T15:52:48.876+0000] {dag.py:2690} INFO - Sync 1 DAGs
[2023-02-23T15:52:48.904+0000] {logging_mixin.py:137} INFO - [2023-02-23T15:52:48.903+0000] {dag.py:3441} INFO - Setting next_dagrun for dag_branching_3_v01 to 2023-02-23T00:00:00+00:00, run_after=2023-02-24T00:00:00+00:00
[2023-02-23T15:52:48.920+0000] {processor.py:175} INFO - Processing /opt/airflow/dags/dag_branching3.py took 0.172 seconds
[2023-02-23T15:53:19.842+0000] {processor.py:153} INFO - Started process (PID=85519) to work on /opt/airflow/dags/dag_branching3.py
[2023-02-23T15:53:19.845+0000] {processor.py:743} INFO - Processing file /opt/airflow/dags/dag_branching3.py for tasks to queue
[2023-02-23T15:53:19.847+0000] {logging_mixin.py:137} INFO - [2023-02-23T15:53:19.847+0000] {dagbag.py:538} INFO - Filling up the DagBag from /opt/airflow/dags/dag_branching3.py
[2023-02-23T15:53:19.878+0000] {processor.py:753} INFO - DAG(s) dict_keys(['dag_branching_3_v01']) retrieved from /opt/airflow/dags/dag_branching3.py
[2023-02-23T15:53:19.924+0000] {logging_mixin.py:137} INFO - [2023-02-23T15:53:19.924+0000] {dag.py:2690} INFO - Sync 1 DAGs
[2023-02-23T15:53:19.948+0000] {logging_mixin.py:137} INFO - [2023-02-23T15:53:19.948+0000] {dag.py:3441} INFO - Setting next_dagrun for dag_branching_3_v01 to 2023-02-23T00:00:00+00:00, run_after=2023-02-24T00:00:00+00:00
[2023-02-23T15:53:19.961+0000] {processor.py:175} INFO - Processing /opt/airflow/dags/dag_branching3.py took 0.132 seconds
[2023-02-23T15:53:50.302+0000] {processor.py:153} INFO - Started process (PID=85602) to work on /opt/airflow/dags/dag_branching3.py
[2023-02-23T15:53:50.304+0000] {processor.py:743} INFO - Processing file /opt/airflow/dags/dag_branching3.py for tasks to queue
[2023-02-23T15:53:50.306+0000] {logging_mixin.py:137} INFO - [2023-02-23T15:53:50.305+0000] {dagbag.py:538} INFO - Filling up the DagBag from /opt/airflow/dags/dag_branching3.py
[2023-02-23T15:53:50.358+0000] {processor.py:753} INFO - DAG(s) dict_keys(['dag_branching_3_v01']) retrieved from /opt/airflow/dags/dag_branching3.py
[2023-02-23T15:53:50.394+0000] {logging_mixin.py:137} INFO - [2023-02-23T15:53:50.394+0000] {dag.py:2690} INFO - Sync 1 DAGs
[2023-02-23T15:53:50.435+0000] {logging_mixin.py:137} INFO - [2023-02-23T15:53:50.434+0000] {dag.py:3441} INFO - Setting next_dagrun for dag_branching_3_v01 to 2023-02-23T00:00:00+00:00, run_after=2023-02-24T00:00:00+00:00
[2023-02-23T15:53:50.454+0000] {processor.py:175} INFO - Processing /opt/airflow/dags/dag_branching3.py took 0.159 seconds
[2023-02-23T15:54:20.963+0000] {processor.py:153} INFO - Started process (PID=85680) to work on /opt/airflow/dags/dag_branching3.py
[2023-02-23T15:54:20.966+0000] {processor.py:743} INFO - Processing file /opt/airflow/dags/dag_branching3.py for tasks to queue
[2023-02-23T15:54:20.967+0000] {logging_mixin.py:137} INFO - [2023-02-23T15:54:20.967+0000] {dagbag.py:538} INFO - Filling up the DagBag from /opt/airflow/dags/dag_branching3.py
[2023-02-23T15:54:21.000+0000] {processor.py:753} INFO - DAG(s) dict_keys(['dag_branching_3_v01']) retrieved from /opt/airflow/dags/dag_branching3.py
[2023-02-23T15:54:21.047+0000] {logging_mixin.py:137} INFO - [2023-02-23T15:54:21.046+0000] {dag.py:2690} INFO - Sync 1 DAGs
[2023-02-23T15:54:21.071+0000] {logging_mixin.py:137} INFO - [2023-02-23T15:54:21.071+0000] {dag.py:3441} INFO - Setting next_dagrun for dag_branching_3_v01 to 2023-02-23T00:00:00+00:00, run_after=2023-02-24T00:00:00+00:00
[2023-02-23T15:54:21.085+0000] {processor.py:175} INFO - Processing /opt/airflow/dags/dag_branching3.py took 0.127 seconds
[2023-02-23T15:54:51.454+0000] {processor.py:153} INFO - Started process (PID=85767) to work on /opt/airflow/dags/dag_branching3.py
[2023-02-23T15:54:51.462+0000] {processor.py:743} INFO - Processing file /opt/airflow/dags/dag_branching3.py for tasks to queue
[2023-02-23T15:54:51.469+0000] {logging_mixin.py:137} INFO - [2023-02-23T15:54:51.469+0000] {dagbag.py:538} INFO - Filling up the DagBag from /opt/airflow/dags/dag_branching3.py
[2023-02-23T15:54:51.535+0000] {processor.py:753} INFO - DAG(s) dict_keys(['dag_branching_3_v01']) retrieved from /opt/airflow/dags/dag_branching3.py
[2023-02-23T15:54:51.581+0000] {logging_mixin.py:137} INFO - [2023-02-23T15:54:51.581+0000] {dag.py:2690} INFO - Sync 1 DAGs
[2023-02-23T15:54:51.623+0000] {logging_mixin.py:137} INFO - [2023-02-23T15:54:51.623+0000] {dag.py:3441} INFO - Setting next_dagrun for dag_branching_3_v01 to 2023-02-23T00:00:00+00:00, run_after=2023-02-24T00:00:00+00:00
[2023-02-23T15:54:51.641+0000] {processor.py:175} INFO - Processing /opt/airflow/dags/dag_branching3.py took 0.209 seconds
[2023-02-23T15:55:21.782+0000] {processor.py:153} INFO - Started process (PID=85843) to work on /opt/airflow/dags/dag_branching3.py
[2023-02-23T15:55:21.785+0000] {processor.py:743} INFO - Processing file /opt/airflow/dags/dag_branching3.py for tasks to queue
[2023-02-23T15:55:21.786+0000] {logging_mixin.py:137} INFO - [2023-02-23T15:55:21.786+0000] {dagbag.py:538} INFO - Filling up the DagBag from /opt/airflow/dags/dag_branching3.py
[2023-02-23T15:55:21.836+0000] {processor.py:753} INFO - DAG(s) dict_keys(['dag_branching_3_v01']) retrieved from /opt/airflow/dags/dag_branching3.py
[2023-02-23T15:55:21.886+0000] {logging_mixin.py:137} INFO - [2023-02-23T15:55:21.886+0000] {dag.py:2690} INFO - Sync 1 DAGs
[2023-02-23T15:55:21.921+0000] {logging_mixin.py:137} INFO - [2023-02-23T15:55:21.920+0000] {dag.py:3441} INFO - Setting next_dagrun for dag_branching_3_v01 to 2023-02-23T00:00:00+00:00, run_after=2023-02-24T00:00:00+00:00
[2023-02-23T15:55:21.940+0000] {processor.py:175} INFO - Processing /opt/airflow/dags/dag_branching3.py took 0.167 seconds
[2023-02-23T15:55:52.290+0000] {processor.py:153} INFO - Started process (PID=85930) to work on /opt/airflow/dags/dag_branching3.py
[2023-02-23T15:55:52.293+0000] {processor.py:743} INFO - Processing file /opt/airflow/dags/dag_branching3.py for tasks to queue
[2023-02-23T15:55:52.297+0000] {logging_mixin.py:137} INFO - [2023-02-23T15:55:52.295+0000] {dagbag.py:538} INFO - Filling up the DagBag from /opt/airflow/dags/dag_branching3.py
[2023-02-23T15:55:52.342+0000] {processor.py:753} INFO - DAG(s) dict_keys(['dag_branching_3_v01']) retrieved from /opt/airflow/dags/dag_branching3.py
[2023-02-23T15:55:52.406+0000] {logging_mixin.py:137} INFO - [2023-02-23T15:55:52.405+0000] {dag.py:2690} INFO - Sync 1 DAGs
[2023-02-23T15:55:52.432+0000] {logging_mixin.py:137} INFO - [2023-02-23T15:55:52.431+0000] {dag.py:3441} INFO - Setting next_dagrun for dag_branching_3_v01 to 2023-02-23T00:00:00+00:00, run_after=2023-02-24T00:00:00+00:00
[2023-02-23T15:55:52.444+0000] {processor.py:175} INFO - Processing /opt/airflow/dags/dag_branching3.py took 0.164 seconds
[2023-02-23T15:56:22.712+0000] {processor.py:153} INFO - Started process (PID=86005) to work on /opt/airflow/dags/dag_branching3.py
[2023-02-23T15:56:22.715+0000] {processor.py:743} INFO - Processing file /opt/airflow/dags/dag_branching3.py for tasks to queue
[2023-02-23T15:56:22.716+0000] {logging_mixin.py:137} INFO - [2023-02-23T15:56:22.716+0000] {dagbag.py:538} INFO - Filling up the DagBag from /opt/airflow/dags/dag_branching3.py
[2023-02-23T15:56:22.742+0000] {processor.py:753} INFO - DAG(s) dict_keys(['dag_branching_3_v01']) retrieved from /opt/airflow/dags/dag_branching3.py
[2023-02-23T15:56:22.789+0000] {logging_mixin.py:137} INFO - [2023-02-23T15:56:22.789+0000] {dag.py:2690} INFO - Sync 1 DAGs
[2023-02-23T15:56:22.812+0000] {logging_mixin.py:137} INFO - [2023-02-23T15:56:22.812+0000] {dag.py:3441} INFO - Setting next_dagrun for dag_branching_3_v01 to 2023-02-23T00:00:00+00:00, run_after=2023-02-24T00:00:00+00:00
[2023-02-23T15:56:22.826+0000] {processor.py:175} INFO - Processing /opt/airflow/dags/dag_branching3.py took 0.121 seconds
[2023-02-23T15:56:53.239+0000] {processor.py:153} INFO - Started process (PID=86091) to work on /opt/airflow/dags/dag_branching3.py
[2023-02-23T15:56:53.242+0000] {processor.py:743} INFO - Processing file /opt/airflow/dags/dag_branching3.py for tasks to queue
[2023-02-23T15:56:53.244+0000] {logging_mixin.py:137} INFO - [2023-02-23T15:56:53.244+0000] {dagbag.py:538} INFO - Filling up the DagBag from /opt/airflow/dags/dag_branching3.py
[2023-02-23T15:56:53.276+0000] {processor.py:753} INFO - DAG(s) dict_keys(['dag_branching_3_v01']) retrieved from /opt/airflow/dags/dag_branching3.py
[2023-02-23T15:56:53.322+0000] {logging_mixin.py:137} INFO - [2023-02-23T15:56:53.322+0000] {dag.py:2690} INFO - Sync 1 DAGs
[2023-02-23T15:56:53.347+0000] {logging_mixin.py:137} INFO - [2023-02-23T15:56:53.347+0000] {dag.py:3441} INFO - Setting next_dagrun for dag_branching_3_v01 to 2023-02-23T00:00:00+00:00, run_after=2023-02-24T00:00:00+00:00
[2023-02-23T15:56:53.362+0000] {processor.py:175} INFO - Processing /opt/airflow/dags/dag_branching3.py took 0.131 seconds
