[2023-02-13T12:25:17.907+0000] {taskinstance.py:1083} INFO - Dependencies all met for <TaskInstance: example_bash_operator.this_will_skip scheduled__2023-02-12T00:00:00+00:00 [queued]>
[2023-02-13T12:25:17.967+0000] {taskinstance.py:1083} INFO - Dependencies all met for <TaskInstance: example_bash_operator.this_will_skip scheduled__2023-02-12T00:00:00+00:00 [queued]>
[2023-02-13T12:25:17.967+0000] {taskinstance.py:1279} INFO - 
--------------------------------------------------------------------------------
[2023-02-13T12:25:17.968+0000] {taskinstance.py:1280} INFO - Starting attempt 1 of 1
[2023-02-13T12:25:17.983+0000] {taskinstance.py:1281} INFO - 
--------------------------------------------------------------------------------
[2023-02-13T12:25:18.098+0000] {taskinstance.py:1300} INFO - Executing <Task(BashOperator): this_will_skip> on 2023-02-12 00:00:00+00:00
[2023-02-13T12:25:18.141+0000] {standard_task_runner.py:55} INFO - Started process 15356 to run task
[2023-02-13T12:25:18.164+0000] {standard_task_runner.py:82} INFO - Running: ['***', 'tasks', 'run', 'example_bash_operator', 'this_will_skip', 'scheduled__2023-02-12T00:00:00+00:00', '--job-id', '12', '--raw', '--subdir', '/home/***/.local/lib/python3.7/site-packages/***/example_dags/example_bash_operator.py', '--cfg-path', '/tmp/tmpo27ecy90']
[2023-02-13T12:25:18.199+0000] {standard_task_runner.py:83} INFO - Job 12: Subtask this_will_skip
[2023-02-13T12:25:18.608+0000] {task_command.py:388} INFO - Running <TaskInstance: example_bash_operator.this_will_skip scheduled__2023-02-12T00:00:00+00:00 [running]> on host c629041687f2
[2023-02-13T12:25:18.960+0000] {taskinstance.py:1509} INFO - Exporting the following env vars:
AIRFLOW_CTX_DAG_OWNER=***
AIRFLOW_CTX_DAG_ID=example_bash_operator
AIRFLOW_CTX_TASK_ID=this_will_skip
AIRFLOW_CTX_EXECUTION_DATE=2023-02-12T00:00:00+00:00
AIRFLOW_CTX_TRY_NUMBER=1
AIRFLOW_CTX_DAG_RUN_ID=scheduled__2023-02-12T00:00:00+00:00
[2023-02-13T12:25:18.963+0000] {subprocess.py:63} INFO - Tmp dir root location: 
 /tmp
[2023-02-13T12:25:18.965+0000] {subprocess.py:75} INFO - Running command: ['/bin/bash', '-c', 'echo "hello world"; exit 99;']
[2023-02-13T12:25:19.009+0000] {subprocess.py:86} INFO - Output:
[2023-02-13T12:25:19.018+0000] {subprocess.py:93} INFO - hello world
[2023-02-13T12:25:19.028+0000] {subprocess.py:97} INFO - Command exited with return code 99
[2023-02-13T12:25:19.030+0000] {taskinstance.py:1398} INFO - Bash command returned exit code 99. Skipping.
[2023-02-13T12:25:19.049+0000] {taskinstance.py:1323} INFO - Marking task as SKIPPED. dag_id=example_bash_operator, task_id=this_will_skip, execution_date=20230212T000000, start_date=20230213T122517, end_date=20230213T122519
[2023-02-13T12:25:19.098+0000] {local_task_job.py:208} INFO - Task exited with return code 0
[2023-02-13T12:25:19.429+0000] {taskinstance.py:2578} INFO - 0 downstream tasks scheduled from follow-on schedule check
