[2023-02-13T12:25:20.697+0000] {taskinstance.py:1083} INFO - Dependencies all met for <TaskInstance: example_bash_operator.run_after_loop scheduled__2023-02-12T00:00:00+00:00 [queued]>
[2023-02-13T12:25:20.704+0000] {taskinstance.py:1083} INFO - Dependencies all met for <TaskInstance: example_bash_operator.run_after_loop scheduled__2023-02-12T00:00:00+00:00 [queued]>
[2023-02-13T12:25:20.705+0000] {taskinstance.py:1279} INFO - 
--------------------------------------------------------------------------------
[2023-02-13T12:25:20.705+0000] {taskinstance.py:1280} INFO - Starting attempt 1 of 1
[2023-02-13T12:25:20.706+0000] {taskinstance.py:1281} INFO - 
--------------------------------------------------------------------------------
[2023-02-13T12:25:20.714+0000] {taskinstance.py:1300} INFO - Executing <Task(BashOperator): run_after_loop> on 2023-02-12 00:00:00+00:00
[2023-02-13T12:25:20.719+0000] {standard_task_runner.py:55} INFO - Started process 15370 to run task
[2023-02-13T12:25:20.724+0000] {standard_task_runner.py:82} INFO - Running: ['***', 'tasks', 'run', 'example_bash_operator', 'run_after_loop', 'scheduled__2023-02-12T00:00:00+00:00', '--job-id', '15', '--raw', '--subdir', '/home/***/.local/lib/python3.7/site-packages/***/example_dags/example_bash_operator.py', '--cfg-path', '/tmp/tmpm0cdy5rr']
[2023-02-13T12:25:20.726+0000] {standard_task_runner.py:83} INFO - Job 15: Subtask run_after_loop
[2023-02-13T12:25:20.789+0000] {task_command.py:388} INFO - Running <TaskInstance: example_bash_operator.run_after_loop scheduled__2023-02-12T00:00:00+00:00 [running]> on host c629041687f2
[2023-02-13T12:25:20.848+0000] {taskinstance.py:1509} INFO - Exporting the following env vars:
AIRFLOW_CTX_DAG_OWNER=***
AIRFLOW_CTX_DAG_ID=example_bash_operator
AIRFLOW_CTX_TASK_ID=run_after_loop
AIRFLOW_CTX_EXECUTION_DATE=2023-02-12T00:00:00+00:00
AIRFLOW_CTX_TRY_NUMBER=1
AIRFLOW_CTX_DAG_RUN_ID=scheduled__2023-02-12T00:00:00+00:00
[2023-02-13T12:25:20.850+0000] {subprocess.py:63} INFO - Tmp dir root location: 
 /tmp
[2023-02-13T12:25:20.851+0000] {subprocess.py:75} INFO - Running command: ['/bin/bash', '-c', 'echo 1']
[2023-02-13T12:25:20.860+0000] {subprocess.py:86} INFO - Output:
[2023-02-13T12:25:20.865+0000] {subprocess.py:93} INFO - 1
[2023-02-13T12:25:20.865+0000] {subprocess.py:97} INFO - Command exited with return code 0
[2023-02-13T12:25:20.887+0000] {taskinstance.py:1323} INFO - Marking task as SUCCESS. dag_id=example_bash_operator, task_id=run_after_loop, execution_date=20230212T000000, start_date=20230213T122520, end_date=20230213T122520
[2023-02-13T12:25:20.936+0000] {local_task_job.py:208} INFO - Task exited with return code 0
[2023-02-13T12:25:20.953+0000] {taskinstance.py:2578} INFO - 0 downstream tasks scheduled from follow-on schedule check
