[2023-02-14T10:10:39.650+0000] {taskinstance.py:1083} INFO - Dependencies all met for <TaskInstance: dag_with_task_flow_v1.2.greet manual__2023-02-14T10:10:37.658749+00:00 [queued]>
[2023-02-14T10:10:39.656+0000] {taskinstance.py:1083} INFO - Dependencies all met for <TaskInstance: dag_with_task_flow_v1.2.greet manual__2023-02-14T10:10:37.658749+00:00 [queued]>
[2023-02-14T10:10:39.657+0000] {taskinstance.py:1279} INFO - 
--------------------------------------------------------------------------------
[2023-02-14T10:10:39.657+0000] {taskinstance.py:1280} INFO - Starting attempt 1 of 6
[2023-02-14T10:10:39.658+0000] {taskinstance.py:1281} INFO - 
--------------------------------------------------------------------------------
[2023-02-14T10:10:39.666+0000] {taskinstance.py:1300} INFO - Executing <Task(_PythonDecoratedOperator): greet> on 2023-02-14 10:10:37.658749+00:00
[2023-02-14T10:10:39.671+0000] {standard_task_runner.py:55} INFO - Started process 30939 to run task
[2023-02-14T10:10:39.674+0000] {standard_task_runner.py:82} INFO - Running: ['***', 'tasks', 'run', 'dag_with_task_flow_v1.2', 'greet', 'manual__2023-02-14T10:10:37.658749+00:00', '--job-id', '32', '--raw', '--subdir', 'DAGS_FOLDER/dag_with_task_flow.py', '--cfg-path', '/tmp/tmplnyjz7b1']
[2023-02-14T10:10:39.675+0000] {standard_task_runner.py:83} INFO - Job 32: Subtask greet
[2023-02-14T10:10:39.725+0000] {task_command.py:388} INFO - Running <TaskInstance: dag_with_task_flow_v1.2.greet manual__2023-02-14T10:10:37.658749+00:00 [running]> on host 38744fc0668d
[2023-02-14T10:10:39.787+0000] {taskinstance.py:1509} INFO - Exporting the following env vars:
AIRFLOW_CTX_DAG_OWNER=tlysenko
AIRFLOW_CTX_DAG_ID=dag_with_task_flow_v1.2
AIRFLOW_CTX_TASK_ID=greet
AIRFLOW_CTX_EXECUTION_DATE=2023-02-14T10:10:37.658749+00:00
AIRFLOW_CTX_TRY_NUMBER=1
AIRFLOW_CTX_DAG_RUN_ID=manual__2023-02-14T10:10:37.658749+00:00
[2023-02-14T10:10:39.788+0000] {logging_mixin.py:137} INFO - Hello World! I am Jerry and I am 31 years old
[2023-02-14T10:10:39.789+0000] {python.py:177} INFO - Done. Returned value was: None
[2023-02-14T10:10:39.797+0000] {taskinstance.py:1323} INFO - Marking task as SUCCESS. dag_id=dag_with_task_flow_v1.2, task_id=greet, execution_date=20230214T101037, start_date=20230214T101039, end_date=20230214T101039
[2023-02-14T10:10:39.851+0000] {local_task_job.py:208} INFO - Task exited with return code 0
[2023-02-14T10:10:39.866+0000] {taskinstance.py:2578} INFO - 0 downstream tasks scheduled from follow-on schedule check
