[2023-02-16T07:34:09.118+0000] {taskinstance.py:1083} INFO - Dependencies all met for <TaskInstance: first_dag_v3.3.task_3 scheduled__2023-02-14T00:00:00+00:00 [queued]>
[2023-02-16T07:34:09.148+0000] {taskinstance.py:1083} INFO - Dependencies all met for <TaskInstance: first_dag_v3.3.task_3 scheduled__2023-02-14T00:00:00+00:00 [queued]>
[2023-02-16T07:34:09.149+0000] {taskinstance.py:1279} INFO - 
--------------------------------------------------------------------------------
[2023-02-16T07:34:09.150+0000] {taskinstance.py:1280} INFO - Starting attempt 1 of 6
[2023-02-16T07:34:09.151+0000] {taskinstance.py:1281} INFO - 
--------------------------------------------------------------------------------
[2023-02-16T07:34:09.188+0000] {taskinstance.py:1300} INFO - Executing <Task(BashOperator): task_3> on 2023-02-14 00:00:00+00:00
[2023-02-16T07:34:09.212+0000] {standard_task_runner.py:55} INFO - Started process 31843 to run task
[2023-02-16T07:34:09.224+0000] {standard_task_runner.py:82} INFO - Running: ['***', 'tasks', 'run', 'first_dag_v3.3', 'task_3', 'scheduled__2023-02-14T00:00:00+00:00', '--job-id', '137', '--raw', '--subdir', 'DAGS_FOLDER/dag-1.py', '--cfg-path', '/tmp/tmpwe3j30zj']
[2023-02-16T07:34:09.230+0000] {standard_task_runner.py:83} INFO - Job 137: Subtask task_3
[2023-02-16T07:34:09.385+0000] {task_command.py:388} INFO - Running <TaskInstance: first_dag_v3.3.task_3 scheduled__2023-02-14T00:00:00+00:00 [running]> on host 20eb5e5814e6
[2023-02-16T07:34:09.745+0000] {taskinstance.py:1509} INFO - Exporting the following env vars:
AIRFLOW_CTX_DAG_OWNER=tlysenko
AIRFLOW_CTX_DAG_ID=first_dag_v3.3
AIRFLOW_CTX_TASK_ID=task_3
AIRFLOW_CTX_EXECUTION_DATE=2023-02-14T00:00:00+00:00
AIRFLOW_CTX_TRY_NUMBER=1
AIRFLOW_CTX_DAG_RUN_ID=scheduled__2023-02-14T00:00:00+00:00
[2023-02-16T07:34:09.747+0000] {subprocess.py:63} INFO - Tmp dir root location: 
 /tmp
[2023-02-16T07:34:09.749+0000] {subprocess.py:75} INFO - Running command: ['/bin/bash', '-c', 'pwd']
[2023-02-16T07:34:09.789+0000] {subprocess.py:86} INFO - Output:
[2023-02-16T07:34:09.798+0000] {subprocess.py:93} INFO - /tmp/***tmpy704wjvb
[2023-02-16T07:34:09.805+0000] {subprocess.py:97} INFO - Command exited with return code 0
[2023-02-16T07:34:09.883+0000] {taskinstance.py:1323} INFO - Marking task as SUCCESS. dag_id=first_dag_v3.3, task_id=task_3, execution_date=20230214T000000, start_date=20230216T073409, end_date=20230216T073409
[2023-02-16T07:34:09.970+0000] {local_task_job.py:208} INFO - Task exited with return code 0
[2023-02-16T07:34:10.016+0000] {taskinstance.py:2578} INFO - 0 downstream tasks scheduled from follow-on schedule check
