[2023-02-16T07:34:13.824+0000] {taskinstance.py:1083} INFO - Dependencies all met for <TaskInstance: first_dag_v3.3.task_1 manual__2023-02-16T07:34:11.851713+00:00 [queued]>
[2023-02-16T07:34:13.836+0000] {taskinstance.py:1083} INFO - Dependencies all met for <TaskInstance: first_dag_v3.3.task_1 manual__2023-02-16T07:34:11.851713+00:00 [queued]>
[2023-02-16T07:34:13.837+0000] {taskinstance.py:1279} INFO - 
--------------------------------------------------------------------------------
[2023-02-16T07:34:13.838+0000] {taskinstance.py:1280} INFO - Starting attempt 1 of 6
[2023-02-16T07:34:13.839+0000] {taskinstance.py:1281} INFO - 
--------------------------------------------------------------------------------
[2023-02-16T07:34:13.853+0000] {taskinstance.py:1300} INFO - Executing <Task(BashOperator): task_1> on 2023-02-16 07:34:11.851713+00:00
[2023-02-16T07:34:13.873+0000] {standard_task_runner.py:55} INFO - Started process 31862 to run task
[2023-02-16T07:34:13.897+0000] {standard_task_runner.py:82} INFO - Running: ['***', 'tasks', 'run', 'first_dag_v3.3', 'task_1', 'manual__2023-02-16T07:34:11.851713+00:00', '--job-id', '140', '--raw', '--subdir', 'DAGS_FOLDER/dag-1.py', '--cfg-path', '/tmp/tmp0_3flqy2']
[2023-02-16T07:34:13.906+0000] {standard_task_runner.py:83} INFO - Job 140: Subtask task_1
[2023-02-16T07:34:13.991+0000] {task_command.py:388} INFO - Running <TaskInstance: first_dag_v3.3.task_1 manual__2023-02-16T07:34:11.851713+00:00 [running]> on host 20eb5e5814e6
[2023-02-16T07:34:14.046+0000] {taskinstance.py:1509} INFO - Exporting the following env vars:
AIRFLOW_CTX_DAG_OWNER=tlysenko
AIRFLOW_CTX_DAG_ID=first_dag_v3.3
AIRFLOW_CTX_TASK_ID=task_1
AIRFLOW_CTX_EXECUTION_DATE=2023-02-16T07:34:11.851713+00:00
AIRFLOW_CTX_TRY_NUMBER=1
AIRFLOW_CTX_DAG_RUN_ID=manual__2023-02-16T07:34:11.851713+00:00
[2023-02-16T07:34:14.047+0000] {subprocess.py:63} INFO - Tmp dir root location: 
 /tmp
[2023-02-16T07:34:14.049+0000] {subprocess.py:75} INFO - Running command: ['/bin/bash', '-c', 'echo "Hello World!"']
[2023-02-16T07:34:14.060+0000] {subprocess.py:86} INFO - Output:
[2023-02-16T07:34:14.064+0000] {subprocess.py:93} INFO - Hello World!
[2023-02-16T07:34:14.065+0000] {subprocess.py:97} INFO - Command exited with return code 0
[2023-02-16T07:34:14.086+0000] {taskinstance.py:1323} INFO - Marking task as SUCCESS. dag_id=first_dag_v3.3, task_id=task_1, execution_date=20230216T073411, start_date=20230216T073413, end_date=20230216T073414
[2023-02-16T07:34:14.114+0000] {local_task_job.py:208} INFO - Task exited with return code 0
[2023-02-16T07:34:14.142+0000] {taskinstance.py:2578} INFO - 2 downstream tasks scheduled from follow-on schedule check
