[2023-02-14T10:06:14.447+0000] {taskinstance.py:1083} INFO - Dependencies all met for <TaskInstance: dag_with_task_flow_v1.0.get_age manual__2023-02-14T10:06:13.381573+00:00 [queued]>
[2023-02-14T10:06:14.455+0000] {taskinstance.py:1083} INFO - Dependencies all met for <TaskInstance: dag_with_task_flow_v1.0.get_age manual__2023-02-14T10:06:13.381573+00:00 [queued]>
[2023-02-14T10:06:14.456+0000] {taskinstance.py:1279} INFO - 
--------------------------------------------------------------------------------
[2023-02-14T10:06:14.457+0000] {taskinstance.py:1280} INFO - Starting attempt 1 of 6
[2023-02-14T10:06:14.457+0000] {taskinstance.py:1281} INFO - 
--------------------------------------------------------------------------------
[2023-02-14T10:06:14.466+0000] {taskinstance.py:1300} INFO - Executing <Task(_PythonDecoratedOperator): get_age> on 2023-02-14 10:06:13.381573+00:00
[2023-02-14T10:06:14.473+0000] {standard_task_runner.py:55} INFO - Started process 30521 to run task
[2023-02-14T10:06:14.477+0000] {standard_task_runner.py:82} INFO - Running: ['***', 'tasks', 'run', 'dag_with_task_flow_v1.0', 'get_age', 'manual__2023-02-14T10:06:13.381573+00:00', '--job-id', '24', '--raw', '--subdir', 'DAGS_FOLDER/dag_with_task_flow.py', '--cfg-path', '/tmp/tmphhwbsfke']
[2023-02-14T10:06:14.490+0000] {standard_task_runner.py:83} INFO - Job 24: Subtask get_age
[2023-02-14T10:06:14.594+0000] {task_command.py:388} INFO - Running <TaskInstance: dag_with_task_flow_v1.0.get_age manual__2023-02-14T10:06:13.381573+00:00 [running]> on host 38744fc0668d
[2023-02-14T10:06:14.678+0000] {taskinstance.py:1509} INFO - Exporting the following env vars:
AIRFLOW_CTX_DAG_OWNER=tlysenko
AIRFLOW_CTX_DAG_ID=dag_with_task_flow_v1.0
AIRFLOW_CTX_TASK_ID=get_age
AIRFLOW_CTX_EXECUTION_DATE=2023-02-14T10:06:13.381573+00:00
AIRFLOW_CTX_TRY_NUMBER=1
AIRFLOW_CTX_DAG_RUN_ID=manual__2023-02-14T10:06:13.381573+00:00
[2023-02-14T10:06:14.679+0000] {python.py:177} INFO - Done. Returned value was: 33
[2023-02-14T10:06:14.701+0000] {taskinstance.py:1323} INFO - Marking task as SUCCESS. dag_id=dag_with_task_flow_v1.0, task_id=get_age, execution_date=20230214T100613, start_date=20230214T100614, end_date=20230214T100614
[2023-02-14T10:06:14.731+0000] {local_task_job.py:208} INFO - Task exited with return code 0
[2023-02-14T10:06:14.752+0000] {taskinstance.py:2578} INFO - 0 downstream tasks scheduled from follow-on schedule check
