[2023-02-14T09:07:27.691+0000] {taskinstance.py:1083} INFO - Dependencies all met for <TaskInstance: python_operator_dag_v1.4.get_name manual__2023-02-14T09:07:26.086848+00:00 [queued]>
[2023-02-14T09:07:27.711+0000] {taskinstance.py:1083} INFO - Dependencies all met for <TaskInstance: python_operator_dag_v1.4.get_name manual__2023-02-14T09:07:26.086848+00:00 [queued]>
[2023-02-14T09:07:27.712+0000] {taskinstance.py:1279} INFO - 
--------------------------------------------------------------------------------
[2023-02-14T09:07:27.714+0000] {taskinstance.py:1280} INFO - Starting attempt 1 of 6
[2023-02-14T09:07:27.715+0000] {taskinstance.py:1281} INFO - 
--------------------------------------------------------------------------------
[2023-02-14T09:07:27.760+0000] {taskinstance.py:1300} INFO - Executing <Task(PythonOperator): get_name> on 2023-02-14 09:07:26.086848+00:00
[2023-02-14T09:07:27.808+0000] {standard_task_runner.py:55} INFO - Started process 25697 to run task
[2023-02-14T09:07:27.833+0000] {standard_task_runner.py:82} INFO - Running: ['***', 'tasks', 'run', 'python_operator_dag_v1.4', 'get_name', 'manual__2023-02-14T09:07:26.086848+00:00', '--job-id', '15', '--raw', '--subdir', 'DAGS_FOLDER/dag-python-operator.py', '--cfg-path', '/tmp/tmp0x5gs2x8']
[2023-02-14T09:07:27.840+0000] {standard_task_runner.py:83} INFO - Job 15: Subtask get_name
[2023-02-14T09:07:28.079+0000] {task_command.py:388} INFO - Running <TaskInstance: python_operator_dag_v1.4.get_name manual__2023-02-14T09:07:26.086848+00:00 [running]> on host 38744fc0668d
[2023-02-14T09:07:28.293+0000] {taskinstance.py:1509} INFO - Exporting the following env vars:
AIRFLOW_CTX_DAG_OWNER=tlysenko
AIRFLOW_CTX_DAG_ID=python_operator_dag_v1.4
AIRFLOW_CTX_TASK_ID=get_name
AIRFLOW_CTX_EXECUTION_DATE=2023-02-14T09:07:26.086848+00:00
AIRFLOW_CTX_TRY_NUMBER=1
AIRFLOW_CTX_DAG_RUN_ID=manual__2023-02-14T09:07:26.086848+00:00
[2023-02-14T09:07:28.297+0000] {python.py:177} INFO - Done. Returned value was: Jerry
[2023-02-14T09:07:28.769+0000] {taskinstance.py:1323} INFO - Marking task as SUCCESS. dag_id=python_operator_dag_v1.4, task_id=get_name, execution_date=20230214T090726, start_date=20230214T090727, end_date=20230214T090728
[2023-02-14T09:07:28.863+0000] {local_task_job.py:208} INFO - Task exited with return code 0
[2023-02-14T09:07:28.934+0000] {taskinstance.py:2578} INFO - 0 downstream tasks scheduled from follow-on schedule check
