[2023-02-23T07:51:57.864+0000] {taskinstance.py:1083} INFO - Dependencies all met for <TaskInstance: csv_from_s3_to_s3_v01.ETL manual__2023-02-23T07:51:56.052207+00:00 [queued]>
[2023-02-23T07:51:57.870+0000] {taskinstance.py:1083} INFO - Dependencies all met for <TaskInstance: csv_from_s3_to_s3_v01.ETL manual__2023-02-23T07:51:56.052207+00:00 [queued]>
[2023-02-23T07:51:57.870+0000] {taskinstance.py:1279} INFO - 
--------------------------------------------------------------------------------
[2023-02-23T07:51:57.871+0000] {taskinstance.py:1280} INFO - Starting attempt 1 of 1
[2023-02-23T07:51:57.871+0000] {taskinstance.py:1281} INFO - 
--------------------------------------------------------------------------------
[2023-02-23T07:51:57.878+0000] {taskinstance.py:1300} INFO - Executing <Task(PythonOperator): ETL> on 2023-02-23 07:51:56.052207+00:00
[2023-02-23T07:51:57.885+0000] {standard_task_runner.py:55} INFO - Started process 16616 to run task
[2023-02-23T07:51:57.889+0000] {standard_task_runner.py:82} INFO - Running: ['***', 'tasks', 'run', 'csv_from_s3_to_s3_v01', 'ETL', 'manual__2023-02-23T07:51:56.052207+00:00', '--job-id', '223', '--raw', '--subdir', 'DAGS_FOLDER/dag_cleaning_via_s3.py', '--cfg-path', '/tmp/tmpyth2d8n0']
[2023-02-23T07:51:57.891+0000] {standard_task_runner.py:83} INFO - Job 223: Subtask ETL
[2023-02-23T07:51:57.950+0000] {task_command.py:388} INFO - Running <TaskInstance: csv_from_s3_to_s3_v01.ETL manual__2023-02-23T07:51:56.052207+00:00 [running]> on host e29b8426fc8e
[2023-02-23T07:51:58.010+0000] {taskinstance.py:1509} INFO - Exporting the following env vars:
AIRFLOW_CTX_DAG_OWNER=***
AIRFLOW_CTX_DAG_ID=csv_from_s3_to_s3_v01
AIRFLOW_CTX_TASK_ID=ETL
AIRFLOW_CTX_EXECUTION_DATE=2023-02-23T07:51:56.052207+00:00
AIRFLOW_CTX_TRY_NUMBER=1
AIRFLOW_CTX_DAG_RUN_ID=manual__2023-02-23T07:51:56.052207+00:00
[2023-02-23T07:51:58.012+0000] {taskinstance.py:1768} ERROR - Task failed with exception
Traceback (most recent call last):
  File "/home/airflow/.local/lib/python3.7/site-packages/airflow/operators/python.py", line 175, in execute
    return_value = self.execute_callable()
  File "/home/airflow/.local/lib/python3.7/site-packages/airflow/operators/python.py", line 192, in execute_callable
    return self.python_callable(*self.op_args, **self.op_kwargs)
  File "/opt/airflow/dags/dag_cleaning_via_s3.py", line 62, in RunETL
    df = get_file_from_s3()
NameError: name 'get_file_from_s3' is not defined
[2023-02-23T07:51:58.021+0000] {taskinstance.py:1323} INFO - Marking task as FAILED. dag_id=csv_from_s3_to_s3_v01, task_id=ETL, execution_date=20230223T075156, start_date=20230223T075157, end_date=20230223T075158
[2023-02-23T07:51:58.029+0000] {standard_task_runner.py:105} ERROR - Failed to execute job 223 for task ETL (name 'get_file_from_s3' is not defined; 16616)
[2023-02-23T07:51:58.061+0000] {local_task_job.py:208} INFO - Task exited with return code 1
[2023-02-23T07:51:58.076+0000] {taskinstance.py:2578} INFO - 0 downstream tasks scheduled from follow-on schedule check
