[2023-02-14T10:37:48.961+0000] {taskinstance.py:1083} INFO - Dependencies all met for <TaskInstance: dag_with_task_flow_v1.4.greet manual__2023-02-14T10:37:46.487608+00:00 [queued]>
[2023-02-14T10:37:48.967+0000] {taskinstance.py:1083} INFO - Dependencies all met for <TaskInstance: dag_with_task_flow_v1.4.greet manual__2023-02-14T10:37:46.487608+00:00 [queued]>
[2023-02-14T10:37:48.967+0000] {taskinstance.py:1279} INFO - 
--------------------------------------------------------------------------------
[2023-02-14T10:37:48.968+0000] {taskinstance.py:1280} INFO - Starting attempt 1 of 6
[2023-02-14T10:37:48.968+0000] {taskinstance.py:1281} INFO - 
--------------------------------------------------------------------------------
[2023-02-14T10:37:48.976+0000] {taskinstance.py:1300} INFO - Executing <Task(_PythonDecoratedOperator): greet> on 2023-02-14 10:37:46.487608+00:00
[2023-02-14T10:37:48.980+0000] {standard_task_runner.py:55} INFO - Started process 33417 to run task
[2023-02-14T10:37:48.983+0000] {standard_task_runner.py:82} INFO - Running: ['***', 'tasks', 'run', 'dag_with_task_flow_v1.4', 'greet', 'manual__2023-02-14T10:37:46.487608+00:00', '--job-id', '35', '--raw', '--subdir', 'DAGS_FOLDER/dag_with_task_flow.py', '--cfg-path', '/tmp/tmpb4z09gef']
[2023-02-14T10:37:48.985+0000] {standard_task_runner.py:83} INFO - Job 35: Subtask greet
[2023-02-14T10:37:49.043+0000] {task_command.py:388} INFO - Running <TaskInstance: dag_with_task_flow_v1.4.greet manual__2023-02-14T10:37:46.487608+00:00 [running]> on host 38744fc0668d
[2023-02-14T10:37:49.115+0000] {taskinstance.py:1509} INFO - Exporting the following env vars:
AIRFLOW_CTX_DAG_OWNER=tlysenko
AIRFLOW_CTX_DAG_ID=dag_with_task_flow_v1.4
AIRFLOW_CTX_TASK_ID=greet
AIRFLOW_CTX_EXECUTION_DATE=2023-02-14T10:37:46.487608+00:00
AIRFLOW_CTX_TRY_NUMBER=1
AIRFLOW_CTX_DAG_RUN_ID=manual__2023-02-14T10:37:46.487608+00:00
[2023-02-14T10:37:49.117+0000] {logging_mixin.py:137} INFO - Hello World! I am Jerry Fridman and I am 31 years old
[2023-02-14T10:37:49.117+0000] {python.py:177} INFO - Done. Returned value was: None
[2023-02-14T10:37:49.125+0000] {taskinstance.py:1323} INFO - Marking task as SUCCESS. dag_id=dag_with_task_flow_v1.4, task_id=greet, execution_date=20230214T103746, start_date=20230214T103748, end_date=20230214T103749
[2023-02-14T10:37:49.155+0000] {local_task_job.py:208} INFO - Task exited with return code 0
[2023-02-14T10:37:49.169+0000] {taskinstance.py:2578} INFO - 0 downstream tasks scheduled from follow-on schedule check
