[2023-02-13T12:23:00.201+0000] {taskinstance.py:1083} INFO - Dependencies all met for <TaskInstance: dataset_consumes_1.consuming_1 manual__2023-02-13T12:22:59.140776+00:00 [queued]>
[2023-02-13T12:23:00.216+0000] {taskinstance.py:1083} INFO - Dependencies all met for <TaskInstance: dataset_consumes_1.consuming_1 manual__2023-02-13T12:22:59.140776+00:00 [queued]>
[2023-02-13T12:23:00.217+0000] {taskinstance.py:1279} INFO - 
--------------------------------------------------------------------------------
[2023-02-13T12:23:00.218+0000] {taskinstance.py:1280} INFO - Starting attempt 1 of 1
[2023-02-13T12:23:00.218+0000] {taskinstance.py:1281} INFO - 
--------------------------------------------------------------------------------
[2023-02-13T12:23:00.233+0000] {taskinstance.py:1300} INFO - Executing <Task(BashOperator): consuming_1> on 2023-02-13 12:22:59.140776+00:00
[2023-02-13T12:23:00.239+0000] {standard_task_runner.py:55} INFO - Started process 14222 to run task
[2023-02-13T12:23:00.246+0000] {standard_task_runner.py:82} INFO - Running: ['***', 'tasks', 'run', 'dataset_consumes_1', 'consuming_1', 'manual__2023-02-13T12:22:59.140776+00:00', '--job-id', '3', '--raw', '--subdir', '/home/***/.local/lib/python3.7/site-packages/***/example_dags/example_datasets.py', '--cfg-path', '/tmp/tmpcyu_3ghs']
[2023-02-13T12:23:00.247+0000] {standard_task_runner.py:83} INFO - Job 3: Subtask consuming_1
[2023-02-13T12:23:00.349+0000] {task_command.py:388} INFO - Running <TaskInstance: dataset_consumes_1.consuming_1 manual__2023-02-13T12:22:59.140776+00:00 [running]> on host c629041687f2
[2023-02-13T12:23:00.408+0000] {taskinstance.py:1509} INFO - Exporting the following env vars:
AIRFLOW_CTX_DAG_OWNER=***
AIRFLOW_CTX_DAG_ID=dataset_consumes_1
AIRFLOW_CTX_TASK_ID=consuming_1
AIRFLOW_CTX_EXECUTION_DATE=2023-02-13T12:22:59.140776+00:00
AIRFLOW_CTX_TRY_NUMBER=1
AIRFLOW_CTX_DAG_RUN_ID=manual__2023-02-13T12:22:59.140776+00:00
[2023-02-13T12:23:00.410+0000] {subprocess.py:63} INFO - Tmp dir root location: 
 /tmp
[2023-02-13T12:23:00.411+0000] {subprocess.py:75} INFO - Running command: ['/bin/bash', '-c', 'sleep 5']
[2023-02-13T12:23:00.424+0000] {subprocess.py:86} INFO - Output:
[2023-02-13T12:23:05.441+0000] {subprocess.py:97} INFO - Command exited with return code 0
[2023-02-13T12:23:05.502+0000] {logging_mixin.py:137} WARNING - /home/***/.local/lib/python3.7/site-packages/***/models/baseoperator.py:1376 RemovedInAirflow3Warning: Passing 'execution_date' to 'TaskInstance.xcom_push()' is deprecated.
[2023-02-13T12:23:05.523+0000] {taskinstance.py:1323} INFO - Marking task as SUCCESS. dag_id=dataset_consumes_1, task_id=consuming_1, execution_date=20230213T122259, start_date=20230213T122300, end_date=20230213T122305
[2023-02-13T12:23:05.577+0000] {local_task_job.py:208} INFO - Task exited with return code 0
[2023-02-13T12:23:05.603+0000] {taskinstance.py:2578} INFO - 0 downstream tasks scheduled from follow-on schedule check
