[2023-02-14T10:37:47.510+0000] {taskinstance.py:1083} INFO - Dependencies all met for <TaskInstance: dag_with_task_flow_v1.4.get_name manual__2023-02-14T10:37:46.487608+00:00 [queued]>
[2023-02-14T10:37:47.518+0000] {taskinstance.py:1083} INFO - Dependencies all met for <TaskInstance: dag_with_task_flow_v1.4.get_name manual__2023-02-14T10:37:46.487608+00:00 [queued]>
[2023-02-14T10:37:47.519+0000] {taskinstance.py:1279} INFO - 
--------------------------------------------------------------------------------
[2023-02-14T10:37:47.520+0000] {taskinstance.py:1280} INFO - Starting attempt 1 of 6
[2023-02-14T10:37:47.520+0000] {taskinstance.py:1281} INFO - 
--------------------------------------------------------------------------------
[2023-02-14T10:37:47.530+0000] {taskinstance.py:1300} INFO - Executing <Task(_PythonDecoratedOperator): get_name> on 2023-02-14 10:37:46.487608+00:00
[2023-02-14T10:37:47.538+0000] {standard_task_runner.py:55} INFO - Started process 33415 to run task
[2023-02-14T10:37:47.543+0000] {standard_task_runner.py:82} INFO - Running: ['***', 'tasks', 'run', 'dag_with_task_flow_v1.4', 'get_name', 'manual__2023-02-14T10:37:46.487608+00:00', '--job-id', '34', '--raw', '--subdir', 'DAGS_FOLDER/dag_with_task_flow.py', '--cfg-path', '/tmp/tmp_yvlisda']
[2023-02-14T10:37:47.545+0000] {standard_task_runner.py:83} INFO - Job 34: Subtask get_name
[2023-02-14T10:37:47.623+0000] {task_command.py:388} INFO - Running <TaskInstance: dag_with_task_flow_v1.4.get_name manual__2023-02-14T10:37:46.487608+00:00 [running]> on host 38744fc0668d
[2023-02-14T10:37:47.703+0000] {taskinstance.py:1509} INFO - Exporting the following env vars:
AIRFLOW_CTX_DAG_OWNER=tlysenko
AIRFLOW_CTX_DAG_ID=dag_with_task_flow_v1.4
AIRFLOW_CTX_TASK_ID=get_name
AIRFLOW_CTX_EXECUTION_DATE=2023-02-14T10:37:46.487608+00:00
AIRFLOW_CTX_TRY_NUMBER=1
AIRFLOW_CTX_DAG_RUN_ID=manual__2023-02-14T10:37:46.487608+00:00
[2023-02-14T10:37:47.705+0000] {python.py:177} INFO - Done. Returned value was: {'first_name': 'Jerry', 'last_name': 'Fridman'}
[2023-02-14T10:37:47.744+0000] {taskinstance.py:1323} INFO - Marking task as SUCCESS. dag_id=dag_with_task_flow_v1.4, task_id=get_name, execution_date=20230214T103746, start_date=20230214T103747, end_date=20230214T103747
[2023-02-14T10:37:47.760+0000] {local_task_job.py:208} INFO - Task exited with return code 0
[2023-02-14T10:37:47.783+0000] {taskinstance.py:2578} INFO - 0 downstream tasks scheduled from follow-on schedule check
