[2023-02-15T00:57:23.265+0000] {taskinstance.py:1083} INFO - Dependencies all met for <TaskInstance: postgres_operator_dag_v1_05.create_posgtres_table scheduled__2023-02-14T00:00:00+00:00 [queued]>
[2023-02-15T00:57:23.273+0000] {taskinstance.py:1083} INFO - Dependencies all met for <TaskInstance: postgres_operator_dag_v1_05.create_posgtres_table scheduled__2023-02-14T00:00:00+00:00 [queued]>
[2023-02-15T00:57:23.273+0000] {taskinstance.py:1279} INFO - 
--------------------------------------------------------------------------------
[2023-02-15T00:57:23.274+0000] {taskinstance.py:1280} INFO - Starting attempt 1 of 6
[2023-02-15T00:57:23.274+0000] {taskinstance.py:1281} INFO - 
--------------------------------------------------------------------------------
[2023-02-15T00:57:23.281+0000] {taskinstance.py:1300} INFO - Executing <Task(PostgresOperator): create_posgtres_table> on 2023-02-14 00:00:00+00:00
[2023-02-15T00:57:23.286+0000] {standard_task_runner.py:55} INFO - Started process 11667 to run task
[2023-02-15T00:57:23.290+0000] {standard_task_runner.py:82} INFO - Running: ['***', 'tasks', 'run', 'postgres_operator_dag_v1_05', 'create_posgtres_table', 'scheduled__2023-02-14T00:00:00+00:00', '--job-id', '102', '--raw', '--subdir', 'DAGS_FOLDER/dag_with_postgres_operator.py', '--cfg-path', '/tmp/tmpxx8hov6v']
[2023-02-15T00:57:23.292+0000] {standard_task_runner.py:83} INFO - Job 102: Subtask create_posgtres_table
[2023-02-15T00:57:23.360+0000] {task_command.py:388} INFO - Running <TaskInstance: postgres_operator_dag_v1_05.create_posgtres_table scheduled__2023-02-14T00:00:00+00:00 [running]> on host 01550fe0586b
[2023-02-15T00:57:23.415+0000] {taskinstance.py:1509} INFO - Exporting the following env vars:
AIRFLOW_CTX_DAG_OWNER=tlysenko
AIRFLOW_CTX_DAG_ID=postgres_operator_dag_v1_05
AIRFLOW_CTX_TASK_ID=create_posgtres_table
AIRFLOW_CTX_EXECUTION_DATE=2023-02-14T00:00:00+00:00
AIRFLOW_CTX_TRY_NUMBER=1
AIRFLOW_CTX_DAG_RUN_ID=scheduled__2023-02-14T00:00:00+00:00
[2023-02-15T00:57:23.416+0000] {sql.py:254} INFO - Executing: 
            CREATE TABLE IF NOT EXISTS dag_runs (
            dt date,
            dag_id character varying(250),
            primary key (dt, dag_id)
            )
        
[2023-02-15T00:57:23.424+0000] {base.py:73} INFO - Using connection ID 'postgres_localhost' for task execution.
[2023-02-15T00:57:24.058+0000] {base.py:73} INFO - Using connection ID 'postgres_localhost' for task execution.
[2023-02-15T00:57:24.076+0000] {sql.py:375} INFO - Running statement: 
            CREATE TABLE IF NOT EXISTS dag_runs (
            dt date,
            dag_id character varying(250),
            primary key (dt, dag_id)
            )
        , parameters: None
[2023-02-15T00:57:24.094+0000] {taskinstance.py:1323} INFO - Marking task as SUCCESS. dag_id=postgres_operator_dag_v1_05, task_id=create_posgtres_table, execution_date=20230214T000000, start_date=20230215T005723, end_date=20230215T005724
[2023-02-15T00:57:24.162+0000] {local_task_job.py:208} INFO - Task exited with return code 0
[2023-02-15T00:57:24.192+0000] {taskinstance.py:2578} INFO - 1 downstream tasks scheduled from follow-on schedule check
