[2023-02-14T11:32:20.329+0000] {taskinstance.py:1083} INFO - Dependencies all met for <TaskInstance: dag_with_catchup_backfill_v011.task1 scheduled__2023-02-11T00:00:00+00:00 [queued]>
[2023-02-14T11:32:20.339+0000] {taskinstance.py:1083} INFO - Dependencies all met for <TaskInstance: dag_with_catchup_backfill_v011.task1 scheduled__2023-02-11T00:00:00+00:00 [queued]>
[2023-02-14T11:32:20.340+0000] {taskinstance.py:1279} INFO - 
--------------------------------------------------------------------------------
[2023-02-14T11:32:20.341+0000] {taskinstance.py:1280} INFO - Starting attempt 1 of 6
[2023-02-14T11:32:20.342+0000] {taskinstance.py:1281} INFO - 
--------------------------------------------------------------------------------
[2023-02-14T11:32:20.359+0000] {taskinstance.py:1300} INFO - Executing <Task(BashOperator): task1> on 2023-02-11 00:00:00+00:00
[2023-02-14T11:32:20.366+0000] {standard_task_runner.py:55} INFO - Started process 38382 to run task
[2023-02-14T11:32:20.374+0000] {standard_task_runner.py:82} INFO - Running: ['***', 'tasks', 'run', 'dag_with_catchup_backfill_v011', 'task1', 'scheduled__2023-02-11T00:00:00+00:00', '--job-id', '39', '--raw', '--subdir', 'DAGS_FOLDER/catchup_and_backfill.py', '--cfg-path', '/tmp/tmptbucq9tq']
[2023-02-14T11:32:20.377+0000] {standard_task_runner.py:83} INFO - Job 39: Subtask task1
[2023-02-14T11:32:20.586+0000] {task_command.py:388} INFO - Running <TaskInstance: dag_with_catchup_backfill_v011.task1 scheduled__2023-02-11T00:00:00+00:00 [running]> on host 38744fc0668d
[2023-02-14T11:32:20.970+0000] {taskinstance.py:1509} INFO - Exporting the following env vars:
AIRFLOW_CTX_DAG_OWNER=tlysenko
AIRFLOW_CTX_DAG_ID=dag_with_catchup_backfill_v011
AIRFLOW_CTX_TASK_ID=task1
AIRFLOW_CTX_EXECUTION_DATE=2023-02-11T00:00:00+00:00
AIRFLOW_CTX_TRY_NUMBER=1
AIRFLOW_CTX_DAG_RUN_ID=scheduled__2023-02-11T00:00:00+00:00
[2023-02-14T11:32:20.979+0000] {subprocess.py:63} INFO - Tmp dir root location: 
 /tmp
[2023-02-14T11:32:20.986+0000] {subprocess.py:75} INFO - Running command: ['/bin/bash', '-c', 'echo This is a simple bash command!']
[2023-02-14T11:32:21.047+0000] {subprocess.py:86} INFO - Output:
[2023-02-14T11:32:21.064+0000] {subprocess.py:93} INFO - This is a simple bash command!
[2023-02-14T11:32:21.065+0000] {subprocess.py:97} INFO - Command exited with return code 0
[2023-02-14T11:32:21.215+0000] {taskinstance.py:1323} INFO - Marking task as SUCCESS. dag_id=dag_with_catchup_backfill_v011, task_id=task1, execution_date=20230211T000000, start_date=20230214T113220, end_date=20230214T113221
[2023-02-14T11:32:21.289+0000] {local_task_job.py:208} INFO - Task exited with return code 0
[2023-02-14T11:32:21.377+0000] {taskinstance.py:2578} INFO - 0 downstream tasks scheduled from follow-on schedule check
