[2023-02-16T07:34:07.191+0000] {taskinstance.py:1083} INFO - Dependencies all met for <TaskInstance: first_dag_v3.3.task_1 scheduled__2023-02-14T00:00:00+00:00 [queued]>
[2023-02-16T07:34:07.205+0000] {taskinstance.py:1083} INFO - Dependencies all met for <TaskInstance: first_dag_v3.3.task_1 scheduled__2023-02-14T00:00:00+00:00 [queued]>
[2023-02-16T07:34:07.206+0000] {taskinstance.py:1279} INFO - 
--------------------------------------------------------------------------------
[2023-02-16T07:34:07.207+0000] {taskinstance.py:1280} INFO - Starting attempt 1 of 6
[2023-02-16T07:34:07.208+0000] {taskinstance.py:1281} INFO - 
--------------------------------------------------------------------------------
[2023-02-16T07:34:07.233+0000] {taskinstance.py:1300} INFO - Executing <Task(BashOperator): task_1> on 2023-02-14 00:00:00+00:00
[2023-02-16T07:34:07.241+0000] {standard_task_runner.py:55} INFO - Started process 31827 to run task
[2023-02-16T07:34:07.246+0000] {standard_task_runner.py:82} INFO - Running: ['***', 'tasks', 'run', 'first_dag_v3.3', 'task_1', 'scheduled__2023-02-14T00:00:00+00:00', '--job-id', '134', '--raw', '--subdir', 'DAGS_FOLDER/dag-1.py', '--cfg-path', '/tmp/tmp_re0paz2']
[2023-02-16T07:34:07.251+0000] {standard_task_runner.py:83} INFO - Job 134: Subtask task_1
[2023-02-16T07:34:07.334+0000] {task_command.py:388} INFO - Running <TaskInstance: first_dag_v3.3.task_1 scheduled__2023-02-14T00:00:00+00:00 [running]> on host 20eb5e5814e6
[2023-02-16T07:34:07.407+0000] {taskinstance.py:1509} INFO - Exporting the following env vars:
AIRFLOW_CTX_DAG_OWNER=tlysenko
AIRFLOW_CTX_DAG_ID=first_dag_v3.3
AIRFLOW_CTX_TASK_ID=task_1
AIRFLOW_CTX_EXECUTION_DATE=2023-02-14T00:00:00+00:00
AIRFLOW_CTX_TRY_NUMBER=1
AIRFLOW_CTX_DAG_RUN_ID=scheduled__2023-02-14T00:00:00+00:00
[2023-02-16T07:34:07.409+0000] {subprocess.py:63} INFO - Tmp dir root location: 
 /tmp
[2023-02-16T07:34:07.411+0000] {subprocess.py:75} INFO - Running command: ['/bin/bash', '-c', 'echo "Hello World!"']
[2023-02-16T07:34:07.423+0000] {subprocess.py:86} INFO - Output:
[2023-02-16T07:34:07.440+0000] {subprocess.py:93} INFO - Hello World!
[2023-02-16T07:34:07.442+0000] {subprocess.py:97} INFO - Command exited with return code 0
[2023-02-16T07:34:07.483+0000] {taskinstance.py:1323} INFO - Marking task as SUCCESS. dag_id=first_dag_v3.3, task_id=task_1, execution_date=20230214T000000, start_date=20230216T073407, end_date=20230216T073407
[2023-02-16T07:34:07.507+0000] {local_task_job.py:208} INFO - Task exited with return code 0
[2023-02-16T07:34:07.533+0000] {taskinstance.py:2578} INFO - 2 downstream tasks scheduled from follow-on schedule check
