[2023-02-14T10:10:38.760+0000] {taskinstance.py:1083} INFO - Dependencies all met for <TaskInstance: dag_with_task_flow_v1.2.get_age manual__2023-02-14T10:10:37.658749+00:00 [queued]>
[2023-02-14T10:10:38.770+0000] {taskinstance.py:1083} INFO - Dependencies all met for <TaskInstance: dag_with_task_flow_v1.2.get_age manual__2023-02-14T10:10:37.658749+00:00 [queued]>
[2023-02-14T10:10:38.771+0000] {taskinstance.py:1279} INFO - 
--------------------------------------------------------------------------------
[2023-02-14T10:10:38.772+0000] {taskinstance.py:1280} INFO - Starting attempt 1 of 6
[2023-02-14T10:10:38.772+0000] {taskinstance.py:1281} INFO - 
--------------------------------------------------------------------------------
[2023-02-14T10:10:38.782+0000] {taskinstance.py:1300} INFO - Executing <Task(_PythonDecoratedOperator): get_age> on 2023-02-14 10:10:37.658749+00:00
[2023-02-14T10:10:38.789+0000] {standard_task_runner.py:55} INFO - Started process 30937 to run task
[2023-02-14T10:10:38.798+0000] {standard_task_runner.py:82} INFO - Running: ['***', 'tasks', 'run', 'dag_with_task_flow_v1.2', 'get_age', 'manual__2023-02-14T10:10:37.658749+00:00', '--job-id', '30', '--raw', '--subdir', 'DAGS_FOLDER/dag_with_task_flow.py', '--cfg-path', '/tmp/tmp4xx47oka']
[2023-02-14T10:10:38.802+0000] {standard_task_runner.py:83} INFO - Job 30: Subtask get_age
[2023-02-14T10:10:38.925+0000] {task_command.py:388} INFO - Running <TaskInstance: dag_with_task_flow_v1.2.get_age manual__2023-02-14T10:10:37.658749+00:00 [running]> on host 38744fc0668d
[2023-02-14T10:10:38.990+0000] {taskinstance.py:1509} INFO - Exporting the following env vars:
AIRFLOW_CTX_DAG_OWNER=tlysenko
AIRFLOW_CTX_DAG_ID=dag_with_task_flow_v1.2
AIRFLOW_CTX_TASK_ID=get_age
AIRFLOW_CTX_EXECUTION_DATE=2023-02-14T10:10:37.658749+00:00
AIRFLOW_CTX_TRY_NUMBER=1
AIRFLOW_CTX_DAG_RUN_ID=manual__2023-02-14T10:10:37.658749+00:00
[2023-02-14T10:10:38.991+0000] {python.py:177} INFO - Done. Returned value was: 31
[2023-02-14T10:10:39.040+0000] {taskinstance.py:1323} INFO - Marking task as SUCCESS. dag_id=dag_with_task_flow_v1.2, task_id=get_age, execution_date=20230214T101037, start_date=20230214T101038, end_date=20230214T101039
[2023-02-14T10:10:39.087+0000] {local_task_job.py:208} INFO - Task exited with return code 0
[2023-02-14T10:10:39.129+0000] {taskinstance.py:2578} INFO - 1 downstream tasks scheduled from follow-on schedule check
