[2023-02-23T09:43:16.208+0000] {taskinstance.py:1083} INFO - Dependencies all met for <TaskInstance: csv_from_s3_to_s3_v03.ETL manual__2023-02-23T09:43:14.258773+00:00 [queued]>
[2023-02-23T09:43:16.226+0000] {taskinstance.py:1083} INFO - Dependencies all met for <TaskInstance: csv_from_s3_to_s3_v03.ETL manual__2023-02-23T09:43:14.258773+00:00 [queued]>
[2023-02-23T09:43:16.227+0000] {taskinstance.py:1279} INFO - 
--------------------------------------------------------------------------------
[2023-02-23T09:43:16.228+0000] {taskinstance.py:1280} INFO - Starting attempt 1 of 1
[2023-02-23T09:43:16.230+0000] {taskinstance.py:1281} INFO - 
--------------------------------------------------------------------------------
[2023-02-23T09:43:16.243+0000] {taskinstance.py:1300} INFO - Executing <Task(PythonOperator): ETL> on 2023-02-23 09:43:14.258773+00:00
[2023-02-23T09:43:16.251+0000] {standard_task_runner.py:55} INFO - Started process 32328 to run task
[2023-02-23T09:43:16.255+0000] {standard_task_runner.py:82} INFO - Running: ['***', 'tasks', 'run', 'csv_from_s3_to_s3_v03', 'ETL', 'manual__2023-02-23T09:43:14.258773+00:00', '--job-id', '226', '--raw', '--subdir', 'DAGS_FOLDER/dag_cleaning_via_s3.py', '--cfg-path', '/tmp/tmpls7w4szl']
[2023-02-23T09:43:16.259+0000] {standard_task_runner.py:83} INFO - Job 226: Subtask ETL
[2023-02-23T09:43:16.339+0000] {task_command.py:388} INFO - Running <TaskInstance: csv_from_s3_to_s3_v03.ETL manual__2023-02-23T09:43:14.258773+00:00 [running]> on host e29b8426fc8e
[2023-02-23T09:43:16.416+0000] {taskinstance.py:1509} INFO - Exporting the following env vars:
AIRFLOW_CTX_DAG_OWNER=***
AIRFLOW_CTX_DAG_ID=csv_from_s3_to_s3_v03
AIRFLOW_CTX_TASK_ID=ETL
AIRFLOW_CTX_EXECUTION_DATE=2023-02-23T09:43:14.258773+00:00
AIRFLOW_CTX_TRY_NUMBER=1
AIRFLOW_CTX_DAG_RUN_ID=manual__2023-02-23T09:43:14.258773+00:00
[2023-02-23T09:43:16.420+0000] {logging_mixin.py:137} INFO - file name titanic.csv
[2023-02-23T09:43:16.442+0000] {base.py:73} INFO - Using connection ID 'AWS' for task execution.
[2023-02-23T09:43:16.443+0000] {connection_wrapper.py:334} INFO - AWS Connection (conn_id='AWS', conn_type='aws') credentials retrieved from login and password.
[2023-02-23T09:43:18.172+0000] {base.py:73} INFO - Using connection ID 'AWS' for task execution.
[2023-02-23T09:43:18.176+0000] {connection_wrapper.py:334} INFO - AWS Connection (conn_id='AWS', conn_type='aws') credentials retrieved from login and password.
[2023-02-23T09:43:19.435+0000] {taskinstance.py:1768} ERROR - Task failed with exception
Traceback (most recent call last):
  File "/home/airflow/.local/lib/python3.7/site-packages/airflow/operators/python.py", line 175, in execute
    return_value = self.execute_callable()
  File "/home/airflow/.local/lib/python3.7/site-packages/airflow/operators/python.py", line 192, in execute_callable
    return self.python_callable(*self.op_args, **self.op_kwargs)
  File "/opt/airflow/dags/dag_cleaning_via_s3.py", line 65, in run_etl
    self.put_file_to_s3(df)
  File "/opt/airflow/dags/dag_cleaning_via_s3.py", line 53, in put_file_to_s3
    key=self.TGT_FILE_NAME
  File "/home/airflow/.local/lib/python3.7/site-packages/airflow/providers/amazon/aws/hooks/s3.py", line 99, in wrapper
    return func(*bound_args.args, **bound_args.kwargs)
  File "/home/airflow/.local/lib/python3.7/site-packages/airflow/providers/amazon/aws/hooks/s3.py", line 70, in wrapper
    return func(*bound_args.args, **bound_args.kwargs)
  File "/home/airflow/.local/lib/python3.7/site-packages/airflow/providers/amazon/aws/hooks/s3.py", line 695, in load_string
    self._upload_file_obj(file_obj, key, bucket_name, replace, encrypt, acl_policy)
  File "/home/airflow/.local/lib/python3.7/site-packages/airflow/providers/amazon/aws/hooks/s3.py", line 779, in _upload_file_obj
    Config=self.transfer_config,
  File "/home/airflow/.local/lib/python3.7/site-packages/boto3/s3/inject.py", line 636, in upload_fileobj
    return future.result()
  File "/home/airflow/.local/lib/python3.7/site-packages/s3transfer/futures.py", line 103, in result
    return self._coordinator.result()
  File "/home/airflow/.local/lib/python3.7/site-packages/s3transfer/futures.py", line 266, in result
    raise self._exception
  File "/home/airflow/.local/lib/python3.7/site-packages/s3transfer/tasks.py", line 139, in __call__
    return self._execute_main(kwargs)
  File "/home/airflow/.local/lib/python3.7/site-packages/s3transfer/tasks.py", line 162, in _execute_main
    return_value = self._main(**kwargs)
  File "/home/airflow/.local/lib/python3.7/site-packages/s3transfer/upload.py", line 758, in _main
    client.put_object(Bucket=bucket, Key=key, Body=body, **extra_args)
  File "/home/airflow/.local/lib/python3.7/site-packages/botocore/client.py", line 530, in _api_call
    return self._make_api_call(operation_name, kwargs)
  File "/home/airflow/.local/lib/python3.7/site-packages/botocore/client.py", line 960, in _make_api_call
    raise error_class(parsed_response, operation_name)
botocore.exceptions.ClientError: An error occurred (AccessDenied) when calling the PutObject operation: Access Denied
[2023-02-23T09:43:19.453+0000] {taskinstance.py:1323} INFO - Marking task as FAILED. dag_id=csv_from_s3_to_s3_v03, task_id=ETL, execution_date=20230223T094314, start_date=20230223T094316, end_date=20230223T094319
[2023-02-23T09:43:19.465+0000] {standard_task_runner.py:105} ERROR - Failed to execute job 226 for task ETL (An error occurred (AccessDenied) when calling the PutObject operation: Access Denied; 32328)
[2023-02-23T09:43:19.505+0000] {local_task_job.py:208} INFO - Task exited with return code 1
[2023-02-23T09:43:19.541+0000] {taskinstance.py:2578} INFO - 0 downstream tasks scheduled from follow-on schedule check
