[2023-02-13T13:55:14.460+0000] {processor.py:153} INFO - Started process (PID=1098) to work on /opt/airflow/dags/dag-1.py
[2023-02-13T13:55:14.463+0000] {processor.py:743} INFO - Processing file /opt/airflow/dags/dag-1.py for tasks to queue
[2023-02-13T13:55:14.469+0000] {logging_mixin.py:137} INFO - [2023-02-13T13:55:14.467+0000] {dagbag.py:538} INFO - Filling up the DagBag from /opt/airflow/dags/dag-1.py
[2023-02-13T13:55:14.521+0000] {logging_mixin.py:137} INFO - [2023-02-13T13:55:14.513+0000] {dagbag.py:343} ERROR - Failed to import: /opt/airflow/dags/dag-1.py
Traceback (most recent call last):
  File "/home/airflow/.local/lib/python3.7/site-packages/airflow/models/dagbag.py", line 339, in parse
    loader.exec_module(new_module)
  File "<frozen importlib._bootstrap_external>", line 728, in exec_module
  File "<frozen importlib._bootstrap>", line 219, in _call_with_frames_removed
  File "/opt/airflow/dags/dag-1.py", line 9, in <module>
    'retry_delay': datetime.timedelta(minutes=2)
AttributeError: type object 'datetime.datetime' has no attribute 'timedelta'
[2023-02-13T13:55:14.523+0000] {processor.py:755} WARNING - No viable dags retrieved from /opt/airflow/dags/dag-1.py
[2023-02-13T13:55:14.575+0000] {processor.py:175} INFO - Processing /opt/airflow/dags/dag-1.py took 0.121 seconds
[2023-02-13T13:55:15.513+0000] {processor.py:153} INFO - Started process (PID=1103) to work on /opt/airflow/dags/dag-1.py
[2023-02-13T13:55:15.516+0000] {processor.py:743} INFO - Processing file /opt/airflow/dags/dag-1.py for tasks to queue
[2023-02-13T13:55:15.517+0000] {logging_mixin.py:137} INFO - [2023-02-13T13:55:15.517+0000] {dagbag.py:538} INFO - Filling up the DagBag from /opt/airflow/dags/dag-1.py
[2023-02-13T13:55:15.606+0000] {processor.py:753} INFO - DAG(s) dict_keys(['first_dag']) retrieved from /opt/airflow/dags/dag-1.py
[2023-02-13T13:55:15.908+0000] {logging_mixin.py:137} INFO - [2023-02-13T13:55:15.906+0000] {manager.py:504} INFO - Created Permission View: can read on DAG:first_dag
[2023-02-13T13:55:15.920+0000] {logging_mixin.py:137} INFO - [2023-02-13T13:55:15.920+0000] {manager.py:504} INFO - Created Permission View: can edit on DAG:first_dag
[2023-02-13T13:55:15.938+0000] {logging_mixin.py:137} INFO - [2023-02-13T13:55:15.937+0000] {manager.py:504} INFO - Created Permission View: can delete on DAG:first_dag
[2023-02-13T13:55:15.941+0000] {logging_mixin.py:137} INFO - [2023-02-13T13:55:15.941+0000] {dag.py:2690} INFO - Sync 1 DAGs
[2023-02-13T13:55:16.000+0000] {logging_mixin.py:137} INFO - [2023-02-13T13:55:15.999+0000] {dag.py:2711} INFO - Creating ORM DAG for first_dag
[2023-02-13T13:55:16.030+0000] {logging_mixin.py:137} INFO - [2023-02-13T13:55:16.030+0000] {dag.py:3441} INFO - Setting next_dagrun for first_dag to 2023-02-14T00:00:00+00:00, run_after=2023-02-15T00:00:00+00:00
[2023-02-13T13:55:16.095+0000] {processor.py:175} INFO - Processing /opt/airflow/dags/dag-1.py took 0.592 seconds
[2023-02-13T13:55:46.667+0000] {processor.py:153} INFO - Started process (PID=1132) to work on /opt/airflow/dags/dag-1.py
[2023-02-13T13:55:46.670+0000] {processor.py:743} INFO - Processing file /opt/airflow/dags/dag-1.py for tasks to queue
[2023-02-13T13:55:46.674+0000] {logging_mixin.py:137} INFO - [2023-02-13T13:55:46.673+0000] {dagbag.py:538} INFO - Filling up the DagBag from /opt/airflow/dags/dag-1.py
[2023-02-13T13:55:46.720+0000] {processor.py:753} INFO - DAG(s) dict_keys(['first_dag']) retrieved from /opt/airflow/dags/dag-1.py
[2023-02-13T13:55:46.751+0000] {logging_mixin.py:137} INFO - [2023-02-13T13:55:46.751+0000] {dag.py:2690} INFO - Sync 1 DAGs
[2023-02-13T13:55:46.778+0000] {logging_mixin.py:137} INFO - [2023-02-13T13:55:46.778+0000] {dag.py:3441} INFO - Setting next_dagrun for first_dag to 2023-02-14T00:00:00+00:00, run_after=2023-02-15T00:00:00+00:00
[2023-02-13T13:55:46.795+0000] {processor.py:175} INFO - Processing /opt/airflow/dags/dag-1.py took 0.135 seconds
[2023-02-13T13:56:17.082+0000] {processor.py:153} INFO - Started process (PID=1173) to work on /opt/airflow/dags/dag-1.py
[2023-02-13T13:56:17.085+0000] {processor.py:743} INFO - Processing file /opt/airflow/dags/dag-1.py for tasks to queue
[2023-02-13T13:56:17.087+0000] {logging_mixin.py:137} INFO - [2023-02-13T13:56:17.087+0000] {dagbag.py:538} INFO - Filling up the DagBag from /opt/airflow/dags/dag-1.py
[2023-02-13T13:56:17.114+0000] {processor.py:753} INFO - DAG(s) dict_keys(['first_dag']) retrieved from /opt/airflow/dags/dag-1.py
[2023-02-13T13:56:17.137+0000] {logging_mixin.py:137} INFO - [2023-02-13T13:56:17.137+0000] {dag.py:2690} INFO - Sync 1 DAGs
[2023-02-13T13:56:17.157+0000] {logging_mixin.py:137} INFO - [2023-02-13T13:56:17.157+0000] {dag.py:3441} INFO - Setting next_dagrun for first_dag to 2023-02-14T00:00:00+00:00, run_after=2023-02-15T00:00:00+00:00
[2023-02-13T13:56:17.169+0000] {processor.py:175} INFO - Processing /opt/airflow/dags/dag-1.py took 0.096 seconds
[2023-02-13T13:56:47.390+0000] {processor.py:153} INFO - Started process (PID=1202) to work on /opt/airflow/dags/dag-1.py
[2023-02-13T13:56:47.393+0000] {processor.py:743} INFO - Processing file /opt/airflow/dags/dag-1.py for tasks to queue
[2023-02-13T13:56:47.395+0000] {logging_mixin.py:137} INFO - [2023-02-13T13:56:47.395+0000] {dagbag.py:538} INFO - Filling up the DagBag from /opt/airflow/dags/dag-1.py
[2023-02-13T13:56:47.424+0000] {processor.py:753} INFO - DAG(s) dict_keys(['first_dag']) retrieved from /opt/airflow/dags/dag-1.py
[2023-02-13T13:56:47.463+0000] {logging_mixin.py:137} INFO - [2023-02-13T13:56:47.463+0000] {dag.py:2690} INFO - Sync 1 DAGs
[2023-02-13T13:56:47.484+0000] {logging_mixin.py:137} INFO - [2023-02-13T13:56:47.484+0000] {dag.py:3441} INFO - Setting next_dagrun for first_dag to 2023-02-14T00:00:00+00:00, run_after=2023-02-15T00:00:00+00:00
[2023-02-13T13:56:47.497+0000] {processor.py:175} INFO - Processing /opt/airflow/dags/dag-1.py took 0.116 seconds
[2023-02-13T13:57:17.780+0000] {processor.py:153} INFO - Started process (PID=1243) to work on /opt/airflow/dags/dag-1.py
[2023-02-13T13:57:17.784+0000] {processor.py:743} INFO - Processing file /opt/airflow/dags/dag-1.py for tasks to queue
[2023-02-13T13:57:17.786+0000] {logging_mixin.py:137} INFO - [2023-02-13T13:57:17.786+0000] {dagbag.py:538} INFO - Filling up the DagBag from /opt/airflow/dags/dag-1.py
[2023-02-13T13:57:17.825+0000] {processor.py:753} INFO - DAG(s) dict_keys(['first_dag']) retrieved from /opt/airflow/dags/dag-1.py
[2023-02-13T13:57:17.884+0000] {logging_mixin.py:137} INFO - [2023-02-13T13:57:17.884+0000] {dag.py:2690} INFO - Sync 1 DAGs
[2023-02-13T13:57:17.940+0000] {logging_mixin.py:137} INFO - [2023-02-13T13:57:17.939+0000] {dag.py:3441} INFO - Setting next_dagrun for first_dag to 2023-02-14T00:00:00+00:00, run_after=2023-02-15T00:00:00+00:00
[2023-02-13T13:57:17.966+0000] {processor.py:175} INFO - Processing /opt/airflow/dags/dag-1.py took 0.213 seconds
[2023-02-13T13:57:48.227+0000] {processor.py:153} INFO - Started process (PID=1284) to work on /opt/airflow/dags/dag-1.py
[2023-02-13T13:57:48.233+0000] {processor.py:743} INFO - Processing file /opt/airflow/dags/dag-1.py for tasks to queue
[2023-02-13T13:57:48.237+0000] {logging_mixin.py:137} INFO - [2023-02-13T13:57:48.236+0000] {dagbag.py:538} INFO - Filling up the DagBag from /opt/airflow/dags/dag-1.py
[2023-02-13T13:57:48.275+0000] {processor.py:753} INFO - DAG(s) dict_keys(['first_dag']) retrieved from /opt/airflow/dags/dag-1.py
[2023-02-13T13:57:48.314+0000] {logging_mixin.py:137} INFO - [2023-02-13T13:57:48.314+0000] {dag.py:2690} INFO - Sync 1 DAGs
[2023-02-13T13:57:48.338+0000] {logging_mixin.py:137} INFO - [2023-02-13T13:57:48.338+0000] {dag.py:3441} INFO - Setting next_dagrun for first_dag to 2023-02-14T00:00:00+00:00, run_after=2023-02-15T00:00:00+00:00
[2023-02-13T13:57:48.353+0000] {processor.py:175} INFO - Processing /opt/airflow/dags/dag-1.py took 0.140 seconds
[2023-02-13T13:58:18.528+0000] {processor.py:153} INFO - Started process (PID=1313) to work on /opt/airflow/dags/dag-1.py
[2023-02-13T13:58:18.531+0000] {processor.py:743} INFO - Processing file /opt/airflow/dags/dag-1.py for tasks to queue
[2023-02-13T13:58:18.532+0000] {logging_mixin.py:137} INFO - [2023-02-13T13:58:18.532+0000] {dagbag.py:538} INFO - Filling up the DagBag from /opt/airflow/dags/dag-1.py
[2023-02-13T13:58:18.559+0000] {processor.py:753} INFO - DAG(s) dict_keys(['first_dag']) retrieved from /opt/airflow/dags/dag-1.py
[2023-02-13T13:58:18.585+0000] {logging_mixin.py:137} INFO - [2023-02-13T13:58:18.585+0000] {dag.py:2690} INFO - Sync 1 DAGs
[2023-02-13T13:58:18.606+0000] {logging_mixin.py:137} INFO - [2023-02-13T13:58:18.605+0000] {dag.py:3441} INFO - Setting next_dagrun for first_dag to 2023-02-14T00:00:00+00:00, run_after=2023-02-15T00:00:00+00:00
[2023-02-13T13:58:18.634+0000] {processor.py:175} INFO - Processing /opt/airflow/dags/dag-1.py took 0.111 seconds
[2023-02-13T13:58:49.014+0000] {processor.py:153} INFO - Started process (PID=1353) to work on /opt/airflow/dags/dag-1.py
[2023-02-13T13:58:49.016+0000] {processor.py:743} INFO - Processing file /opt/airflow/dags/dag-1.py for tasks to queue
[2023-02-13T13:58:49.018+0000] {logging_mixin.py:137} INFO - [2023-02-13T13:58:49.018+0000] {dagbag.py:538} INFO - Filling up the DagBag from /opt/airflow/dags/dag-1.py
[2023-02-13T13:58:49.071+0000] {processor.py:753} INFO - DAG(s) dict_keys(['first_dag']) retrieved from /opt/airflow/dags/dag-1.py
[2023-02-13T13:58:49.112+0000] {logging_mixin.py:137} INFO - [2023-02-13T13:58:49.112+0000] {dag.py:2690} INFO - Sync 1 DAGs
[2023-02-13T13:58:49.135+0000] {logging_mixin.py:137} INFO - [2023-02-13T13:58:49.135+0000] {dag.py:3441} INFO - Setting next_dagrun for first_dag to 2023-02-14T00:00:00+00:00, run_after=2023-02-15T00:00:00+00:00
[2023-02-13T13:58:49.151+0000] {processor.py:175} INFO - Processing /opt/airflow/dags/dag-1.py took 0.141 seconds
[2023-02-13T13:59:19.415+0000] {processor.py:153} INFO - Started process (PID=1382) to work on /opt/airflow/dags/dag-1.py
[2023-02-13T13:59:19.418+0000] {processor.py:743} INFO - Processing file /opt/airflow/dags/dag-1.py for tasks to queue
[2023-02-13T13:59:19.420+0000] {logging_mixin.py:137} INFO - [2023-02-13T13:59:19.420+0000] {dagbag.py:538} INFO - Filling up the DagBag from /opt/airflow/dags/dag-1.py
[2023-02-13T13:59:19.447+0000] {processor.py:753} INFO - DAG(s) dict_keys(['first_dag']) retrieved from /opt/airflow/dags/dag-1.py
[2023-02-13T13:59:19.489+0000] {logging_mixin.py:137} INFO - [2023-02-13T13:59:19.489+0000] {dag.py:2690} INFO - Sync 1 DAGs
[2023-02-13T13:59:19.510+0000] {logging_mixin.py:137} INFO - [2023-02-13T13:59:19.509+0000] {dag.py:3441} INFO - Setting next_dagrun for first_dag to 2023-02-14T00:00:00+00:00, run_after=2023-02-15T00:00:00+00:00
[2023-02-13T13:59:19.521+0000] {processor.py:175} INFO - Processing /opt/airflow/dags/dag-1.py took 0.116 seconds
[2023-02-13T13:59:49.966+0000] {processor.py:153} INFO - Started process (PID=1422) to work on /opt/airflow/dags/dag-1.py
[2023-02-13T13:59:49.968+0000] {processor.py:743} INFO - Processing file /opt/airflow/dags/dag-1.py for tasks to queue
[2023-02-13T13:59:49.969+0000] {logging_mixin.py:137} INFO - [2023-02-13T13:59:49.969+0000] {dagbag.py:538} INFO - Filling up the DagBag from /opt/airflow/dags/dag-1.py
[2023-02-13T13:59:50.003+0000] {processor.py:753} INFO - DAG(s) dict_keys(['first_dag']) retrieved from /opt/airflow/dags/dag-1.py
[2023-02-13T13:59:50.051+0000] {logging_mixin.py:137} INFO - [2023-02-13T13:59:50.051+0000] {dag.py:2690} INFO - Sync 1 DAGs
[2023-02-13T13:59:50.077+0000] {logging_mixin.py:137} INFO - [2023-02-13T13:59:50.077+0000] {dag.py:3441} INFO - Setting next_dagrun for first_dag to 2023-02-14T00:00:00+00:00, run_after=2023-02-15T00:00:00+00:00
[2023-02-13T13:59:50.090+0000] {processor.py:175} INFO - Processing /opt/airflow/dags/dag-1.py took 0.131 seconds
[2023-02-13T14:00:20.299+0000] {processor.py:153} INFO - Started process (PID=1463) to work on /opt/airflow/dags/dag-1.py
[2023-02-13T14:00:20.301+0000] {processor.py:743} INFO - Processing file /opt/airflow/dags/dag-1.py for tasks to queue
[2023-02-13T14:00:20.302+0000] {logging_mixin.py:137} INFO - [2023-02-13T14:00:20.302+0000] {dagbag.py:538} INFO - Filling up the DagBag from /opt/airflow/dags/dag-1.py
[2023-02-13T14:00:20.326+0000] {processor.py:753} INFO - DAG(s) dict_keys(['first_dag']) retrieved from /opt/airflow/dags/dag-1.py
[2023-02-13T14:00:20.374+0000] {logging_mixin.py:137} INFO - [2023-02-13T14:00:20.374+0000] {dag.py:2690} INFO - Sync 1 DAGs
[2023-02-13T14:00:20.403+0000] {logging_mixin.py:137} INFO - [2023-02-13T14:00:20.402+0000] {dag.py:3441} INFO - Setting next_dagrun for first_dag to 2023-02-14T00:00:00+00:00, run_after=2023-02-15T00:00:00+00:00
[2023-02-13T14:00:20.422+0000] {processor.py:175} INFO - Processing /opt/airflow/dags/dag-1.py took 0.132 seconds
[2023-02-13T14:00:50.702+0000] {processor.py:153} INFO - Started process (PID=1492) to work on /opt/airflow/dags/dag-1.py
[2023-02-13T14:00:50.704+0000] {processor.py:743} INFO - Processing file /opt/airflow/dags/dag-1.py for tasks to queue
[2023-02-13T14:00:50.706+0000] {logging_mixin.py:137} INFO - [2023-02-13T14:00:50.705+0000] {dagbag.py:538} INFO - Filling up the DagBag from /opt/airflow/dags/dag-1.py
[2023-02-13T14:00:50.748+0000] {processor.py:753} INFO - DAG(s) dict_keys(['first_dag']) retrieved from /opt/airflow/dags/dag-1.py
[2023-02-13T14:00:50.778+0000] {logging_mixin.py:137} INFO - [2023-02-13T14:00:50.778+0000] {dag.py:2690} INFO - Sync 1 DAGs
[2023-02-13T14:00:50.799+0000] {logging_mixin.py:137} INFO - [2023-02-13T14:00:50.799+0000] {dag.py:3441} INFO - Setting next_dagrun for first_dag to 2023-02-14T00:00:00+00:00, run_after=2023-02-15T00:00:00+00:00
[2023-02-13T14:00:50.811+0000] {processor.py:175} INFO - Processing /opt/airflow/dags/dag-1.py took 0.118 seconds
[2023-02-13T14:01:21.150+0000] {processor.py:153} INFO - Started process (PID=1533) to work on /opt/airflow/dags/dag-1.py
[2023-02-13T14:01:21.152+0000] {processor.py:743} INFO - Processing file /opt/airflow/dags/dag-1.py for tasks to queue
[2023-02-13T14:01:21.154+0000] {logging_mixin.py:137} INFO - [2023-02-13T14:01:21.154+0000] {dagbag.py:538} INFO - Filling up the DagBag from /opt/airflow/dags/dag-1.py
[2023-02-13T14:01:21.180+0000] {processor.py:753} INFO - DAG(s) dict_keys(['first_dag']) retrieved from /opt/airflow/dags/dag-1.py
[2023-02-13T14:01:21.208+0000] {logging_mixin.py:137} INFO - [2023-02-13T14:01:21.208+0000] {dag.py:2690} INFO - Sync 1 DAGs
[2023-02-13T14:01:21.247+0000] {logging_mixin.py:137} INFO - [2023-02-13T14:01:21.247+0000] {dag.py:3441} INFO - Setting next_dagrun for first_dag to 2023-02-14T00:00:00+00:00, run_after=2023-02-15T00:00:00+00:00
[2023-02-13T14:01:21.260+0000] {processor.py:175} INFO - Processing /opt/airflow/dags/dag-1.py took 0.117 seconds
[2023-02-13T14:01:51.639+0000] {processor.py:153} INFO - Started process (PID=1562) to work on /opt/airflow/dags/dag-1.py
[2023-02-13T14:01:51.641+0000] {processor.py:743} INFO - Processing file /opt/airflow/dags/dag-1.py for tasks to queue
[2023-02-13T14:01:51.643+0000] {logging_mixin.py:137} INFO - [2023-02-13T14:01:51.643+0000] {dagbag.py:538} INFO - Filling up the DagBag from /opt/airflow/dags/dag-1.py
[2023-02-13T14:01:51.672+0000] {processor.py:753} INFO - DAG(s) dict_keys(['first_dag']) retrieved from /opt/airflow/dags/dag-1.py
[2023-02-13T14:01:51.704+0000] {logging_mixin.py:137} INFO - [2023-02-13T14:01:51.704+0000] {dag.py:2690} INFO - Sync 1 DAGs
[2023-02-13T14:01:51.725+0000] {logging_mixin.py:137} INFO - [2023-02-13T14:01:51.725+0000] {dag.py:3441} INFO - Setting next_dagrun for first_dag to 2023-02-14T00:00:00+00:00, run_after=2023-02-15T00:00:00+00:00
[2023-02-13T14:01:51.743+0000] {processor.py:175} INFO - Processing /opt/airflow/dags/dag-1.py took 0.111 seconds
[2023-02-13T14:02:22.015+0000] {processor.py:153} INFO - Started process (PID=1606) to work on /opt/airflow/dags/dag-1.py
[2023-02-13T14:02:22.018+0000] {processor.py:743} INFO - Processing file /opt/airflow/dags/dag-1.py for tasks to queue
[2023-02-13T14:02:22.019+0000] {logging_mixin.py:137} INFO - [2023-02-13T14:02:22.019+0000] {dagbag.py:538} INFO - Filling up the DagBag from /opt/airflow/dags/dag-1.py
[2023-02-13T14:02:22.070+0000] {processor.py:753} INFO - DAG(s) dict_keys(['first_dag']) retrieved from /opt/airflow/dags/dag-1.py
[2023-02-13T14:02:22.097+0000] {logging_mixin.py:137} INFO - [2023-02-13T14:02:22.097+0000] {dag.py:2690} INFO - Sync 1 DAGs
[2023-02-13T14:02:22.117+0000] {logging_mixin.py:137} INFO - [2023-02-13T14:02:22.117+0000] {dag.py:3441} INFO - Setting next_dagrun for first_dag to 2023-02-14T00:00:00+00:00, run_after=2023-02-15T00:00:00+00:00
[2023-02-13T14:02:22.128+0000] {processor.py:175} INFO - Processing /opt/airflow/dags/dag-1.py took 0.119 seconds
[2023-02-13T14:02:52.392+0000] {processor.py:153} INFO - Started process (PID=1640) to work on /opt/airflow/dags/dag-1.py
[2023-02-13T14:02:52.394+0000] {processor.py:743} INFO - Processing file /opt/airflow/dags/dag-1.py for tasks to queue
[2023-02-13T14:02:52.395+0000] {logging_mixin.py:137} INFO - [2023-02-13T14:02:52.395+0000] {dagbag.py:538} INFO - Filling up the DagBag from /opt/airflow/dags/dag-1.py
[2023-02-13T14:02:52.422+0000] {processor.py:753} INFO - DAG(s) dict_keys(['first_dag']) retrieved from /opt/airflow/dags/dag-1.py
[2023-02-13T14:02:52.450+0000] {logging_mixin.py:137} INFO - [2023-02-13T14:02:52.450+0000] {dag.py:2690} INFO - Sync 1 DAGs
[2023-02-13T14:02:52.488+0000] {logging_mixin.py:137} INFO - [2023-02-13T14:02:52.488+0000] {dag.py:3441} INFO - Setting next_dagrun for first_dag to 2023-02-14T00:00:00+00:00, run_after=2023-02-15T00:00:00+00:00
[2023-02-13T14:02:52.503+0000] {processor.py:175} INFO - Processing /opt/airflow/dags/dag-1.py took 0.120 seconds
[2023-02-13T14:03:22.823+0000] {processor.py:153} INFO - Started process (PID=1675) to work on /opt/airflow/dags/dag-1.py
[2023-02-13T14:03:22.838+0000] {processor.py:743} INFO - Processing file /opt/airflow/dags/dag-1.py for tasks to queue
[2023-02-13T14:03:22.841+0000] {logging_mixin.py:137} INFO - [2023-02-13T14:03:22.841+0000] {dagbag.py:538} INFO - Filling up the DagBag from /opt/airflow/dags/dag-1.py
[2023-02-13T14:03:22.877+0000] {processor.py:753} INFO - DAG(s) dict_keys(['first_dag']) retrieved from /opt/airflow/dags/dag-1.py
[2023-02-13T14:03:22.901+0000] {logging_mixin.py:137} INFO - [2023-02-13T14:03:22.901+0000] {dag.py:2690} INFO - Sync 1 DAGs
[2023-02-13T14:03:22.919+0000] {logging_mixin.py:137} INFO - [2023-02-13T14:03:22.919+0000] {dag.py:3441} INFO - Setting next_dagrun for first_dag to 2023-02-14T00:00:00+00:00, run_after=2023-02-15T00:00:00+00:00
[2023-02-13T14:03:22.932+0000] {processor.py:175} INFO - Processing /opt/airflow/dags/dag-1.py took 0.116 seconds
[2023-02-13T14:03:53.130+0000] {processor.py:153} INFO - Started process (PID=1719) to work on /opt/airflow/dags/dag-1.py
[2023-02-13T14:03:53.133+0000] {processor.py:743} INFO - Processing file /opt/airflow/dags/dag-1.py for tasks to queue
[2023-02-13T14:03:53.134+0000] {logging_mixin.py:137} INFO - [2023-02-13T14:03:53.134+0000] {dagbag.py:538} INFO - Filling up the DagBag from /opt/airflow/dags/dag-1.py
[2023-02-13T14:03:53.163+0000] {processor.py:753} INFO - DAG(s) dict_keys(['first_dag']) retrieved from /opt/airflow/dags/dag-1.py
[2023-02-13T14:03:53.196+0000] {logging_mixin.py:137} INFO - [2023-02-13T14:03:53.196+0000] {dag.py:2690} INFO - Sync 1 DAGs
[2023-02-13T14:03:53.213+0000] {logging_mixin.py:137} INFO - [2023-02-13T14:03:53.213+0000] {dag.py:3441} INFO - Setting next_dagrun for first_dag to 2023-02-14T00:00:00+00:00, run_after=2023-02-15T00:00:00+00:00
[2023-02-13T14:03:53.225+0000] {processor.py:175} INFO - Processing /opt/airflow/dags/dag-1.py took 0.101 seconds
[2023-02-13T14:04:23.640+0000] {processor.py:153} INFO - Started process (PID=1748) to work on /opt/airflow/dags/dag-1.py
[2023-02-13T14:04:23.642+0000] {processor.py:743} INFO - Processing file /opt/airflow/dags/dag-1.py for tasks to queue
[2023-02-13T14:04:23.643+0000] {logging_mixin.py:137} INFO - [2023-02-13T14:04:23.643+0000] {dagbag.py:538} INFO - Filling up the DagBag from /opt/airflow/dags/dag-1.py
[2023-02-13T14:04:23.666+0000] {processor.py:753} INFO - DAG(s) dict_keys(['first_dag']) retrieved from /opt/airflow/dags/dag-1.py
[2023-02-13T14:04:23.691+0000] {logging_mixin.py:137} INFO - [2023-02-13T14:04:23.691+0000] {dag.py:2690} INFO - Sync 1 DAGs
[2023-02-13T14:04:23.726+0000] {logging_mixin.py:137} INFO - [2023-02-13T14:04:23.726+0000] {dag.py:3441} INFO - Setting next_dagrun for first_dag to 2023-02-14T00:00:00+00:00, run_after=2023-02-15T00:00:00+00:00
[2023-02-13T14:04:23.738+0000] {processor.py:175} INFO - Processing /opt/airflow/dags/dag-1.py took 0.102 seconds
[2023-02-13T14:04:54.091+0000] {processor.py:153} INFO - Started process (PID=1789) to work on /opt/airflow/dags/dag-1.py
[2023-02-13T14:04:54.095+0000] {processor.py:743} INFO - Processing file /opt/airflow/dags/dag-1.py for tasks to queue
[2023-02-13T14:04:54.096+0000] {logging_mixin.py:137} INFO - [2023-02-13T14:04:54.096+0000] {dagbag.py:538} INFO - Filling up the DagBag from /opt/airflow/dags/dag-1.py
[2023-02-13T14:04:54.121+0000] {processor.py:753} INFO - DAG(s) dict_keys(['first_dag']) retrieved from /opt/airflow/dags/dag-1.py
[2023-02-13T14:04:54.148+0000] {logging_mixin.py:137} INFO - [2023-02-13T14:04:54.148+0000] {dag.py:2690} INFO - Sync 1 DAGs
[2023-02-13T14:04:54.175+0000] {logging_mixin.py:137} INFO - [2023-02-13T14:04:54.175+0000] {dag.py:3441} INFO - Setting next_dagrun for first_dag to 2023-02-14T00:00:00+00:00, run_after=2023-02-15T00:00:00+00:00
[2023-02-13T14:04:54.187+0000] {processor.py:175} INFO - Processing /opt/airflow/dags/dag-1.py took 0.101 seconds
[2023-02-13T14:05:24.503+0000] {processor.py:153} INFO - Started process (PID=1819) to work on /opt/airflow/dags/dag-1.py
[2023-02-13T14:05:24.505+0000] {processor.py:743} INFO - Processing file /opt/airflow/dags/dag-1.py for tasks to queue
[2023-02-13T14:05:24.507+0000] {logging_mixin.py:137} INFO - [2023-02-13T14:05:24.506+0000] {dagbag.py:538} INFO - Filling up the DagBag from /opt/airflow/dags/dag-1.py
[2023-02-13T14:05:24.533+0000] {processor.py:753} INFO - DAG(s) dict_keys(['first_dag']) retrieved from /opt/airflow/dags/dag-1.py
[2023-02-13T14:05:24.556+0000] {logging_mixin.py:137} INFO - [2023-02-13T14:05:24.556+0000] {dag.py:2690} INFO - Sync 1 DAGs
[2023-02-13T14:05:24.575+0000] {logging_mixin.py:137} INFO - [2023-02-13T14:05:24.575+0000] {dag.py:3441} INFO - Setting next_dagrun for first_dag to 2023-02-14T00:00:00+00:00, run_after=2023-02-15T00:00:00+00:00
[2023-02-13T14:05:24.586+0000] {processor.py:175} INFO - Processing /opt/airflow/dags/dag-1.py took 0.088 seconds
[2023-02-13T14:05:54.868+0000] {processor.py:153} INFO - Started process (PID=1860) to work on /opt/airflow/dags/dag-1.py
[2023-02-13T14:05:54.871+0000] {processor.py:743} INFO - Processing file /opt/airflow/dags/dag-1.py for tasks to queue
[2023-02-13T14:05:54.872+0000] {logging_mixin.py:137} INFO - [2023-02-13T14:05:54.872+0000] {dagbag.py:538} INFO - Filling up the DagBag from /opt/airflow/dags/dag-1.py
[2023-02-13T14:05:54.898+0000] {processor.py:753} INFO - DAG(s) dict_keys(['first_dag']) retrieved from /opt/airflow/dags/dag-1.py
[2023-02-13T14:05:54.924+0000] {logging_mixin.py:137} INFO - [2023-02-13T14:05:54.924+0000] {dag.py:2690} INFO - Sync 1 DAGs
[2023-02-13T14:05:54.949+0000] {logging_mixin.py:137} INFO - [2023-02-13T14:05:54.949+0000] {dag.py:3441} INFO - Setting next_dagrun for first_dag to 2023-02-14T00:00:00+00:00, run_after=2023-02-15T00:00:00+00:00
[2023-02-13T14:05:54.962+0000] {processor.py:175} INFO - Processing /opt/airflow/dags/dag-1.py took 0.100 seconds
[2023-02-13T14:06:25.160+0000] {processor.py:153} INFO - Started process (PID=1901) to work on /opt/airflow/dags/dag-1.py
[2023-02-13T14:06:25.161+0000] {processor.py:743} INFO - Processing file /opt/airflow/dags/dag-1.py for tasks to queue
[2023-02-13T14:06:25.162+0000] {logging_mixin.py:137} INFO - [2023-02-13T14:06:25.162+0000] {dagbag.py:538} INFO - Filling up the DagBag from /opt/airflow/dags/dag-1.py
[2023-02-13T14:06:25.204+0000] {processor.py:753} INFO - DAG(s) dict_keys(['first_dag']) retrieved from /opt/airflow/dags/dag-1.py
[2023-02-13T14:06:25.231+0000] {logging_mixin.py:137} INFO - [2023-02-13T14:06:25.231+0000] {dag.py:2690} INFO - Sync 1 DAGs
[2023-02-13T14:06:25.250+0000] {logging_mixin.py:137} INFO - [2023-02-13T14:06:25.250+0000] {dag.py:3441} INFO - Setting next_dagrun for first_dag to 2023-02-14T00:00:00+00:00, run_after=2023-02-15T00:00:00+00:00
[2023-02-13T14:06:25.261+0000] {processor.py:175} INFO - Processing /opt/airflow/dags/dag-1.py took 0.107 seconds
[2023-02-13T14:06:55.599+0000] {processor.py:153} INFO - Started process (PID=1931) to work on /opt/airflow/dags/dag-1.py
[2023-02-13T14:06:55.603+0000] {processor.py:743} INFO - Processing file /opt/airflow/dags/dag-1.py for tasks to queue
[2023-02-13T14:06:55.604+0000] {logging_mixin.py:137} INFO - [2023-02-13T14:06:55.604+0000] {dagbag.py:538} INFO - Filling up the DagBag from /opt/airflow/dags/dag-1.py
[2023-02-13T14:06:55.633+0000] {processor.py:753} INFO - DAG(s) dict_keys(['first_dag']) retrieved from /opt/airflow/dags/dag-1.py
[2023-02-13T14:06:55.656+0000] {logging_mixin.py:137} INFO - [2023-02-13T14:06:55.656+0000] {dag.py:2690} INFO - Sync 1 DAGs
[2023-02-13T14:06:55.675+0000] {logging_mixin.py:137} INFO - [2023-02-13T14:06:55.675+0000] {dag.py:3441} INFO - Setting next_dagrun for first_dag to 2023-02-14T00:00:00+00:00, run_after=2023-02-15T00:00:00+00:00
[2023-02-13T14:06:55.687+0000] {processor.py:175} INFO - Processing /opt/airflow/dags/dag-1.py took 0.096 seconds
[2023-02-13T14:07:25.884+0000] {processor.py:153} INFO - Started process (PID=1972) to work on /opt/airflow/dags/dag-1.py
[2023-02-13T14:07:25.886+0000] {processor.py:743} INFO - Processing file /opt/airflow/dags/dag-1.py for tasks to queue
[2023-02-13T14:07:25.888+0000] {logging_mixin.py:137} INFO - [2023-02-13T14:07:25.888+0000] {dagbag.py:538} INFO - Filling up the DagBag from /opt/airflow/dags/dag-1.py
[2023-02-13T14:07:25.930+0000] {processor.py:753} INFO - DAG(s) dict_keys(['first_dag']) retrieved from /opt/airflow/dags/dag-1.py
[2023-02-13T14:07:25.954+0000] {logging_mixin.py:137} INFO - [2023-02-13T14:07:25.954+0000] {dag.py:2690} INFO - Sync 1 DAGs
[2023-02-13T14:07:25.973+0000] {logging_mixin.py:137} INFO - [2023-02-13T14:07:25.973+0000] {dag.py:3441} INFO - Setting next_dagrun for first_dag to 2023-02-14T00:00:00+00:00, run_after=2023-02-15T00:00:00+00:00
[2023-02-13T14:07:25.985+0000] {processor.py:175} INFO - Processing /opt/airflow/dags/dag-1.py took 0.106 seconds
[2023-02-13T14:07:56.253+0000] {processor.py:153} INFO - Started process (PID=2010) to work on /opt/airflow/dags/dag-1.py
[2023-02-13T14:07:56.256+0000] {processor.py:743} INFO - Processing file /opt/airflow/dags/dag-1.py for tasks to queue
[2023-02-13T14:07:56.258+0000] {logging_mixin.py:137} INFO - [2023-02-13T14:07:56.257+0000] {dagbag.py:538} INFO - Filling up the DagBag from /opt/airflow/dags/dag-1.py
[2023-02-13T14:07:56.283+0000] {processor.py:753} INFO - DAG(s) dict_keys(['first_dag']) retrieved from /opt/airflow/dags/dag-1.py
[2023-02-13T14:07:56.314+0000] {logging_mixin.py:137} INFO - [2023-02-13T14:07:56.314+0000] {dag.py:2690} INFO - Sync 1 DAGs
[2023-02-13T14:07:56.347+0000] {logging_mixin.py:137} INFO - [2023-02-13T14:07:56.347+0000] {dag.py:3441} INFO - Setting next_dagrun for first_dag to 2023-02-14T00:00:00+00:00, run_after=2023-02-15T00:00:00+00:00
[2023-02-13T14:07:56.362+0000] {processor.py:175} INFO - Processing /opt/airflow/dags/dag-1.py took 0.120 seconds
[2023-02-13T14:08:26.635+0000] {processor.py:153} INFO - Started process (PID=2042) to work on /opt/airflow/dags/dag-1.py
[2023-02-13T14:08:26.639+0000] {processor.py:743} INFO - Processing file /opt/airflow/dags/dag-1.py for tasks to queue
[2023-02-13T14:08:26.640+0000] {logging_mixin.py:137} INFO - [2023-02-13T14:08:26.640+0000] {dagbag.py:538} INFO - Filling up the DagBag from /opt/airflow/dags/dag-1.py
[2023-02-13T14:08:26.668+0000] {processor.py:753} INFO - DAG(s) dict_keys(['first_dag']) retrieved from /opt/airflow/dags/dag-1.py
[2023-02-13T14:08:26.689+0000] {logging_mixin.py:137} INFO - [2023-02-13T14:08:26.689+0000] {dag.py:2690} INFO - Sync 1 DAGs
[2023-02-13T14:08:26.707+0000] {logging_mixin.py:137} INFO - [2023-02-13T14:08:26.707+0000] {dag.py:3441} INFO - Setting next_dagrun for first_dag to 2023-02-14T00:00:00+00:00, run_after=2023-02-15T00:00:00+00:00
[2023-02-13T14:08:26.718+0000] {processor.py:175} INFO - Processing /opt/airflow/dags/dag-1.py took 0.091 seconds
[2023-02-13T14:08:57.031+0000] {processor.py:153} INFO - Started process (PID=2083) to work on /opt/airflow/dags/dag-1.py
[2023-02-13T14:08:57.035+0000] {processor.py:743} INFO - Processing file /opt/airflow/dags/dag-1.py for tasks to queue
[2023-02-13T14:08:57.036+0000] {logging_mixin.py:137} INFO - [2023-02-13T14:08:57.036+0000] {dagbag.py:538} INFO - Filling up the DagBag from /opt/airflow/dags/dag-1.py
[2023-02-13T14:08:57.062+0000] {processor.py:753} INFO - DAG(s) dict_keys(['first_dag']) retrieved from /opt/airflow/dags/dag-1.py
[2023-02-13T14:08:57.083+0000] {logging_mixin.py:137} INFO - [2023-02-13T14:08:57.083+0000] {dag.py:2690} INFO - Sync 1 DAGs
[2023-02-13T14:08:57.108+0000] {logging_mixin.py:137} INFO - [2023-02-13T14:08:57.108+0000] {dag.py:3441} INFO - Setting next_dagrun for first_dag to 2023-02-14T00:00:00+00:00, run_after=2023-02-15T00:00:00+00:00
[2023-02-13T14:08:57.120+0000] {processor.py:175} INFO - Processing /opt/airflow/dags/dag-1.py took 0.094 seconds
[2023-02-13T14:09:27.356+0000] {processor.py:153} INFO - Started process (PID=2112) to work on /opt/airflow/dags/dag-1.py
[2023-02-13T14:09:27.359+0000] {processor.py:743} INFO - Processing file /opt/airflow/dags/dag-1.py for tasks to queue
[2023-02-13T14:09:27.360+0000] {logging_mixin.py:137} INFO - [2023-02-13T14:09:27.360+0000] {dagbag.py:538} INFO - Filling up the DagBag from /opt/airflow/dags/dag-1.py
[2023-02-13T14:09:27.387+0000] {processor.py:753} INFO - DAG(s) dict_keys(['first_dag']) retrieved from /opt/airflow/dags/dag-1.py
[2023-02-13T14:09:27.426+0000] {logging_mixin.py:137} INFO - [2023-02-13T14:09:27.426+0000] {dag.py:2690} INFO - Sync 1 DAGs
[2023-02-13T14:09:27.448+0000] {logging_mixin.py:137} INFO - [2023-02-13T14:09:27.448+0000] {dag.py:3441} INFO - Setting next_dagrun for first_dag to 2023-02-14T00:00:00+00:00, run_after=2023-02-15T00:00:00+00:00
[2023-02-13T14:09:27.463+0000] {processor.py:175} INFO - Processing /opt/airflow/dags/dag-1.py took 0.114 seconds
[2023-02-13T14:09:57.700+0000] {processor.py:153} INFO - Started process (PID=2153) to work on /opt/airflow/dags/dag-1.py
[2023-02-13T14:09:57.703+0000] {processor.py:743} INFO - Processing file /opt/airflow/dags/dag-1.py for tasks to queue
[2023-02-13T14:09:57.704+0000] {logging_mixin.py:137} INFO - [2023-02-13T14:09:57.704+0000] {dagbag.py:538} INFO - Filling up the DagBag from /opt/airflow/dags/dag-1.py
[2023-02-13T14:09:57.736+0000] {processor.py:753} INFO - DAG(s) dict_keys(['first_dag']) retrieved from /opt/airflow/dags/dag-1.py
[2023-02-13T14:09:57.762+0000] {logging_mixin.py:137} INFO - [2023-02-13T14:09:57.762+0000] {dag.py:2690} INFO - Sync 1 DAGs
[2023-02-13T14:09:57.795+0000] {logging_mixin.py:137} INFO - [2023-02-13T14:09:57.795+0000] {dag.py:3441} INFO - Setting next_dagrun for first_dag to 2023-02-14T00:00:00+00:00, run_after=2023-02-15T00:00:00+00:00
[2023-02-13T14:09:57.809+0000] {processor.py:175} INFO - Processing /opt/airflow/dags/dag-1.py took 0.130 seconds
[2023-02-13T14:10:28.122+0000] {processor.py:153} INFO - Started process (PID=2191) to work on /opt/airflow/dags/dag-1.py
[2023-02-13T14:10:28.124+0000] {processor.py:743} INFO - Processing file /opt/airflow/dags/dag-1.py for tasks to queue
[2023-02-13T14:10:28.125+0000] {logging_mixin.py:137} INFO - [2023-02-13T14:10:28.125+0000] {dagbag.py:538} INFO - Filling up the DagBag from /opt/airflow/dags/dag-1.py
[2023-02-13T14:10:28.215+0000] {processor.py:753} INFO - DAG(s) dict_keys(['first_dag']) retrieved from /opt/airflow/dags/dag-1.py
[2023-02-13T14:10:28.253+0000] {logging_mixin.py:137} INFO - [2023-02-13T14:10:28.253+0000] {dag.py:2690} INFO - Sync 1 DAGs
[2023-02-13T14:10:28.299+0000] {logging_mixin.py:137} INFO - [2023-02-13T14:10:28.299+0000] {dag.py:3441} INFO - Setting next_dagrun for first_dag to 2023-02-14T00:00:00+00:00, run_after=2023-02-15T00:00:00+00:00
[2023-02-13T14:10:28.327+0000] {processor.py:175} INFO - Processing /opt/airflow/dags/dag-1.py took 0.216 seconds
[2023-02-13T14:10:58.562+0000] {processor.py:153} INFO - Started process (PID=2223) to work on /opt/airflow/dags/dag-1.py
[2023-02-13T14:10:58.567+0000] {processor.py:743} INFO - Processing file /opt/airflow/dags/dag-1.py for tasks to queue
[2023-02-13T14:10:58.570+0000] {logging_mixin.py:137} INFO - [2023-02-13T14:10:58.570+0000] {dagbag.py:538} INFO - Filling up the DagBag from /opt/airflow/dags/dag-1.py
[2023-02-13T14:10:58.596+0000] {processor.py:753} INFO - DAG(s) dict_keys(['first_dag']) retrieved from /opt/airflow/dags/dag-1.py
[2023-02-13T14:10:58.622+0000] {logging_mixin.py:137} INFO - [2023-02-13T14:10:58.622+0000] {dag.py:2690} INFO - Sync 1 DAGs
[2023-02-13T14:10:58.648+0000] {logging_mixin.py:137} INFO - [2023-02-13T14:10:58.648+0000] {dag.py:3441} INFO - Setting next_dagrun for first_dag to 2023-02-14T00:00:00+00:00, run_after=2023-02-15T00:00:00+00:00
[2023-02-13T14:10:58.662+0000] {processor.py:175} INFO - Processing /opt/airflow/dags/dag-1.py took 0.115 seconds
[2023-02-13T14:11:28.999+0000] {processor.py:153} INFO - Started process (PID=2264) to work on /opt/airflow/dags/dag-1.py
[2023-02-13T14:11:29.002+0000] {processor.py:743} INFO - Processing file /opt/airflow/dags/dag-1.py for tasks to queue
[2023-02-13T14:11:29.003+0000] {logging_mixin.py:137} INFO - [2023-02-13T14:11:29.003+0000] {dagbag.py:538} INFO - Filling up the DagBag from /opt/airflow/dags/dag-1.py
[2023-02-13T14:11:29.038+0000] {processor.py:753} INFO - DAG(s) dict_keys(['first_dag']) retrieved from /opt/airflow/dags/dag-1.py
[2023-02-13T14:11:29.106+0000] {logging_mixin.py:137} INFO - [2023-02-13T14:11:29.106+0000] {dag.py:2690} INFO - Sync 1 DAGs
[2023-02-13T14:11:29.138+0000] {logging_mixin.py:137} INFO - [2023-02-13T14:11:29.137+0000] {dag.py:3441} INFO - Setting next_dagrun for first_dag to 2023-02-14T00:00:00+00:00, run_after=2023-02-15T00:00:00+00:00
[2023-02-13T14:11:29.158+0000] {processor.py:175} INFO - Processing /opt/airflow/dags/dag-1.py took 0.165 seconds
[2023-02-13T14:11:59.361+0000] {processor.py:153} INFO - Started process (PID=2293) to work on /opt/airflow/dags/dag-1.py
[2023-02-13T14:11:59.363+0000] {processor.py:743} INFO - Processing file /opt/airflow/dags/dag-1.py for tasks to queue
[2023-02-13T14:11:59.365+0000] {logging_mixin.py:137} INFO - [2023-02-13T14:11:59.364+0000] {dagbag.py:538} INFO - Filling up the DagBag from /opt/airflow/dags/dag-1.py
[2023-02-13T14:11:59.409+0000] {processor.py:753} INFO - DAG(s) dict_keys(['first_dag']) retrieved from /opt/airflow/dags/dag-1.py
[2023-02-13T14:11:59.442+0000] {logging_mixin.py:137} INFO - [2023-02-13T14:11:59.442+0000] {dag.py:2690} INFO - Sync 1 DAGs
[2023-02-13T14:11:59.462+0000] {logging_mixin.py:137} INFO - [2023-02-13T14:11:59.461+0000] {dag.py:3441} INFO - Setting next_dagrun for first_dag to 2023-02-14T00:00:00+00:00, run_after=2023-02-15T00:00:00+00:00
[2023-02-13T14:11:59.473+0000] {processor.py:175} INFO - Processing /opt/airflow/dags/dag-1.py took 0.121 seconds
[2023-02-13T14:12:29.803+0000] {processor.py:153} INFO - Started process (PID=2335) to work on /opt/airflow/dags/dag-1.py
[2023-02-13T14:12:29.805+0000] {processor.py:743} INFO - Processing file /opt/airflow/dags/dag-1.py for tasks to queue
[2023-02-13T14:12:29.807+0000] {logging_mixin.py:137} INFO - [2023-02-13T14:12:29.807+0000] {dagbag.py:538} INFO - Filling up the DagBag from /opt/airflow/dags/dag-1.py
[2023-02-13T14:12:29.858+0000] {processor.py:753} INFO - DAG(s) dict_keys(['first_dag']) retrieved from /opt/airflow/dags/dag-1.py
[2023-02-13T14:12:29.889+0000] {logging_mixin.py:137} INFO - [2023-02-13T14:12:29.889+0000] {dag.py:2690} INFO - Sync 1 DAGs
[2023-02-13T14:12:29.930+0000] {logging_mixin.py:137} INFO - [2023-02-13T14:12:29.929+0000] {dag.py:3441} INFO - Setting next_dagrun for first_dag to 2023-02-14T00:00:00+00:00, run_after=2023-02-15T00:00:00+00:00
[2023-02-13T14:12:29.943+0000] {processor.py:175} INFO - Processing /opt/airflow/dags/dag-1.py took 0.146 seconds
[2023-02-13T14:13:00.207+0000] {processor.py:153} INFO - Started process (PID=2365) to work on /opt/airflow/dags/dag-1.py
[2023-02-13T14:13:00.208+0000] {processor.py:743} INFO - Processing file /opt/airflow/dags/dag-1.py for tasks to queue
[2023-02-13T14:13:00.210+0000] {logging_mixin.py:137} INFO - [2023-02-13T14:13:00.210+0000] {dagbag.py:538} INFO - Filling up the DagBag from /opt/airflow/dags/dag-1.py
[2023-02-13T14:13:00.236+0000] {processor.py:753} INFO - DAG(s) dict_keys(['first_dag']) retrieved from /opt/airflow/dags/dag-1.py
[2023-02-13T14:13:00.275+0000] {logging_mixin.py:137} INFO - [2023-02-13T14:13:00.275+0000] {dag.py:2690} INFO - Sync 1 DAGs
[2023-02-13T14:13:00.295+0000] {logging_mixin.py:137} INFO - [2023-02-13T14:13:00.295+0000] {dag.py:3441} INFO - Setting next_dagrun for first_dag to 2023-02-14T00:00:00+00:00, run_after=2023-02-15T00:00:00+00:00
[2023-02-13T14:13:00.309+0000] {processor.py:175} INFO - Processing /opt/airflow/dags/dag-1.py took 0.107 seconds
[2023-02-13T14:13:30.614+0000] {processor.py:153} INFO - Started process (PID=2406) to work on /opt/airflow/dags/dag-1.py
[2023-02-13T14:13:30.618+0000] {processor.py:743} INFO - Processing file /opt/airflow/dags/dag-1.py for tasks to queue
[2023-02-13T14:13:30.620+0000] {logging_mixin.py:137} INFO - [2023-02-13T14:13:30.619+0000] {dagbag.py:538} INFO - Filling up the DagBag from /opt/airflow/dags/dag-1.py
[2023-02-13T14:13:30.645+0000] {processor.py:753} INFO - DAG(s) dict_keys(['first_dag']) retrieved from /opt/airflow/dags/dag-1.py
[2023-02-13T14:13:30.666+0000] {logging_mixin.py:137} INFO - [2023-02-13T14:13:30.666+0000] {dag.py:2690} INFO - Sync 1 DAGs
[2023-02-13T14:13:30.683+0000] {logging_mixin.py:137} INFO - [2023-02-13T14:13:30.683+0000] {dag.py:3441} INFO - Setting next_dagrun for first_dag to 2023-02-14T00:00:00+00:00, run_after=2023-02-15T00:00:00+00:00
[2023-02-13T14:13:30.694+0000] {processor.py:175} INFO - Processing /opt/airflow/dags/dag-1.py took 0.086 seconds
[2023-02-13T14:14:00.958+0000] {processor.py:153} INFO - Started process (PID=2446) to work on /opt/airflow/dags/dag-1.py
[2023-02-13T14:14:00.962+0000] {processor.py:743} INFO - Processing file /opt/airflow/dags/dag-1.py for tasks to queue
[2023-02-13T14:14:00.963+0000] {logging_mixin.py:137} INFO - [2023-02-13T14:14:00.963+0000] {dagbag.py:538} INFO - Filling up the DagBag from /opt/airflow/dags/dag-1.py
[2023-02-13T14:14:00.986+0000] {processor.py:753} INFO - DAG(s) dict_keys(['first_dag']) retrieved from /opt/airflow/dags/dag-1.py
[2023-02-13T14:14:01.007+0000] {logging_mixin.py:137} INFO - [2023-02-13T14:14:01.007+0000] {dag.py:2690} INFO - Sync 1 DAGs
[2023-02-13T14:14:01.025+0000] {logging_mixin.py:137} INFO - [2023-02-13T14:14:01.024+0000] {dag.py:3441} INFO - Setting next_dagrun for first_dag to 2023-02-14T00:00:00+00:00, run_after=2023-02-15T00:00:00+00:00
[2023-02-13T14:14:01.039+0000] {processor.py:175} INFO - Processing /opt/airflow/dags/dag-1.py took 0.090 seconds
[2023-02-13T14:14:31.386+0000] {processor.py:153} INFO - Started process (PID=2474) to work on /opt/airflow/dags/dag-1.py
[2023-02-13T14:14:31.388+0000] {processor.py:743} INFO - Processing file /opt/airflow/dags/dag-1.py for tasks to queue
[2023-02-13T14:14:31.390+0000] {logging_mixin.py:137} INFO - [2023-02-13T14:14:31.390+0000] {dagbag.py:538} INFO - Filling up the DagBag from /opt/airflow/dags/dag-1.py
[2023-02-13T14:14:31.432+0000] {processor.py:753} INFO - DAG(s) dict_keys(['first_dag']) retrieved from /opt/airflow/dags/dag-1.py
[2023-02-13T14:14:31.461+0000] {logging_mixin.py:137} INFO - [2023-02-13T14:14:31.461+0000] {dag.py:2690} INFO - Sync 1 DAGs
[2023-02-13T14:14:31.494+0000] {logging_mixin.py:137} INFO - [2023-02-13T14:14:31.494+0000] {dag.py:3441} INFO - Setting next_dagrun for first_dag to 2023-02-14T00:00:00+00:00, run_after=2023-02-15T00:00:00+00:00
[2023-02-13T14:14:31.507+0000] {processor.py:175} INFO - Processing /opt/airflow/dags/dag-1.py took 0.126 seconds
[2023-02-13T14:15:01.810+0000] {processor.py:153} INFO - Started process (PID=2515) to work on /opt/airflow/dags/dag-1.py
[2023-02-13T14:15:01.820+0000] {processor.py:743} INFO - Processing file /opt/airflow/dags/dag-1.py for tasks to queue
[2023-02-13T14:15:01.822+0000] {logging_mixin.py:137} INFO - [2023-02-13T14:15:01.822+0000] {dagbag.py:538} INFO - Filling up the DagBag from /opt/airflow/dags/dag-1.py
[2023-02-13T14:15:01.859+0000] {processor.py:753} INFO - DAG(s) dict_keys(['first_dag']) retrieved from /opt/airflow/dags/dag-1.py
[2023-02-13T14:15:01.889+0000] {logging_mixin.py:137} INFO - [2023-02-13T14:15:01.889+0000] {dag.py:2690} INFO - Sync 1 DAGs
[2023-02-13T14:15:01.924+0000] {logging_mixin.py:137} INFO - [2023-02-13T14:15:01.924+0000] {dag.py:3441} INFO - Setting next_dagrun for first_dag to 2023-02-14T00:00:00+00:00, run_after=2023-02-15T00:00:00+00:00
[2023-02-13T14:15:01.938+0000] {processor.py:175} INFO - Processing /opt/airflow/dags/dag-1.py took 0.139 seconds
[2023-02-13T14:15:32.215+0000] {processor.py:153} INFO - Started process (PID=2552) to work on /opt/airflow/dags/dag-1.py
[2023-02-13T14:15:32.217+0000] {processor.py:743} INFO - Processing file /opt/airflow/dags/dag-1.py for tasks to queue
[2023-02-13T14:15:32.218+0000] {logging_mixin.py:137} INFO - [2023-02-13T14:15:32.218+0000] {dagbag.py:538} INFO - Filling up the DagBag from /opt/airflow/dags/dag-1.py
[2023-02-13T14:15:32.242+0000] {processor.py:753} INFO - DAG(s) dict_keys(['first_dag']) retrieved from /opt/airflow/dags/dag-1.py
[2023-02-13T14:15:32.279+0000] {logging_mixin.py:137} INFO - [2023-02-13T14:15:32.279+0000] {dag.py:2690} INFO - Sync 1 DAGs
[2023-02-13T14:15:32.302+0000] {logging_mixin.py:137} INFO - [2023-02-13T14:15:32.302+0000] {dag.py:3441} INFO - Setting next_dagrun for first_dag to 2023-02-14T00:00:00+00:00, run_after=2023-02-15T00:00:00+00:00
[2023-02-13T14:15:32.317+0000] {processor.py:175} INFO - Processing /opt/airflow/dags/dag-1.py took 0.105 seconds
[2023-02-13T14:16:02.603+0000] {processor.py:153} INFO - Started process (PID=2585) to work on /opt/airflow/dags/dag-1.py
[2023-02-13T14:16:02.605+0000] {processor.py:743} INFO - Processing file /opt/airflow/dags/dag-1.py for tasks to queue
[2023-02-13T14:16:02.606+0000] {logging_mixin.py:137} INFO - [2023-02-13T14:16:02.606+0000] {dagbag.py:538} INFO - Filling up the DagBag from /opt/airflow/dags/dag-1.py
[2023-02-13T14:16:02.655+0000] {processor.py:753} INFO - DAG(s) dict_keys(['first_dag']) retrieved from /opt/airflow/dags/dag-1.py
[2023-02-13T14:16:02.682+0000] {logging_mixin.py:137} INFO - [2023-02-13T14:16:02.682+0000] {dag.py:2690} INFO - Sync 1 DAGs
[2023-02-13T14:16:02.701+0000] {logging_mixin.py:137} INFO - [2023-02-13T14:16:02.701+0000] {dag.py:3441} INFO - Setting next_dagrun for first_dag to 2023-02-14T00:00:00+00:00, run_after=2023-02-15T00:00:00+00:00
[2023-02-13T14:16:02.713+0000] {processor.py:175} INFO - Processing /opt/airflow/dags/dag-1.py took 0.116 seconds
[2023-02-13T14:16:33.012+0000] {processor.py:153} INFO - Started process (PID=2625) to work on /opt/airflow/dags/dag-1.py
[2023-02-13T14:16:33.016+0000] {processor.py:743} INFO - Processing file /opt/airflow/dags/dag-1.py for tasks to queue
[2023-02-13T14:16:33.017+0000] {logging_mixin.py:137} INFO - [2023-02-13T14:16:33.017+0000] {dagbag.py:538} INFO - Filling up the DagBag from /opt/airflow/dags/dag-1.py
[2023-02-13T14:16:33.058+0000] {processor.py:753} INFO - DAG(s) dict_keys(['first_dag']) retrieved from /opt/airflow/dags/dag-1.py
[2023-02-13T14:16:33.083+0000] {logging_mixin.py:137} INFO - [2023-02-13T14:16:33.083+0000] {dag.py:2690} INFO - Sync 1 DAGs
[2023-02-13T14:16:33.100+0000] {logging_mixin.py:137} INFO - [2023-02-13T14:16:33.100+0000] {dag.py:3441} INFO - Setting next_dagrun for first_dag to 2023-02-14T00:00:00+00:00, run_after=2023-02-15T00:00:00+00:00
[2023-02-13T14:16:33.112+0000] {processor.py:175} INFO - Processing /opt/airflow/dags/dag-1.py took 0.106 seconds
[2023-02-13T14:17:03.477+0000] {processor.py:153} INFO - Started process (PID=2654) to work on /opt/airflow/dags/dag-1.py
[2023-02-13T14:17:03.481+0000] {processor.py:743} INFO - Processing file /opt/airflow/dags/dag-1.py for tasks to queue
[2023-02-13T14:17:03.482+0000] {logging_mixin.py:137} INFO - [2023-02-13T14:17:03.482+0000] {dagbag.py:538} INFO - Filling up the DagBag from /opt/airflow/dags/dag-1.py
[2023-02-13T14:17:03.512+0000] {processor.py:753} INFO - DAG(s) dict_keys(['first_dag']) retrieved from /opt/airflow/dags/dag-1.py
[2023-02-13T14:17:03.551+0000] {logging_mixin.py:137} INFO - [2023-02-13T14:17:03.551+0000] {dag.py:2690} INFO - Sync 1 DAGs
[2023-02-13T14:17:03.573+0000] {logging_mixin.py:137} INFO - [2023-02-13T14:17:03.573+0000] {dag.py:3441} INFO - Setting next_dagrun for first_dag to 2023-02-14T00:00:00+00:00, run_after=2023-02-15T00:00:00+00:00
[2023-02-13T14:17:03.586+0000] {processor.py:175} INFO - Processing /opt/airflow/dags/dag-1.py took 0.115 seconds
[2023-02-13T14:17:33.850+0000] {processor.py:153} INFO - Started process (PID=2696) to work on /opt/airflow/dags/dag-1.py
[2023-02-13T14:17:33.852+0000] {processor.py:743} INFO - Processing file /opt/airflow/dags/dag-1.py for tasks to queue
[2023-02-13T14:17:33.853+0000] {logging_mixin.py:137} INFO - [2023-02-13T14:17:33.853+0000] {dagbag.py:538} INFO - Filling up the DagBag from /opt/airflow/dags/dag-1.py
[2023-02-13T14:17:33.874+0000] {processor.py:753} INFO - DAG(s) dict_keys(['first_dag']) retrieved from /opt/airflow/dags/dag-1.py
[2023-02-13T14:17:33.898+0000] {logging_mixin.py:137} INFO - [2023-02-13T14:17:33.898+0000] {dag.py:2690} INFO - Sync 1 DAGs
[2023-02-13T14:17:33.917+0000] {logging_mixin.py:137} INFO - [2023-02-13T14:17:33.917+0000] {dag.py:3441} INFO - Setting next_dagrun for first_dag to 2023-02-14T00:00:00+00:00, run_after=2023-02-15T00:00:00+00:00
[2023-02-13T14:17:33.934+0000] {processor.py:175} INFO - Processing /opt/airflow/dags/dag-1.py took 0.089 seconds
[2023-02-13T14:18:04.160+0000] {processor.py:153} INFO - Started process (PID=2737) to work on /opt/airflow/dags/dag-1.py
[2023-02-13T14:18:04.164+0000] {processor.py:743} INFO - Processing file /opt/airflow/dags/dag-1.py for tasks to queue
[2023-02-13T14:18:04.165+0000] {logging_mixin.py:137} INFO - [2023-02-13T14:18:04.165+0000] {dagbag.py:538} INFO - Filling up the DagBag from /opt/airflow/dags/dag-1.py
[2023-02-13T14:18:04.192+0000] {processor.py:753} INFO - DAG(s) dict_keys(['first_dag']) retrieved from /opt/airflow/dags/dag-1.py
[2023-02-13T14:18:04.238+0000] {logging_mixin.py:137} INFO - [2023-02-13T14:18:04.238+0000] {dag.py:2690} INFO - Sync 1 DAGs
[2023-02-13T14:18:04.269+0000] {logging_mixin.py:137} INFO - [2023-02-13T14:18:04.269+0000] {dag.py:3441} INFO - Setting next_dagrun for first_dag to 2023-02-14T00:00:00+00:00, run_after=2023-02-15T00:00:00+00:00
[2023-02-13T14:18:04.298+0000] {processor.py:175} INFO - Processing /opt/airflow/dags/dag-1.py took 0.151 seconds
[2023-02-13T14:18:34.739+0000] {processor.py:153} INFO - Started process (PID=2766) to work on /opt/airflow/dags/dag-1.py
[2023-02-13T14:18:34.743+0000] {processor.py:743} INFO - Processing file /opt/airflow/dags/dag-1.py for tasks to queue
[2023-02-13T14:18:34.745+0000] {logging_mixin.py:137} INFO - [2023-02-13T14:18:34.745+0000] {dagbag.py:538} INFO - Filling up the DagBag from /opt/airflow/dags/dag-1.py
[2023-02-13T14:18:34.825+0000] {processor.py:753} INFO - DAG(s) dict_keys(['first_dag']) retrieved from /opt/airflow/dags/dag-1.py
[2023-02-13T14:18:34.885+0000] {logging_mixin.py:137} INFO - [2023-02-13T14:18:34.885+0000] {dag.py:2690} INFO - Sync 1 DAGs
[2023-02-13T14:18:34.912+0000] {logging_mixin.py:137} INFO - [2023-02-13T14:18:34.912+0000] {dag.py:3441} INFO - Setting next_dagrun for first_dag to 2023-02-14T00:00:00+00:00, run_after=2023-02-15T00:00:00+00:00
[2023-02-13T14:18:34.944+0000] {processor.py:175} INFO - Processing /opt/airflow/dags/dag-1.py took 0.237 seconds
[2023-02-13T14:19:05.111+0000] {processor.py:153} INFO - Started process (PID=2808) to work on /opt/airflow/dags/dag-1.py
[2023-02-13T14:19:05.112+0000] {processor.py:743} INFO - Processing file /opt/airflow/dags/dag-1.py for tasks to queue
[2023-02-13T14:19:05.114+0000] {logging_mixin.py:137} INFO - [2023-02-13T14:19:05.114+0000] {dagbag.py:538} INFO - Filling up the DagBag from /opt/airflow/dags/dag-1.py
[2023-02-13T14:19:05.147+0000] {processor.py:753} INFO - DAG(s) dict_keys(['first_dag']) retrieved from /opt/airflow/dags/dag-1.py
[2023-02-13T14:19:05.174+0000] {logging_mixin.py:137} INFO - [2023-02-13T14:19:05.174+0000] {dag.py:2690} INFO - Sync 1 DAGs
[2023-02-13T14:19:05.193+0000] {logging_mixin.py:137} INFO - [2023-02-13T14:19:05.192+0000] {dag.py:3441} INFO - Setting next_dagrun for first_dag to 2023-02-14T00:00:00+00:00, run_after=2023-02-15T00:00:00+00:00
[2023-02-13T14:19:05.204+0000] {processor.py:175} INFO - Processing /opt/airflow/dags/dag-1.py took 0.099 seconds
[2023-02-13T14:19:35.534+0000] {processor.py:153} INFO - Started process (PID=2838) to work on /opt/airflow/dags/dag-1.py
[2023-02-13T14:19:35.536+0000] {processor.py:743} INFO - Processing file /opt/airflow/dags/dag-1.py for tasks to queue
[2023-02-13T14:19:35.537+0000] {logging_mixin.py:137} INFO - [2023-02-13T14:19:35.537+0000] {dagbag.py:538} INFO - Filling up the DagBag from /opt/airflow/dags/dag-1.py
[2023-02-13T14:19:35.579+0000] {processor.py:753} INFO - DAG(s) dict_keys(['first_dag']) retrieved from /opt/airflow/dags/dag-1.py
[2023-02-13T14:19:35.610+0000] {logging_mixin.py:137} INFO - [2023-02-13T14:19:35.610+0000] {dag.py:2690} INFO - Sync 1 DAGs
[2023-02-13T14:19:35.629+0000] {logging_mixin.py:137} INFO - [2023-02-13T14:19:35.629+0000] {dag.py:3441} INFO - Setting next_dagrun for first_dag to 2023-02-14T00:00:00+00:00, run_after=2023-02-15T00:00:00+00:00
[2023-02-13T14:19:35.642+0000] {processor.py:175} INFO - Processing /opt/airflow/dags/dag-1.py took 0.111 seconds
[2023-02-13T14:19:58.922+0000] {processor.py:153} INFO - Started process (PID=2868) to work on /opt/airflow/dags/dag-1.py
[2023-02-13T14:19:58.924+0000] {processor.py:743} INFO - Processing file /opt/airflow/dags/dag-1.py for tasks to queue
[2023-02-13T14:19:58.925+0000] {logging_mixin.py:137} INFO - [2023-02-13T14:19:58.925+0000] {dagbag.py:538} INFO - Filling up the DagBag from /opt/airflow/dags/dag-1.py
[2023-02-13T14:19:58.938+0000] {logging_mixin.py:137} INFO - [2023-02-13T14:19:58.934+0000] {dagbag.py:343} ERROR - Failed to import: /opt/airflow/dags/dag-1.py
Traceback (most recent call last):
  File "/home/airflow/.local/lib/python3.7/site-packages/airflow/models/dagbag.py", line 339, in parse
    loader.exec_module(new_module)
  File "<frozen importlib._bootstrap_external>", line 724, in exec_module
  File "<frozen importlib._bootstrap_external>", line 860, in get_code
  File "<frozen importlib._bootstrap_external>", line 791, in source_to_code
  File "<frozen importlib._bootstrap>", line 219, in _call_with_frames_removed
  File "/opt/airflow/dags/dag-1.py", line 25
    bash_command='echo "It's the second task that follows task_1"')
                           ^
SyntaxError: invalid syntax
[2023-02-13T14:19:58.939+0000] {processor.py:755} WARNING - No viable dags retrieved from /opt/airflow/dags/dag-1.py
[2023-02-13T14:19:58.986+0000] {processor.py:175} INFO - Processing /opt/airflow/dags/dag-1.py took 0.071 seconds
[2023-02-13T14:20:29.412+0000] {processor.py:153} INFO - Started process (PID=2910) to work on /opt/airflow/dags/dag-1.py
[2023-02-13T14:20:29.414+0000] {processor.py:743} INFO - Processing file /opt/airflow/dags/dag-1.py for tasks to queue
[2023-02-13T14:20:29.416+0000] {logging_mixin.py:137} INFO - [2023-02-13T14:20:29.416+0000] {dagbag.py:538} INFO - Filling up the DagBag from /opt/airflow/dags/dag-1.py
[2023-02-13T14:20:29.425+0000] {logging_mixin.py:137} INFO - [2023-02-13T14:20:29.424+0000] {dagbag.py:343} ERROR - Failed to import: /opt/airflow/dags/dag-1.py
Traceback (most recent call last):
  File "/home/airflow/.local/lib/python3.7/site-packages/airflow/models/dagbag.py", line 339, in parse
    loader.exec_module(new_module)
  File "<frozen importlib._bootstrap_external>", line 724, in exec_module
  File "<frozen importlib._bootstrap_external>", line 860, in get_code
  File "<frozen importlib._bootstrap_external>", line 791, in source_to_code
  File "<frozen importlib._bootstrap>", line 219, in _call_with_frames_removed
  File "/opt/airflow/dags/dag-1.py", line 25
    bash_command='echo "It's the second task that follows task_1"')
                           ^
SyntaxError: invalid syntax
[2023-02-13T14:20:29.426+0000] {processor.py:755} WARNING - No viable dags retrieved from /opt/airflow/dags/dag-1.py
[2023-02-13T14:20:29.445+0000] {processor.py:175} INFO - Processing /opt/airflow/dags/dag-1.py took 0.039 seconds
[2023-02-13T14:20:45.706+0000] {processor.py:153} INFO - Started process (PID=2927) to work on /opt/airflow/dags/dag-1.py
[2023-02-13T14:20:45.709+0000] {processor.py:743} INFO - Processing file /opt/airflow/dags/dag-1.py for tasks to queue
[2023-02-13T14:20:45.712+0000] {logging_mixin.py:137} INFO - [2023-02-13T14:20:45.712+0000] {dagbag.py:538} INFO - Filling up the DagBag from /opt/airflow/dags/dag-1.py
[2023-02-13T14:20:45.730+0000] {logging_mixin.py:137} INFO - [2023-02-13T14:20:45.727+0000] {dagbag.py:343} ERROR - Failed to import: /opt/airflow/dags/dag-1.py
Traceback (most recent call last):
  File "/home/airflow/.local/lib/python3.7/site-packages/airflow/models/dagbag.py", line 339, in parse
    loader.exec_module(new_module)
  File "<frozen importlib._bootstrap_external>", line 724, in exec_module
  File "<frozen importlib._bootstrap_external>", line 860, in get_code
  File "<frozen importlib._bootstrap_external>", line 791, in source_to_code
  File "<frozen importlib._bootstrap>", line 219, in _call_with_frames_removed
  File "/opt/airflow/dags/dag-1.py", line 25
    bash_command='echo "It's the second task that follows task_1"')
                           ^
SyntaxError: invalid syntax
[2023-02-13T14:20:45.731+0000] {processor.py:755} WARNING - No viable dags retrieved from /opt/airflow/dags/dag-1.py
[2023-02-13T14:20:45.760+0000] {processor.py:175} INFO - Processing /opt/airflow/dags/dag-1.py took 0.059 seconds
[2023-02-13T14:21:07.116+0000] {processor.py:153} INFO - Started process (PID=2956) to work on /opt/airflow/dags/dag-1.py
[2023-02-13T14:21:07.119+0000] {processor.py:743} INFO - Processing file /opt/airflow/dags/dag-1.py for tasks to queue
[2023-02-13T14:21:07.120+0000] {logging_mixin.py:137} INFO - [2023-02-13T14:21:07.120+0000] {dagbag.py:538} INFO - Filling up the DagBag from /opt/airflow/dags/dag-1.py
[2023-02-13T14:21:07.202+0000] {processor.py:753} INFO - DAG(s) dict_keys(['first_dag_v2']) retrieved from /opt/airflow/dags/dag-1.py
[2023-02-13T14:21:07.319+0000] {logging_mixin.py:137} INFO - [2023-02-13T14:21:07.319+0000] {manager.py:504} INFO - Created Permission View: can read on DAG:first_dag_v2
[2023-02-13T14:21:07.325+0000] {logging_mixin.py:137} INFO - [2023-02-13T14:21:07.325+0000] {manager.py:504} INFO - Created Permission View: can edit on DAG:first_dag_v2
[2023-02-13T14:21:07.328+0000] {logging_mixin.py:137} INFO - [2023-02-13T14:21:07.328+0000] {manager.py:504} INFO - Created Permission View: can delete on DAG:first_dag_v2
[2023-02-13T14:21:07.329+0000] {logging_mixin.py:137} INFO - [2023-02-13T14:21:07.329+0000] {dag.py:2690} INFO - Sync 1 DAGs
[2023-02-13T14:21:07.338+0000] {logging_mixin.py:137} INFO - [2023-02-13T14:21:07.338+0000] {dag.py:2711} INFO - Creating ORM DAG for first_dag_v2
[2023-02-13T14:21:07.346+0000] {logging_mixin.py:137} INFO - [2023-02-13T14:21:07.346+0000] {dag.py:3441} INFO - Setting next_dagrun for first_dag_v2 to 2023-02-14T00:00:00+00:00, run_after=2023-02-15T00:00:00+00:00
[2023-02-13T14:21:07.358+0000] {processor.py:175} INFO - Processing /opt/airflow/dags/dag-1.py took 0.249 seconds
[2023-02-13T14:21:37.497+0000] {processor.py:153} INFO - Started process (PID=2997) to work on /opt/airflow/dags/dag-1.py
[2023-02-13T14:21:37.501+0000] {processor.py:743} INFO - Processing file /opt/airflow/dags/dag-1.py for tasks to queue
[2023-02-13T14:21:37.506+0000] {logging_mixin.py:137} INFO - [2023-02-13T14:21:37.504+0000] {dagbag.py:538} INFO - Filling up the DagBag from /opt/airflow/dags/dag-1.py
[2023-02-13T14:21:37.538+0000] {processor.py:753} INFO - DAG(s) dict_keys(['first_dag_v2']) retrieved from /opt/airflow/dags/dag-1.py
[2023-02-13T14:21:37.580+0000] {logging_mixin.py:137} INFO - [2023-02-13T14:21:37.580+0000] {dag.py:2690} INFO - Sync 1 DAGs
[2023-02-13T14:21:37.605+0000] {logging_mixin.py:137} INFO - [2023-02-13T14:21:37.605+0000] {dag.py:3441} INFO - Setting next_dagrun for first_dag_v2 to 2023-02-14T00:00:00+00:00, run_after=2023-02-15T00:00:00+00:00
[2023-02-13T14:21:37.624+0000] {processor.py:175} INFO - Processing /opt/airflow/dags/dag-1.py took 0.141 seconds
[2023-02-13T14:22:08.039+0000] {processor.py:153} INFO - Started process (PID=3032) to work on /opt/airflow/dags/dag-1.py
[2023-02-13T14:22:08.042+0000] {processor.py:743} INFO - Processing file /opt/airflow/dags/dag-1.py for tasks to queue
[2023-02-13T14:22:08.043+0000] {logging_mixin.py:137} INFO - [2023-02-13T14:22:08.043+0000] {dagbag.py:538} INFO - Filling up the DagBag from /opt/airflow/dags/dag-1.py
[2023-02-13T14:22:08.071+0000] {processor.py:753} INFO - DAG(s) dict_keys(['first_dag_v2']) retrieved from /opt/airflow/dags/dag-1.py
[2023-02-13T14:22:08.099+0000] {logging_mixin.py:137} INFO - [2023-02-13T14:22:08.099+0000] {dag.py:2690} INFO - Sync 1 DAGs
[2023-02-13T14:22:08.118+0000] {logging_mixin.py:137} INFO - [2023-02-13T14:22:08.118+0000] {dag.py:3441} INFO - Setting next_dagrun for first_dag_v2 to 2023-02-14T00:00:00+00:00, run_after=2023-02-15T00:00:00+00:00
[2023-02-13T14:22:08.130+0000] {processor.py:175} INFO - Processing /opt/airflow/dags/dag-1.py took 0.097 seconds
[2023-02-13T14:22:38.417+0000] {processor.py:153} INFO - Started process (PID=3073) to work on /opt/airflow/dags/dag-1.py
[2023-02-13T14:22:38.420+0000] {processor.py:743} INFO - Processing file /opt/airflow/dags/dag-1.py for tasks to queue
[2023-02-13T14:22:38.422+0000] {logging_mixin.py:137} INFO - [2023-02-13T14:22:38.422+0000] {dagbag.py:538} INFO - Filling up the DagBag from /opt/airflow/dags/dag-1.py
[2023-02-13T14:22:38.446+0000] {processor.py:753} INFO - DAG(s) dict_keys(['first_dag_v2']) retrieved from /opt/airflow/dags/dag-1.py
[2023-02-13T14:22:38.468+0000] {logging_mixin.py:137} INFO - [2023-02-13T14:22:38.467+0000] {dag.py:2690} INFO - Sync 1 DAGs
[2023-02-13T14:22:38.485+0000] {logging_mixin.py:137} INFO - [2023-02-13T14:22:38.485+0000] {dag.py:3441} INFO - Setting next_dagrun for first_dag_v2 to 2023-02-14T00:00:00+00:00, run_after=2023-02-15T00:00:00+00:00
[2023-02-13T14:22:38.497+0000] {processor.py:175} INFO - Processing /opt/airflow/dags/dag-1.py took 0.091 seconds
[2023-02-13T14:23:08.852+0000] {processor.py:153} INFO - Started process (PID=3102) to work on /opt/airflow/dags/dag-1.py
[2023-02-13T14:23:08.855+0000] {processor.py:743} INFO - Processing file /opt/airflow/dags/dag-1.py for tasks to queue
[2023-02-13T14:23:08.857+0000] {logging_mixin.py:137} INFO - [2023-02-13T14:23:08.857+0000] {dagbag.py:538} INFO - Filling up the DagBag from /opt/airflow/dags/dag-1.py
[2023-02-13T14:23:08.884+0000] {processor.py:753} INFO - DAG(s) dict_keys(['first_dag_v2']) retrieved from /opt/airflow/dags/dag-1.py
[2023-02-13T14:23:08.910+0000] {logging_mixin.py:137} INFO - [2023-02-13T14:23:08.910+0000] {dag.py:2690} INFO - Sync 1 DAGs
[2023-02-13T14:23:08.935+0000] {logging_mixin.py:137} INFO - [2023-02-13T14:23:08.934+0000] {dag.py:3441} INFO - Setting next_dagrun for first_dag_v2 to 2023-02-14T00:00:00+00:00, run_after=2023-02-15T00:00:00+00:00
[2023-02-13T14:23:08.959+0000] {processor.py:175} INFO - Processing /opt/airflow/dags/dag-1.py took 0.113 seconds
[2023-02-13T14:23:39.308+0000] {processor.py:153} INFO - Started process (PID=3144) to work on /opt/airflow/dags/dag-1.py
[2023-02-13T14:23:39.312+0000] {processor.py:743} INFO - Processing file /opt/airflow/dags/dag-1.py for tasks to queue
[2023-02-13T14:23:39.314+0000] {logging_mixin.py:137} INFO - [2023-02-13T14:23:39.313+0000] {dagbag.py:538} INFO - Filling up the DagBag from /opt/airflow/dags/dag-1.py
[2023-02-13T14:23:39.343+0000] {processor.py:753} INFO - DAG(s) dict_keys(['first_dag_v2']) retrieved from /opt/airflow/dags/dag-1.py
[2023-02-13T14:23:39.386+0000] {logging_mixin.py:137} INFO - [2023-02-13T14:23:39.386+0000] {dag.py:2690} INFO - Sync 1 DAGs
[2023-02-13T14:23:39.406+0000] {logging_mixin.py:137} INFO - [2023-02-13T14:23:39.406+0000] {dag.py:3441} INFO - Setting next_dagrun for first_dag_v2 to 2023-02-14T00:00:00+00:00, run_after=2023-02-15T00:00:00+00:00
[2023-02-13T14:23:39.419+0000] {processor.py:175} INFO - Processing /opt/airflow/dags/dag-1.py took 0.118 seconds
[2023-02-13T14:24:09.831+0000] {processor.py:153} INFO - Started process (PID=3182) to work on /opt/airflow/dags/dag-1.py
[2023-02-13T14:24:09.834+0000] {processor.py:743} INFO - Processing file /opt/airflow/dags/dag-1.py for tasks to queue
[2023-02-13T14:24:09.836+0000] {logging_mixin.py:137} INFO - [2023-02-13T14:24:09.836+0000] {dagbag.py:538} INFO - Filling up the DagBag from /opt/airflow/dags/dag-1.py
[2023-02-13T14:24:09.865+0000] {processor.py:753} INFO - DAG(s) dict_keys(['first_dag_v2']) retrieved from /opt/airflow/dags/dag-1.py
[2023-02-13T14:24:09.990+0000] {logging_mixin.py:137} INFO - [2023-02-13T14:24:09.989+0000] {dag.py:2690} INFO - Sync 1 DAGs
[2023-02-13T14:24:10.096+0000] {logging_mixin.py:137} INFO - [2023-02-13T14:24:10.096+0000] {dag.py:3441} INFO - Setting next_dagrun for first_dag_v2 to 2023-02-14T00:00:00+00:00, run_after=2023-02-15T00:00:00+00:00
[2023-02-13T14:24:10.148+0000] {processor.py:175} INFO - Processing /opt/airflow/dags/dag-1.py took 0.323 seconds
[2023-02-13T14:24:24.432+0000] {processor.py:153} INFO - Started process (PID=3202) to work on /opt/airflow/dags/dag-1.py
[2023-02-13T14:24:24.435+0000] {processor.py:743} INFO - Processing file /opt/airflow/dags/dag-1.py for tasks to queue
[2023-02-13T14:24:24.437+0000] {logging_mixin.py:137} INFO - [2023-02-13T14:24:24.436+0000] {dagbag.py:538} INFO - Filling up the DagBag from /opt/airflow/dags/dag-1.py
[2023-02-13T14:24:24.472+0000] {logging_mixin.py:137} INFO - [2023-02-13T14:24:24.469+0000] {dagbag.py:343} ERROR - Failed to import: /opt/airflow/dags/dag-1.py
Traceback (most recent call last):
  File "/home/airflow/.local/lib/python3.7/site-packages/airflow/models/dagbag.py", line 339, in parse
    loader.exec_module(new_module)
  File "<frozen importlib._bootstrap_external>", line 728, in exec_module
  File "<frozen importlib._bootstrap>", line 219, in _call_with_frames_removed
  File "/opt/airflow/dags/dag-1.py", line 30, in <module>
    task_1 >> task_2
TypeError: unsupported operand type(s) for >>: 'tuple' and 'tuple'
[2023-02-13T14:24:24.473+0000] {processor.py:755} WARNING - No viable dags retrieved from /opt/airflow/dags/dag-1.py
[2023-02-13T14:24:24.514+0000] {processor.py:175} INFO - Processing /opt/airflow/dags/dag-1.py took 0.090 seconds
[2023-02-13T14:24:27.539+0000] {processor.py:153} INFO - Started process (PID=3207) to work on /opt/airflow/dags/dag-1.py
[2023-02-13T14:24:27.542+0000] {processor.py:743} INFO - Processing file /opt/airflow/dags/dag-1.py for tasks to queue
[2023-02-13T14:24:27.544+0000] {logging_mixin.py:137} INFO - [2023-02-13T14:24:27.544+0000] {dagbag.py:538} INFO - Filling up the DagBag from /opt/airflow/dags/dag-1.py
[2023-02-13T14:24:27.600+0000] {logging_mixin.py:137} INFO - [2023-02-13T14:24:27.597+0000] {dagbag.py:343} ERROR - Failed to import: /opt/airflow/dags/dag-1.py
Traceback (most recent call last):
  File "/home/airflow/.local/lib/python3.7/site-packages/airflow/models/dagbag.py", line 339, in parse
    loader.exec_module(new_module)
  File "<frozen importlib._bootstrap_external>", line 728, in exec_module
  File "<frozen importlib._bootstrap>", line 219, in _call_with_frames_removed
  File "/opt/airflow/dags/dag-1.py", line 30, in <module>
    task_1 >> task_2
TypeError: unsupported operand type(s) for >>: 'tuple' and 'tuple'
[2023-02-13T14:24:27.601+0000] {processor.py:755} WARNING - No viable dags retrieved from /opt/airflow/dags/dag-1.py
[2023-02-13T14:24:27.665+0000] {processor.py:175} INFO - Processing /opt/airflow/dags/dag-1.py took 0.135 seconds
[2023-02-13T14:24:48.972+0000] {processor.py:153} INFO - Started process (PID=3236) to work on /opt/airflow/dags/dag-1.py
[2023-02-13T14:24:48.976+0000] {processor.py:743} INFO - Processing file /opt/airflow/dags/dag-1.py for tasks to queue
[2023-02-13T14:24:48.977+0000] {logging_mixin.py:137} INFO - [2023-02-13T14:24:48.977+0000] {dagbag.py:538} INFO - Filling up the DagBag from /opt/airflow/dags/dag-1.py
[2023-02-13T14:24:49.015+0000] {logging_mixin.py:137} INFO - [2023-02-13T14:24:49.012+0000] {dagbag.py:343} ERROR - Failed to import: /opt/airflow/dags/dag-1.py
Traceback (most recent call last):
  File "/home/airflow/.local/lib/python3.7/site-packages/airflow/models/dagbag.py", line 339, in parse
    loader.exec_module(new_module)
  File "<frozen importlib._bootstrap_external>", line 728, in exec_module
  File "<frozen importlib._bootstrap>", line 219, in _call_with_frames_removed
  File "/opt/airflow/dags/dag-1.py", line 30, in <module>
    task_1 >> task_2,
TypeError: unsupported operand type(s) for >>: 'tuple' and 'tuple'
[2023-02-13T14:24:49.016+0000] {processor.py:755} WARNING - No viable dags retrieved from /opt/airflow/dags/dag-1.py
[2023-02-13T14:24:49.054+0000] {processor.py:175} INFO - Processing /opt/airflow/dags/dag-1.py took 0.089 seconds
[2023-02-13T14:24:56.164+0000] {processor.py:153} INFO - Started process (PID=3241) to work on /opt/airflow/dags/dag-1.py
[2023-02-13T14:24:56.171+0000] {processor.py:743} INFO - Processing file /opt/airflow/dags/dag-1.py for tasks to queue
[2023-02-13T14:24:56.179+0000] {logging_mixin.py:137} INFO - [2023-02-13T14:24:56.179+0000] {dagbag.py:538} INFO - Filling up the DagBag from /opt/airflow/dags/dag-1.py
[2023-02-13T14:24:56.216+0000] {logging_mixin.py:137} INFO - [2023-02-13T14:24:56.214+0000] {dagbag.py:343} ERROR - Failed to import: /opt/airflow/dags/dag-1.py
Traceback (most recent call last):
  File "/home/airflow/.local/lib/python3.7/site-packages/airflow/models/dagbag.py", line 339, in parse
    loader.exec_module(new_module)
  File "<frozen importlib._bootstrap_external>", line 728, in exec_module
  File "<frozen importlib._bootstrap>", line 219, in _call_with_frames_removed
  File "/opt/airflow/dags/dag-1.py", line 30, in <module>
    task_1 >> task_2 >> task_3
TypeError: unsupported operand type(s) for >>: 'tuple' and 'tuple'
[2023-02-13T14:24:56.217+0000] {processor.py:755} WARNING - No viable dags retrieved from /opt/airflow/dags/dag-1.py
[2023-02-13T14:24:56.266+0000] {processor.py:175} INFO - Processing /opt/airflow/dags/dag-1.py took 0.119 seconds
[2023-02-13T14:25:26.711+0000] {processor.py:153} INFO - Started process (PID=3282) to work on /opt/airflow/dags/dag-1.py
[2023-02-13T14:25:26.717+0000] {processor.py:743} INFO - Processing file /opt/airflow/dags/dag-1.py for tasks to queue
[2023-02-13T14:25:26.720+0000] {logging_mixin.py:137} INFO - [2023-02-13T14:25:26.720+0000] {dagbag.py:538} INFO - Filling up the DagBag from /opt/airflow/dags/dag-1.py
[2023-02-13T14:25:26.762+0000] {logging_mixin.py:137} INFO - [2023-02-13T14:25:26.758+0000] {dagbag.py:343} ERROR - Failed to import: /opt/airflow/dags/dag-1.py
Traceback (most recent call last):
  File "/home/airflow/.local/lib/python3.7/site-packages/airflow/models/dagbag.py", line 339, in parse
    loader.exec_module(new_module)
  File "<frozen importlib._bootstrap_external>", line 728, in exec_module
  File "<frozen importlib._bootstrap>", line 219, in _call_with_frames_removed
  File "/opt/airflow/dags/dag-1.py", line 30, in <module>
    task_1 >> task_2 >> task_3
TypeError: unsupported operand type(s) for >>: 'tuple' and 'tuple'
[2023-02-13T14:25:26.762+0000] {processor.py:755} WARNING - No viable dags retrieved from /opt/airflow/dags/dag-1.py
[2023-02-13T14:25:26.787+0000] {processor.py:175} INFO - Processing /opt/airflow/dags/dag-1.py took 0.093 seconds
[2023-02-13T14:25:56.265+0000] {processor.py:153} INFO - Started process (PID=3312) to work on /opt/airflow/dags/dag-1.py
[2023-02-13T14:25:56.273+0000] {processor.py:743} INFO - Processing file /opt/airflow/dags/dag-1.py for tasks to queue
[2023-02-13T14:25:56.276+0000] {logging_mixin.py:137} INFO - [2023-02-13T14:25:56.276+0000] {dagbag.py:538} INFO - Filling up the DagBag from /opt/airflow/dags/dag-1.py
[2023-02-13T14:25:56.328+0000] {logging_mixin.py:137} INFO - [2023-02-13T14:25:56.324+0000] {dagbag.py:343} ERROR - Failed to import: /opt/airflow/dags/dag-1.py
Traceback (most recent call last):
  File "/home/airflow/.local/lib/python3.7/site-packages/airflow/models/dagbag.py", line 339, in parse
    loader.exec_module(new_module)
  File "<frozen importlib._bootstrap_external>", line 728, in exec_module
  File "<frozen importlib._bootstrap>", line 219, in _call_with_frames_removed
  File "/opt/airflow/dags/dag-1.py", line 30, in <module>
    task_1.set_downstream(task_2)
AttributeError: 'tuple' object has no attribute 'set_downstream'
[2023-02-13T14:25:56.329+0000] {processor.py:755} WARNING - No viable dags retrieved from /opt/airflow/dags/dag-1.py
[2023-02-13T14:25:56.381+0000] {processor.py:175} INFO - Processing /opt/airflow/dags/dag-1.py took 0.144 seconds
[2023-02-13T14:26:01.338+0000] {processor.py:153} INFO - Started process (PID=3329) to work on /opt/airflow/dags/dag-1.py
[2023-02-13T14:26:01.340+0000] {processor.py:743} INFO - Processing file /opt/airflow/dags/dag-1.py for tasks to queue
[2023-02-13T14:26:01.342+0000] {logging_mixin.py:137} INFO - [2023-02-13T14:26:01.342+0000] {dagbag.py:538} INFO - Filling up the DagBag from /opt/airflow/dags/dag-1.py
[2023-02-13T14:26:01.392+0000] {logging_mixin.py:137} INFO - [2023-02-13T14:26:01.389+0000] {dagbag.py:343} ERROR - Failed to import: /opt/airflow/dags/dag-1.py
Traceback (most recent call last):
  File "/home/airflow/.local/lib/python3.7/site-packages/airflow/models/dagbag.py", line 339, in parse
    loader.exec_module(new_module)
  File "<frozen importlib._bootstrap_external>", line 728, in exec_module
  File "<frozen importlib._bootstrap>", line 219, in _call_with_frames_removed
  File "/opt/airflow/dags/dag-1.py", line 30, in <module>
    task_1.set_downstream(task_2)
AttributeError: 'tuple' object has no attribute 'set_downstream'
[2023-02-13T14:26:01.393+0000] {processor.py:755} WARNING - No viable dags retrieved from /opt/airflow/dags/dag-1.py
[2023-02-13T14:26:01.424+0000] {processor.py:175} INFO - Processing /opt/airflow/dags/dag-1.py took 0.098 seconds
[2023-02-13T14:26:31.838+0000] {processor.py:153} INFO - Started process (PID=3358) to work on /opt/airflow/dags/dag-1.py
[2023-02-13T14:26:31.844+0000] {processor.py:743} INFO - Processing file /opt/airflow/dags/dag-1.py for tasks to queue
[2023-02-13T14:26:31.849+0000] {logging_mixin.py:137} INFO - [2023-02-13T14:26:31.849+0000] {dagbag.py:538} INFO - Filling up the DagBag from /opt/airflow/dags/dag-1.py
[2023-02-13T14:26:31.889+0000] {logging_mixin.py:137} INFO - [2023-02-13T14:26:31.886+0000] {dagbag.py:343} ERROR - Failed to import: /opt/airflow/dags/dag-1.py
Traceback (most recent call last):
  File "/home/airflow/.local/lib/python3.7/site-packages/airflow/models/dagbag.py", line 339, in parse
    loader.exec_module(new_module)
  File "<frozen importlib._bootstrap_external>", line 728, in exec_module
  File "<frozen importlib._bootstrap>", line 219, in _call_with_frames_removed
  File "/opt/airflow/dags/dag-1.py", line 30, in <module>
    task_1.set_downstream(task_2)
AttributeError: 'tuple' object has no attribute 'set_downstream'
[2023-02-13T14:26:31.890+0000] {processor.py:755} WARNING - No viable dags retrieved from /opt/airflow/dags/dag-1.py
[2023-02-13T14:26:31.911+0000] {processor.py:175} INFO - Processing /opt/airflow/dags/dag-1.py took 0.080 seconds
[2023-02-13T14:26:40.057+0000] {processor.py:153} INFO - Started process (PID=3375) to work on /opt/airflow/dags/dag-1.py
[2023-02-13T14:26:40.059+0000] {processor.py:743} INFO - Processing file /opt/airflow/dags/dag-1.py for tasks to queue
[2023-02-13T14:26:40.061+0000] {logging_mixin.py:137} INFO - [2023-02-13T14:26:40.061+0000] {dagbag.py:538} INFO - Filling up the DagBag from /opt/airflow/dags/dag-1.py
[2023-02-13T14:26:40.104+0000] {logging_mixin.py:137} INFO - [2023-02-13T14:26:40.101+0000] {dagbag.py:343} ERROR - Failed to import: /opt/airflow/dags/dag-1.py
Traceback (most recent call last):
  File "/home/airflow/.local/lib/python3.7/site-packages/airflow/models/dagbag.py", line 339, in parse
    loader.exec_module(new_module)
  File "<frozen importlib._bootstrap_external>", line 728, in exec_module
  File "<frozen importlib._bootstrap>", line 219, in _call_with_frames_removed
  File "/opt/airflow/dags/dag-1.py", line 29, in <module>
    task_1.set_downstream(task_2)
AttributeError: 'tuple' object has no attribute 'set_downstream'
[2023-02-13T14:26:40.105+0000] {processor.py:755} WARNING - No viable dags retrieved from /opt/airflow/dags/dag-1.py
[2023-02-13T14:26:40.132+0000] {processor.py:175} INFO - Processing /opt/airflow/dags/dag-1.py took 0.079 seconds
[2023-02-13T14:27:10.433+0000] {processor.py:153} INFO - Started process (PID=3416) to work on /opt/airflow/dags/dag-1.py
[2023-02-13T14:27:10.435+0000] {processor.py:743} INFO - Processing file /opt/airflow/dags/dag-1.py for tasks to queue
[2023-02-13T14:27:10.436+0000] {logging_mixin.py:137} INFO - [2023-02-13T14:27:10.436+0000] {dagbag.py:538} INFO - Filling up the DagBag from /opt/airflow/dags/dag-1.py
[2023-02-13T14:27:10.487+0000] {logging_mixin.py:137} INFO - [2023-02-13T14:27:10.481+0000] {dagbag.py:343} ERROR - Failed to import: /opt/airflow/dags/dag-1.py
Traceback (most recent call last):
  File "/home/airflow/.local/lib/python3.7/site-packages/airflow/models/dagbag.py", line 339, in parse
    loader.exec_module(new_module)
  File "<frozen importlib._bootstrap_external>", line 728, in exec_module
  File "<frozen importlib._bootstrap>", line 219, in _call_with_frames_removed
  File "/opt/airflow/dags/dag-1.py", line 29, in <module>
    task_1.set_downstream(task_2)
AttributeError: 'tuple' object has no attribute 'set_downstream'
[2023-02-13T14:27:10.487+0000] {processor.py:755} WARNING - No viable dags retrieved from /opt/airflow/dags/dag-1.py
[2023-02-13T14:27:10.514+0000] {processor.py:175} INFO - Processing /opt/airflow/dags/dag-1.py took 0.085 seconds
[2023-02-13T14:27:40.926+0000] {processor.py:153} INFO - Started process (PID=3446) to work on /opt/airflow/dags/dag-1.py
[2023-02-13T14:27:40.928+0000] {processor.py:743} INFO - Processing file /opt/airflow/dags/dag-1.py for tasks to queue
[2023-02-13T14:27:40.929+0000] {logging_mixin.py:137} INFO - [2023-02-13T14:27:40.929+0000] {dagbag.py:538} INFO - Filling up the DagBag from /opt/airflow/dags/dag-1.py
[2023-02-13T14:27:40.952+0000] {logging_mixin.py:137} INFO - [2023-02-13T14:27:40.950+0000] {dagbag.py:343} ERROR - Failed to import: /opt/airflow/dags/dag-1.py
Traceback (most recent call last):
  File "/home/airflow/.local/lib/python3.7/site-packages/airflow/models/dagbag.py", line 339, in parse
    loader.exec_module(new_module)
  File "<frozen importlib._bootstrap_external>", line 728, in exec_module
  File "<frozen importlib._bootstrap>", line 219, in _call_with_frames_removed
  File "/opt/airflow/dags/dag-1.py", line 29, in <module>
    task_1.set_downstream(task_2)
AttributeError: 'tuple' object has no attribute 'set_downstream'
[2023-02-13T14:27:40.953+0000] {processor.py:755} WARNING - No viable dags retrieved from /opt/airflow/dags/dag-1.py
[2023-02-13T14:27:40.996+0000] {processor.py:175} INFO - Processing /opt/airflow/dags/dag-1.py took 0.075 seconds
[2023-02-13T14:28:11.361+0000] {processor.py:153} INFO - Started process (PID=3487) to work on /opt/airflow/dags/dag-1.py
[2023-02-13T14:28:11.364+0000] {processor.py:743} INFO - Processing file /opt/airflow/dags/dag-1.py for tasks to queue
[2023-02-13T14:28:11.368+0000] {logging_mixin.py:137} INFO - [2023-02-13T14:28:11.367+0000] {dagbag.py:538} INFO - Filling up the DagBag from /opt/airflow/dags/dag-1.py
[2023-02-13T14:28:11.413+0000] {processor.py:753} INFO - DAG(s) dict_keys(['first_dag_v3']) retrieved from /opt/airflow/dags/dag-1.py
[2023-02-13T14:28:11.584+0000] {logging_mixin.py:137} INFO - [2023-02-13T14:28:11.584+0000] {manager.py:504} INFO - Created Permission View: can read on DAG:first_dag_v3
[2023-02-13T14:28:11.591+0000] {logging_mixin.py:137} INFO - [2023-02-13T14:28:11.591+0000] {manager.py:504} INFO - Created Permission View: can edit on DAG:first_dag_v3
[2023-02-13T14:28:11.598+0000] {logging_mixin.py:137} INFO - [2023-02-13T14:28:11.597+0000] {manager.py:504} INFO - Created Permission View: can delete on DAG:first_dag_v3
[2023-02-13T14:28:11.599+0000] {logging_mixin.py:137} INFO - [2023-02-13T14:28:11.599+0000] {dag.py:2690} INFO - Sync 1 DAGs
[2023-02-13T14:28:11.611+0000] {logging_mixin.py:137} INFO - [2023-02-13T14:28:11.611+0000] {dag.py:2711} INFO - Creating ORM DAG for first_dag_v3
[2023-02-13T14:28:11.633+0000] {logging_mixin.py:137} INFO - [2023-02-13T14:28:11.632+0000] {dag.py:3441} INFO - Setting next_dagrun for first_dag_v3 to 2023-02-14T00:00:00+00:00, run_after=2023-02-15T00:00:00+00:00
[2023-02-13T14:28:11.660+0000] {processor.py:175} INFO - Processing /opt/airflow/dags/dag-1.py took 0.303 seconds
[2023-02-13T14:28:41.943+0000] {processor.py:153} INFO - Started process (PID=3516) to work on /opt/airflow/dags/dag-1.py
[2023-02-13T14:28:41.946+0000] {processor.py:743} INFO - Processing file /opt/airflow/dags/dag-1.py for tasks to queue
[2023-02-13T14:28:41.947+0000] {logging_mixin.py:137} INFO - [2023-02-13T14:28:41.947+0000] {dagbag.py:538} INFO - Filling up the DagBag from /opt/airflow/dags/dag-1.py
[2023-02-13T14:28:41.986+0000] {processor.py:753} INFO - DAG(s) dict_keys(['first_dag_v3']) retrieved from /opt/airflow/dags/dag-1.py
[2023-02-13T14:28:42.012+0000] {logging_mixin.py:137} INFO - [2023-02-13T14:28:42.012+0000] {dag.py:2690} INFO - Sync 1 DAGs
[2023-02-13T14:28:42.031+0000] {logging_mixin.py:137} INFO - [2023-02-13T14:28:42.031+0000] {dag.py:3441} INFO - Setting next_dagrun for first_dag_v3 to 2023-02-14T00:00:00+00:00, run_after=2023-02-15T00:00:00+00:00
[2023-02-13T14:28:42.043+0000] {processor.py:175} INFO - Processing /opt/airflow/dags/dag-1.py took 0.106 seconds
[2023-02-13T14:29:12.318+0000] {processor.py:153} INFO - Started process (PID=3567) to work on /opt/airflow/dags/dag-1.py
[2023-02-13T14:29:12.321+0000] {processor.py:743} INFO - Processing file /opt/airflow/dags/dag-1.py for tasks to queue
[2023-02-13T14:29:12.322+0000] {logging_mixin.py:137} INFO - [2023-02-13T14:29:12.322+0000] {dagbag.py:538} INFO - Filling up the DagBag from /opt/airflow/dags/dag-1.py
[2023-02-13T14:29:12.351+0000] {processor.py:753} INFO - DAG(s) dict_keys(['first_dag_v3']) retrieved from /opt/airflow/dags/dag-1.py
[2023-02-13T14:29:12.386+0000] {logging_mixin.py:137} INFO - [2023-02-13T14:29:12.386+0000] {dag.py:2690} INFO - Sync 1 DAGs
[2023-02-13T14:29:12.408+0000] {logging_mixin.py:137} INFO - [2023-02-13T14:29:12.408+0000] {dag.py:3441} INFO - Setting next_dagrun for first_dag_v3 to 2023-02-14T00:00:00+00:00, run_after=2023-02-15T00:00:00+00:00
[2023-02-13T14:29:12.420+0000] {processor.py:175} INFO - Processing /opt/airflow/dags/dag-1.py took 0.108 seconds
[2023-02-13T14:29:42.692+0000] {processor.py:153} INFO - Started process (PID=3604) to work on /opt/airflow/dags/dag-1.py
[2023-02-13T14:29:42.693+0000] {processor.py:743} INFO - Processing file /opt/airflow/dags/dag-1.py for tasks to queue
[2023-02-13T14:29:42.694+0000] {logging_mixin.py:137} INFO - [2023-02-13T14:29:42.694+0000] {dagbag.py:538} INFO - Filling up the DagBag from /opt/airflow/dags/dag-1.py
[2023-02-13T14:29:42.718+0000] {processor.py:753} INFO - DAG(s) dict_keys(['first_dag_v3']) retrieved from /opt/airflow/dags/dag-1.py
[2023-02-13T14:29:42.760+0000] {logging_mixin.py:137} INFO - [2023-02-13T14:29:42.759+0000] {dag.py:2690} INFO - Sync 1 DAGs
[2023-02-13T14:29:42.785+0000] {logging_mixin.py:137} INFO - [2023-02-13T14:29:42.785+0000] {dag.py:3441} INFO - Setting next_dagrun for first_dag_v3 to 2023-02-14T00:00:00+00:00, run_after=2023-02-15T00:00:00+00:00
[2023-02-13T14:29:42.800+0000] {processor.py:175} INFO - Processing /opt/airflow/dags/dag-1.py took 0.112 seconds
[2023-02-13T14:30:13.039+0000] {processor.py:153} INFO - Started process (PID=3636) to work on /opt/airflow/dags/dag-1.py
[2023-02-13T14:30:13.041+0000] {processor.py:743} INFO - Processing file /opt/airflow/dags/dag-1.py for tasks to queue
[2023-02-13T14:30:13.043+0000] {logging_mixin.py:137} INFO - [2023-02-13T14:30:13.042+0000] {dagbag.py:538} INFO - Filling up the DagBag from /opt/airflow/dags/dag-1.py
[2023-02-13T14:30:13.089+0000] {processor.py:753} INFO - DAG(s) dict_keys(['first_dag_v3']) retrieved from /opt/airflow/dags/dag-1.py
[2023-02-13T14:30:13.119+0000] {logging_mixin.py:137} INFO - [2023-02-13T14:30:13.119+0000] {dag.py:2690} INFO - Sync 1 DAGs
[2023-02-13T14:30:13.139+0000] {logging_mixin.py:137} INFO - [2023-02-13T14:30:13.139+0000] {dag.py:3441} INFO - Setting next_dagrun for first_dag_v3 to 2023-02-14T00:00:00+00:00, run_after=2023-02-15T00:00:00+00:00
[2023-02-13T14:30:13.151+0000] {processor.py:175} INFO - Processing /opt/airflow/dags/dag-1.py took 0.121 seconds
[2023-02-13T14:30:43.571+0000] {processor.py:153} INFO - Started process (PID=3678) to work on /opt/airflow/dags/dag-1.py
[2023-02-13T14:30:43.574+0000] {processor.py:743} INFO - Processing file /opt/airflow/dags/dag-1.py for tasks to queue
[2023-02-13T14:30:43.576+0000] {logging_mixin.py:137} INFO - [2023-02-13T14:30:43.576+0000] {dagbag.py:538} INFO - Filling up the DagBag from /opt/airflow/dags/dag-1.py
[2023-02-13T14:30:43.603+0000] {processor.py:753} INFO - DAG(s) dict_keys(['first_dag_v3']) retrieved from /opt/airflow/dags/dag-1.py
[2023-02-13T14:30:43.628+0000] {logging_mixin.py:137} INFO - [2023-02-13T14:30:43.628+0000] {dag.py:2690} INFO - Sync 1 DAGs
[2023-02-13T14:30:43.647+0000] {logging_mixin.py:137} INFO - [2023-02-13T14:30:43.647+0000] {dag.py:3441} INFO - Setting next_dagrun for first_dag_v3 to 2023-02-14T00:00:00+00:00, run_after=2023-02-15T00:00:00+00:00
[2023-02-13T14:30:43.662+0000] {processor.py:175} INFO - Processing /opt/airflow/dags/dag-1.py took 0.098 seconds
[2023-02-13T14:30:47.778+0000] {processor.py:153} INFO - Started process (PID=3683) to work on /opt/airflow/dags/dag-1.py
[2023-02-13T14:30:47.781+0000] {processor.py:743} INFO - Processing file /opt/airflow/dags/dag-1.py for tasks to queue
[2023-02-13T14:30:47.782+0000] {logging_mixin.py:137} INFO - [2023-02-13T14:30:47.782+0000] {dagbag.py:538} INFO - Filling up the DagBag from /opt/airflow/dags/dag-1.py
[2023-02-13T14:30:47.829+0000] {processor.py:753} INFO - DAG(s) dict_keys(['first_dag_v3']) retrieved from /opt/airflow/dags/dag-1.py
[2023-02-13T14:30:47.863+0000] {logging_mixin.py:137} INFO - [2023-02-13T14:30:47.863+0000] {dag.py:2690} INFO - Sync 1 DAGs
[2023-02-13T14:30:47.884+0000] {logging_mixin.py:137} INFO - [2023-02-13T14:30:47.884+0000] {dag.py:3441} INFO - Setting next_dagrun for first_dag_v3 to 2023-02-14T00:00:00+00:00, run_after=2023-02-15T00:00:00+00:00
[2023-02-13T14:30:47.899+0000] {processor.py:175} INFO - Processing /opt/airflow/dags/dag-1.py took 0.129 seconds
[2023-02-13T14:30:54.978+0000] {processor.py:153} INFO - Started process (PID=3700) to work on /opt/airflow/dags/dag-1.py
[2023-02-13T14:30:55.017+0000] {processor.py:743} INFO - Processing file /opt/airflow/dags/dag-1.py for tasks to queue
[2023-02-13T14:30:55.043+0000] {logging_mixin.py:137} INFO - [2023-02-13T14:30:55.042+0000] {dagbag.py:538} INFO - Filling up the DagBag from /opt/airflow/dags/dag-1.py
[2023-02-13T14:30:55.266+0000] {processor.py:753} INFO - DAG(s) dict_keys(['first_dag_v3.2']) retrieved from /opt/airflow/dags/dag-1.py
[2023-02-13T14:30:55.477+0000] {logging_mixin.py:137} INFO - [2023-02-13T14:30:55.477+0000] {manager.py:504} INFO - Created Permission View: can read on DAG:first_dag_v3.2
[2023-02-13T14:30:55.488+0000] {logging_mixin.py:137} INFO - [2023-02-13T14:30:55.488+0000] {manager.py:504} INFO - Created Permission View: can edit on DAG:first_dag_v3.2
[2023-02-13T14:30:55.492+0000] {logging_mixin.py:137} INFO - [2023-02-13T14:30:55.492+0000] {manager.py:504} INFO - Created Permission View: can delete on DAG:first_dag_v3.2
[2023-02-13T14:30:55.493+0000] {logging_mixin.py:137} INFO - [2023-02-13T14:30:55.493+0000] {dag.py:2690} INFO - Sync 1 DAGs
[2023-02-13T14:30:55.502+0000] {logging_mixin.py:137} INFO - [2023-02-13T14:30:55.502+0000] {dag.py:2711} INFO - Creating ORM DAG for first_dag_v3.2
[2023-02-13T14:30:55.511+0000] {logging_mixin.py:137} INFO - [2023-02-13T14:30:55.511+0000] {dag.py:3441} INFO - Setting next_dagrun for first_dag_v3.2 to 2023-02-14T00:00:00+00:00, run_after=2023-02-15T00:00:00+00:00
[2023-02-13T14:30:55.522+0000] {processor.py:175} INFO - Processing /opt/airflow/dags/dag-1.py took 0.551 seconds
[2023-02-13T14:31:25.849+0000] {processor.py:153} INFO - Started process (PID=3729) to work on /opt/airflow/dags/dag-1.py
[2023-02-13T14:31:25.852+0000] {processor.py:743} INFO - Processing file /opt/airflow/dags/dag-1.py for tasks to queue
[2023-02-13T14:31:25.854+0000] {logging_mixin.py:137} INFO - [2023-02-13T14:31:25.853+0000] {dagbag.py:538} INFO - Filling up the DagBag from /opt/airflow/dags/dag-1.py
[2023-02-13T14:31:25.892+0000] {processor.py:753} INFO - DAG(s) dict_keys(['first_dag_v3.2']) retrieved from /opt/airflow/dags/dag-1.py
[2023-02-13T14:31:25.919+0000] {logging_mixin.py:137} INFO - [2023-02-13T14:31:25.918+0000] {dag.py:2690} INFO - Sync 1 DAGs
[2023-02-13T14:31:25.939+0000] {logging_mixin.py:137} INFO - [2023-02-13T14:31:25.939+0000] {dag.py:3441} INFO - Setting next_dagrun for first_dag_v3.2 to 2023-02-14T00:00:00+00:00, run_after=2023-02-15T00:00:00+00:00
[2023-02-13T14:31:25.953+0000] {processor.py:175} INFO - Processing /opt/airflow/dags/dag-1.py took 0.124 seconds
[2023-02-13T14:31:56.203+0000] {processor.py:153} INFO - Started process (PID=3770) to work on /opt/airflow/dags/dag-1.py
[2023-02-13T14:31:56.205+0000] {processor.py:743} INFO - Processing file /opt/airflow/dags/dag-1.py for tasks to queue
[2023-02-13T14:31:56.207+0000] {logging_mixin.py:137} INFO - [2023-02-13T14:31:56.207+0000] {dagbag.py:538} INFO - Filling up the DagBag from /opt/airflow/dags/dag-1.py
[2023-02-13T14:31:56.233+0000] {processor.py:753} INFO - DAG(s) dict_keys(['first_dag_v3.2']) retrieved from /opt/airflow/dags/dag-1.py
[2023-02-13T14:31:56.265+0000] {logging_mixin.py:137} INFO - [2023-02-13T14:31:56.264+0000] {dag.py:2690} INFO - Sync 1 DAGs
[2023-02-13T14:31:56.304+0000] {logging_mixin.py:137} INFO - [2023-02-13T14:31:56.304+0000] {dag.py:3441} INFO - Setting next_dagrun for first_dag_v3.2 to 2023-02-14T00:00:00+00:00, run_after=2023-02-15T00:00:00+00:00
[2023-02-13T14:31:56.316+0000] {processor.py:175} INFO - Processing /opt/airflow/dags/dag-1.py took 0.119 seconds
[2023-02-13T14:32:26.615+0000] {processor.py:153} INFO - Started process (PID=3798) to work on /opt/airflow/dags/dag-1.py
[2023-02-13T14:32:26.617+0000] {processor.py:743} INFO - Processing file /opt/airflow/dags/dag-1.py for tasks to queue
[2023-02-13T14:32:26.618+0000] {logging_mixin.py:137} INFO - [2023-02-13T14:32:26.618+0000] {dagbag.py:538} INFO - Filling up the DagBag from /opt/airflow/dags/dag-1.py
[2023-02-13T14:32:26.645+0000] {processor.py:753} INFO - DAG(s) dict_keys(['first_dag_v3.2']) retrieved from /opt/airflow/dags/dag-1.py
[2023-02-13T14:32:26.688+0000] {logging_mixin.py:137} INFO - [2023-02-13T14:32:26.687+0000] {dag.py:2690} INFO - Sync 1 DAGs
[2023-02-13T14:32:26.707+0000] {logging_mixin.py:137} INFO - [2023-02-13T14:32:26.707+0000] {dag.py:3441} INFO - Setting next_dagrun for first_dag_v3.2 to 2023-02-14T00:00:00+00:00, run_after=2023-02-15T00:00:00+00:00
[2023-02-13T14:32:26.720+0000] {processor.py:175} INFO - Processing /opt/airflow/dags/dag-1.py took 0.111 seconds
[2023-02-13T14:32:57.087+0000] {processor.py:153} INFO - Started process (PID=3839) to work on /opt/airflow/dags/dag-1.py
[2023-02-13T14:32:57.089+0000] {processor.py:743} INFO - Processing file /opt/airflow/dags/dag-1.py for tasks to queue
[2023-02-13T14:32:57.090+0000] {logging_mixin.py:137} INFO - [2023-02-13T14:32:57.090+0000] {dagbag.py:538} INFO - Filling up the DagBag from /opt/airflow/dags/dag-1.py
[2023-02-13T14:32:57.122+0000] {processor.py:753} INFO - DAG(s) dict_keys(['first_dag_v3.2']) retrieved from /opt/airflow/dags/dag-1.py
[2023-02-13T14:32:57.154+0000] {logging_mixin.py:137} INFO - [2023-02-13T14:32:57.154+0000] {dag.py:2690} INFO - Sync 1 DAGs
[2023-02-13T14:32:57.175+0000] {logging_mixin.py:137} INFO - [2023-02-13T14:32:57.175+0000] {dag.py:3441} INFO - Setting next_dagrun for first_dag_v3.2 to 2023-02-14T00:00:00+00:00, run_after=2023-02-15T00:00:00+00:00
[2023-02-13T14:32:57.187+0000] {processor.py:175} INFO - Processing /opt/airflow/dags/dag-1.py took 0.108 seconds
[2023-02-13T14:32:58.124+0000] {processor.py:153} INFO - Started process (PID=3844) to work on /opt/airflow/dags/dag-1.py
[2023-02-13T14:32:58.126+0000] {processor.py:743} INFO - Processing file /opt/airflow/dags/dag-1.py for tasks to queue
[2023-02-13T14:32:58.128+0000] {logging_mixin.py:137} INFO - [2023-02-13T14:32:58.128+0000] {dagbag.py:538} INFO - Filling up the DagBag from /opt/airflow/dags/dag-1.py
[2023-02-13T14:32:58.150+0000] {processor.py:753} INFO - DAG(s) dict_keys(['first_dag_v3.2']) retrieved from /opt/airflow/dags/dag-1.py
[2023-02-13T14:32:58.176+0000] {logging_mixin.py:137} INFO - [2023-02-13T14:32:58.176+0000] {dag.py:2690} INFO - Sync 1 DAGs
[2023-02-13T14:32:58.198+0000] {logging_mixin.py:137} INFO - [2023-02-13T14:32:58.197+0000] {dag.py:3441} INFO - Setting next_dagrun for first_dag_v3.2 to 2023-02-14T00:00:00+00:00, run_after=2023-02-15T00:00:00+00:00
[2023-02-13T14:32:58.213+0000] {processor.py:175} INFO - Processing /opt/airflow/dags/dag-1.py took 0.094 seconds
[2023-02-13T14:33:03.435+0000] {processor.py:153} INFO - Started process (PID=3856) to work on /opt/airflow/dags/dag-1.py
[2023-02-13T14:33:03.438+0000] {processor.py:743} INFO - Processing file /opt/airflow/dags/dag-1.py for tasks to queue
[2023-02-13T14:33:03.441+0000] {logging_mixin.py:137} INFO - [2023-02-13T14:33:03.441+0000] {dagbag.py:538} INFO - Filling up the DagBag from /opt/airflow/dags/dag-1.py
[2023-02-13T14:33:03.518+0000] {processor.py:753} INFO - DAG(s) dict_keys(['first_dag_v3.3']) retrieved from /opt/airflow/dags/dag-1.py
[2023-02-13T14:33:04.312+0000] {logging_mixin.py:137} INFO - [2023-02-13T14:33:04.309+0000] {manager.py:504} INFO - Created Permission View: can read on DAG:first_dag_v3.3
[2023-02-13T14:33:04.344+0000] {logging_mixin.py:137} INFO - [2023-02-13T14:33:04.344+0000] {manager.py:504} INFO - Created Permission View: can edit on DAG:first_dag_v3.3
[2023-02-13T14:33:04.351+0000] {logging_mixin.py:137} INFO - [2023-02-13T14:33:04.351+0000] {manager.py:504} INFO - Created Permission View: can delete on DAG:first_dag_v3.3
[2023-02-13T14:33:04.352+0000] {logging_mixin.py:137} INFO - [2023-02-13T14:33:04.352+0000] {dag.py:2690} INFO - Sync 1 DAGs
[2023-02-13T14:33:04.370+0000] {logging_mixin.py:137} INFO - [2023-02-13T14:33:04.370+0000] {dag.py:2711} INFO - Creating ORM DAG for first_dag_v3.3
[2023-02-13T14:33:04.383+0000] {logging_mixin.py:137} INFO - [2023-02-13T14:33:04.383+0000] {dag.py:3441} INFO - Setting next_dagrun for first_dag_v3.3 to 2023-02-14T00:00:00+00:00, run_after=2023-02-15T00:00:00+00:00
[2023-02-13T14:33:04.412+0000] {processor.py:175} INFO - Processing /opt/airflow/dags/dag-1.py took 0.988 seconds
[2023-02-13T14:33:34.802+0000] {processor.py:153} INFO - Started process (PID=3890) to work on /opt/airflow/dags/dag-1.py
[2023-02-13T14:33:34.805+0000] {processor.py:743} INFO - Processing file /opt/airflow/dags/dag-1.py for tasks to queue
[2023-02-13T14:33:34.806+0000] {logging_mixin.py:137} INFO - [2023-02-13T14:33:34.806+0000] {dagbag.py:538} INFO - Filling up the DagBag from /opt/airflow/dags/dag-1.py
[2023-02-13T14:33:34.844+0000] {processor.py:753} INFO - DAG(s) dict_keys(['first_dag_v3.3']) retrieved from /opt/airflow/dags/dag-1.py
[2023-02-13T14:33:34.875+0000] {logging_mixin.py:137} INFO - [2023-02-13T14:33:34.875+0000] {dag.py:2690} INFO - Sync 1 DAGs
[2023-02-13T14:33:34.899+0000] {logging_mixin.py:137} INFO - [2023-02-13T14:33:34.899+0000] {dag.py:3441} INFO - Setting next_dagrun for first_dag_v3.3 to 2023-02-14T00:00:00+00:00, run_after=2023-02-15T00:00:00+00:00
[2023-02-13T14:33:34.923+0000] {processor.py:175} INFO - Processing /opt/airflow/dags/dag-1.py took 0.131 seconds
[2023-02-13T14:34:05.179+0000] {processor.py:153} INFO - Started process (PID=3930) to work on /opt/airflow/dags/dag-1.py
[2023-02-13T14:34:05.181+0000] {processor.py:743} INFO - Processing file /opt/airflow/dags/dag-1.py for tasks to queue
[2023-02-13T14:34:05.182+0000] {logging_mixin.py:137} INFO - [2023-02-13T14:34:05.181+0000] {dagbag.py:538} INFO - Filling up the DagBag from /opt/airflow/dags/dag-1.py
[2023-02-13T14:34:05.203+0000] {processor.py:753} INFO - DAG(s) dict_keys(['first_dag_v3.3']) retrieved from /opt/airflow/dags/dag-1.py
[2023-02-13T14:34:05.237+0000] {logging_mixin.py:137} INFO - [2023-02-13T14:34:05.237+0000] {dag.py:2690} INFO - Sync 1 DAGs
[2023-02-13T14:34:05.258+0000] {logging_mixin.py:137} INFO - [2023-02-13T14:34:05.258+0000] {dag.py:3441} INFO - Setting next_dagrun for first_dag_v3.3 to 2023-02-14T00:00:00+00:00, run_after=2023-02-15T00:00:00+00:00
[2023-02-13T14:34:05.270+0000] {processor.py:175} INFO - Processing /opt/airflow/dags/dag-1.py took 0.095 seconds
