[2023-02-14T08:41:04.638+0000] {taskinstance.py:1083} INFO - Dependencies all met for <TaskInstance: python_operator_dag_v1.2.greet manual__2023-02-14T08:41:04.031523+00:00 [queued]>
[2023-02-14T08:41:04.645+0000] {taskinstance.py:1083} INFO - Dependencies all met for <TaskInstance: python_operator_dag_v1.2.greet manual__2023-02-14T08:41:04.031523+00:00 [queued]>
[2023-02-14T08:41:04.646+0000] {taskinstance.py:1279} INFO - 
--------------------------------------------------------------------------------
[2023-02-14T08:41:04.646+0000] {taskinstance.py:1280} INFO - Starting attempt 1 of 6
[2023-02-14T08:41:04.647+0000] {taskinstance.py:1281} INFO - 
--------------------------------------------------------------------------------
[2023-02-14T08:41:04.658+0000] {taskinstance.py:1300} INFO - Executing <Task(PythonOperator): greet> on 2023-02-14 08:41:04.031523+00:00
[2023-02-14T08:41:04.665+0000] {standard_task_runner.py:55} INFO - Started process 23564 to run task
[2023-02-14T08:41:04.669+0000] {standard_task_runner.py:82} INFO - Running: ['***', 'tasks', 'run', 'python_operator_dag_v1.2', 'greet', 'manual__2023-02-14T08:41:04.031523+00:00', '--job-id', '13', '--raw', '--subdir', 'DAGS_FOLDER/dag-python-operator.py', '--cfg-path', '/tmp/tmpy3164__m']
[2023-02-14T08:41:04.671+0000] {standard_task_runner.py:83} INFO - Job 13: Subtask greet
[2023-02-14T08:41:04.736+0000] {task_command.py:388} INFO - Running <TaskInstance: python_operator_dag_v1.2.greet manual__2023-02-14T08:41:04.031523+00:00 [running]> on host 38744fc0668d
[2023-02-14T08:41:04.796+0000] {taskinstance.py:1509} INFO - Exporting the following env vars:
AIRFLOW_CTX_DAG_OWNER=tlysenko
AIRFLOW_CTX_DAG_ID=python_operator_dag_v1.2
AIRFLOW_CTX_TASK_ID=greet
AIRFLOW_CTX_EXECUTION_DATE=2023-02-14T08:41:04.031523+00:00
AIRFLOW_CTX_TRY_NUMBER=1
AIRFLOW_CTX_DAG_RUN_ID=manual__2023-02-14T08:41:04.031523+00:00
[2023-02-14T08:41:04.797+0000] {logging_mixin.py:137} INFO - Hello World! My name is Tom and I am 30 years old
[2023-02-14T08:41:04.797+0000] {python.py:177} INFO - Done. Returned value was: None
[2023-02-14T08:41:04.807+0000] {taskinstance.py:1323} INFO - Marking task as SUCCESS. dag_id=python_operator_dag_v1.2, task_id=greet, execution_date=20230214T084104, start_date=20230214T084104, end_date=20230214T084104
[2023-02-14T08:41:04.842+0000] {local_task_job.py:208} INFO - Task exited with return code 0
[2023-02-14T08:41:04.855+0000] {taskinstance.py:2578} INFO - 0 downstream tasks scheduled from follow-on schedule check
