[2023-02-16T07:34:09.111+0000] {taskinstance.py:1083} INFO - Dependencies all met for <TaskInstance: first_dag_v3.3.task_2 scheduled__2023-02-15T00:00:00+00:00 [queued]>
[2023-02-16T07:34:09.136+0000] {taskinstance.py:1083} INFO - Dependencies all met for <TaskInstance: first_dag_v3.3.task_2 scheduled__2023-02-15T00:00:00+00:00 [queued]>
[2023-02-16T07:34:09.138+0000] {taskinstance.py:1279} INFO - 
--------------------------------------------------------------------------------
[2023-02-16T07:34:09.141+0000] {taskinstance.py:1280} INFO - Starting attempt 1 of 6
[2023-02-16T07:34:09.145+0000] {taskinstance.py:1281} INFO - 
--------------------------------------------------------------------------------
[2023-02-16T07:34:09.169+0000] {taskinstance.py:1300} INFO - Executing <Task(BashOperator): task_2> on 2023-02-15 00:00:00+00:00
[2023-02-16T07:34:09.207+0000] {standard_task_runner.py:55} INFO - Started process 31842 to run task
[2023-02-16T07:34:09.227+0000] {standard_task_runner.py:82} INFO - Running: ['***', 'tasks', 'run', 'first_dag_v3.3', 'task_2', 'scheduled__2023-02-15T00:00:00+00:00', '--job-id', '139', '--raw', '--subdir', 'DAGS_FOLDER/dag-1.py', '--cfg-path', '/tmp/tmpdz_zz14s']
[2023-02-16T07:34:09.256+0000] {standard_task_runner.py:83} INFO - Job 139: Subtask task_2
[2023-02-16T07:34:09.469+0000] {task_command.py:388} INFO - Running <TaskInstance: first_dag_v3.3.task_2 scheduled__2023-02-15T00:00:00+00:00 [running]> on host 20eb5e5814e6
[2023-02-16T07:34:09.758+0000] {taskinstance.py:1509} INFO - Exporting the following env vars:
AIRFLOW_CTX_DAG_OWNER=tlysenko
AIRFLOW_CTX_DAG_ID=first_dag_v3.3
AIRFLOW_CTX_TASK_ID=task_2
AIRFLOW_CTX_EXECUTION_DATE=2023-02-15T00:00:00+00:00
AIRFLOW_CTX_TRY_NUMBER=1
AIRFLOW_CTX_DAG_RUN_ID=scheduled__2023-02-15T00:00:00+00:00
[2023-02-16T07:34:09.761+0000] {subprocess.py:63} INFO - Tmp dir root location: 
 /tmp
[2023-02-16T07:34:09.786+0000] {subprocess.py:75} INFO - Running command: ['/bin/bash', '-c', 'echo "It is the second task that follows task_1"']
[2023-02-16T07:34:09.827+0000] {subprocess.py:86} INFO - Output:
[2023-02-16T07:34:09.833+0000] {subprocess.py:93} INFO - It is the second task that follows task_1
[2023-02-16T07:34:09.837+0000] {subprocess.py:97} INFO - Command exited with return code 0
[2023-02-16T07:34:09.932+0000] {taskinstance.py:1323} INFO - Marking task as SUCCESS. dag_id=first_dag_v3.3, task_id=task_2, execution_date=20230215T000000, start_date=20230216T073409, end_date=20230216T073409
[2023-02-16T07:34:10.007+0000] {local_task_job.py:208} INFO - Task exited with return code 0
[2023-02-16T07:34:10.058+0000] {taskinstance.py:2578} INFO - 0 downstream tasks scheduled from follow-on schedule check
