[2023-02-14T09:46:54.302+0000] {taskinstance.py:1083} INFO - Dependencies all met for <TaskInstance: python_operator_dag_v1.7.get_age manual__2023-02-14T09:46:53.252799+00:00 [queued]>
[2023-02-14T09:46:54.316+0000] {taskinstance.py:1083} INFO - Dependencies all met for <TaskInstance: python_operator_dag_v1.7.get_age manual__2023-02-14T09:46:53.252799+00:00 [queued]>
[2023-02-14T09:46:54.317+0000] {taskinstance.py:1279} INFO - 
--------------------------------------------------------------------------------
[2023-02-14T09:46:54.317+0000] {taskinstance.py:1280} INFO - Starting attempt 1 of 6
[2023-02-14T09:46:54.318+0000] {taskinstance.py:1281} INFO - 
--------------------------------------------------------------------------------
[2023-02-14T09:46:54.327+0000] {taskinstance.py:1300} INFO - Executing <Task(PythonOperator): get_age> on 2023-02-14 09:46:53.252799+00:00
[2023-02-14T09:46:54.334+0000] {standard_task_runner.py:55} INFO - Started process 28909 to run task
[2023-02-14T09:46:54.339+0000] {standard_task_runner.py:82} INFO - Running: ['***', 'tasks', 'run', 'python_operator_dag_v1.7', 'get_age', 'manual__2023-02-14T09:46:53.252799+00:00', '--job-id', '21', '--raw', '--subdir', 'DAGS_FOLDER/dag-python-operator.py', '--cfg-path', '/tmp/tmpqt6w0m9a']
[2023-02-14T09:46:54.342+0000] {standard_task_runner.py:83} INFO - Job 21: Subtask get_age
[2023-02-14T09:46:54.415+0000] {task_command.py:388} INFO - Running <TaskInstance: python_operator_dag_v1.7.get_age manual__2023-02-14T09:46:53.252799+00:00 [running]> on host 38744fc0668d
[2023-02-14T09:46:54.478+0000] {taskinstance.py:1509} INFO - Exporting the following env vars:
AIRFLOW_CTX_DAG_OWNER=tlysenko
AIRFLOW_CTX_DAG_ID=python_operator_dag_v1.7
AIRFLOW_CTX_TASK_ID=get_age
AIRFLOW_CTX_EXECUTION_DATE=2023-02-14T09:46:53.252799+00:00
AIRFLOW_CTX_TRY_NUMBER=1
AIRFLOW_CTX_DAG_RUN_ID=manual__2023-02-14T09:46:53.252799+00:00
[2023-02-14T09:46:54.507+0000] {python.py:177} INFO - Done. Returned value was: None
[2023-02-14T09:46:54.519+0000] {taskinstance.py:1323} INFO - Marking task as SUCCESS. dag_id=python_operator_dag_v1.7, task_id=get_age, execution_date=20230214T094653, start_date=20230214T094654, end_date=20230214T094654
[2023-02-14T09:46:54.552+0000] {local_task_job.py:208} INFO - Task exited with return code 0
[2023-02-14T09:46:54.569+0000] {taskinstance.py:2578} INFO - 1 downstream tasks scheduled from follow-on schedule check
