[2023-02-15T15:02:52.355+0000] {taskinstance.py:1083} INFO - Dependencies all met for <TaskInstance: dag_example_branching_v01.branch_task manual__2023-02-15T15:02:50.638393+00:00 [queued]>
[2023-02-15T15:02:52.363+0000] {taskinstance.py:1083} INFO - Dependencies all met for <TaskInstance: dag_example_branching_v01.branch_task manual__2023-02-15T15:02:50.638393+00:00 [queued]>
[2023-02-15T15:02:52.364+0000] {taskinstance.py:1279} INFO - 
--------------------------------------------------------------------------------
[2023-02-15T15:02:52.365+0000] {taskinstance.py:1280} INFO - Starting attempt 1 of 1
[2023-02-15T15:02:52.365+0000] {taskinstance.py:1281} INFO - 
--------------------------------------------------------------------------------
[2023-02-15T15:02:52.375+0000] {taskinstance.py:1300} INFO - Executing <Task(BranchPythonOperator): branch_task> on 2023-02-15 15:02:50.638393+00:00
[2023-02-15T15:02:52.382+0000] {standard_task_runner.py:55} INFO - Started process 22866 to run task
[2023-02-15T15:02:52.388+0000] {standard_task_runner.py:82} INFO - Running: ['***', 'tasks', 'run', 'dag_example_branching_v01', 'branch_task', 'manual__2023-02-15T15:02:50.638393+00:00', '--job-id', '124', '--raw', '--subdir', 'DAGS_FOLDER/dag_branching.py', '--cfg-path', '/tmp/tmp_ixy61dk']
[2023-02-15T15:02:52.391+0000] {standard_task_runner.py:83} INFO - Job 124: Subtask branch_task
[2023-02-15T15:02:52.452+0000] {task_command.py:388} INFO - Running <TaskInstance: dag_example_branching_v01.branch_task manual__2023-02-15T15:02:50.638393+00:00 [running]> on host 20eb5e5814e6
[2023-02-15T15:02:52.595+0000] {taskinstance.py:1509} INFO - Exporting the following env vars:
AIRFLOW_CTX_DAG_OWNER=***
AIRFLOW_CTX_DAG_ID=dag_example_branching_v01
AIRFLOW_CTX_TASK_ID=branch_task
AIRFLOW_CTX_EXECUTION_DATE=2023-02-15T15:02:50.638393+00:00
AIRFLOW_CTX_TRY_NUMBER=1
AIRFLOW_CTX_DAG_RUN_ID=manual__2023-02-15T15:02:50.638393+00:00
[2023-02-15T15:02:52.609+0000] {python.py:177} INFO - Done. Returned value was: path_b
[2023-02-15T15:02:52.611+0000] {python.py:211} INFO - Branch callable return path_b
[2023-02-15T15:02:52.613+0000] {skipmixin.py:155} INFO - Following branch path_b
[2023-02-15T15:02:52.624+0000] {taskinstance.py:1768} ERROR - Task failed with exception
Traceback (most recent call last):
  File "/home/airflow/.local/lib/python3.7/site-packages/airflow/operators/python.py", line 212, in execute
    self.skip_all_except(context["ti"], branch)
  File "/home/airflow/.local/lib/python3.7/site-packages/airflow/models/skipmixin.py", line 186, in skip_all_except
    "'branch_task_ids' must contain only valid task_ids. "
airflow.exceptions.AirflowException: 'branch_task_ids' must contain only valid task_ids. Invalid tasks found: {'path_b'}.
[2023-02-15T15:02:52.637+0000] {taskinstance.py:1323} INFO - Marking task as FAILED. dag_id=dag_example_branching_v01, task_id=branch_task, execution_date=20230215T150250, start_date=20230215T150252, end_date=20230215T150252
[2023-02-15T15:02:52.652+0000] {standard_task_runner.py:105} ERROR - Failed to execute job 124 for task branch_task ('branch_task_ids' must contain only valid task_ids. Invalid tasks found: {'path_b'}.; 22866)
[2023-02-15T15:02:52.685+0000] {local_task_job.py:208} INFO - Task exited with return code 1
[2023-02-15T15:02:52.736+0000] {taskinstance.py:2578} INFO - 0 downstream tasks scheduled from follow-on schedule check
