[2023-02-23T14:26:25.603+0000] {taskinstance.py:1083} INFO - Dependencies all met for <TaskInstance: listing_4_03.print_context manual__2023-02-23T14:26:24.968140+00:00 [queued]>
[2023-02-23T14:26:25.615+0000] {taskinstance.py:1083} INFO - Dependencies all met for <TaskInstance: listing_4_03.print_context manual__2023-02-23T14:26:24.968140+00:00 [queued]>
[2023-02-23T14:26:25.617+0000] {taskinstance.py:1279} INFO - 
--------------------------------------------------------------------------------
[2023-02-23T14:26:25.618+0000] {taskinstance.py:1280} INFO - Starting attempt 1 of 1
[2023-02-23T14:26:25.619+0000] {taskinstance.py:1281} INFO - 
--------------------------------------------------------------------------------
[2023-02-23T14:26:25.636+0000] {taskinstance.py:1300} INFO - Executing <Task(PythonOperator): print_context> on 2023-02-23 14:26:24.968140+00:00
[2023-02-23T14:26:25.647+0000] {standard_task_runner.py:55} INFO - Started process 72227 to run task
[2023-02-23T14:26:25.652+0000] {standard_task_runner.py:82} INFO - Running: ['***', 'tasks', 'run', 'listing_4_03', 'print_context', 'manual__2023-02-23T14:26:24.968140+00:00', '--job-id', '236', '--raw', '--subdir', 'DAGS_FOLDER/dag_kwargs.py', '--cfg-path', '/tmp/tmphqkqywfu']
[2023-02-23T14:26:25.656+0000] {standard_task_runner.py:83} INFO - Job 236: Subtask print_context
[2023-02-23T14:26:25.735+0000] {task_command.py:388} INFO - Running <TaskInstance: listing_4_03.print_context manual__2023-02-23T14:26:24.968140+00:00 [running]> on host e29b8426fc8e
[2023-02-23T14:26:25.790+0000] {taskinstance.py:1509} INFO - Exporting the following env vars:
AIRFLOW_CTX_DAG_OWNER=***
AIRFLOW_CTX_DAG_ID=listing_4_03
AIRFLOW_CTX_TASK_ID=print_context
AIRFLOW_CTX_EXECUTION_DATE=2023-02-23T14:26:24.968140+00:00
AIRFLOW_CTX_TRY_NUMBER=1
AIRFLOW_CTX_DAG_RUN_ID=manual__2023-02-23T14:26:24.968140+00:00
[2023-02-23T14:26:25.791+0000] {logging_mixin.py:137} INFO - {'conf': <***.configuration.AirflowConfigParser object at 0xffff9abbf990>, 'dag': <DAG: listing_4_03>, 'dag_run': <DagRun listing_4_03 @ 2023-02-23 14:26:24.968140+00:00: manual__2023-02-23T14:26:24.968140+00:00, state:running, queued_at: 2023-02-23 14:26:25.005061+00:00. externally triggered: True>, 'data_interval_end': DateTime(2023, 2, 23, 0, 0, 0, tzinfo=Timezone('UTC')), 'data_interval_start': DateTime(2023, 2, 22, 0, 0, 0, tzinfo=Timezone('UTC')), 'ds': '2023-02-23', 'ds_nodash': '20230223', 'execution_date': <Proxy at 0xffff86e6b140 with factory functools.partial(<function lazy_mapping_from_context.<locals>._deprecated_proxy_factory at 0xffff86ee89e0>, 'execution_date', DateTime(2023, 2, 23, 14, 26, 24, 968140, tzinfo=Timezone('UTC')))>, 'expanded_ti_count': None, 'inlets': [], 'logical_date': DateTime(2023, 2, 23, 14, 26, 24, 968140, tzinfo=Timezone('UTC')), 'macros': <module '***.macros' from '/home/***/.local/lib/python3.7/site-packages/***/macros/__init__.py'>, 'next_ds': <Proxy at 0xffff86e6b0f0 with factory functools.partial(<function lazy_mapping_from_context.<locals>._deprecated_proxy_factory at 0xffff86ee89e0>, 'next_ds', '2023-02-23')>, 'next_ds_nodash': <Proxy at 0xffff86e6b0a0 with factory functools.partial(<function lazy_mapping_from_context.<locals>._deprecated_proxy_factory at 0xffff86ee89e0>, 'next_ds_nodash', '20230223')>, 'next_execution_date': <Proxy at 0xffff86e6b050 with factory functools.partial(<function lazy_mapping_from_context.<locals>._deprecated_proxy_factory at 0xffff86ee89e0>, 'next_execution_date', DateTime(2023, 2, 23, 14, 26, 24, 968140, tzinfo=Timezone('UTC')))>, 'outlets': [], 'params': {}, 'prev_data_interval_start_success': DateTime(2023, 2, 22, 0, 0, 0, tzinfo=Timezone('UTC')), 'prev_data_interval_end_success': DateTime(2023, 2, 23, 0, 0, 0, tzinfo=Timezone('UTC')), 'prev_ds': <Proxy at 0xffff86e6b550 with factory functools.partial(<function lazy_mapping_from_context.<locals>._deprecated_proxy_factory at 0xffff86ee89e0>, 'prev_ds', '2023-02-23')>, 'prev_ds_nodash': <Proxy at 0xffff86e6b230 with factory functools.partial(<function lazy_mapping_from_context.<locals>._deprecated_proxy_factory at 0xffff86ee89e0>, 'prev_ds_nodash', '20230223')>, 'prev_execution_date': <Proxy at 0xffff86e6b320 with factory functools.partial(<function lazy_mapping_from_context.<locals>._deprecated_proxy_factory at 0xffff86ee89e0>, 'prev_execution_date', DateTime(2023, 2, 23, 14, 26, 24, 968140, tzinfo=Timezone('UTC')))>, 'prev_execution_date_success': <Proxy at 0xffff86e6b2d0 with factory functools.partial(<function lazy_mapping_from_context.<locals>._deprecated_proxy_factory at 0xffff86ee89e0>, 'prev_execution_date_success', DateTime(2023, 2, 23, 14, 19, 31, 667294, tzinfo=Timezone('UTC')))>, 'prev_start_date_success': DateTime(2023, 2, 23, 14, 19, 32, 111706, tzinfo=Timezone('UTC')), 'run_id': 'manual__2023-02-23T14:26:24.968140+00:00', 'task': <Task(PythonOperator): print_context>, 'task_instance': <TaskInstance: listing_4_03.print_context manual__2023-02-23T14:26:24.968140+00:00 [running]>, 'task_instance_key_str': 'listing_4_03__print_context__20230223', 'test_mode': False, 'ti': <TaskInstance: listing_4_03.print_context manual__2023-02-23T14:26:24.968140+00:00 [running]>, 'tomorrow_ds': <Proxy at 0xffff86e6b280 with factory functools.partial(<function lazy_mapping_from_context.<locals>._deprecated_proxy_factory at 0xffff86ee89e0>, 'tomorrow_ds', '2023-02-24')>, 'tomorrow_ds_nodash': <Proxy at 0xffff86e6b370 with factory functools.partial(<function lazy_mapping_from_context.<locals>._deprecated_proxy_factory at 0xffff86ee89e0>, 'tomorrow_ds_nodash', '20230224')>, 'triggering_dataset_events': <Proxy at 0xffff86f01c80 with factory <function TaskInstance.get_template_context.<locals>.get_triggering_events at 0xffff86f65170>>, 'ts': '2023-02-23T14:26:24.968140+00:00', 'ts_nodash': '20230223T142624', 'ts_nodash_with_tz': '20230223T142624.968140+0000', 'var': {'json': None, 'value': None}, 'conn': None, 'yesterday_ds': <Proxy at 0xffff86e6b500 with factory functools.partial(<function lazy_mapping_from_context.<locals>._deprecated_proxy_factory at 0xffff86ee89e0>, 'yesterday_ds', '2023-02-22')>, 'yesterday_ds_nodash': <Proxy at 0xffff86e6b460 with factory functools.partial(<function lazy_mapping_from_context.<locals>._deprecated_proxy_factory at 0xffff86ee89e0>, 'yesterday_ds_nodash', '20230222')>, 'templates_dict': None}
[2023-02-23T14:26:25.795+0000] {logging_mixin.py:137} WARNING - /home/***/.local/lib/python3.7/site-packages/***/utils/context.py:313 AirflowContextDeprecationWarning: Accessing 'execution_date' from the template is deprecated and will be removed in a future version. Please use 'data_interval_start' or 'logical_date' instead.
[2023-02-23T14:26:25.796+0000] {logging_mixin.py:137} WARNING - /home/***/.local/lib/python3.7/site-packages/***/utils/context.py:313 AirflowContextDeprecationWarning: Accessing 'next_ds' from the template is deprecated and will be removed in a future version. Please use '{{ data_interval_end | ds }}' instead.
[2023-02-23T14:26:25.796+0000] {secrets_masker.py:230} WARNING - Unable to redact <Proxy at 0xffff86e6b0f0 wrapping '2023-02-23' at 0xffff86f5a030 with factory functools.partial(<function lazy_mapping_from_context.<locals>._deprecated_proxy_factory at 0xffff86ee89e0>, 'next_ds', '2023-02-23')>, please report this via <https://github.com/apache/***/issues>. Error was: TypeError: expected string or bytes-like object
[2023-02-23T14:26:25.797+0000] {logging_mixin.py:137} WARNING - /home/***/.local/lib/python3.7/site-packages/***/utils/context.py:313 AirflowContextDeprecationWarning: Accessing 'next_ds_nodash' from the template is deprecated and will be removed in a future version. Please use '{{ data_interval_end | ds_nodash }}' instead.
[2023-02-23T14:26:25.798+0000] {secrets_masker.py:230} WARNING - Unable to redact <Proxy at 0xffff86e6b0a0 wrapping '20230223' at 0xffff86f5e7f0 with factory functools.partial(<function lazy_mapping_from_context.<locals>._deprecated_proxy_factory at 0xffff86ee89e0>, 'next_ds_nodash', '20230223')>, please report this via <https://github.com/apache/***/issues>. Error was: TypeError: expected string or bytes-like object
[2023-02-23T14:26:25.798+0000] {logging_mixin.py:137} WARNING - /home/***/.local/lib/python3.7/site-packages/***/utils/context.py:313 AirflowContextDeprecationWarning: Accessing 'next_execution_date' from the template is deprecated and will be removed in a future version. Please use 'data_interval_end' instead.
[2023-02-23T14:26:25.799+0000] {logging_mixin.py:137} WARNING - /home/***/.local/lib/python3.7/site-packages/***/utils/context.py:313 AirflowContextDeprecationWarning: Accessing 'prev_ds' from the template is deprecated and will be removed in a future version.
[2023-02-23T14:26:25.800+0000] {secrets_masker.py:230} WARNING - Unable to redact <Proxy at 0xffff86e6b550 wrapping '2023-02-23' at 0xffff86f5a070 with factory functools.partial(<function lazy_mapping_from_context.<locals>._deprecated_proxy_factory at 0xffff86ee89e0>, 'prev_ds', '2023-02-23')>, please report this via <https://github.com/apache/***/issues>. Error was: TypeError: expected string or bytes-like object
[2023-02-23T14:26:25.800+0000] {logging_mixin.py:137} WARNING - /home/***/.local/lib/python3.7/site-packages/***/utils/context.py:313 AirflowContextDeprecationWarning: Accessing 'prev_ds_nodash' from the template is deprecated and will be removed in a future version.
[2023-02-23T14:26:25.801+0000] {secrets_masker.py:230} WARNING - Unable to redact <Proxy at 0xffff86e6b230 wrapping '20230223' at 0xffff86f5e770 with factory functools.partial(<function lazy_mapping_from_context.<locals>._deprecated_proxy_factory at 0xffff86ee89e0>, 'prev_ds_nodash', '20230223')>, please report this via <https://github.com/apache/***/issues>. Error was: TypeError: expected string or bytes-like object
[2023-02-23T14:26:25.801+0000] {logging_mixin.py:137} WARNING - /home/***/.local/lib/python3.7/site-packages/***/utils/context.py:313 AirflowContextDeprecationWarning: Accessing 'prev_execution_date' from the template is deprecated and will be removed in a future version.
[2023-02-23T14:26:25.802+0000] {logging_mixin.py:137} WARNING - /home/***/.local/lib/python3.7/site-packages/***/utils/context.py:313 AirflowContextDeprecationWarning: Accessing 'prev_execution_date_success' from the template is deprecated and will be removed in a future version. Please use 'prev_data_interval_start_success' instead.
[2023-02-23T14:26:25.803+0000] {logging_mixin.py:137} WARNING - /home/***/.local/lib/python3.7/site-packages/***/utils/context.py:313 AirflowContextDeprecationWarning: Accessing 'tomorrow_ds' from the template is deprecated and will be removed in a future version.
[2023-02-23T14:26:25.803+0000] {secrets_masker.py:230} WARNING - Unable to redact <Proxy at 0xffff86e6b280 wrapping '2023-02-24' at 0xffff86f5a870 with factory functools.partial(<function lazy_mapping_from_context.<locals>._deprecated_proxy_factory at 0xffff86ee89e0>, 'tomorrow_ds', '2023-02-24')>, please report this via <https://github.com/apache/***/issues>. Error was: TypeError: expected string or bytes-like object
[2023-02-23T14:26:25.804+0000] {logging_mixin.py:137} WARNING - /home/***/.local/lib/python3.7/site-packages/***/utils/context.py:313 AirflowContextDeprecationWarning: Accessing 'tomorrow_ds_nodash' from the template is deprecated and will be removed in a future version.
[2023-02-23T14:26:25.804+0000] {secrets_masker.py:230} WARNING - Unable to redact <Proxy at 0xffff86e6b370 wrapping '20230224' at 0xffff86f5a1b0 with factory functools.partial(<function lazy_mapping_from_context.<locals>._deprecated_proxy_factory at 0xffff86ee89e0>, 'tomorrow_ds_nodash', '20230224')>, please report this via <https://github.com/apache/***/issues>. Error was: TypeError: expected string or bytes-like object
[2023-02-23T14:26:25.813+0000] {logging_mixin.py:137} WARNING - /home/***/.local/lib/python3.7/site-packages/***/utils/context.py:313 AirflowContextDeprecationWarning: Accessing 'yesterday_ds' from the template is deprecated and will be removed in a future version.
[2023-02-23T14:26:25.814+0000] {secrets_masker.py:230} WARNING - Unable to redact <Proxy at 0xffff86e6b500 wrapping '2023-02-22' at 0xffff86ef30f0 with factory functools.partial(<function lazy_mapping_from_context.<locals>._deprecated_proxy_factory at 0xffff86ee89e0>, 'yesterday_ds', '2023-02-22')>, please report this via <https://github.com/apache/***/issues>. Error was: TypeError: expected string or bytes-like object
[2023-02-23T14:26:25.815+0000] {logging_mixin.py:137} WARNING - /home/***/.local/lib/python3.7/site-packages/***/utils/context.py:313 AirflowContextDeprecationWarning: Accessing 'yesterday_ds_nodash' from the template is deprecated and will be removed in a future version.
[2023-02-23T14:26:25.816+0000] {secrets_masker.py:230} WARNING - Unable to redact <Proxy at 0xffff86e6b460 wrapping '20230222' at 0xffff86f5a130 with factory functools.partial(<function lazy_mapping_from_context.<locals>._deprecated_proxy_factory at 0xffff86ee89e0>, 'yesterday_ds_nodash', '20230222')>, please report this via <https://github.com/apache/***/issues>. Error was: TypeError: expected string or bytes-like object
[2023-02-23T14:26:25.792+0000] {python.py:177} INFO - Done. Returned value was: {'conf': <airflow.configuration.AirflowConfigParser object at 0xffff9abbf990>, 'dag': <DAG: listing_4_03>, 'dag_run': <DagRun listing_4_03 @ 2023-02-23 14:26:24.968140+00:00: manual__2023-02-23T14:26:24.968140+00:00, state:running, queued_at: 2023-02-23 14:26:25.005061+00:00. externally triggered: True>, 'data_interval_end': DateTime(2023, 2, 23, 0, 0, 0, tzinfo=Timezone('UTC')), 'data_interval_start': DateTime(2023, 2, 22, 0, 0, 0, tzinfo=Timezone('UTC')), 'ds': '2023-02-23', 'ds_nodash': '20230223', 'execution_date': <Proxy at 0xffff86e6b140 wrapping DateTime(2023, 2, 23, 14, 26, 24, 968140, tzinfo=Timezone('UTC')) at 0xffff86f4ae90 with factory functools.partial(<function lazy_mapping_from_context.<locals>._deprecated_proxy_factory at 0xffff86ee89e0>, 'execution_date', DateTime(2023, 2, 23, 14, 26, 24, 968140, tzinfo=Timezone('UTC')))>, 'expanded_ti_count': None, 'inlets': [], 'logical_date': DateTime(2023, 2, 23, 14, 26, 24, 968140, tzinfo=Timezone('UTC')), 'macros': <module 'airflow.macros' from '/home/airflow/.local/lib/python3.7/site-packages/airflow/macros/__init__.py'>, 'next_ds': <Proxy at 0xffff86e6b0f0 wrapping '2023-02-23' at 0xffff86f5a030 with factory functools.partial(<function lazy_mapping_from_context.<locals>._deprecated_proxy_factory at 0xffff86ee89e0>, 'next_ds', '2023-02-23')>, 'next_ds_nodash': <Proxy at 0xffff86e6b0a0 wrapping '20230223' at 0xffff86f5e7f0 with factory functools.partial(<function lazy_mapping_from_context.<locals>._deprecated_proxy_factory at 0xffff86ee89e0>, 'next_ds_nodash', '20230223')>, 'next_execution_date': <Proxy at 0xffff86e6b050 wrapping DateTime(2023, 2, 23, 14, 26, 24, 968140, tzinfo=Timezone('UTC')) at 0xffff86f4ae90 with factory functools.partial(<function lazy_mapping_from_context.<locals>._deprecated_proxy_factory at 0xffff86ee89e0>, 'next_execution_date', DateTime(2023, 2, 23, 14, 26, 24, 968140, tzinfo=Timezone('UTC')))>, 'outlets': [], 'params': {}, 'prev_data_interval_start_success': DateTime(2023, 2, 22, 0, 0, 0, tzinfo=Timezone('UTC')), 'prev_data_interval_end_success': DateTime(2023, 2, 23, 0, 0, 0, tzinfo=Timezone('UTC')), 'prev_ds': <Proxy at 0xffff86e6b550 wrapping '2023-02-23' at 0xffff86f5a070 with factory functools.partial(<function lazy_mapping_from_context.<locals>._deprecated_proxy_factory at 0xffff86ee89e0>, 'prev_ds', '2023-02-23')>, 'prev_ds_nodash': <Proxy at 0xffff86e6b230 wrapping '20230223' at 0xffff86f5e770 with factory functools.partial(<function lazy_mapping_from_context.<locals>._deprecated_proxy_factory at 0xffff86ee89e0>, 'prev_ds_nodash', '20230223')>, 'prev_execution_date': <Proxy at 0xffff86e6b320 wrapping DateTime(2023, 2, 23, 14, 26, 24, 968140, tzinfo=Timezone('UTC')) at 0xffff86f4ae90 with factory functools.partial(<function lazy_mapping_from_context.<locals>._deprecated_proxy_factory at 0xffff86ee89e0>, 'prev_execution_date', DateTime(2023, 2, 23, 14, 26, 24, 968140, tzinfo=Timezone('UTC')))>, 'prev_execution_date_success': <Proxy at 0xffff86e6b2d0 wrapping DateTime(2023, 2, 23, 14, 19, 31, 667294, tzinfo=Timezone('UTC')) at 0xffff86efea10 with factory functools.partial(<function lazy_mapping_from_context.<locals>._deprecated_proxy_factory at 0xffff86ee89e0>, 'prev_execution_date_success', DateTime(2023, 2, 23, 14, 19, 31, 667294, tzinfo=Timezone('UTC')))>, 'prev_start_date_success': DateTime(2023, 2, 23, 14, 19, 32, 111706, tzinfo=Timezone('UTC')), 'run_id': 'manual__2023-02-23T14:26:24.968140+00:00', 'task': <Task(PythonOperator): print_context>, 'task_instance': <TaskInstance: listing_4_03.print_context manual__2023-02-23T14:26:24.968140+00:00 [running]>, 'task_instance_key_str': 'listing_4_03__print_context__20230223', 'test_mode': False, 'ti': <TaskInstance: listing_4_03.print_context manual__2023-02-23T14:26:24.968140+00:00 [running]>, 'tomorrow_ds': <Proxy at 0xffff86e6b280 wrapping '2023-02-24' at 0xffff86f5a870 with factory functools.partial(<function lazy_mapping_from_context.<locals>._deprecated_proxy_factory at 0xffff86ee89e0>, 'tomorrow_ds', '2023-02-24')>, 'tomorrow_ds_nodash': <Proxy at 0xffff86e6b370 wrapping '20230224' at 0xffff86f5a1b0 with factory functools.partial(<function lazy_mapping_from_context.<locals>._deprecated_proxy_factory at 0xffff86ee89e0>, 'tomorrow_ds_nodash', '20230224')>, 'triggering_dataset_events': {}, 'ts': '2023-02-23T14:26:24.968140+00:00', 'ts_nodash': '20230223T142624', 'ts_nodash_with_tz': '20230223T142624.968140+0000', 'var': {'json': None, 'value': None}, 'conn': None, 'yesterday_ds': <Proxy at 0xffff86e6b500 wrapping '2023-02-22' at 0xffff86ef30f0 with factory functools.partial(<function lazy_mapping_from_context.<locals>._deprecated_proxy_factory at 0xffff86ee89e0>, 'yesterday_ds', '2023-02-22')>, 'yesterday_ds_nodash': <Proxy at 0xffff86e6b460 wrapping '20230222' at 0xffff86f5a130 with factory functools.partial(<function lazy_mapping_from_context.<locals>._deprecated_proxy_factory at 0xffff86ee89e0>, 'yesterday_ds_nodash', '20230222')>, 'templates_dict': None}
[2023-02-23T14:26:25.819+0000] {xcom.py:635} ERROR - Object of type AirflowConfigParser is not JSON serializable. If you are using pickle instead of JSON for XCom, then you need to enable pickle support for XCom in your *** config or make sure to decorate your object with attr.
[2023-02-23T14:26:25.820+0000] {taskinstance.py:1768} ERROR - Task failed with exception
Traceback (most recent call last):
  File "/home/airflow/.local/lib/python3.7/site-packages/airflow/utils/session.py", line 72, in wrapper
    return func(*args, **kwargs)
  File "/home/airflow/.local/lib/python3.7/site-packages/airflow/models/taskinstance.py", line 2297, in xcom_push
    session=session,
  File "/home/airflow/.local/lib/python3.7/site-packages/airflow/utils/session.py", line 72, in wrapper
    return func(*args, **kwargs)
  File "/home/airflow/.local/lib/python3.7/site-packages/airflow/models/xcom.py", line 240, in set
    map_index=map_index,
  File "/home/airflow/.local/lib/python3.7/site-packages/airflow/models/xcom.py", line 627, in serialize_value
    return json.dumps(value, cls=XComEncoder).encode("UTF-8")
  File "/usr/local/lib/python3.7/json/__init__.py", line 238, in dumps
    **kw).encode(obj)
  File "/home/airflow/.local/lib/python3.7/site-packages/airflow/utils/json.py", line 176, in encode
    return super().encode(o)
  File "/usr/local/lib/python3.7/json/encoder.py", line 199, in encode
    chunks = self.iterencode(o, _one_shot=True)
  File "/usr/local/lib/python3.7/json/encoder.py", line 257, in iterencode
    return _iterencode(o, 0)
  File "/home/airflow/.local/lib/python3.7/site-packages/airflow/utils/json.py", line 170, in default
    return super().default(o)
  File "/usr/local/lib/python3.7/json/encoder.py", line 179, in default
    raise TypeError(f'Object of type {o.__class__.__name__} '
TypeError: Object of type AirflowConfigParser is not JSON serializable
[2023-02-23T14:26:25.830+0000] {taskinstance.py:1323} INFO - Marking task as FAILED. dag_id=listing_4_03, task_id=print_context, execution_date=20230223T142624, start_date=20230223T142625, end_date=20230223T142625
[2023-02-23T14:26:25.837+0000] {standard_task_runner.py:105} ERROR - Failed to execute job 236 for task print_context (Object of type AirflowConfigParser is not JSON serializable; 72227)
[2023-02-23T14:26:25.868+0000] {local_task_job.py:208} INFO - Task exited with return code 1
[2023-02-23T14:26:25.889+0000] {taskinstance.py:2578} INFO - 0 downstream tasks scheduled from follow-on schedule check
