[2023-02-14T11:32:20.335+0000] {taskinstance.py:1083} INFO - Dependencies all met for <TaskInstance: dag_with_catchup_backfill_v011.task1 scheduled__2023-02-13T00:00:00+00:00 [queued]>
[2023-02-14T11:32:20.347+0000] {taskinstance.py:1083} INFO - Dependencies all met for <TaskInstance: dag_with_catchup_backfill_v011.task1 scheduled__2023-02-13T00:00:00+00:00 [queued]>
[2023-02-14T11:32:20.347+0000] {taskinstance.py:1279} INFO - 
--------------------------------------------------------------------------------
[2023-02-14T11:32:20.348+0000] {taskinstance.py:1280} INFO - Starting attempt 1 of 6
[2023-02-14T11:32:20.352+0000] {taskinstance.py:1281} INFO - 
--------------------------------------------------------------------------------
[2023-02-14T11:32:20.385+0000] {taskinstance.py:1300} INFO - Executing <Task(BashOperator): task1> on 2023-02-13 00:00:00+00:00
[2023-02-14T11:32:20.408+0000] {standard_task_runner.py:55} INFO - Started process 38386 to run task
[2023-02-14T11:32:20.420+0000] {standard_task_runner.py:82} INFO - Running: ['***', 'tasks', 'run', 'dag_with_catchup_backfill_v011', 'task1', 'scheduled__2023-02-13T00:00:00+00:00', '--job-id', '40', '--raw', '--subdir', 'DAGS_FOLDER/catchup_and_backfill.py', '--cfg-path', '/tmp/tmpqrcipzk9']
[2023-02-14T11:32:20.424+0000] {standard_task_runner.py:83} INFO - Job 40: Subtask task1
[2023-02-14T11:32:20.673+0000] {task_command.py:388} INFO - Running <TaskInstance: dag_with_catchup_backfill_v011.task1 scheduled__2023-02-13T00:00:00+00:00 [running]> on host 38744fc0668d
[2023-02-14T11:32:21.006+0000] {taskinstance.py:1509} INFO - Exporting the following env vars:
AIRFLOW_CTX_DAG_OWNER=tlysenko
AIRFLOW_CTX_DAG_ID=dag_with_catchup_backfill_v011
AIRFLOW_CTX_TASK_ID=task1
AIRFLOW_CTX_EXECUTION_DATE=2023-02-13T00:00:00+00:00
AIRFLOW_CTX_TRY_NUMBER=1
AIRFLOW_CTX_DAG_RUN_ID=scheduled__2023-02-13T00:00:00+00:00
[2023-02-14T11:32:21.019+0000] {subprocess.py:63} INFO - Tmp dir root location: 
 /tmp
[2023-02-14T11:32:21.027+0000] {subprocess.py:75} INFO - Running command: ['/bin/bash', '-c', 'echo This is a simple bash command!']
[2023-02-14T11:32:21.061+0000] {subprocess.py:86} INFO - Output:
[2023-02-14T11:32:21.065+0000] {subprocess.py:93} INFO - This is a simple bash command!
[2023-02-14T11:32:21.066+0000] {subprocess.py:97} INFO - Command exited with return code 0
[2023-02-14T11:32:21.137+0000] {taskinstance.py:1323} INFO - Marking task as SUCCESS. dag_id=dag_with_catchup_backfill_v011, task_id=task1, execution_date=20230213T000000, start_date=20230214T113220, end_date=20230214T113221
[2023-02-14T11:32:21.219+0000] {local_task_job.py:208} INFO - Task exited with return code 0
[2023-02-14T11:32:21.277+0000] {taskinstance.py:2578} INFO - 0 downstream tasks scheduled from follow-on schedule check
