[2023-02-22T16:39:05.028+0000] {processor.py:153} INFO - Started process (PID=2330) to work on /opt/airflow/dags/dag-bash_operators.py
[2023-02-22T16:39:05.029+0000] {processor.py:743} INFO - Processing file /opt/airflow/dags/dag-bash_operators.py for tasks to queue
[2023-02-22T16:39:05.030+0000] {logging_mixin.py:137} INFO - [2023-02-22T16:39:05.030+0000] {dagbag.py:538} INFO - Filling up the DagBag from /opt/airflow/dags/dag-bash_operators.py
[2023-02-22T16:39:05.052+0000] {processor.py:753} INFO - DAG(s) dict_keys(['first_dag_v3.3']) retrieved from /opt/airflow/dags/dag-bash_operators.py
[2023-02-22T16:39:05.096+0000] {logging_mixin.py:137} INFO - [2023-02-22T16:39:05.096+0000] {dag.py:2690} INFO - Sync 1 DAGs
[2023-02-22T16:39:05.112+0000] {logging_mixin.py:137} INFO - [2023-02-22T16:39:05.112+0000] {dag.py:3441} INFO - Setting next_dagrun for first_dag_v3.3 to 2023-02-16T00:00:00+00:00, run_after=2023-02-17T00:00:00+00:00
[2023-02-22T16:39:05.126+0000] {processor.py:175} INFO - Processing /opt/airflow/dags/dag-bash_operators.py took 0.101 seconds
[2023-02-22T16:39:35.337+0000] {processor.py:153} INFO - Started process (PID=2407) to work on /opt/airflow/dags/dag-bash_operators.py
[2023-02-22T16:39:35.340+0000] {processor.py:743} INFO - Processing file /opt/airflow/dags/dag-bash_operators.py for tasks to queue
[2023-02-22T16:39:35.341+0000] {logging_mixin.py:137} INFO - [2023-02-22T16:39:35.341+0000] {dagbag.py:538} INFO - Filling up the DagBag from /opt/airflow/dags/dag-bash_operators.py
[2023-02-22T16:39:35.373+0000] {processor.py:753} INFO - DAG(s) dict_keys(['first_dag_v3.3']) retrieved from /opt/airflow/dags/dag-bash_operators.py
[2023-02-22T16:39:35.400+0000] {logging_mixin.py:137} INFO - [2023-02-22T16:39:35.400+0000] {dag.py:2690} INFO - Sync 1 DAGs
[2023-02-22T16:39:35.419+0000] {logging_mixin.py:137} INFO - [2023-02-22T16:39:35.419+0000] {dag.py:3441} INFO - Setting next_dagrun for first_dag_v3.3 to 2023-02-16T00:00:00+00:00, run_after=2023-02-17T00:00:00+00:00
[2023-02-22T16:39:35.432+0000] {processor.py:175} INFO - Processing /opt/airflow/dags/dag-bash_operators.py took 0.105 seconds
[2023-02-22T16:40:06.038+0000] {processor.py:153} INFO - Started process (PID=2471) to work on /opt/airflow/dags/dag-bash_operators.py
[2023-02-22T16:40:06.041+0000] {processor.py:743} INFO - Processing file /opt/airflow/dags/dag-bash_operators.py for tasks to queue
[2023-02-22T16:40:06.043+0000] {logging_mixin.py:137} INFO - [2023-02-22T16:40:06.043+0000] {dagbag.py:538} INFO - Filling up the DagBag from /opt/airflow/dags/dag-bash_operators.py
[2023-02-22T16:40:06.073+0000] {processor.py:753} INFO - DAG(s) dict_keys(['first_dag_v3.3']) retrieved from /opt/airflow/dags/dag-bash_operators.py
[2023-02-22T16:40:06.120+0000] {logging_mixin.py:137} INFO - [2023-02-22T16:40:06.120+0000] {dag.py:2690} INFO - Sync 1 DAGs
[2023-02-22T16:40:06.144+0000] {logging_mixin.py:137} INFO - [2023-02-22T16:40:06.144+0000] {dag.py:3441} INFO - Setting next_dagrun for first_dag_v3.3 to 2023-02-16T00:00:00+00:00, run_after=2023-02-17T00:00:00+00:00
[2023-02-22T16:40:06.157+0000] {processor.py:175} INFO - Processing /opt/airflow/dags/dag-bash_operators.py took 0.129 seconds
[2023-02-22T16:40:36.633+0000] {processor.py:153} INFO - Started process (PID=2548) to work on /opt/airflow/dags/dag-bash_operators.py
[2023-02-22T16:40:36.635+0000] {processor.py:743} INFO - Processing file /opt/airflow/dags/dag-bash_operators.py for tasks to queue
[2023-02-22T16:40:36.636+0000] {logging_mixin.py:137} INFO - [2023-02-22T16:40:36.636+0000] {dagbag.py:538} INFO - Filling up the DagBag from /opt/airflow/dags/dag-bash_operators.py
[2023-02-22T16:40:36.657+0000] {processor.py:753} INFO - DAG(s) dict_keys(['first_dag_v3.3']) retrieved from /opt/airflow/dags/dag-bash_operators.py
[2023-02-22T16:40:36.678+0000] {logging_mixin.py:137} INFO - [2023-02-22T16:40:36.678+0000] {dag.py:2690} INFO - Sync 1 DAGs
[2023-02-22T16:40:36.695+0000] {logging_mixin.py:137} INFO - [2023-02-22T16:40:36.695+0000] {dag.py:3441} INFO - Setting next_dagrun for first_dag_v3.3 to 2023-02-16T00:00:00+00:00, run_after=2023-02-17T00:00:00+00:00
[2023-02-22T16:40:36.706+0000] {processor.py:175} INFO - Processing /opt/airflow/dags/dag-bash_operators.py took 0.079 seconds
[2023-02-22T16:41:07.133+0000] {processor.py:153} INFO - Started process (PID=2627) to work on /opt/airflow/dags/dag-bash_operators.py
[2023-02-22T16:41:07.134+0000] {processor.py:743} INFO - Processing file /opt/airflow/dags/dag-bash_operators.py for tasks to queue
[2023-02-22T16:41:07.135+0000] {logging_mixin.py:137} INFO - [2023-02-22T16:41:07.135+0000] {dagbag.py:538} INFO - Filling up the DagBag from /opt/airflow/dags/dag-bash_operators.py
[2023-02-22T16:41:07.157+0000] {processor.py:753} INFO - DAG(s) dict_keys(['first_dag_v3.3']) retrieved from /opt/airflow/dags/dag-bash_operators.py
[2023-02-22T16:41:07.196+0000] {logging_mixin.py:137} INFO - [2023-02-22T16:41:07.196+0000] {dag.py:2690} INFO - Sync 1 DAGs
[2023-02-22T16:41:07.224+0000] {logging_mixin.py:137} INFO - [2023-02-22T16:41:07.224+0000] {dag.py:3441} INFO - Setting next_dagrun for first_dag_v3.3 to 2023-02-16T00:00:00+00:00, run_after=2023-02-17T00:00:00+00:00
[2023-02-22T16:41:07.236+0000] {processor.py:175} INFO - Processing /opt/airflow/dags/dag-bash_operators.py took 0.109 seconds
[2023-02-22T16:41:37.804+0000] {processor.py:153} INFO - Started process (PID=2692) to work on /opt/airflow/dags/dag-bash_operators.py
[2023-02-22T16:41:37.817+0000] {processor.py:743} INFO - Processing file /opt/airflow/dags/dag-bash_operators.py for tasks to queue
[2023-02-22T16:41:37.822+0000] {logging_mixin.py:137} INFO - [2023-02-22T16:41:37.822+0000] {dagbag.py:538} INFO - Filling up the DagBag from /opt/airflow/dags/dag-bash_operators.py
[2023-02-22T16:41:37.864+0000] {processor.py:753} INFO - DAG(s) dict_keys(['first_dag_v3.3']) retrieved from /opt/airflow/dags/dag-bash_operators.py
[2023-02-22T16:41:37.903+0000] {logging_mixin.py:137} INFO - [2023-02-22T16:41:37.903+0000] {dag.py:2690} INFO - Sync 1 DAGs
[2023-02-22T16:41:37.928+0000] {logging_mixin.py:137} INFO - [2023-02-22T16:41:37.928+0000] {dag.py:3441} INFO - Setting next_dagrun for first_dag_v3.3 to 2023-02-16T00:00:00+00:00, run_after=2023-02-17T00:00:00+00:00
[2023-02-22T16:41:37.956+0000] {processor.py:175} INFO - Processing /opt/airflow/dags/dag-bash_operators.py took 0.165 seconds
[2023-02-22T17:46:12.494+0000] {processor.py:153} INFO - Started process (PID=2713) to work on /opt/airflow/dags/dag-bash_operators.py
[2023-02-22T17:46:12.495+0000] {processor.py:743} INFO - Processing file /opt/airflow/dags/dag-bash_operators.py for tasks to queue
[2023-02-22T17:46:12.497+0000] {logging_mixin.py:137} INFO - [2023-02-22T17:46:12.497+0000] {dagbag.py:538} INFO - Filling up the DagBag from /opt/airflow/dags/dag-bash_operators.py
[2023-02-22T17:46:12.561+0000] {processor.py:753} INFO - DAG(s) dict_keys(['first_dag_v3.3']) retrieved from /opt/airflow/dags/dag-bash_operators.py
[2023-02-22T17:46:12.650+0000] {logging_mixin.py:137} INFO - [2023-02-22T17:46:12.650+0000] {dag.py:2690} INFO - Sync 1 DAGs
[2023-02-22T17:46:12.706+0000] {logging_mixin.py:137} INFO - [2023-02-22T17:46:12.705+0000] {dag.py:3441} INFO - Setting next_dagrun for first_dag_v3.3 to 2023-02-16T00:00:00+00:00, run_after=2023-02-17T00:00:00+00:00
[2023-02-22T17:46:12.755+0000] {processor.py:175} INFO - Processing /opt/airflow/dags/dag-bash_operators.py took 0.274 seconds
[2023-02-22T19:06:57.671+0000] {processor.py:153} INFO - Started process (PID=2779) to work on /opt/airflow/dags/dag-bash_operators.py
[2023-02-22T19:06:57.673+0000] {processor.py:743} INFO - Processing file /opt/airflow/dags/dag-bash_operators.py for tasks to queue
[2023-02-22T19:06:57.674+0000] {logging_mixin.py:137} INFO - [2023-02-22T19:06:57.674+0000] {dagbag.py:538} INFO - Filling up the DagBag from /opt/airflow/dags/dag-bash_operators.py
[2023-02-22T19:06:57.722+0000] {processor.py:753} INFO - DAG(s) dict_keys(['first_dag_v3.3']) retrieved from /opt/airflow/dags/dag-bash_operators.py
[2023-02-22T19:06:57.778+0000] {logging_mixin.py:137} INFO - [2023-02-22T19:06:57.778+0000] {dag.py:2690} INFO - Sync 1 DAGs
[2023-02-22T19:06:57.818+0000] {logging_mixin.py:137} INFO - [2023-02-22T19:06:57.818+0000] {dag.py:3441} INFO - Setting next_dagrun for first_dag_v3.3 to 2023-02-16T00:00:00+00:00, run_after=2023-02-17T00:00:00+00:00
[2023-02-22T19:06:57.837+0000] {processor.py:175} INFO - Processing /opt/airflow/dags/dag-bash_operators.py took 0.169 seconds
[2023-02-22T20:13:54.590+0000] {processor.py:153} INFO - Started process (PID=2858) to work on /opt/airflow/dags/dag-bash_operators.py
[2023-02-22T20:13:54.592+0000] {processor.py:743} INFO - Processing file /opt/airflow/dags/dag-bash_operators.py for tasks to queue
[2023-02-22T20:13:54.595+0000] {logging_mixin.py:137} INFO - [2023-02-22T20:13:54.594+0000] {dagbag.py:538} INFO - Filling up the DagBag from /opt/airflow/dags/dag-bash_operators.py
[2023-02-22T20:13:54.713+0000] {processor.py:753} INFO - DAG(s) dict_keys(['first_dag_v3.3']) retrieved from /opt/airflow/dags/dag-bash_operators.py
[2023-02-22T20:13:54.798+0000] {logging_mixin.py:137} INFO - [2023-02-22T20:13:54.797+0000] {dag.py:2690} INFO - Sync 1 DAGs
[2023-02-22T20:13:54.862+0000] {logging_mixin.py:137} INFO - [2023-02-22T20:13:54.862+0000] {dag.py:3441} INFO - Setting next_dagrun for first_dag_v3.3 to 2023-02-16T00:00:00+00:00, run_after=2023-02-17T00:00:00+00:00
[2023-02-22T20:13:54.914+0000] {processor.py:175} INFO - Processing /opt/airflow/dags/dag-bash_operators.py took 0.342 seconds
[2023-02-22T21:20:42.380+0000] {processor.py:153} INFO - Started process (PID=2925) to work on /opt/airflow/dags/dag-bash_operators.py
[2023-02-22T21:20:42.382+0000] {processor.py:743} INFO - Processing file /opt/airflow/dags/dag-bash_operators.py for tasks to queue
[2023-02-22T21:20:42.383+0000] {logging_mixin.py:137} INFO - [2023-02-22T21:20:42.383+0000] {dagbag.py:538} INFO - Filling up the DagBag from /opt/airflow/dags/dag-bash_operators.py
[2023-02-22T21:20:42.430+0000] {processor.py:753} INFO - DAG(s) dict_keys(['first_dag_v3.3']) retrieved from /opt/airflow/dags/dag-bash_operators.py
[2023-02-22T21:20:42.481+0000] {logging_mixin.py:137} INFO - [2023-02-22T21:20:42.481+0000] {dag.py:2690} INFO - Sync 1 DAGs
[2023-02-22T21:20:42.516+0000] {logging_mixin.py:137} INFO - [2023-02-22T21:20:42.516+0000] {dag.py:3441} INFO - Setting next_dagrun for first_dag_v3.3 to 2023-02-16T00:00:00+00:00, run_after=2023-02-17T00:00:00+00:00
[2023-02-22T21:20:42.544+0000] {processor.py:175} INFO - Processing /opt/airflow/dags/dag-bash_operators.py took 0.169 seconds
[2023-02-22T22:28:31.198+0000] {processor.py:153} INFO - Started process (PID=3003) to work on /opt/airflow/dags/dag-bash_operators.py
[2023-02-22T22:28:31.199+0000] {processor.py:743} INFO - Processing file /opt/airflow/dags/dag-bash_operators.py for tasks to queue
[2023-02-22T22:28:31.200+0000] {logging_mixin.py:137} INFO - [2023-02-22T22:28:31.200+0000] {dagbag.py:538} INFO - Filling up the DagBag from /opt/airflow/dags/dag-bash_operators.py
[2023-02-22T22:28:31.232+0000] {processor.py:753} INFO - DAG(s) dict_keys(['first_dag_v3.3']) retrieved from /opt/airflow/dags/dag-bash_operators.py
[2023-02-22T22:28:31.273+0000] {logging_mixin.py:137} INFO - [2023-02-22T22:28:31.273+0000] {dag.py:2690} INFO - Sync 1 DAGs
[2023-02-22T22:28:31.312+0000] {logging_mixin.py:137} INFO - [2023-02-22T22:28:31.311+0000] {dag.py:3441} INFO - Setting next_dagrun for first_dag_v3.3 to 2023-02-16T00:00:00+00:00, run_after=2023-02-17T00:00:00+00:00
[2023-02-22T22:28:31.393+0000] {processor.py:175} INFO - Processing /opt/airflow/dags/dag-bash_operators.py took 0.200 seconds
[2023-02-22T23:49:31.356+0000] {processor.py:153} INFO - Started process (PID=3069) to work on /opt/airflow/dags/dag-bash_operators.py
[2023-02-22T23:49:31.358+0000] {processor.py:743} INFO - Processing file /opt/airflow/dags/dag-bash_operators.py for tasks to queue
[2023-02-22T23:49:31.359+0000] {logging_mixin.py:137} INFO - [2023-02-22T23:49:31.359+0000] {dagbag.py:538} INFO - Filling up the DagBag from /opt/airflow/dags/dag-bash_operators.py
[2023-02-22T23:49:31.407+0000] {processor.py:753} INFO - DAG(s) dict_keys(['first_dag_v3.3']) retrieved from /opt/airflow/dags/dag-bash_operators.py
[2023-02-22T23:49:31.453+0000] {logging_mixin.py:137} INFO - [2023-02-22T23:49:31.452+0000] {dag.py:2690} INFO - Sync 1 DAGs
[2023-02-22T23:49:31.495+0000] {logging_mixin.py:137} INFO - [2023-02-22T23:49:31.495+0000] {dag.py:3441} INFO - Setting next_dagrun for first_dag_v3.3 to 2023-02-16T00:00:00+00:00, run_after=2023-02-17T00:00:00+00:00
[2023-02-22T23:49:31.511+0000] {processor.py:175} INFO - Processing /opt/airflow/dags/dag-bash_operators.py took 0.166 seconds
