[2023-02-23T14:19:32.807+0000] {taskinstance.py:1083} INFO - Dependencies all met for <TaskInstance: listing_4_03.print_context scheduled__2023-02-20T00:00:00+00:00 [queued]>
[2023-02-23T14:19:32.822+0000] {taskinstance.py:1083} INFO - Dependencies all met for <TaskInstance: listing_4_03.print_context scheduled__2023-02-20T00:00:00+00:00 [queued]>
[2023-02-23T14:19:32.822+0000] {taskinstance.py:1279} INFO - 
--------------------------------------------------------------------------------
[2023-02-23T14:19:32.823+0000] {taskinstance.py:1280} INFO - Starting attempt 1 of 1
[2023-02-23T14:19:32.824+0000] {taskinstance.py:1281} INFO - 
--------------------------------------------------------------------------------
[2023-02-23T14:19:32.844+0000] {taskinstance.py:1300} INFO - Executing <Task(PythonOperator): print_context> on 2023-02-20 00:00:00+00:00
[2023-02-23T14:19:32.860+0000] {standard_task_runner.py:55} INFO - Started process 71206 to run task
[2023-02-23T14:19:32.867+0000] {standard_task_runner.py:82} INFO - Running: ['***', 'tasks', 'run', 'listing_4_03', 'print_context', 'scheduled__2023-02-20T00:00:00+00:00', '--job-id', '232', '--raw', '--subdir', 'DAGS_FOLDER/dag_kwargs.py', '--cfg-path', '/tmp/tmpjetka6tw']
[2023-02-23T14:19:32.870+0000] {standard_task_runner.py:83} INFO - Job 232: Subtask print_context
[2023-02-23T14:19:32.992+0000] {task_command.py:388} INFO - Running <TaskInstance: listing_4_03.print_context scheduled__2023-02-20T00:00:00+00:00 [running]> on host e29b8426fc8e
[2023-02-23T14:19:33.098+0000] {taskinstance.py:1509} INFO - Exporting the following env vars:
AIRFLOW_CTX_DAG_OWNER=***
AIRFLOW_CTX_DAG_ID=listing_4_03
AIRFLOW_CTX_TASK_ID=print_context
AIRFLOW_CTX_EXECUTION_DATE=2023-02-20T00:00:00+00:00
AIRFLOW_CTX_TRY_NUMBER=1
AIRFLOW_CTX_DAG_RUN_ID=scheduled__2023-02-20T00:00:00+00:00
[2023-02-23T14:19:33.103+0000] {logging_mixin.py:137} INFO - {'conf': <***.configuration.AirflowConfigParser object at 0xffff9abbf990>, 'dag': <DAG: listing_4_03>, 'dag_run': <DagRun listing_4_03 @ 2023-02-20 00:00:00+00:00: scheduled__2023-02-20T00:00:00+00:00, state:running, queued_at: 2023-02-23 14:19:32.016964+00:00. externally triggered: False>, 'data_interval_end': DateTime(2023, 2, 21, 0, 0, 0, tzinfo=Timezone('UTC')), 'data_interval_start': DateTime(2023, 2, 20, 0, 0, 0, tzinfo=Timezone('UTC')), 'ds': '2023-02-20', 'ds_nodash': '20230220', 'execution_date': <Proxy at 0xffff86e6eb40 with factory functools.partial(<function lazy_mapping_from_context.<locals>._deprecated_proxy_factory at 0xffff86e6d9e0>, 'execution_date', DateTime(2023, 2, 20, 0, 0, 0, tzinfo=Timezone('UTC')))>, 'expanded_ti_count': None, 'inlets': [], 'logical_date': DateTime(2023, 2, 20, 0, 0, 0, tzinfo=Timezone('UTC')), 'macros': <module '***.macros' from '/home/***/.local/lib/python3.7/site-packages/***/macros/__init__.py'>, 'next_ds': <Proxy at 0xffff86e6eaf0 with factory functools.partial(<function lazy_mapping_from_context.<locals>._deprecated_proxy_factory at 0xffff86e6d9e0>, 'next_ds', '2023-02-21')>, 'next_ds_nodash': <Proxy at 0xffff86e6e7d0 with factory functools.partial(<function lazy_mapping_from_context.<locals>._deprecated_proxy_factory at 0xffff86e6d9e0>, 'next_ds_nodash', '20230221')>, 'next_execution_date': <Proxy at 0xffff86e6ed20 with factory functools.partial(<function lazy_mapping_from_context.<locals>._deprecated_proxy_factory at 0xffff86e6d9e0>, 'next_execution_date', DateTime(2023, 2, 21, 0, 0, 0, tzinfo=Timezone('UTC')))>, 'outlets': [], 'params': {}, 'prev_data_interval_start_success': None, 'prev_data_interval_end_success': None, 'prev_ds': <Proxy at 0xffff86e6ea00 with factory functools.partial(<function lazy_mapping_from_context.<locals>._deprecated_proxy_factory at 0xffff86e6d9e0>, 'prev_ds', '2023-02-19')>, 'prev_ds_nodash': <Proxy at 0xffff86e6ee10 with factory functools.partial(<function lazy_mapping_from_context.<locals>._deprecated_proxy_factory at 0xffff86e6d9e0>, 'prev_ds_nodash', '20230219')>, 'prev_execution_date': <Proxy at 0xffff86e6edc0 with factory functools.partial(<function lazy_mapping_from_context.<locals>._deprecated_proxy_factory at 0xffff86e6d9e0>, 'prev_execution_date', DateTime(2023, 2, 19, 0, 0, 0, tzinfo=Timezone('UTC')))>, 'prev_execution_date_success': <Proxy at 0xffff86e6ed70 with factory functools.partial(<function lazy_mapping_from_context.<locals>._deprecated_proxy_factory at 0xffff86e6d9e0>, 'prev_execution_date_success', None)>, 'prev_start_date_success': None, 'run_id': 'scheduled__2023-02-20T00:00:00+00:00', 'task': <Task(PythonOperator): print_context>, 'task_instance': <TaskInstance: listing_4_03.print_context scheduled__2023-02-20T00:00:00+00:00 [running]>, 'task_instance_key_str': 'listing_4_03__print_context__20230220', 'test_mode': False, 'ti': <TaskInstance: listing_4_03.print_context scheduled__2023-02-20T00:00:00+00:00 [running]>, 'tomorrow_ds': <Proxy at 0xffff86e6ee60 with factory functools.partial(<function lazy_mapping_from_context.<locals>._deprecated_proxy_factory at 0xffff86e6d9e0>, 'tomorrow_ds', '2023-02-21')>, 'tomorrow_ds_nodash': <Proxy at 0xffff86e6ef50 with factory functools.partial(<function lazy_mapping_from_context.<locals>._deprecated_proxy_factory at 0xffff86e6d9e0>, 'tomorrow_ds_nodash', '20230221')>, 'triggering_dataset_events': <Proxy at 0xffff86f020a0 with factory <function TaskInstance.get_template_context.<locals>.get_triggering_events at 0xffff86f69950>>, 'ts': '2023-02-20T00:00:00+00:00', 'ts_nodash': '20230220T000000', 'ts_nodash_with_tz': '20230220T000000+0000', 'var': {'json': None, 'value': None}, 'conn': None, 'yesterday_ds': <Proxy at 0xffff86e720a0 with factory functools.partial(<function lazy_mapping_from_context.<locals>._deprecated_proxy_factory at 0xffff86e6d9e0>, 'yesterday_ds', '2023-02-19')>, 'yesterday_ds_nodash': <Proxy at 0xffff86e72050 with factory functools.partial(<function lazy_mapping_from_context.<locals>._deprecated_proxy_factory at 0xffff86e6d9e0>, 'yesterday_ds_nodash', '20230219')>, 'templates_dict': None}
[2023-02-23T14:19:33.105+0000] {python.py:177} INFO - Done. Returned value was: None
[2023-02-23T14:19:33.117+0000] {taskinstance.py:1323} INFO - Marking task as SUCCESS. dag_id=listing_4_03, task_id=print_context, execution_date=20230220T000000, start_date=20230223T141932, end_date=20230223T141933
[2023-02-23T14:19:33.161+0000] {local_task_job.py:208} INFO - Task exited with return code 0
[2023-02-23T14:19:33.180+0000] {taskinstance.py:2578} INFO - 0 downstream tasks scheduled from follow-on schedule check
